#
# A fatal error has been detected by the Java Runtime Environment:
#
#  SIGSEGV (0xb) at pc=0x0000000000000000, pid=1030, tid=65795
#
# JRE version: Java(TM) SE Runtime Environment (14.0.1+7) (build 14.0.1+7)
# Java VM: Java HotSpot(TM) 64-Bit Server VM (14.0.1+7, mixed mode, sharing, tiered, compressed oops, g1 gc, bsd-amd64)
# Problematic frame:
# C  0x0000000000000000
#
# No core dump will be written. Core dumps have been disabled. To enable core dumping, try "ulimit -c unlimited" before starting Java again
#
# If you would like to submit a bug report, please visit:
#   https://bugreport.java.com/bugreport/crash.jsp
#

---------------  S U M M A R Y ------------

Command Line: -Dfile.encoding=UTF-8 -XX:+ShowCodeDetailsInExceptionMessages com.mygdx.game.desktop.DesktopLauncher

Host: MacBookAir8,2 x86_64 1600 MHz, 4 cores, 8G, Darwin 20.6.0
Time: Sun Sep 19 16:42:30 2021 MDT elapsed time: 38 seconds (0d 0h 0m 38s)

---------------  T H R E A D  ---------------

Current thread is native thread

Stack: [0x000070000c435000,0x000070000c4b5000],  sp=0x000070000c4b4a38,  free space=510k

siginfo: si_signo: 11 (SIGSEGV), si_code: 1 (SEGV_MAPERR), si_addr: 0x0000000000000000

Register to memory mapping:

RAX=
[error occurred during error reporting (printing register info), id 0xb, SIGSEGV (0xb) at pc=0x0000000102c317aa]

Registers:
RAX=0x0000000129705508, RBX=0x00000000000161b0, RCX=0x0000000000000010, RDX=0xfffffffffffffff0
RSP=0x000070000c4b4a38, RBP=0x000070000c4b4ae0, RSI=0x0000000000000000, RDI=0x00007fb8cbf1e000
R8 =0x0000000000000200, R9 =0x00007fb8c8c70d70, R10=0x00000001297294f2, R11=0x0000000000069060
R12=0x0000000000000200, R13=0x00007fb8cbf1e000, R14=0x00007fb8c8d6eff0, R15=0x0000000000000800
RIP=0x0000000000000000, EFLAGS=0x0000000000010246, ERR=0x0000000000000014
  TRAPNO=0x000000000000000e

Top of Stack: (sp=0x000070000c4b4a38)
0x000070000c4b4a38:   00000001296d7639 0000000000000000
0x000070000c4b4a48:   0000000000000000 00007fb8cbf261b0
0x000070000c4b4a58:   00000001298c0000 00007fb8cbf241b0
0x000070000c4b4a68:   0000020000000000 0000000000000000
0x000070000c4b4a78:   0000000000000800 6469c4b100000200
0x000070000c4b4a88:   00007fb8cbf221b0 00007fb8cbf1e000
0x000070000c4b4a98:   000002002bd08e7c 000070000c4b4af0
0x000070000c4b4aa8:   000000010000037f 6469c4b1944200b1
0x000070000c4b4ab8:   00007fb8c8d6ef70 0000000000000200
0x000070000c4b4ac8:   00007fb8c8c07d10 00007fb8c8d6eff0
0x000070000c4b4ad8:   00007fb8c8c70d70 000070000c4b4af0
0x000070000c4b4ae8:   00000001296e72ef 000070000c4b4bb0
0x000070000c4b4af8:   0000000129726a7e 0000000000000000
0x000070000c4b4b08:   00007fb8c8d6f220 00007fb8c9121600
0x000070000c4b4b18:   00007fb8c91217f8 000070000c4b0100
0x000070000c4b4b28:   00007fb8c8d6f2a0 0000000000000000
0x000070000c4b4b38:   000070000c4b4c70 0000020000000000
0x000070000c4b4b48:   000070000c4b4cf0 000070000c4b4c50
0x000070000c4b4b58:   00007fff21e854e8 000070000c4b4bb0
0x000070000c4b4b68:   00000001297272ea 0000000000000000
0x000070000c4b4b78:   0000000000000000 6469c4b1944200b1
0x000070000c4b4b88:   00007fb8c9121600 0000000000001000
0x000070000c4b4b98:   0000000000001000 00007fb8c8d6f220
0x000070000c4b4ba8:   00007fb8c8eb25b0 000070000c4b4c50
0x000070000c4b4bb8:   000000012974c994 0000000000000005
0x000070000c4b4bc8:   000070000c4b4c70 00007fb8c8d6f220
0x000070000c4b4bd8:   000070000c4b4cf0 0000000000000000
0x000070000c4b4be8:   0000020000001fa0 0000700000009fe0
0x000070000c4b4bf8:   00007fff2bd08e8f 0000000001b05452
0x000070000c4b4c08:   00007fb8c9121a70 000070000c4b4c50
0x000070000c4b4c18:   00000001297c3c5f 6469c4b1944200b1
0x000070000c4b4c28:   0000000000000200 00007fb8c8eb25b0 

Instructions: (pc=0x0000000000000000)
0xffffffffffffff00:   


Stack slot to memory mapping:
stack at sp + 0 slots: 
[error occurred during error reporting (inspecting top of stack), id 0xb, SIGSEGV (0xb) at pc=0x0000000102c317aa]


---------------  P R O C E S S  ---------------

VM state:at safepoint (shutting down)

VM Mutex/Monitor currently owned by a thread:  ([mutex/lock_event])
[0x00007fb8c8e08110] Threads_lock - owner thread: 0x00007fb8ca01b800
[0x00007fb8c8e08dd0] Heap_lock - owner thread: 0x00007fb8bafda800

Heap address: 0x0000000780000000, size: 2048 MB, Compressed Oops mode: Zero based, Oop shift amount: 3
Narrow klass base: 0x0000000800000000, Narrow klass shift: 3
Compressed class space size: 1073741824 Address: 0x0000000800b05000

Heap:
 garbage-first heap   total 133120K, used 65085K [0x0000000780000000, 0x0000000800000000)
  region size 1024K, 53 young (54272K), 7 survivors (7168K)
 Metaspace       used 5475K, capacity 7718K, committed 8192K, reserved 1056768K
  class space    used 442K, capacity 666K, committed 768K, reserved 1048576K
Heap Regions: E=young(eden), S=young(survivor), O=old, HS=humongous(starts), HC=humongous(continues), CS=collection set, F=free, OA=open archive, CA=closed archive, TAMS=top-at-mark-start (previous, next)
|   0|0x0000000780000000, 0x0000000780100000, 0x0000000780100000|100%| O|  |TAMS 0x0000000780000000, 0x0000000780000000| Untracked 
|   1|0x0000000780100000, 0x0000000780200000, 0x0000000780200000|100%| O|  |TAMS 0x0000000780100000, 0x0000000780100000| Untracked 
|   2|0x0000000780200000, 0x0000000780300000, 0x0000000780300000|100%| O|  |TAMS 0x0000000780200000, 0x0000000780200000| Untracked 
|   3|0x0000000780300000, 0x0000000780400000, 0x0000000780400000|100%| O|  |TAMS 0x0000000780300000, 0x0000000780300000| Untracked 
|   4|0x0000000780400000, 0x0000000780500000, 0x0000000780500000|100%| O|  |TAMS 0x0000000780400000, 0x0000000780400000| Untracked 
|   5|0x0000000780500000, 0x0000000780600000, 0x0000000780600000|100%| O|  |TAMS 0x0000000780500000, 0x0000000780500000| Untracked 
|   6|0x0000000780600000, 0x0000000780700000, 0x0000000780700000|100%| O|  |TAMS 0x0000000780600000, 0x0000000780600000| Untracked 
|   7|0x0000000780700000, 0x0000000780800000, 0x0000000780800000|100%| O|  |TAMS 0x0000000780700000, 0x0000000780700000| Untracked 
|   8|0x0000000780800000, 0x0000000780900000, 0x0000000780900000|100%| O|  |TAMS 0x0000000780800000, 0x0000000780800000| Untracked 
|   9|0x0000000780900000, 0x0000000780a00000, 0x0000000780a00000|100%| O|  |TAMS 0x0000000780900000, 0x0000000780900000| Untracked 
|  10|0x0000000780a00000, 0x0000000780b00000, 0x0000000780b00000|100%| O|  |TAMS 0x0000000780a00000, 0x0000000780a00000| Untracked 
|  11|0x0000000780b00000, 0x0000000780b83600, 0x0000000780c00000| 51%| O|  |TAMS 0x0000000780b00000, 0x0000000780b00000| Untracked 
|  12|0x0000000780c00000, 0x0000000780c00000, 0x0000000780d00000|  0%| F|  |TAMS 0x0000000780c00000, 0x0000000780c00000| Untracked 
|  13|0x0000000780d00000, 0x0000000780d00000, 0x0000000780e00000|  0%| F|  |TAMS 0x0000000780d00000, 0x0000000780d00000| Untracked 
|  14|0x0000000780e00000, 0x0000000780e00000, 0x0000000780f00000|  0%| F|  |TAMS 0x0000000780e00000, 0x0000000780e00000| Untracked 
|  15|0x0000000780f00000, 0x0000000780f00000, 0x0000000781000000|  0%| F|  |TAMS 0x0000000780f00000, 0x0000000780f00000| Untracked 
|  16|0x0000000781000000, 0x0000000781000000, 0x0000000781100000|  0%| F|  |TAMS 0x0000000781000000, 0x0000000781000000| Untracked 
|  17|0x0000000781100000, 0x0000000781100000, 0x0000000781200000|  0%| F|  |TAMS 0x0000000781100000, 0x0000000781100000| Untracked 
|  18|0x0000000781200000, 0x0000000781200000, 0x0000000781300000|  0%| F|  |TAMS 0x0000000781200000, 0x0000000781200000| Untracked 
|  19|0x0000000781300000, 0x0000000781300000, 0x0000000781400000|  0%| F|  |TAMS 0x0000000781300000, 0x0000000781300000| Untracked 
|  20|0x0000000781400000, 0x0000000781400000, 0x0000000781500000|  0%| F|  |TAMS 0x0000000781400000, 0x0000000781400000| Untracked 
|  21|0x0000000781500000, 0x0000000781500000, 0x0000000781600000|  0%| F|  |TAMS 0x0000000781500000, 0x0000000781500000| Untracked 
|  22|0x0000000781600000, 0x0000000781600000, 0x0000000781700000|  0%| F|  |TAMS 0x0000000781600000, 0x0000000781600000| Untracked 
|  23|0x0000000781700000, 0x0000000781700000, 0x0000000781800000|  0%| F|  |TAMS 0x0000000781700000, 0x0000000781700000| Untracked 
|  24|0x0000000781800000, 0x0000000781800000, 0x0000000781900000|  0%| F|  |TAMS 0x0000000781800000, 0x0000000781800000| Untracked 
|  25|0x0000000781900000, 0x0000000781900000, 0x0000000781a00000|  0%| F|  |TAMS 0x0000000781900000, 0x0000000781900000| Untracked 
|  26|0x0000000781a00000, 0x0000000781a00000, 0x0000000781b00000|  0%| F|  |TAMS 0x0000000781a00000, 0x0000000781a00000| Untracked 
|  27|0x0000000781b00000, 0x0000000781b00000, 0x0000000781c00000|  0%| F|  |TAMS 0x0000000781b00000, 0x0000000781b00000| Untracked 
|  28|0x0000000781c00000, 0x0000000781c00000, 0x0000000781d00000|  0%| F|  |TAMS 0x0000000781c00000, 0x0000000781c00000| Untracked 
|  29|0x0000000781d00000, 0x0000000781d00000, 0x0000000781e00000|  0%| F|  |TAMS 0x0000000781d00000, 0x0000000781d00000| Untracked 
|  30|0x0000000781e00000, 0x0000000781e00000, 0x0000000781f00000|  0%| F|  |TAMS 0x0000000781e00000, 0x0000000781e00000| Untracked 
|  31|0x0000000781f00000, 0x0000000781f00000, 0x0000000782000000|  0%| F|  |TAMS 0x0000000781f00000, 0x0000000781f00000| Untracked 
|  32|0x0000000782000000, 0x0000000782000000, 0x0000000782100000|  0%| F|  |TAMS 0x0000000782000000, 0x0000000782000000| Untracked 
|  33|0x0000000782100000, 0x0000000782100000, 0x0000000782200000|  0%| F|  |TAMS 0x0000000782100000, 0x0000000782100000| Untracked 
|  34|0x0000000782200000, 0x0000000782200000, 0x0000000782300000|  0%| F|  |TAMS 0x0000000782200000, 0x0000000782200000| Untracked 
|  35|0x0000000782300000, 0x0000000782300000, 0x0000000782400000|  0%| F|  |TAMS 0x0000000782300000, 0x0000000782300000| Untracked 
|  36|0x0000000782400000, 0x0000000782400000, 0x0000000782500000|  0%| F|  |TAMS 0x0000000782400000, 0x0000000782400000| Untracked 
|  37|0x0000000782500000, 0x0000000782500000, 0x0000000782600000|  0%| F|  |TAMS 0x0000000782500000, 0x0000000782500000| Untracked 
|  38|0x0000000782600000, 0x0000000782600000, 0x0000000782700000|  0%| F|  |TAMS 0x0000000782600000, 0x0000000782600000| Untracked 
|  39|0x0000000782700000, 0x0000000782700000, 0x0000000782800000|  0%| F|  |TAMS 0x0000000782700000, 0x0000000782700000| Untracked 
|  40|0x0000000782800000, 0x0000000782800000, 0x0000000782900000|  0%| F|  |TAMS 0x0000000782800000, 0x0000000782800000| Untracked 
|  41|0x0000000782900000, 0x0000000782900000, 0x0000000782a00000|  0%| F|  |TAMS 0x0000000782900000, 0x0000000782900000| Untracked 
|  42|0x0000000782a00000, 0x0000000782a00000, 0x0000000782b00000|  0%| F|  |TAMS 0x0000000782a00000, 0x0000000782a00000| Untracked 
|  43|0x0000000782b00000, 0x0000000782b00000, 0x0000000782c00000|  0%| F|  |TAMS 0x0000000782b00000, 0x0000000782b00000| Untracked 
|  44|0x0000000782c00000, 0x0000000782c00000, 0x0000000782d00000|  0%| F|  |TAMS 0x0000000782c00000, 0x0000000782c00000| Untracked 
|  45|0x0000000782d00000, 0x0000000782d00000, 0x0000000782e00000|  0%| F|  |TAMS 0x0000000782d00000, 0x0000000782d00000| Untracked 
|  46|0x0000000782e00000, 0x0000000782e00000, 0x0000000782f00000|  0%| F|  |TAMS 0x0000000782e00000, 0x0000000782e00000| Untracked 
|  47|0x0000000782f00000, 0x0000000782f40050, 0x0000000783000000| 25%| S|CS|TAMS 0x0000000782f00000, 0x0000000782f00000| Complete 
|  48|0x0000000783000000, 0x0000000783000000, 0x0000000783100000|  0%| F|  |TAMS 0x0000000783000000, 0x0000000783000000| Untracked 
|  49|0x0000000783100000, 0x0000000783100000, 0x0000000783200000|  0%| F|  |TAMS 0x0000000783100000, 0x0000000783100000| Untracked 
|  50|0x0000000783200000, 0x0000000783200000, 0x0000000783300000|  0%| F|  |TAMS 0x0000000783200000, 0x0000000783200000| Untracked 
|  51|0x0000000783300000, 0x0000000783300000, 0x0000000783400000|  0%| F|  |TAMS 0x0000000783300000, 0x0000000783300000| Untracked 
|  52|0x0000000783400000, 0x0000000783500000, 0x0000000783500000|100%| S|CS|TAMS 0x0000000783400000, 0x0000000783400000| Complete 
|  53|0x0000000783500000, 0x0000000783600000, 0x0000000783600000|100%| S|CS|TAMS 0x0000000783500000, 0x0000000783500000| Complete 
|  54|0x0000000783600000, 0x0000000783700000, 0x0000000783700000|100%| S|CS|TAMS 0x0000000783600000, 0x0000000783600000| Complete 
|  55|0x0000000783700000, 0x0000000783800000, 0x0000000783800000|100%| S|CS|TAMS 0x0000000783700000, 0x0000000783700000| Complete 
|  56|0x0000000783800000, 0x0000000783800000, 0x0000000783900000|  0%| F|  |TAMS 0x0000000783800000, 0x0000000783800000| Untracked 
|  57|0x0000000783900000, 0x0000000783a00000, 0x0000000783a00000|100%| S|CS|TAMS 0x0000000783900000, 0x0000000783900000| Complete 
|  58|0x0000000783a00000, 0x0000000783b00000, 0x0000000783b00000|100%| S|CS|TAMS 0x0000000783a00000, 0x0000000783a00000| Complete 
|  59|0x0000000783b00000, 0x0000000783b00000, 0x0000000783c00000|  0%| F|  |TAMS 0x0000000783b00000, 0x0000000783b00000| Untracked 
|  60|0x0000000783c00000, 0x0000000783c00000, 0x0000000783d00000|  0%| F|  |TAMS 0x0000000783c00000, 0x0000000783c00000| Untracked 
|  61|0x0000000783d00000, 0x0000000783d00000, 0x0000000783e00000|  0%| F|  |TAMS 0x0000000783d00000, 0x0000000783d00000| Untracked 
|  62|0x0000000783e00000, 0x0000000783e00000, 0x0000000783f00000|  0%| F|  |TAMS 0x0000000783e00000, 0x0000000783e00000| Untracked 
|  63|0x0000000783f00000, 0x0000000783f00000, 0x0000000784000000|  0%| F|  |TAMS 0x0000000783f00000, 0x0000000783f00000| Untracked 
|  64|0x0000000784000000, 0x0000000784000000, 0x0000000784100000|  0%| F|  |TAMS 0x0000000784000000, 0x0000000784000000| Untracked 
|  65|0x0000000784100000, 0x0000000784100000, 0x0000000784200000|  0%| F|  |TAMS 0x0000000784100000, 0x0000000784100000| Untracked 
|  66|0x0000000784200000, 0x0000000784200000, 0x0000000784300000|  0%| F|  |TAMS 0x0000000784200000, 0x0000000784200000| Untracked 
|  67|0x0000000784300000, 0x0000000784300000, 0x0000000784400000|  0%| F|  |TAMS 0x0000000784300000, 0x0000000784300000| Untracked 
|  68|0x0000000784400000, 0x0000000784400000, 0x0000000784500000|  0%| F|  |TAMS 0x0000000784400000, 0x0000000784400000| Untracked 
|  69|0x0000000784500000, 0x0000000784500000, 0x0000000784600000|  0%| F|  |TAMS 0x0000000784500000, 0x0000000784500000| Untracked 
|  70|0x0000000784600000, 0x0000000784600000, 0x0000000784700000|  0%| F|  |TAMS 0x0000000784600000, 0x0000000784600000| Untracked 
|  71|0x0000000784700000, 0x0000000784700000, 0x0000000784800000|  0%| F|  |TAMS 0x0000000784700000, 0x0000000784700000| Untracked 
|  72|0x0000000784800000, 0x0000000784800000, 0x0000000784900000|  0%| F|  |TAMS 0x0000000784800000, 0x0000000784800000| Untracked 
|  73|0x0000000784900000, 0x0000000784900000, 0x0000000784a00000|  0%| F|  |TAMS 0x0000000784900000, 0x0000000784900000| Untracked 
|  74|0x0000000784a00000, 0x0000000784a00000, 0x0000000784b00000|  0%| F|  |TAMS 0x0000000784a00000, 0x0000000784a00000| Untracked 
|  75|0x0000000784b00000, 0x0000000784b00000, 0x0000000784c00000|  0%| F|  |TAMS 0x0000000784b00000, 0x0000000784b00000| Untracked 
|  76|0x0000000784c00000, 0x0000000784c00000, 0x0000000784d00000|  0%| F|  |TAMS 0x0000000784c00000, 0x0000000784c00000| Untracked 
|  77|0x0000000784d00000, 0x0000000784d00000, 0x0000000784e00000|  0%| F|  |TAMS 0x0000000784d00000, 0x0000000784d00000| Untracked 
|  78|0x0000000784e00000, 0x0000000784e00000, 0x0000000784f00000|  0%| F|  |TAMS 0x0000000784e00000, 0x0000000784e00000| Untracked 
|  79|0x0000000784f00000, 0x0000000784f00000, 0x0000000785000000|  0%| F|  |TAMS 0x0000000784f00000, 0x0000000784f00000| Untracked 
|  80|0x0000000785000000, 0x0000000785000000, 0x0000000785100000|  0%| F|  |TAMS 0x0000000785000000, 0x0000000785000000| Untracked 
|  81|0x0000000785100000, 0x0000000785100000, 0x0000000785200000|  0%| F|  |TAMS 0x0000000785100000, 0x0000000785100000| Untracked 
|  82|0x0000000785200000, 0x0000000785200800, 0x0000000785300000|  0%| E|  |TAMS 0x0000000785200000, 0x0000000785200000| Complete 
|  83|0x0000000785300000, 0x0000000785400000, 0x0000000785400000|100%| E|CS|TAMS 0x0000000785300000, 0x0000000785300000| Complete 
|  84|0x0000000785400000, 0x0000000785500000, 0x0000000785500000|100%| E|CS|TAMS 0x0000000785400000, 0x0000000785400000| Complete 
|  85|0x0000000785500000, 0x0000000785600000, 0x0000000785600000|100%| E|CS|TAMS 0x0000000785500000, 0x0000000785500000| Complete 
|  86|0x0000000785600000, 0x0000000785700000, 0x0000000785700000|100%| E|CS|TAMS 0x0000000785600000, 0x0000000785600000| Complete 
|  87|0x0000000785700000, 0x0000000785800000, 0x0000000785800000|100%| E|CS|TAMS 0x0000000785700000, 0x0000000785700000| Complete 
|  88|0x0000000785800000, 0x0000000785900000, 0x0000000785900000|100%| E|CS|TAMS 0x0000000785800000, 0x0000000785800000| Complete 
|  89|0x0000000785900000, 0x0000000785a00000, 0x0000000785a00000|100%| E|CS|TAMS 0x0000000785900000, 0x0000000785900000| Complete 
|  90|0x0000000785a00000, 0x0000000785b00000, 0x0000000785b00000|100%| E|CS|TAMS 0x0000000785a00000, 0x0000000785a00000| Complete 
|  91|0x0000000785b00000, 0x0000000785c00000, 0x0000000785c00000|100%| E|CS|TAMS 0x0000000785b00000, 0x0000000785b00000| Complete 
|  92|0x0000000785c00000, 0x0000000785d00000, 0x0000000785d00000|100%| E|CS|TAMS 0x0000000785c00000, 0x0000000785c00000| Complete 
|  93|0x0000000785d00000, 0x0000000785e00000, 0x0000000785e00000|100%| E|CS|TAMS 0x0000000785d00000, 0x0000000785d00000| Complete 
|  94|0x0000000785e00000, 0x0000000785f00000, 0x0000000785f00000|100%| E|CS|TAMS 0x0000000785e00000, 0x0000000785e00000| Complete 
|  95|0x0000000785f00000, 0x0000000786000000, 0x0000000786000000|100%| E|CS|TAMS 0x0000000785f00000, 0x0000000785f00000| Complete 
|  96|0x0000000786000000, 0x0000000786100000, 0x0000000786100000|100%| E|CS|TAMS 0x0000000786000000, 0x0000000786000000| Complete 
|  97|0x0000000786100000, 0x0000000786200000, 0x0000000786200000|100%| E|CS|TAMS 0x0000000786100000, 0x0000000786100000| Complete 
|  98|0x0000000786200000, 0x0000000786300000, 0x0000000786300000|100%| E|CS|TAMS 0x0000000786200000, 0x0000000786200000| Complete 
|  99|0x0000000786300000, 0x0000000786400000, 0x0000000786400000|100%| E|CS|TAMS 0x0000000786300000, 0x0000000786300000| Complete 
| 100|0x0000000786400000, 0x0000000786500000, 0x0000000786500000|100%| E|CS|TAMS 0x0000000786400000, 0x0000000786400000| Complete 
| 101|0x0000000786500000, 0x0000000786600000, 0x0000000786600000|100%| E|CS|TAMS 0x0000000786500000, 0x0000000786500000| Complete 
| 102|0x0000000786600000, 0x0000000786700000, 0x0000000786700000|100%| E|CS|TAMS 0x0000000786600000, 0x0000000786600000| Complete 
| 103|0x0000000786700000, 0x0000000786800000, 0x0000000786800000|100%| E|CS|TAMS 0x0000000786700000, 0x0000000786700000| Complete 
| 104|0x0000000786800000, 0x0000000786900000, 0x0000000786900000|100%| E|CS|TAMS 0x0000000786800000, 0x0000000786800000| Complete 
| 105|0x0000000786900000, 0x0000000786a00000, 0x0000000786a00000|100%| E|CS|TAMS 0x0000000786900000, 0x0000000786900000| Complete 
| 106|0x0000000786a00000, 0x0000000786b00000, 0x0000000786b00000|100%| E|CS|TAMS 0x0000000786a00000, 0x0000000786a00000| Complete 
| 107|0x0000000786b00000, 0x0000000786c00000, 0x0000000786c00000|100%| E|CS|TAMS 0x0000000786b00000, 0x0000000786b00000| Complete 
| 108|0x0000000786c00000, 0x0000000786d00000, 0x0000000786d00000|100%| E|CS|TAMS 0x0000000786c00000, 0x0000000786c00000| Complete 
| 109|0x0000000786d00000, 0x0000000786e00000, 0x0000000786e00000|100%| E|CS|TAMS 0x0000000786d00000, 0x0000000786d00000| Complete 
| 110|0x0000000786e00000, 0x0000000786f00000, 0x0000000786f00000|100%| E|CS|TAMS 0x0000000786e00000, 0x0000000786e00000| Complete 
| 111|0x0000000786f00000, 0x0000000787000000, 0x0000000787000000|100%| E|CS|TAMS 0x0000000786f00000, 0x0000000786f00000| Complete 
| 112|0x0000000787000000, 0x0000000787100000, 0x0000000787100000|100%| E|CS|TAMS 0x0000000787000000, 0x0000000787000000| Complete 
| 113|0x0000000787100000, 0x0000000787200000, 0x0000000787200000|100%| E|CS|TAMS 0x0000000787100000, 0x0000000787100000| Complete 
| 114|0x0000000787200000, 0x0000000787300000, 0x0000000787300000|100%| E|CS|TAMS 0x0000000787200000, 0x0000000787200000| Complete 
| 115|0x0000000787300000, 0x0000000787400000, 0x0000000787400000|100%| E|CS|TAMS 0x0000000787300000, 0x0000000787300000| Complete 
| 116|0x0000000787400000, 0x0000000787500000, 0x0000000787500000|100%| E|CS|TAMS 0x0000000787400000, 0x0000000787400000| Complete 
| 117|0x0000000787500000, 0x0000000787600000, 0x0000000787600000|100%| E|CS|TAMS 0x0000000787500000, 0x0000000787500000| Complete 
| 118|0x0000000787600000, 0x0000000787700000, 0x0000000787700000|100%| E|CS|TAMS 0x0000000787600000, 0x0000000787600000| Complete 
| 119|0x0000000787700000, 0x0000000787800000, 0x0000000787800000|100%| E|CS|TAMS 0x0000000787700000, 0x0000000787700000| Complete 
| 120|0x0000000787800000, 0x0000000787900000, 0x0000000787900000|100%| E|CS|TAMS 0x0000000787800000, 0x0000000787800000| Complete 
| 121|0x0000000787900000, 0x0000000787a00000, 0x0000000787a00000|100%| E|CS|TAMS 0x0000000787900000, 0x0000000787900000| Complete 
| 122|0x0000000787a00000, 0x0000000787b00000, 0x0000000787b00000|100%| E|CS|TAMS 0x0000000787a00000, 0x0000000787a00000| Complete 
| 123|0x0000000787b00000, 0x0000000787c00000, 0x0000000787c00000|100%| E|CS|TAMS 0x0000000787b00000, 0x0000000787b00000| Complete 
| 124|0x0000000787c00000, 0x0000000787d00000, 0x0000000787d00000|100%| E|CS|TAMS 0x0000000787c00000, 0x0000000787c00000| Complete 
| 125|0x0000000787d00000, 0x0000000787e00000, 0x0000000787e00000|100%| E|CS|TAMS 0x0000000787d00000, 0x0000000787d00000| Complete 
| 126|0x0000000787e00000, 0x0000000787f00000, 0x0000000787f00000|100%| E|CS|TAMS 0x0000000787e00000, 0x0000000787e00000| Complete 
| 127|0x0000000787f00000, 0x0000000788000000, 0x0000000788000000|100%| E|CS|TAMS 0x0000000787f00000, 0x0000000787f00000| Complete 
|1022|0x00000007bfe00000, 0x00000007bfe51000, 0x00000007bff00000| 31%|OA|  |TAMS 0x00000007bfe00000, 0x00000007bfe00000| Untracked 
|1023|0x00000007bff00000, 0x00000007bff7b000, 0x00000007c0000000| 48%|CA|  |TAMS 0x00000007bff00000, 0x00000007bff00000| Untracked 

Card table byte_map: [0x0000000105c00000,0x0000000106000000] _byte_map_base: 0x0000000102000000

Marking Bits (Prev, Next): (CMBitMap*) 0x00007fb8ca82ec18, (CMBitMap*) 0x00007fb8ca82ec58
 Prev Bits: [0x0000000106400000, 0x0000000108400000)
 Next Bits: [0x0000000108400000, 0x000000010a400000)

Polling page: 0x00000001032d2000

Metaspace:

Usage:
  Non-class:      6.89 MB capacity,     4.91 MB ( 71%) used,     1.96 MB ( 29%) free+waste,     8.44 KB ( <1%) overhead. 
      Class:    666.00 KB capacity,   442.87 KB ( 66%) used,   219.26 KB ( 33%) free+waste,     3.88 KB ( <1%) overhead. 
       Both:      7.54 MB capacity,     5.35 MB ( 71%) used,     2.18 MB ( 29%) free+waste,    12.31 KB ( <1%) overhead. 

Virtual space:
  Non-class space:        8.00 MB reserved,       7.25 MB ( 91%) committed 
      Class space:        1.00 GB reserved,     768.00 KB ( <1%) committed 
             Both:        1.01 GB reserved,       8.00 MB ( <1%) committed 

Chunk freelists:
   Non-Class:  140.00 KB
       Class:  18.00 KB
        Both:  158.00 KB

MaxMetaspaceSize: unlimited
CompressedClassSpaceSize: 1.00 GB

CodeHeap 'non-profiled nmethods': size=120032Kb used=532Kb max_used=532Kb free=119499Kb
 bounds [0x000000011ca72000, 0x000000011cce2000, 0x0000000123faa000]
CodeHeap 'profiled nmethods': size=120028Kb used=2160Kb max_used=2160Kb free=117867Kb
 bounds [0x000000011553b000, 0x00000001157ab000, 0x000000011ca72000]
CodeHeap 'non-nmethods': size=5700Kb used=1239Kb max_used=1265Kb free=4460Kb
 bounds [0x0000000114faa000, 0x000000011521a000, 0x000000011553b000]
 total_blobs=1985 nmethods=1177 adapters=434
 compilation: enabled
              stopped_count=0, restarted_count=0
 full_count=0

Compilation events (20 events):
Event: 22.530 Thread 0x00007fb8c900a800 1168       1       com.badlogic.gdx.utils.viewport.Viewport::getScreenWidth (5 bytes)
Event: 22.530 Thread 0x00007fb8c900a800 nmethod 1168 0x000000011caf5010 code [0x000000011caf51a0, 0x000000011caf5270]
Event: 22.530 Thread 0x00007fb8c900a800 1169       1       com.badlogic.gdx.utils.viewport.Viewport::getScreenY (5 bytes)
Event: 22.530 Thread 0x00007fb8c900a800 nmethod 1169 0x000000011caf5310 code [0x000000011caf54a0, 0x000000011caf5570]
Event: 22.530 Thread 0x00007fb8c900a800 1170       1       com.badlogic.gdx.utils.viewport.Viewport::getScreenHeight (5 bytes)
Event: 22.531 Thread 0x00007fb8c900a800 nmethod 1170 0x000000011caf5610 code [0x000000011caf57a0, 0x000000011caf5870]
Event: 24.313 Thread 0x00007fb8c9829800 1171       4       java.nio.FloatBuffer::limit (6 bytes)
Event: 24.317 Thread 0x00007fb8c9829800 nmethod 1171 0x000000011caf5910 code [0x000000011caf5ac0, 0x000000011caf5bf8]
Event: 24.617 Thread 0x00007fb8c9829800 1172       4       com.badlogic.gdx.utils.BufferUtils::copy (45 bytes)
Event: 24.625 Thread 0x00007fb8c9829800 nmethod 1172 0x000000011caf5d10 code [0x000000011caf5f80, 0x000000011caf6428]
Event: 24.906 Thread 0x00007fb8c9829800 1173       4       java.nio.ByteBuffer::flip (7 bytes)
Event: 24.907 Thread 0x00007fb8c9829800 nmethod 1173 0x000000011caf6810 code [0x000000011caf6980, 0x000000011caf6a18]
Event: 27.233 Thread 0x00007fb8c900a800 1174       1       com.badlogic.gdx.scenes.scene2d.Event::setTarget (6 bytes)
Event: 27.233 Thread 0x00007fb8c900a800 nmethod 1174 0x000000011caf6b10 code [0x000000011caf6ca0, 0x000000011caf6dd0]
Event: 27.258 Thread 0x00007fb8c900a800 1175       3       com.badlogic.gdx.scenes.scene2d.Actor::hit (61 bytes)
Event: 27.259 Thread 0x00007fb8c900a800 nmethod 1175 0x0000000115756890 code [0x0000000115756a40, 0x0000000115756e90]
Event: 28.431 Thread 0x00007fb8c900a800 1176       3       sun.net.www.ParseUtil::match (50 bytes)
Event: 28.432 Thread 0x00007fb8c900a800 nmethod 1176 0x0000000115756f10 code [0x00000001157570a0, 0x0000000115757310]
Event: 32.695 Thread 0x00007fb8c9829800 1177       4       java.lang.Long::reverseBytes (46 bytes)
Event: 32.696 Thread 0x00007fb8c9829800 nmethod 1177 0x000000011caf6e90 code [0x000000011caf7000, 0x000000011caf7098]

GC Heap History (20 events):
Event: 1.469 GC heap before
{Heap before GC invocations=0 (full 0):
 garbage-first heap   total 133120K, used 13104K [0x0000000780000000, 0x0000000800000000)
  region size 1024K, 13 young (13312K), 0 survivors (0K)
 Metaspace       used 5102K, capacity 7520K, committed 7936K, reserved 1056768K
  class space    used 427K, capacity 665K, committed 768K, reserved 1048576K
}
Event: 1.474 GC heap after
{Heap after GC invocations=1 (full 0):
 garbage-first heap   total 133120K, used 2425K [0x0000000780000000, 0x0000000800000000)
  region size 1024K, 2 young (2048K), 2 survivors (2048K)
 Metaspace       used 5102K, capacity 7520K, committed 7936K, reserved 1056768K
  class space    used 427K, capacity 665K, committed 768K, reserved 1048576K
}
Event: 2.228 GC heap before
{Heap before GC invocations=1 (full 0):
 garbage-first heap   total 133120K, used 21881K [0x0000000780000000, 0x0000000800000000)
  region size 1024K, 21 young (21504K), 2 survivors (2048K)
 Metaspace       used 5173K, capacity 7584K, committed 7936K, reserved 1056768K
  class space    used 428K, capacity 665K, committed 768K, reserved 1048576K
}
Event: 2.232 GC heap after
{Heap after GC invocations=2 (full 0):
 garbage-first heap   total 133120K, used 2851K [0x0000000780000000, 0x0000000800000000)
  region size 1024K, 2 young (2048K), 2 survivors (2048K)
 Metaspace       used 5173K, capacity 7584K, committed 7936K, reserved 1056768K
  class space    used 428K, capacity 665K, committed 768K, reserved 1048576K
}
Event: 4.919 GC heap before
{Heap before GC invocations=2 (full 0):
 garbage-first heap   total 133120K, used 78627K [0x0000000780000000, 0x0000000800000000)
  region size 1024K, 76 young (77824K), 2 survivors (2048K)
 Metaspace       used 5323K, capacity 7590K, committed 7936K, reserved 1056768K
  class space    used 438K, capacity 666K, committed 768K, reserved 1048576K
}
Event: 4.928 GC heap after
{Heap after GC invocations=3 (full 0):
 garbage-first heap   total 133120K, used 4877K [0x0000000780000000, 0x0000000800000000)
  region size 1024K, 4 young (4096K), 4 survivors (4096K)
 Metaspace       used 5323K, capacity 7590K, committed 7936K, reserved 1056768K
  class space    used 438K, capacity 666K, committed 768K, reserved 1048576K
}
Event: 7.383 GC heap before
{Heap before GC invocations=3 (full 0):
 garbage-first heap   total 133120K, used 78605K [0x0000000780000000, 0x0000000800000000)
  region size 1024K, 76 young (77824K), 4 survivors (4096K)
 Metaspace       used 5393K, capacity 7654K, committed 7936K, reserved 1056768K
  class space    used 441K, capacity 666K, committed 768K, reserved 1048576K
}
Event: 7.406 GC heap after
{Heap after GC invocations=4 (full 0):
 garbage-first heap   total 133120K, used 6957K [0x0000000780000000, 0x0000000800000000)
  region size 1024K, 6 young (6144K), 6 survivors (6144K)
 Metaspace       used 5393K, capacity 7654K, committed 7936K, reserved 1056768K
  class space    used 441K, capacity 666K, committed 768K, reserved 1048576K
}
Event: 9.765 GC heap before
{Heap before GC invocations=4 (full 0):
 garbage-first heap   total 133120K, used 78637K [0x0000000780000000, 0x0000000800000000)
  region size 1024K, 76 young (77824K), 6 survivors (6144K)
 Metaspace       used 5421K, capacity 7654K, committed 7936K, reserved 1056768K
  class space    used 441K, capacity 666K, committed 768K, reserved 1048576K
}
Event: 9.777 GC heap after
{Heap after GC invocations=5 (full 0):
 garbage-first heap   total 133120K, used 9163K [0x0000000780000000, 0x0000000800000000)
  region size 1024K, 7 young (7168K), 7 survivors (7168K)
 Metaspace       used 5421K, capacity 7654K, committed 7936K, reserved 1056768K
  class space    used 441K, capacity 666K, committed 768K, reserved 1048576K
}
Event: 12.589 GC heap before
{Heap before GC invocations=5 (full 0):
 garbage-first heap   total 133120K, used 79819K [0x0000000780000000, 0x0000000800000000)
  region size 1024K, 76 young (77824K), 7 survivors (7168K)
 Metaspace       used 5462K, capacity 7718K, committed 8192K, reserved 1056768K
  class space    used 441K, capacity 666K, committed 768K, reserved 1048576K
}
Event: 12.598 GC heap after
{Heap after GC invocations=6 (full 0):
 garbage-first heap   total 133120K, used 10811K [0x0000000780000000, 0x0000000800000000)
  region size 1024K, 6 young (6144K), 6 survivors (6144K)
 Metaspace       used 5462K, capacity 7718K, committed 8192K, reserved 1056768K
  class space    used 441K, capacity 666K, committed 768K, reserved 1048576K
}
Event: 16.128 GC heap before
{Heap before GC invocations=6 (full 0):
 garbage-first heap   total 133120K, used 82491K [0x0000000780000000, 0x0000000800000000)
  region size 1024K, 76 young (77824K), 6 survivors (6144K)
 Metaspace       used 5465K, capacity 7718K, committed 8192K, reserved 1056768K
  class space    used 441K, capacity 666K, committed 768K, reserved 1048576K
}
Event: 16.140 GC heap after
{Heap after GC invocations=7 (full 0):
 garbage-first heap   total 133120K, used 12667K [0x0000000780000000, 0x0000000800000000)
  region size 1024K, 6 young (6144K), 6 survivors (6144K)
 Metaspace       used 5465K, capacity 7718K, committed 8192K, reserved 1056768K
  class space    used 441K, capacity 666K, committed 768K, reserved 1048576K
}
Event: 19.019 GC heap before
{Heap before GC invocations=7 (full 0):
 garbage-first heap   total 133120K, used 84347K [0x0000000780000000, 0x0000000800000000)
  region size 1024K, 76 young (77824K), 6 survivors (6144K)
 Metaspace       used 5465K, capacity 7718K, committed 8192K, reserved 1056768K
  class space    used 441K, capacity 666K, committed 768K, reserved 1048576K
}
Event: 19.031 GC heap after
{Heap after GC invocations=8 (full 0):
 garbage-first heap   total 133120K, used 14860K [0x0000000780000000, 0x0000000800000000)
  region size 1024K, 6 young (6144K), 6 survivors (6144K)
 Metaspace       used 5465K, capacity 7718K, committed 8192K, reserved 1056768K
  class space    used 441K, capacity 666K, committed 768K, reserved 1048576K
}
Event: 22.444 GC heap before
{Heap before GC invocations=8 (full 0):
 garbage-first heap   total 133120K, used 86540K [0x0000000780000000, 0x0000000800000000)
  region size 1024K, 76 young (77824K), 6 survivors (6144K)
 Metaspace       used 5466K, capacity 7718K, committed 8192K, reserved 1056768K
  class space    used 441K, capacity 666K, committed 768K, reserved 1048576K
}
Event: 22.457 GC heap after
{Heap after GC invocations=9 (full 0):
 garbage-first heap   total 133120K, used 17153K [0x0000000780000000, 0x0000000800000000)
  region size 1024K, 7 young (7168K), 7 survivors (7168K)
 Metaspace       used 5466K, capacity 7718K, committed 8192K, reserved 1056768K
  class space    used 441K, capacity 666K, committed 768K, reserved 1048576K
}
Event: 25.837 GC heap before
{Heap before GC invocations=9 (full 0):
 garbage-first heap   total 133120K, used 87809K [0x0000000780000000, 0x0000000800000000)
  region size 1024K, 76 young (77824K), 7 survivors (7168K)
 Metaspace       used 5466K, capacity 7718K, committed 8192K, reserved 1056768K
  class space    used 441K, capacity 666K, committed 768K, reserved 1048576K
}
Event: 25.850 GC heap after
{Heap after GC invocations=10 (full 0):
 garbage-first heap   total 133120K, used 19005K [0x0000000780000000, 0x0000000800000000)
  region size 1024K, 7 young (7168K), 7 survivors (7168K)
 Metaspace       used 5466K, capacity 7718K, committed 8192K, reserved 1056768K
  class space    used 441K, capacity 666K, committed 768K, reserved 1048576K
}

Deoptimization events (16 events):
Event: 0.195 Thread 0x00007fb8c9009000 DEOPT PACKING pc=0x000000011554de6b sp=0x000070000aee56a0
Event: 0.195 Thread 0x00007fb8c9009000 DEOPT UNPACKING pc=0x0000000114ff333a sp=0x000070000aee4b60 mode 0
Event: 0.196 Thread 0x00007fb8c9009000 DEOPT PACKING pc=0x000000011554de6b sp=0x000070000aee56a0
Event: 0.196 Thread 0x00007fb8c9009000 DEOPT UNPACKING pc=0x0000000114ff333a sp=0x000070000aee4b60 mode 0
Event: 0.196 Thread 0x00007fb8c9009000 DEOPT PACKING pc=0x000000011554de6b sp=0x000070000aee56a0
Event: 0.196 Thread 0x00007fb8c9009000 DEOPT UNPACKING pc=0x0000000114ff333a sp=0x000070000aee4b60 mode 0
Event: 0.197 Thread 0x00007fb8c9009000 DEOPT PACKING pc=0x000000011554de6b sp=0x000070000aee56a0
Event: 0.197 Thread 0x00007fb8c9009000 DEOPT UNPACKING pc=0x0000000114ff333a sp=0x000070000aee4b60 mode 0
Event: 0.633 Thread 0x00007fb8c9009000 DEOPT PACKING pc=0x000000011555ab68 sp=0x000070000aee8810
Event: 0.633 Thread 0x00007fb8c9009000 DEOPT UNPACKING pc=0x0000000114ff333a sp=0x000070000aee7c80 mode 0
Event: 1.188 Thread 0x00007fb8c98d0800 DEOPT PACKING pc=0x0000000115596e22 sp=0x000070000c639bb0
Event: 1.188 Thread 0x00007fb8c98d0800 DEOPT UNPACKING pc=0x0000000114ff333a sp=0x000070000c639038 mode 0
Event: 8.848 Thread 0x00007fb8c98d0800 DEOPT PACKING pc=0x00000001156ec79d sp=0x000070000c63a820
Event: 8.848 Thread 0x00007fb8c98d0800 DEOPT UNPACKING pc=0x0000000114ff333a sp=0x000070000c639cc0 mode 0
Event: 13.663 Thread 0x00007fb8c98d0800 DEOPT PACKING pc=0x00000001156ea83c sp=0x000070000c63a8c0
Event: 13.663 Thread 0x00007fb8c98d0800 DEOPT UNPACKING pc=0x0000000114ff333a sp=0x000070000c639e68 mode 0

Classes unloaded (0 events):
No events

Classes redefined (0 events):
No events

Internal exceptions (4 events):
Event: 0.320 Thread 0x00007fb8c9009000 Exception <a 'java/lang/ClassNotFoundException'{0x0000000787c1b1b8}: sun/awt/resources/spi/awtProvider> (0x0000000787c1b1b8) 
thrown [./open/src/hotspot/share/classfile/systemDictionary.cpp, line 226]
Event: 0.354 Thread 0x00007fb8c9009000 Exception <a 'java/io/FileNotFoundException'{0x0000000787c62a60}> (0x0000000787c62a60) 
thrown [./open/src/hotspot/share/prims/jni.cpp, line 599]
Event: 0.370 Thread 0x00007fb8c9009000 Exception <a 'java/io/FileNotFoundException'{0x0000000787c88cb8}> (0x0000000787c88cb8) 
thrown [./open/src/hotspot/share/prims/jni.cpp, line 599]
Event: 0.378 Thread 0x00007fb8c9009000 Exception <a 'java/lang/ClassNotFoundException'{0x0000000787c8fc00}: sun/awt/resources/spi/awtosxProvider> (0x0000000787c8fc00) 
thrown [./open/src/hotspot/share/classfile/systemDictionary.cpp, line 226]

Events (20 events):
Event: 35.342 Thread 0x00007fb8c936e000 Thread exited: 0x00007fb8c936e000
Event: 37.869 Executing VM operation: HandshakeOneThread
Event: 37.869 Executing VM operation: HandshakeOneThread done
Event: 37.888 Executing VM operation: HandshakeOneThread
Event: 37.888 Executing VM operation: HandshakeOneThread done
Event: 37.890 loading class jdk/internal/misc/Signal$1
Event: 37.895 loading class jdk/internal/misc/Signal$1 done
Event: 37.906 Thread 0x00007fb8bafda800 Thread added: 0x00007fb8bafda800
Event: 37.906 Protecting memory [0x000070000b788000,0x000070000b78c000] with protection modes 0
Event: 37.907 Executing VM operation: HandshakeOneThread
Event: 37.907 Executing VM operation: HandshakeOneThread done
Event: 37.914 Thread 0x00007fb8ac885800 Thread added: 0x00007fb8ac885800
Event: 37.918 Protecting memory [0x000070000c9ca000,0x000070000c9ce000] with protection modes 0
Event: 37.924 Thread 0x00007fb8ac0e4800 Thread added: 0x00007fb8ac0e4800
Event: 37.929 Protecting memory [0x000070000cacd000,0x000070000cad1000] with protection modes 0
Event: 37.947 Thread 0x00007fb8bf8c2800 Thread added: 0x00007fb8bf8c2800
Event: 37.947 Protecting memory [0x000070000c9ca000,0x000070000c9ce000] with protection modes 3
Event: 37.947 Thread 0x00007fb8ac885800 Thread exited: 0x00007fb8ac885800
Event: 37.949 Protecting memory [0x000070000cbd0000,0x000070000cbd4000] with protection modes 0
Event: 37.954 Executing VM operation: Exit


Dynamic libraries:
0x00007fff2a58b000 	/usr/lib/libz.1.dylib
0x0000000102513000 	/Library/Java/JavaVirtualMachines/jdk-14.0.1.jdk/Contents/Home/lib/libjli.dylib
0x00007fff34fbf000 	/System/Library/Frameworks/Cocoa.framework/Versions/A/Cocoa
0x00007fff22309000 	/System/Library/Frameworks/Security.framework/Versions/A/Security
0x00007fff331c7000 	/System/Library/Frameworks/ApplicationServices.framework/Versions/A/ApplicationServices
0x00007fff2a653000 	/usr/lib/libSystem.B.dylib
0x00007fff2a64d000 	/usr/lib/system/libcache.dylib
0x00007fff2a609000 	/usr/lib/system/libcommonCrypto.dylib
0x00007fff2a633000 	/usr/lib/system/libcompiler_rt.dylib
0x00007fff2a628000 	/usr/lib/system/libcopyfile.dylib
0x00007fff20202000 	/usr/lib/system/libcorecrypto.dylib
0x00007fff202cd000 	/usr/lib/system/libdispatch.dylib
0x00007fff20480000 	/usr/lib/system/libdyld.dylib
0x00007fff2a644000 	/usr/lib/system/libkeymgr.dylib
0x00007fff2da57000 	/usr/lib/system/liblaunch.dylib
0x00007fff2a5e7000 	/usr/lib/system/libmacho.dylib
0x00007fff29ddf000 	/usr/lib/system/libquarantine.dylib
0x00007fff2a641000 	/usr/lib/system/libremovefile.dylib
0x00007fff24ce5000 	/usr/lib/system/libsystem_asl.dylib
0x00007fff201b2000 	/usr/lib/system/libsystem_blocks.dylib
0x00007fff2034f000 	/usr/lib/system/libsystem_c.dylib
0x00007fff2a63b000 	/usr/lib/system/libsystem_collections.dylib
0x00007fff290e5000 	/usr/lib/system/libsystem_configuration.dylib
0x00007fff283d1000 	/usr/lib/system/libsystem_containermanager.dylib
0x00007fff2a38a000 	/usr/lib/system/libsystem_coreservices.dylib
0x00007fff228c1000 	/usr/lib/system/libsystem_darwin.dylib
0x00007fff2a645000 	/usr/lib/system/libsystem_dnssd.dylib
0x00007fff2034c000 	/usr/lib/system/libsystem_featureflags.dylib
0x00007fff204c6000 	/usr/lib/system/libsystem_info.dylib
0x00007fff2a59e000 	/usr/lib/system/libsystem_m.dylib
0x00007fff202a0000 	/usr/lib/system/libsystem_malloc.dylib
0x00007fff24c78000 	/usr/lib/system/libsystem_networkextension.dylib
0x00007fff22ce0000 	/usr/lib/system/libsystem_notify.dylib
0x00007fff2feee000 	/usr/lib/system/libsystem_product_info_filter.dylib
0x00007fff290e9000 	/usr/lib/system/libsystem_sandbox.dylib
0x00007fff2a63e000 	/usr/lib/system/libsystem_secinit.dylib
0x00007fff20444000 	/usr/lib/system/libsystem_kernel.dylib
0x00007fff204bc000 	/usr/lib/system/libsystem_platform.dylib
0x00007fff20474000 	/usr/lib/system/libsystem_pthread.dylib
0x00007fff263c2000 	/usr/lib/system/libsystem_symptoms.dylib
0x00007fff201ea000 	/usr/lib/system/libsystem_trace.dylib
0x00007fff2a615000 	/usr/lib/system/libunwind.dylib
0x00007fff201b4000 	/usr/lib/system/libxpc.dylib
0x00007fff2042e000 	/usr/lib/libc++abi.dylib
0x00007fff20312000 	/usr/lib/libobjc.A.dylib
0x00007fff2a620000 	/usr/lib/liboah.dylib
0x00007fff203d8000 	/usr/lib/libc++.1.dylib
0x00007fff204f2000 	/System/Library/Frameworks/CoreFoundation.framework/Versions/A/CoreFoundation
0x00007fff212a1000 	/System/Library/Frameworks/Foundation.framework/Versions/C/Foundation
0x00007fff22d3a000 	/System/Library/Frameworks/AppKit.framework/Versions/C/AppKit
0x00007fff25bfe000 	/System/Library/Frameworks/CoreData.framework/Versions/A/CoreData
0x00007fff23a86000 	/System/Library/PrivateFrameworks/UIFoundation.framework/Versions/A/UIFoundation
0x00007fff2fc81000 	/System/Library/PrivateFrameworks/RemoteViewServices.framework/Versions/A/RemoteViewServices
0x00007fff28a97000 	/System/Library/PrivateFrameworks/XCTTargetBootstrap.framework/Versions/A/XCTTargetBootstrap
0x00007fff2b77d000 	/usr/lib/libspindump.dylib
0x00007fff23cd5000 	/System/Library/Frameworks/UniformTypeIdentifiers.framework/Versions/A/UniformTypeIdentifiers
0x00007fff2729b000 	/usr/lib/libapp_launch_measurement.dylib
0x00007fff2729e000 	/System/Library/PrivateFrameworks/CoreAutoLayout.framework/Versions/A/CoreAutoLayout
0x00007fff283fe000 	/System/Library/Frameworks/Metal.framework/Versions/A/Metal
0x00007fff290f4000 	/usr/lib/liblangid.dylib
0x00007fff28a9b000 	/System/Library/PrivateFrameworks/CoreSVG.framework/Versions/A/CoreSVG
0x00007fff24d15000 	/System/Library/PrivateFrameworks/SkyLight.framework/Versions/A/SkyLight
0x00007fff2507b000 	/System/Library/Frameworks/CoreGraphics.framework/Versions/A/CoreGraphics
0x00007fff301a8000 	/System/Library/Frameworks/Accelerate.framework/Versions/A/Accelerate
0x00007fff2b1bb000 	/System/Library/PrivateFrameworks/IconServices.framework/Versions/A/IconServices
0x00007fff283e2000 	/System/Library/Frameworks/IOSurface.framework/Versions/A/IOSurface
0x00007fff26586000 	/usr/lib/libDiagnosticMessagesClient.dylib
0x00007fff28a83000 	/System/Library/PrivateFrameworks/DFRFoundation.framework/Versions/A/DFRFoundation
0x00007fff22661000 	/usr/lib/libicucore.A.dylib
0x00007fff2ccc0000 	/System/Library/Frameworks/AudioToolbox.framework/Versions/A/AudioToolbox
0x00007fff2bf48000 	/System/Library/PrivateFrameworks/DataDetectorsCore.framework/Versions/A/DataDetectorsCore
0x00007fff24c88000 	/usr/lib/libMobileGestalt.dylib
0x00007fff28787000 	/System/Library/Frameworks/Carbon.framework/Versions/A/Frameworks/HIToolbox.framework/Versions/A/HIToolbox
0x00007fff26ce0000 	/System/Library/Frameworks/QuartzCore.framework/Versions/A/QuartzCore
0x00007fff2fcb9000 	/System/Library/Frameworks/Carbon.framework/Versions/A/Frameworks/SpeechRecognition.framework/Versions/A/SpeechRecognition
0x00007fff27000000 	/System/Library/PrivateFrameworks/CoreUI.framework/Versions/A/CoreUI
0x00007fff21c77000 	/System/Library/Frameworks/CoreAudio.framework/Versions/A/CoreAudio
0x00007fff26671000 	/System/Library/Frameworks/DiskArbitration.framework/Versions/A/DiskArbitration
0x00007fff2bb4b000 	/System/Library/PrivateFrameworks/MultitouchSupport.framework/Versions/A/MultitouchSupport
0x00007fff2bf3f000 	/System/Library/PrivateFrameworks/InternationalSupport.framework/Versions/A/InternationalSupport
0x00007fff24c87000 	/usr/lib/libenergytrace.dylib
0x00007fff22c31000 	/System/Library/Frameworks/IOKit.framework/Versions/A/IOKit
0x00007fff2ffec000 	/System/Library/Frameworks/CoreServices.framework/Versions/A/CoreServices
0x00007fff2722d000 	/System/Library/PrivateFrameworks/PerformanceAnalysis.framework/Versions/A/PerformanceAnalysis
0x00007fff6bb59000 	/System/Library/Frameworks/OpenGL.framework/Versions/A/OpenGL
0x00007fff2bfc3000 	/System/Library/PrivateFrameworks/UserActivity.framework/Versions/A/UserActivity
0x00007fff25705000 	/System/Library/Frameworks/ColorSync.framework/Versions/A/ColorSync
0x00007fff28d02000 	/System/Library/Frameworks/CoreImage.framework/Versions/A/CoreImage
0x00007fff21a91000 	/System/Library/Frameworks/CoreText.framework/Versions/A/CoreText
0x00007fff28ac5000 	/System/Library/Frameworks/ImageIO.framework/Versions/A/ImageIO
0x00007fff2a659000 	/System/Library/PrivateFrameworks/SoftLinking.framework/Versions/A/SoftLinking
0x00007fff272e6000 	/usr/lib/libxml2.2.dylib
0x00007fff2a8ca000 	/usr/lib/libcompression.dylib
0x00007fff2be71000 	/System/Library/PrivateFrameworks/TextureIO.framework/Versions/A/TextureIO
0x00007fff2aef9000 	/usr/lib/libate.dylib
0x00007fff2acde000 	/usr/lib/liblzma.5.dylib
0x00007fff20fb5000 	/System/Library/Frameworks/SystemConfiguration.framework/Versions/A/SystemConfiguration
0x00007fff2a655000 	/usr/lib/libfakelink.dylib
0x00007fff247d9000 	/System/Library/Frameworks/CFNetwork.framework/Versions/A/CFNetwork
0x00007fff2a795000 	/usr/lib/libarchive.2.dylib
0x00007fff21033000 	/usr/lib/libCRFSuite.dylib
0x00007fff29e06000 	/usr/lib/libbsm.0.dylib
0x00007fff24152000 	/usr/lib/libnetwork.dylib
0x00007fff2a65a000 	/usr/lib/libpcap.A.dylib
0x00007fff263bb000 	/usr/lib/libdns_services.dylib
0x00007fff2acf7000 	/usr/lib/libcoretls_cfhelpers.dylib
0x00007fff2a894000 	/usr/lib/libapple_nghttp2.dylib
0x00007fff2a5ed000 	/usr/lib/system/libkxld.dylib
0x00007fff26034000 	/usr/lib/libsqlite3.dylib
0x00007fff2a36d000 	/System/Library/PrivateFrameworks/AppleFSCompression.framework/Versions/A/AppleFSCompression
0x00007fff29dee000 	/usr/lib/libcoretls.dylib
0x00007fff2a8c5000 	/usr/lib/libpam.2.dylib
0x00007fff2adf5000 	/usr/lib/libxar.1.dylib
0x00007fff290f0000 	/System/Library/PrivateFrameworks/AppleSystemInfo.framework/Versions/A/AppleSystemInfo
0x00007fff29a30000 	/System/Library/PrivateFrameworks/IOMobileFramebuffer.framework/Versions/A/IOMobileFramebuffer
0x00007fff2a37d000 	/usr/lib/libbz2.1.0.dylib
0x00007fff2a692000 	/usr/lib/libiconv.2.dylib
0x00007fff2a5e6000 	/usr/lib/libcharset.1.dylib
0x00007fff27269000 	/System/Library/Frameworks/CoreServices.framework/Versions/A/Frameworks/FSEvents.framework/Versions/A/FSEvents
0x00007fff228cb000 	/System/Library/Frameworks/CoreServices.framework/Versions/A/Frameworks/CarbonCore.framework/Versions/A/CarbonCore
0x00007fff265d6000 	/System/Library/Frameworks/CoreServices.framework/Versions/A/Frameworks/Metadata.framework/Versions/A/Metadata
0x00007fff2a38f000 	/System/Library/Frameworks/CoreServices.framework/Versions/A/Frameworks/OSServices.framework/Versions/A/OSServices
0x00007fff2a807000 	/System/Library/Frameworks/CoreServices.framework/Versions/A/Frameworks/SearchKit.framework/Versions/A/SearchKit
0x00007fff26346000 	/System/Library/Frameworks/CoreServices.framework/Versions/A/Frameworks/AE.framework/Versions/A/AE
0x00007fff20990000 	/System/Library/Frameworks/CoreServices.framework/Versions/A/Frameworks/LaunchServices.framework/Versions/A/LaunchServices
0x00007fff2ac8e000 	/System/Library/Frameworks/CoreServices.framework/Versions/A/Frameworks/DictionaryServices.framework/Versions/A/DictionaryServices
0x00007fff27276000 	/System/Library/Frameworks/CoreServices.framework/Versions/A/Frameworks/SharedFileList.framework/Versions/A/SharedFileList
0x00007fff29de2000 	/usr/lib/libCheckFix.dylib
0x00007fff24cfc000 	/System/Library/PrivateFrameworks/TCC.framework/Versions/A/TCC
0x00007fff290f6000 	/System/Library/PrivateFrameworks/CoreNLP.framework/Versions/A/CoreNLP
0x00007fff26589000 	/System/Library/PrivateFrameworks/MetadataUtilities.framework/Versions/A/MetadataUtilities
0x00007fff21068000 	/usr/lib/libmecabra.dylib
0x00007fff2a0ec000 	/System/Library/Frameworks/MLCompute.framework/Versions/A/MLCompute
0x00007fff29e17000 	/usr/lib/libmecab.dylib
0x00007fff29e61000 	/usr/lib/libgermantok.dylib
0x00007fff2a86f000 	/usr/lib/libThaiTokenizer.dylib
0x00007fff2ae30000 	/usr/lib/libChineseTokenizer.dylib
0x00007fff2a8c3000 	/System/Library/Frameworks/MetalPerformanceShaders.framework/Versions/A/MetalPerformanceShaders
0x00007fff26678000 	/System/Library/Frameworks/Accelerate.framework/Versions/A/Frameworks/vImage.framework/Versions/A/vImage
0x00007fff2ffc6000 	/System/Library/Frameworks/Accelerate.framework/Versions/A/Frameworks/vecLib.framework/Versions/A/vecLib
0x00007fff2ae3b000 	/System/Library/Frameworks/Accelerate.framework/Versions/A/Frameworks/vecLib.framework/Versions/A/libvMisc.dylib
0x00007fff2984b000 	/System/Library/Frameworks/Accelerate.framework/Versions/A/Frameworks/vecLib.framework/Versions/A/libvDSP.dylib
0x00007fff20c9b000 	/System/Library/Frameworks/Accelerate.framework/Versions/A/Frameworks/vecLib.framework/Versions/A/libBLAS.dylib
0x00007fff2a8f0000 	/System/Library/Frameworks/Accelerate.framework/Versions/A/Frameworks/vecLib.framework/Versions/A/libLAPACK.dylib
0x00007fff29e67000 	/System/Library/Frameworks/Accelerate.framework/Versions/A/Frameworks/vecLib.framework/Versions/A/libLinearAlgebra.dylib
0x00007fff2a8ac000 	/System/Library/Frameworks/Accelerate.framework/Versions/A/Frameworks/vecLib.framework/Versions/A/libSparseBLAS.dylib
0x00007fff2a8ea000 	/System/Library/Frameworks/Accelerate.framework/Versions/A/Frameworks/vecLib.framework/Versions/A/libQuadrature.dylib
0x00007fff291a2000 	/System/Library/Frameworks/Accelerate.framework/Versions/A/Frameworks/vecLib.framework/Versions/A/libBNNS.dylib
0x00007fff20f46000 	/System/Library/Frameworks/Accelerate.framework/Versions/A/Frameworks/vecLib.framework/Versions/A/libSparse.dylib
0x00007fff2907e000 	/System/Library/Frameworks/MetalPerformanceShaders.framework/Versions/A/Frameworks/MPSCore.framework/Versions/A/MPSCore
0x00007fff2a2dc000 	/System/Library/Frameworks/MetalPerformanceShaders.framework/Versions/A/Frameworks/MPSImage.framework/Versions/A/MPSImage
0x00007fff29e7d000 	/System/Library/Frameworks/MetalPerformanceShaders.framework/Versions/A/Frameworks/MPSNeuralNetwork.framework/Versions/A/MPSNeuralNetwork
0x00007fff2a24e000 	/System/Library/Frameworks/MetalPerformanceShaders.framework/Versions/A/Frameworks/MPSMatrix.framework/Versions/A/MPSMatrix
0x00007fff2a09c000 	/System/Library/Frameworks/MetalPerformanceShaders.framework/Versions/A/Frameworks/MPSRayIntersector.framework/Versions/A/MPSRayIntersector
0x00007fff2a285000 	/System/Library/Frameworks/MetalPerformanceShaders.framework/Versions/A/Frameworks/MPSNDArray.framework/Versions/A/MPSNDArray
0x00007fff20bc6000 	/System/Library/PrivateFrameworks/MetalTools.framework/Versions/A/MetalTools
0x00007fff290ee000 	/System/Library/PrivateFrameworks/AggregateDictionary.framework/Versions/A/AggregateDictionary
0x00007fff26556000 	/System/Library/PrivateFrameworks/CoreAnalytics.framework/Versions/A/CoreAnalytics
0x00007fff2a871000 	/System/Library/PrivateFrameworks/AppleSauce.framework/Versions/A/AppleSauce
0x00007fff283f4000 	/System/Library/PrivateFrameworks/IOAccelerator.framework/Versions/A/IOAccelerator
0x00007fff6bb4d000 	/System/Library/Frameworks/OpenGL.framework/Versions/A/Libraries/libCoreFSCache.dylib
0x00007fff21600000 	/System/Library/PrivateFrameworks/LanguageModeling.framework/Versions/A/LanguageModeling
0x00007fff29a1e000 	/System/Library/PrivateFrameworks/CoreEmoji.framework/Versions/A/CoreEmoji
0x00007fff2919b000 	/System/Library/PrivateFrameworks/LinguisticData.framework/Versions/A/LinguisticData
0x00007fff20ef8000 	/System/Library/PrivateFrameworks/Lexicon.framework/Versions/A/Lexicon
0x00007fff2a783000 	/usr/lib/libcmph.dylib
0x00007fff27249000 	/System/Library/Frameworks/OpenDirectory.framework/Versions/A/Frameworks/CFOpenDirectory.framework/Versions/A/CFOpenDirectory
0x00007fff27239000 	/System/Library/Frameworks/OpenDirectory.framework/Versions/A/OpenDirectory
0x00007fff2acf9000 	/System/Library/PrivateFrameworks/APFS.framework/Versions/A/APFS
0x00007fff29d44000 	/System/Library/Frameworks/SecurityFoundation.framework/Versions/A/SecurityFoundation
0x00007fff2ae03000 	/usr/lib/libutil.dylib
0x00007fff22bf6000 	/System/Library/PrivateFrameworks/CoreServicesStore.framework/Versions/A/CoreServicesStore
0x00007fff29dda000 	/System/Library/Frameworks/ServiceManagement.framework/Versions/A/ServiceManagement
0x00007fff2ae07000 	/usr/lib/libxslt.1.dylib
0x00007fff29dd0000 	/System/Library/PrivateFrameworks/BackgroundTaskManagement.framework/Versions/A/BackgroundTaskManagement
0x00007fff2bdbb000 	/System/Library/Frameworks/ImageIO.framework/Versions/A/Resources/libRadiance.dylib
0x00007fff2bdc5000 	/System/Library/Frameworks/ImageIO.framework/Versions/A/Resources/libJPEG.dylib
0x00007fff2bd15000 	/System/Library/Frameworks/ImageIO.framework/Versions/A/Resources/libPng.dylib
0x00007fff2bd36000 	/System/Library/Frameworks/ImageIO.framework/Versions/A/Resources/libTIFF.dylib
0x00007fff2be1a000 	/System/Library/Frameworks/ImageIO.framework/Versions/A/Resources/libGIF.dylib
0x00007fff2ba67000 	/System/Library/Frameworks/ImageIO.framework/Versions/A/Resources/libJP2.dylib
0x00007fff2b182000 	/usr/lib/libexpat.1.dylib
0x00007fff2ba1d000 	/System/Library/PrivateFrameworks/AppleJPEG.framework/Versions/A/AppleJPEG
0x00007fff2862a000 	/System/Library/PrivateFrameworks/FontServices.framework/libFontParser.dylib
0x00007fff262fd000 	/System/Library/PrivateFrameworks/RunningBoardServices.framework/Versions/A/RunningBoardServices
0x00007fff2bb47000 	/System/Library/PrivateFrameworks/WatchdogClient.framework/Versions/A/WatchdogClient
0x00007fff216e9000 	/System/Library/Frameworks/CoreDisplay.framework/Versions/A/CoreDisplay
0x00007fff2853f000 	/System/Library/Frameworks/CoreMedia.framework/Versions/A/CoreMedia
0x00007fff273c9000 	/System/Library/Frameworks/CoreVideo.framework/Versions/A/CoreVideo
0x00007fff2bb82000 	/System/Library/Frameworks/VideoToolbox.framework/Versions/A/VideoToolbox
0x00007fff2627d000 	/System/Library/PrivateFrameworks/BaseBoard.framework/Versions/A/BaseBoard
0x00007fff2b2c7000 	/System/Library/PrivateFrameworks/PersistentConnection.framework/Versions/A/PersistentConnection
0x00007fff2601e000 	/System/Library/PrivateFrameworks/ProtocolBuffer.framework/Versions/A/ProtocolBuffer
0x00007fff26265000 	/System/Library/PrivateFrameworks/CommonUtilities.framework/Versions/A/CommonUtilities
0x00007fff2b9e0000 	/System/Library/PrivateFrameworks/Bom.framework/Versions/A/Bom
0x00007fff2bdb3000 	/System/Library/PrivateFrameworks/GPUWrangler.framework/Versions/A/GPUWrangler
0x00007fff2bd96000 	/System/Library/PrivateFrameworks/IOPresentment.framework/Versions/A/IOPresentment
0x00007fff2bdbf000 	/System/Library/PrivateFrameworks/DSExternalDisplay.framework/Versions/A/DSExternalDisplay
0x00007fff2be1f000 	/System/Library/PrivateFrameworks/CMCaptureCore.framework/Versions/A/CMCaptureCore
0x00007fff2b763000 	/System/Library/PrivateFrameworks/AppServerSupport.framework/Versions/A/AppServerSupport
0x00007fff2d7fa000 	/System/Library/PrivateFrameworks/perfdata.framework/Versions/A/perfdata
0x00007fff29d33000 	/System/Library/PrivateFrameworks/AssertionServices.framework/Versions/A/AssertionServices
0x00007fff21820000 	/System/Library/PrivateFrameworks/AudioToolboxCore.framework/Versions/A/AudioToolboxCore
0x00007fff28522000 	/System/Library/PrivateFrameworks/caulk.framework/Versions/A/caulk
0x00007fff3cca6000 	/System/Library/PrivateFrameworks/SystemPolicy.framework/Versions/A/SystemPolicy
0x00007fff2af91000 	/usr/lib/libIOReport.dylib
0x00007fff2d036000 	/usr/lib/libSMC.dylib
0x00007fff2bce1000 	/usr/lib/libAudioToolboxUtility.dylib
0x00007fff3d603000 	/usr/lib/libmis.dylib
0x00007fff6bba9000 	/System/Library/Frameworks/OpenGL.framework/Versions/A/Libraries/libGLU.dylib
0x00007fff6bb6c000 	/System/Library/Frameworks/OpenGL.framework/Versions/A/Libraries/libGFXShared.dylib
0x00007fff6bd7a000 	/System/Library/Frameworks/OpenGL.framework/Versions/A/Libraries/libGL.dylib
0x00007fff6bb75000 	/System/Library/Frameworks/OpenGL.framework/Versions/A/Libraries/libGLImage.dylib
0x00007fff6bb69000 	/System/Library/Frameworks/OpenGL.framework/Versions/A/Libraries/libCVMSPluginSupport.dylib
0x00007fff6bb54000 	/System/Library/Frameworks/OpenGL.framework/Versions/A/Libraries/libCoreVMClient.dylib
0x00007fff6d1c4000 	/System/Library/Frameworks/OpenCL.framework/Versions/A/OpenCL
0x00007fff2b2f0000 	/System/Library/PrivateFrameworks/GraphVisualizer.framework/Versions/A/GraphVisualizer
0x00007fff2b2ff000 	/System/Library/PrivateFrameworks/FaceCore.framework/Versions/A/FaceCore
0x00007fff2b71b000 	/System/Library/PrivateFrameworks/OTSVG.framework/Versions/A/OTSVG
0x00007fff26fbe000 	/System/Library/Frameworks/ApplicationServices.framework/Versions/A/Frameworks/ATS.framework/Versions/A/Resources/libFontRegistry.dylib
0x00007fff2b76a000 	/System/Library/PrivateFrameworks/FontServices.framework/libhvf.dylib
0x00007fff2b12e000 	/System/Library/PrivateFrameworks/AppleVA.framework/Versions/A/AppleVA
0x00007fff2ce7e000 	/System/Library/Frameworks/ApplicationServices.framework/Versions/A/Frameworks/ATS.framework/Versions/A/ATS
0x00007fff2d191000 	/System/Library/Frameworks/ApplicationServices.framework/Versions/A/Frameworks/ColorSyncLegacy.framework/Versions/A/ColorSyncLegacy
0x00007fff257fc000 	/System/Library/Frameworks/ApplicationServices.framework/Versions/A/Frameworks/HIServices.framework/Versions/A/HIServices
0x00007fff2d176000 	/System/Library/Frameworks/ApplicationServices.framework/Versions/A/Frameworks/LangAnalysis.framework/Versions/A/LangAnalysis
0x00007fff2be29000 	/System/Library/Frameworks/ApplicationServices.framework/Versions/A/Frameworks/PrintCore.framework/Versions/A/PrintCore
0x00007fff2d199000 	/System/Library/Frameworks/ApplicationServices.framework/Versions/A/Frameworks/QD.framework/Versions/A/QD
0x00007fff2ce6e000 	/System/Library/Frameworks/ApplicationServices.framework/Versions/A/Frameworks/SpeechSynthesis.framework/Versions/A/SpeechSynthesis
0x00007fff2bdea000 	/System/Library/Frameworks/ApplicationServices.framework/Versions/A/Frameworks/ATSUI.framework/Versions/A/ATSUI
0x00007fff2d116000 	/usr/lib/libcups.2.dylib
0x00007fff2d186000 	/System/Library/PrivateFrameworks/NetAuth.framework/Versions/A/NetAuth
0x00007fff2d815000 	/System/Library/Frameworks/Kerberos.framework/Versions/A/Kerberos
0x00007fff2d825000 	/System/Library/Frameworks/GSS.framework/Versions/A/GSS
0x00007fff2ceeb000 	/usr/lib/libresolv.9.dylib
0x00007fff2b780000 	/System/Library/PrivateFrameworks/Heimdal.framework/Versions/A/Heimdal
0x00007fff334dc000 	/System/Library/Frameworks/Kerberos.framework/Versions/A/Libraries/libHeimdalProxy.dylib
0x00007fff263ca000 	/System/Library/Frameworks/Network.framework/Versions/A/Network
0x00007fff2b19c000 	/usr/lib/libheimdal-asn1.dylib
0x00007fff2d876000 	/System/Library/PrivateFrameworks/CommonAuth.framework/Versions/A/CommonAuth
0x00007fff27417000 	/System/Library/PrivateFrameworks/login.framework/Versions/A/Frameworks/loginsupport.framework/Versions/A/loginsupport
0x00007fff2cdf5000 	/System/Library/PrivateFrameworks/AudioSession.framework/Versions/A/AudioSession
0x00007fff2ce5b000 	/usr/lib/libAudioStatistics.dylib
0x00007fff2b228000 	/System/Library/PrivateFrameworks/MediaExperience.framework/Versions/A/MediaExperience
0x00007fff2cc8e000 	/System/Library/PrivateFrameworks/AudioSession.framework/libSessionUtility.dylib
0x00007fff2d806000 	/usr/lib/libperfcheck.dylib
0x00007fff2d1a5000 	/System/Library/PrivateFrameworks/AudioResourceArbitration.framework/Versions/A/AudioResourceArbitration
0x00007fff2b1a6000 	/System/Library/PrivateFrameworks/IconFoundation.framework/Versions/A/IconFoundation
0x00007fff2fca9000 	/System/Library/PrivateFrameworks/SpeechRecognitionCore.framework/Versions/A/SpeechRecognitionCore
0x000000010253c000 	/Library/Java/JavaVirtualMachines/jdk-14.0.1.jdk/Contents/Home/lib/server/libjvm.dylib
0x00000001032c7000 	/Library/Java/JavaVirtualMachines/jdk-14.0.1.jdk/Contents/Home/lib/libjimage.dylib
0x000000010331c000 	/Library/Java/JavaVirtualMachines/jdk-14.0.1.jdk/Contents/Home/lib/libjava.dylib
0x0000000103344000 	/Library/Java/JavaVirtualMachines/jdk-14.0.1.jdk/Contents/Home/lib/libzip.dylib
0x0000000103588000 	/Library/Java/JavaVirtualMachines/jdk-14.0.1.jdk/Contents/Home/lib/libnio.dylib
0x000000010359b000 	/Library/Java/JavaVirtualMachines/jdk-14.0.1.jdk/Contents/Home/lib/libnet.dylib
0x00000001035b3000 	/private/var/folders/gd/1k6gf7yn51b89wq72200y5dr0000gn/T/libgdxmirandahunter/ccbdf3b/libgdx64.dylib
0x00000001035eb000 	/Library/Java/JavaVirtualMachines/jdk-14.0.1.jdk/Contents/Home/lib/libverify.dylib
0x00000001035fa000 	/Library/Java/JavaVirtualMachines/jdk-14.0.1.jdk/Contents/Home/lib/libawt.dylib
0x0000000103696000 	/Library/Java/JavaVirtualMachines/jdk-14.0.1.jdk/Contents/Home/lib/libmlib_image.dylib
0x00007fff6eafd000 	/System/Library/Frameworks/JavaNativeFoundation.framework/Versions/A/JavaNativeFoundation
0x00007fff6eb09000 	/System/Library/Frameworks/JavaRuntimeSupport.framework/Versions/A/JavaRuntimeSupport
0x00007fff3c9f0000 	/System/Library/Frameworks/Carbon.framework/Versions/A/Carbon
0x00007fff31b1a000 	/System/Library/PrivateFrameworks/CoreSymbolication.framework/Versions/A/CoreSymbolication
0x00007fff36487000 	/System/Library/Frameworks/Carbon.framework/Versions/A/Frameworks/CommonPanels.framework/Versions/A/CommonPanels
0x00007fff32f71000 	/System/Library/Frameworks/Carbon.framework/Versions/A/Frameworks/Help.framework/Versions/A/Help
0x00007fff3648b000 	/System/Library/Frameworks/Carbon.framework/Versions/A/Frameworks/ImageCapture.framework/Versions/A/ImageCapture
0x00007fff3645b000 	/System/Library/Frameworks/Carbon.framework/Versions/A/Frameworks/OpenScripting.framework/Versions/A/OpenScripting
0x00007fff36483000 	/System/Library/Frameworks/Carbon.framework/Versions/A/Frameworks/Ink.framework/Versions/A/Ink
0x00007fff3c9ec000 	/System/Library/Frameworks/Carbon.framework/Versions/A/Frameworks/Print.framework/Versions/A/Print
0x00007fff3647f000 	/System/Library/Frameworks/Carbon.framework/Versions/A/Frameworks/SecurityHI.framework/Versions/A/SecurityHI
0x00007fff31ade000 	/System/Library/PrivateFrameworks/DebugSymbols.framework/Versions/A/DebugSymbols
0x0000000103702000 	/Library/Java/JavaVirtualMachines/jdk-14.0.1.jdk/Contents/Home/lib/libawt_lwawt.dylib
0x00000001037b4000 	/Library/Java/JavaVirtualMachines/jdk-14.0.1.jdk/Contents/Home/lib/libosxapp.dylib
0x00007fff3c007000 	/System/Library/Frameworks/ExceptionHandling.framework/Versions/A/ExceptionHandling
0x000000010c400000 	/Library/Java/JavaVirtualMachines/jdk-14.0.1.jdk/Contents/Home/lib/libfontmanager.dylib
0x000000010c506000 	/Library/Java/JavaVirtualMachines/jdk-14.0.1.jdk/Contents/Home/lib/libfreetype.dylib
0x00007fff22bb7000 	/System/Library/PrivateFrameworks/CoreServicesInternal.framework/Versions/A/CoreServicesInternal
0x00007fff31030000 	/System/Library/Frameworks/FileProvider.framework/Versions/A/FileProvider
0x00007fff261e8000 	/System/Library/Frameworks/Accounts.framework/Versions/A/Accounts
0x00007fff31180000 	/System/Library/PrivateFrameworks/GenerationalStorage.framework/Versions/A/GenerationalStorage
0x00007fff30a50000 	/System/Library/PrivateFrameworks/SymptomDiagnosticReporter.framework/Versions/A/SymptomDiagnosticReporter
0x00007fff23ce8000 	/System/Library/PrivateFrameworks/DesktopServicesPriv.framework/Versions/A/DesktopServicesPriv
0x00007fff22cec000 	/usr/lib/libsandbox.1.dylib
0x00007fff27442000 	/System/Library/PrivateFrameworks/UserManagement.framework/Versions/A/UserManagement
0x00007fff29d10000 	/System/Library/PrivateFrameworks/MobileKeyBag.framework/Versions/A/MobileKeyBag
0x00007fff3455f000 	/System/Library/PrivateFrameworks/ChunkingLibrary.framework/Versions/A/ChunkingLibrary
0x00007fff2e239000 	/System/Library/PrivateFrameworks/Sharing.framework/Versions/A/Sharing
0x00007fff32ade000 	/System/Library/PrivateFrameworks/Apple80211.framework/Versions/A/Apple80211
0x00007fff2a3bd000 	/System/Library/PrivateFrameworks/AuthKit.framework/Versions/A/AuthKit
0x00007fff29b0e000 	/System/Library/PrivateFrameworks/CoreUtils.framework/Versions/A/CoreUtils
0x00007fff29a3b000 	/System/Library/Frameworks/CoreWLAN.framework/Versions/A/CoreWLAN
0x00007fff2e385000 	/System/Library/Frameworks/IOBluetooth.framework/Versions/A/IOBluetooth
0x00007fff32b42000 	/System/Library/PrivateFrameworks/CoreWiFi.framework/Versions/A/CoreWiFi
0x00007fff2d8fc000 	/System/Library/PrivateFrameworks/CorePhoneNumbers.framework/Versions/A/CorePhoneNumbers
0x00007fff30b57000 	/System/Library/PrivateFrameworks/DiskManagement.framework/Versions/A/DiskManagement
0x00007fff30a6d000 	/System/Library/PrivateFrameworks/AppleIDAuthSupport.framework/Versions/A/AppleIDAuthSupport
0x00007fff2d8dc000 	/System/Library/PrivateFrameworks/KeychainCircle.framework/Versions/A/KeychainCircle
0x00007fff30b23000 	/System/Library/PrivateFrameworks/MediaKit.framework/Versions/A/MediaKit
0x00007fff30a7a000 	/System/Library/Frameworks/DiscRecording.framework/Versions/A/DiscRecording
0x00007fff2b0a2000 	/usr/lib/libCoreStorage.dylib
0x00007fff32f7d000 	/usr/lib/libcsfde.dylib
0x00007fff2e4c0000 	/System/Library/PrivateFrameworks/ProtectedCloudStorage.framework/Versions/A/ProtectedCloudStorage
0x00007fff32f75000 	/System/Library/PrivateFrameworks/EFILogin.framework/Versions/A/EFILogin
0x00007fff3358f000 	/System/Library/Frameworks/AudioUnit.framework/Versions/A/AudioUnit
0x00007fff309ea000 	/System/Library/Frameworks/CoreBluetooth.framework/Versions/A/CoreBluetooth
0x00007fff2b09a000 	/usr/lib/libMatch.1.dylib
0x00007fff43877000 	/System/Library/CoreServices/RawCamera.bundle/Contents/MacOS/RawCamera
0x00007fff2d887000 	/System/Library/PrivateFrameworks/MobileAsset.framework/Versions/A/MobileAsset
0x00007fff335b3000 	/System/Library/PrivateFrameworks/StreamingZip.framework/Versions/A/StreamingZip
0x00007fff2c021000 	/System/Library/Frameworks/MediaToolbox.framework/Versions/A/MediaToolbox
0x00007fff31002000 	/System/Library/PrivateFrameworks/CoreAVCHD.framework/Versions/A/CoreAVCHD
0x00007fff301e9000 	/System/Library/Frameworks/MediaAccessibility.framework/Versions/A/MediaAccessibility
0x00007fff30ffe000 	/System/Library/PrivateFrameworks/Mangrove.framework/Versions/A/Mangrove
0x00007fff301f5000 	/System/Library/PrivateFrameworks/AlgosScoreFramework.framework/Versions/A/AlgosScoreFramework
0x00007fff319ec000 	/System/Library/PrivateFrameworks/AppleVPA.framework/Versions/A/AppleVPA
0x00007fff30c43000 	/System/Library/PrivateFrameworks/CoreAUC.framework/Versions/A/CoreAUC
0x00007fff412ca000 	/System/Library/Frameworks/Accelerate.framework/Versions/A/Frameworks/vImage.framework/Versions/A/Libraries/libCGInterfaces.dylib
0x000000012807b000 	/usr/lib/libobjc-trampolines.dylib
0x00007fff27141000 	/System/Library/PrivateFrameworks/ViewBridge.framework/Versions/A/ViewBridge
0x0000000129633000 	/private/var/folders/gd/1k6gf7yn51b89wq72200y5dr0000gn/T/libgdxmirandahunter/f7649394/liblwjgl.dylib
0x00000001296b5000 	/Library/Java/JavaVirtualMachines/jdk-14.0.1.jdk/Contents/Home/lib/libjawt.dylib
0x00000001296bc000 	/private/var/folders/gd/1k6gf7yn51b89wq72200y5dr0000gn/T/libgdxmirandahunter/f7649394/openal.dylib
0x0000000129718000 	/System/Library/Components/CoreAudio.component/Contents/MacOS/CoreAudio
0x00007fff6bd85000 	/System/Library/Frameworks/OpenGL.framework/Versions/A/Resources/GLEngine.bundle/GLEngine
0x00007fff6bbe6000 	/System/Library/Frameworks/OpenGL.framework/Versions/A/Libraries/libGLProgrammability.dylib
0x00007fff5ef69000 	/System/Library/Extensions/AppleIntelKBLGraphicsGLDriver.bundle/Contents/MacOS/AppleIntelKBLGraphicsGLDriver
0x00007fff463bd000 	/System/Library/PrivateFrameworks/GPUSupport.framework/Versions/A/Libraries/libGPUSupportMercury.dylib
0x00007fff6bf03000 	/System/Library/Frameworks/OpenGL.framework/Versions/A/Resources/GLRendererFloat.bundle/GLRendererFloat
0x00007fff2b841000 	/System/Library/PrivateFrameworks/login.framework/Versions/A/login
0x00007fff779f8000 	/usr/lib/libRosetta.dylib


VM Arguments:
jvm_args: -Dfile.encoding=UTF-8 -XX:+ShowCodeDetailsInExceptionMessages 
java_command: com.mygdx.game.desktop.DesktopLauncher
java_class_path (initial): /Users/mirandahunter/FinalProjectRepository/desktop/bin/main:/ShootsAndLadders-core/bin/default:/Users/mirandahunter/FinalProjectRepository/core/bin/main:/Users/mirandahunter/.gradle/caches/modules-2/files-2.1/com.badlogicgames.gdx/gdx-backend-lwjgl/1.10.0/58ff89d9e4fd8a82591367f187d606e781cacc05/gdx-backend-lwjgl-1.10.0.jar:/Users/mirandahunter/.gradle/caches/modules-2/files-2.1/com.badlogicgames.gdx/gdx-platform/1.10.0/9a8fa793d2fd6d360afc6c9e4c1f5583da263b88/gdx-platform-1.10.0-natives-desktop.jar:/Users/mirandahunter/.gradle/caches/modules-2/files-2.1/com.badlogicgames.gdx/gdx-box2d-platform/1.10.0/588c4191c5a64ed39365e71484aa37d81c38eb5e/gdx-box2d-platform-1.10.0-natives-desktop.jar:/Users/mirandahunter/.gradle/caches/modules-2/files-2.1/com.badlogicgames.gdx/gdx-box2d/1.10.0/b3a3c0f00b90716238835434d0ae8985604c37f8/gdx-box2d-1.10.0.jar:/Users/mirandahunter/.gradle/caches/modules-2/files-2.1/com.badlogicgames.gdx/gdx/1.10.0/74c240f79dc4fb6b766a834249600d0a019d0489/gdx-1.10.0.jar:/Users/mirandahunter/.gradle/caches/modules-2/files-2.1/org.lwjgl.lwjgl/lwjgl_util/2.9.3/751f06b62424da056954c67288fd5c494431e350/lwjgl_util-2.9.3.jar:/Users/mirandahunter/.gradle/caches/modules-2/files-2.1/org.lwjgl.lwjgl/lwjgl/2.9.3/3df168ac74e4a8c96562cdff24ad352e255bf89c/lwjgl-2.9.3.jar:/Users/mirandahunter/.gradle/caches/modules-2/files-2.1/com.badlogicgames.jlayer/jlayer/1.0.1-gdx/7cca83cec5c1b2f011362f4d85aabd71a73b049d/jlayer-1.0.1-gdx.jar:/Users/mirandahunter/.gradle/caches/modules-2/files-2.1/org.jcraft/jorbis/0.0.17/8872d22b293e8f5d7d56ff92be966e6dc28ebdc6/jorbis-0.0.17.jar:/Users/mirandahunter/.gradle/caches/modules-2/files-2.1/org.lwjgl.lwjgl/lwjgl-platform/2.9.3/fbc2afb3e288578e9942578decb6291a490549a0/lwjgl-platform-2.9.3-natives-windows.jar:/Users/mirandahunter/.gradle/caches/modules-2/files-2.1/org.lwjgl.lwjgl/lwjgl-platform/2.9.3/b1eafe80093381c56415731e1d64279e6140bcd0/lwjgl-platform-2.9.3-natives-linux.jar:/Users/mirandahunter/.gradle/cac
Launcher Type: SUN_STANDARD

[Global flags]
     intx CICompilerCount                          = 3                                         {product} {ergonomic}
     uint ConcGCThreads                            = 1                                         {product} {ergonomic}
     uint G1ConcRefinementThreads                  = 4                                         {product} {ergonomic}
   size_t G1HeapRegionSize                         = 1048576                                   {product} {ergonomic}
    uintx GCDrainStackTargetSize                   = 64                                        {product} {ergonomic}
   size_t InitialHeapSize                          = 134217728                                 {product} {ergonomic}
   size_t MarkStackSize                            = 4194304                                   {product} {ergonomic}
   size_t MaxHeapSize                              = 2147483648                                {product} {ergonomic}
   size_t MaxNewSize                               = 1287651328                                {product} {ergonomic}
   size_t MinHeapDeltaBytes                        = 1048576                                   {product} {ergonomic}
   size_t MinHeapSize                              = 8388608                                   {product} {ergonomic}
    uintx NonNMethodCodeHeapSize                   = 5832780                                {pd product} {ergonomic}
    uintx NonProfiledCodeHeapSize                  = 122912730                              {pd product} {ergonomic}
    uintx ProfiledCodeHeapSize                     = 122912730                              {pd product} {ergonomic}
    uintx ReservedCodeCacheSize                    = 251658240                              {pd product} {ergonomic}
     bool SegmentedCodeCache                       = true                                      {product} {ergonomic}
     bool ShowCodeDetailsInExceptionMessages       = true                                   {manageable} {command line}
   size_t SoftMaxHeapSize                          = 2147483648                             {manageable} {ergonomic}
     bool UseCompressedClassPointers               = true                                 {lp64_product} {ergonomic}
     bool UseCompressedOops                        = true                                 {lp64_product} {ergonomic}
     bool UseG1GC                                  = true                                      {product} {ergonomic}

Logging:
Log output configuration:
 #0: 
[error occurred during error reporting (printing log configuration), id 0xb, SIGSEGV (0xb) at pc=0x0000000102a27de5]

Environment Variables:
PATH=/usr/bin:/bin:/usr/sbin:/sbin
SHELL=/bin/bash

Signal Handlers:
SIGSEGV: [libjvm.dylib+0x741570], sa_mask[0]=11111111011111110111111111111111, sa_flags=SA_ONSTACK|SA_RESTART|SA_SIGINFO
SIGBUS: [libjvm.dylib+0x741570], sa_mask[0]=11111111011111110111111111111111, sa_flags=SA_RESTART|SA_SIGINFO
SIGFPE: [libjvm.dylib+0x741570], sa_mask[0]=11111111011111110111111111111111, sa_flags=SA_RESTART|SA_SIGINFO
SIGPIPE: [libjvm.dylib+0x5eb393], sa_mask[0]=11111111011111110111111111111111, sa_flags=SA_RESTART|SA_SIGINFO
SIGXFSZ: [libjvm.dylib+0x5eb393], sa_mask[0]=11111111011111110111111111111111, sa_flags=SA_RESTART|SA_SIGINFO
SIGILL: [libjvm.dylib+0x741570], sa_mask[0]=11111111011111110111111111111111, sa_flags=SA_RESTART|SA_SIGINFO
SIGUSR2: [libjvm.dylib+0x5eb965], sa_mask[0]=00100000000000000000000000000000, sa_flags=SA_RESTART|SA_SIGINFO
SIGHUP: [libjvm.dylib+0x5ea9c7], sa_mask[0]=11111111011111110111111111111111, sa_flags=SA_RESTART|SA_SIGINFO
SIGINT: [libjvm.dylib+0x5ea9c7], sa_mask[0]=11111111011111110111111111111111, sa_flags=SA_RESTART|SA_SIGINFO
SIGTERM: [libjvm.dylib+0x5ea9c7], sa_mask[0]=11111111011111110111111111111111, sa_flags=SA_RESTART|SA_SIGINFO
SIGQUIT: [libjvm.dylib+0x5ea9c7], sa_mask[0]=11111111011111110111111111111111, sa_flags=SA_RESTART|SA_SIGINFO


---------------  S Y S T E M  ---------------

OS:uname:Darwin 20.6.0 Darwin Kernel Version 20.6.0: Mon Aug 30 06:12:21 PDT 2021; root:xnu-7195.141.6~3/RELEASE_X86_64 x86_64
OS uptime: 0 days 0:36 hours
rlimit: STACK 8192k, CORE 0k, NPROC 1392, NOFILE 10240, AS infinity, DATA infinity, FSIZE infinity
load average:4.73 3.97 11.46

CPU:total 4 (initial active 4) (2 cores per cpu, 2 threads per core) family 6 model 142 stepping 9, cmov, cx8, fxsr, mmx, sse, sse2, sse3, ssse3, sse4.1, sse4.2, popcnt, avx, avx2, aes, clmul, erms, 3dnowpref, lzcnt, ht, tsc, tscinvbit, bmi1, bmi2, adx, fma

Memory: 4k page, physical 8388608k(41948k free), swap 2097152k(891136k free)

vm_info: Java HotSpot(TM) 64-Bit Server VM (14.0.1+7) for bsd-amd64 JRE (14.0.1+7), built on Mar  5 2020 10:34:17 by "mach5one" with clang 4.2.1 Compatible Apple LLVM 10.0.0 (clang-1000.11.45.5)

END.
