#
# A fatal error has been detected by the Java Runtime Environment:
#
#  SIGSEGV (0xb) at pc=0x00007fff202e14af, pid=909, tid=128515
#
# JRE version: Java(TM) SE Runtime Environment (14.0.1+7) (build 14.0.1+7)
# Java VM: Java HotSpot(TM) 64-Bit Server VM (14.0.1+7, mixed mode, sharing, tiered, compressed oops, g1 gc, bsd-amd64)
# Problematic frame:
# C  [libobjc.A.dylib+0x84af]  objc_release+0x1f
#
# No core dump will be written. Core dumps have been disabled. To enable core dumping, try "ulimit -c unlimited" before starting Java again
#
# If you would like to submit a bug report, please visit:
#   https://bugreport.java.com/bugreport/crash.jsp
# The crash happened outside the Java Virtual Machine in native code.
# See problematic frame for where to report the bug.
#

---------------  S U M M A R Y ------------

Command Line: -Dfile.encoding=UTF-8 -XX:+ShowCodeDetailsInExceptionMessages com.mygdx.game.desktop.DesktopLauncher

Host: MacBookAir8,2 x86_64 1600 MHz, 4 cores, 8G, Darwin 20.6.0
Time: Sun Sep 19 17:59:31 2021 MDT elapsed time: 2 seconds (0d 0h 0m 2s)

---------------  T H R E A D  ---------------

Current thread (0x00007f8cd1101800):  JavaThread "LWJGL Application" [_thread_in_native, id=128515, stack(0x0000700009ea7000,0x0000700009fa7000)]

Stack: [0x0000700009ea7000,0x0000700009fa7000],  sp=0x0000700009fa6428,  free space=1021k
Native frames: (J=compiled Java code, A=aot compiled Java code, j=interpreted, Vv=VM code, C=native code)
C  [libobjc.A.dylib+0x84af]  objc_release+0x1f
C  [libobjc.A.dylib+0x8e30]  objc_autoreleasePoolPop+0xa1
C  [CoreFoundation+0x413f6]  _CFAutoreleasePoolPop+0x16
C  [Foundation+0x1f123]  -[NSAutoreleasePool release]+0x83
C  [liblwjgl.dylib+0x16cce]  Java_org_lwjgl_opengl_MacOSXContextImplementation_setView+0x10e
j  org.lwjgl.opengl.MacOSXContextImplementation.setView(Ljava/nio/ByteBuffer;Ljava/nio/ByteBuffer;)V+0
j  org.lwjgl.opengl.MacOSXContextImplementation.makeCurrent(Lorg/lwjgl/opengl/PeerInfo;Ljava/nio/ByteBuffer;)V+7
j  org.lwjgl.opengl.ContextGL.makeCurrent()V+46
j  org.lwjgl.opengl.DrawableGL.makeCurrent()V+14
j  org.lwjgl.opengl.Display.makeCurrent()V+3
j  org.lwjgl.opengl.Display.makeCurrentAndSetSwapInterval()V+0
j  org.lwjgl.opengl.Display.create(Lorg/lwjgl/opengl/PixelFormat;Lorg/lwjgl/opengl/Drawable;Lorg/lwjgl/opengl/ContextAttribs;)V+108
j  org.lwjgl.opengl.Display.create(Lorg/lwjgl/opengl/PixelFormat;)V+12
j  com.badlogic.gdx.backends.lwjgl.LwjglGraphics.createDisplayPixelFormat(ZII)V+243
j  com.badlogic.gdx.backends.lwjgl.LwjglGraphics.setupDisplay()V+594
j  com.badlogic.gdx.backends.lwjgl.LwjglApplication.mainLoop()V+9
j  com.badlogic.gdx.backends.lwjgl.LwjglApplication$1.run()V+27
v  ~StubRoutines::call_stub
V  [libjvm.dylib+0x34bbae]  JavaCalls::call_helper(JavaValue*, methodHandle const&, JavaCallArguments*, Thread*)+0x256
V  [libjvm.dylib+0x34afc8]  JavaCalls::call_virtual(JavaValue*, Klass*, Symbol*, Symbol*, JavaCallArguments*, Thread*)+0xfe
V  [libjvm.dylib+0x34b084]  JavaCalls::call_virtual(JavaValue*, Handle, Klass*, Symbol*, Symbol*, Thread*)+0x62
V  [libjvm.dylib+0x3d14e4]  thread_entry(JavaThread*, Thread*)+0x78
V  [libjvm.dylib+0x6ed14a]  JavaThread::thread_main_inner()+0x86
V  [libjvm.dylib+0x6ecf88]  JavaThread::run()+0x118
V  [libjvm.dylib+0x6eadcf]  Thread::call_run()+0x71
V  [libjvm.dylib+0x5e97a0]  thread_native_entry(Thread*)+0x129
C  [libsystem_pthread.dylib+0x68fc]  _pthread_start+0xe0
C  [libsystem_pthread.dylib+0x2443]  thread_start+0xf

Java frames: (J=compiled Java code, j=interpreted, Vv=VM code)
j  org.lwjgl.opengl.MacOSXContextImplementation.setView(Ljava/nio/ByteBuffer;Ljava/nio/ByteBuffer;)V+0
j  org.lwjgl.opengl.MacOSXContextImplementation.makeCurrent(Lorg/lwjgl/opengl/PeerInfo;Ljava/nio/ByteBuffer;)V+7
j  org.lwjgl.opengl.ContextGL.makeCurrent()V+46
j  org.lwjgl.opengl.DrawableGL.makeCurrent()V+14
j  org.lwjgl.opengl.Display.makeCurrent()V+3
j  org.lwjgl.opengl.Display.makeCurrentAndSetSwapInterval()V+0
j  org.lwjgl.opengl.Display.create(Lorg/lwjgl/opengl/PixelFormat;Lorg/lwjgl/opengl/Drawable;Lorg/lwjgl/opengl/ContextAttribs;)V+108
j  org.lwjgl.opengl.Display.create(Lorg/lwjgl/opengl/PixelFormat;)V+12
j  com.badlogic.gdx.backends.lwjgl.LwjglGraphics.createDisplayPixelFormat(ZII)V+243
j  com.badlogic.gdx.backends.lwjgl.LwjglGraphics.setupDisplay()V+594
j  com.badlogic.gdx.backends.lwjgl.LwjglApplication.mainLoop()V+9
j  com.badlogic.gdx.backends.lwjgl.LwjglApplication$1.run()V+27
v  ~StubRoutines::call_stub

siginfo: si_signo: 11 (SIGSEGV), si_code: 1 (SEGV_MAPERR), si_addr: 0x000007f8ccecc708

Register to memory mapping:

RAX=0x500007f8ccecc6ec is an unknown value
RBX=0x0000000000000001 is an unknown value
RCX=0x000007f8ccecc6e8 is an unknown value
RDX=0x0000000000000005 is an unknown value
RSP=0x0000700009fa6428 is pointing into the stack for thread: 0x00007f8cd1101800
RBP=0x0000700009fa6460 is pointing into the stack for thread: 0x00007f8cd1101800
RSI=0x00007f8cceda0b70 points into unknown readable memory: 67 0c 08 28 01 80 3d 01
RDI=0x00007f8cd2b06e90 points into unknown readable memory: ec c6 ec cc f8 07 00 50
R8 =0x00007f8ccf3fa6c8 points into unknown readable memory: 00 00 00 00 00 00 00 00
R9 =0x0 is NULL
R10=0x0000000128080c60: OBJC_CLASS_$_MacOSXOpenGLView+0 in /private/var/folders/gd/1k6gf7yn51b89wq72200y5dr0000gn/T/libgdxmirandahunter/f7649394/liblwjgl.dylib at 0x0000000128042000
R11=0x00007fff22d0cb3a: -[NSResponder release]+0 in /System/Library/Frameworks/AppKit.framework/Versions/C/AppKit at 0x00007fff22d01000
R12=0x00007f8cd2b06e90 points into unknown readable memory: ec c6 ec cc f8 07 00 50
R13=0xa3a3a3a3a3a3a3a3 is an unknown value
R14=0x00007f8cd1103070 points into unknown readable memory: 00 00 00 00 00 00 00 00
R15=0x00007f8cd1103000 points into unknown readable memory: a1 a1 a1 a1 41 55 54 4f


Registers:
RAX=0x500007f8ccecc6ec, RBX=0x0000000000000001, RCX=0x000007f8ccecc6e8, RDX=0x0000000000000005
RSP=0x0000700009fa6428, RBP=0x0000700009fa6460, RSI=0x00007f8cceda0b70, RDI=0x00007f8cd2b06e90
R8 =0x00007f8ccf3fa6c8, R9 =0x0000000000000000, R10=0x0000000128080c60, R11=0x00007fff22d0cb3a
R12=0x00007f8cd2b06e90, R13=0xa3a3a3a3a3a3a3a3, R14=0x00007f8cd1103070, R15=0x00007f8cd1103000
RIP=0x00007fff202e14af, EFLAGS=0x0000000000010206, ERR=0x0000000000000004
  TRAPNO=0x000000000000000e

Top of Stack: (sp=0x0000700009fa6428)
0x0000700009fa6428:   00007fff202ff20f 24ad943991470000
0x0000700009fa6438:   00007f8cd1103000 00007f8ccef465f0
0x0000700009fa6448:   000000010b082948 00007fff7bb35fbf
0x0000700009fa6458:   00007f8cd1101b10 0000700009fa6480
0x0000700009fa6468:   00007fff202e1e30 24ad94399147005e
0x0000700009fa6478:   00007f8cd1103070 0000700009fa64a0
0x0000700009fa6488:   00007fff204fa3f6 24ad94399147005e
0x0000700009fa6498:   00007f8ccef465f0 0000700009fa64e0
0x0000700009fa64a8:   00007fff21287123 00007fff87357148
0x0000700009fa64b8:   0000000000000000 00007f8cd2b04fd0
0x0000700009fa64c8:   24ad94399147005e 00007f8ccef66e20
0x0000700009fa64d8:   00007f8ccee95b30 0000700009fa6510
0x0000700009fa64e8:   0000000128058cce 000000010b082950
0x0000700009fa64f8:   0000000000000000 0000700009fa65a8
0x0000700009fa6508:   00007f8cd1101800 0000700009fa6580
0x0000700009fa6518:   0000000114abd6b0 0000700009fa6580
0x0000700009fa6528:   0000000114abd3fe 0000000114abd3b6
0x0000700009fa6538:   0000700009fa6538 000000010b082948
0x0000700009fa6548:   0000700009fa65a8 000000010b082ef8
0x0000700009fa6558:   0000000000000000 0000000787930470
0x0000700009fa6568:   000000010b082950 0000000000000000
0x0000700009fa6578:   0000700009fa65a0 0000700009fa65f8
0x0000700009fa6588:   0000000114ab7ef3 0000000787930470
0x0000700009fa6598:   0000000114aba758 000000078793c1d8
0x0000700009fa65a8:   0000000787aed9f0 0000700009fa65b0
0x0000700009fa65b8:   000000010b082847 0000700009fa6628
0x0000700009fa65c8:   000000010b082ef8 0000000000000000
0x0000700009fa65d8:   0000000787930470 000000010b0828b8
0x0000700009fa65e8:   0000700009fa65a0 0000700009fa6618
0x0000700009fa65f8:   0000700009fa6688 0000000114ab7f38
0x0000700009fa6608:   0000000000000000 0000000787aed9f0
0x0000700009fa6618:   000000078793c1d8 0000000787aed930 

Instructions: (pc=0x00007fff202e14af)
0x00007fff202e13af:   83 7e 08 00 75 20 4d 85 f6 74 10 49 8b 3e e8 e4
0x00007fff202e13bf:   fa 01 00 4c 89 f7 e8 dc fa 01 00 48 c7 05 c3 8e
0x00007fff202e13cf:   48 60 00 00 00 00 4d 85 e4 74 23 49 8b 3c 24 49
0x00007fff202e13df:   8b 5c 24 08 48 85 ff 74 05 e8 0c fc ff ff 4c 89
0x00007fff202e13ef:   e7 e8 b1 fa 01 00 49 89 dc 48 85 db 75 dd 48 8b
0x00007fff202e13ff:   05 c4 ed e7 66 48 8b 00 48 3b 45 d8 75 32 48 83
0x00007fff202e140f:   c4 30 5b 41 5c 41 5e 41 5f 5d c3 31 c0 eb 02 b0
0x00007fff202e141f:   01 80 3d 87 8f 48 60 00 0f 84 4a fd ff ff 0f b6
0x00007fff202e142f:   d0 4c 89 ff 31 f6 e8 b7 ee 01 00 e9 38 fd ff ff
0x00007fff202e143f:   e8 96 f9 01 00 48 8d 3d 5a 98 02 00 89 c6 31 c0
0x00007fff202e144f:   e8 96 e4 01 00 4c 89 ff e8 ae e8 01 00 48 89 c3
0x00007fff202e145f:   65 8b 04 25 18 00 00 00 31 c9 f0 0f b1 0d 6b 8e
0x00007fff202e146f:   48 60 74 0c 48 8d 3d 62 8e 48 60 e8 db fa 01 00
0x00007fff202e147f:   48 89 df e8 0b f9 01 00 0f 0b 90 e9 21 40 00 00
0x00007fff202e148f:   90 48 85 ff 74 76 89 f8 83 e0 01 48 85 c0 75 6c
0x00007fff202e149f:   48 8b 07 48 b9 f8 ff ff ff ff 7f 00 00 48 21 c1
0x00007fff202e14af:   48 8b 51 20 f6 c2 04 74 54 a8 01 74 6f 48 b9 00
0x00007fff202e14bf:   00 00 00 00 00 80 00 48 ba 00 00 00 00 00 00 00
0x00007fff202e14cf:   01 48 39 c8 72 36 48 89 c6 48 29 d6 72 17 f0 48
0x00007fff202e14df:   0f b1 37 74 22 a8 01 75 e8 31 f6 ba 01 00 00 00
0x00007fff202e14ef:   e9 52 d2 01 00 48 85 c8 75 3a 48 8b 35 b0 7c 48
0x00007fff202e14ff:   60 ff 25 fa ec e7 66 48 39 ce 72 ee c3 f6 c2 02
0x00007fff202e150f:   74 0d 66 83 79 1c 00 79 06 f6 41 28 02 75 1f 48
0x00007fff202e151f:   8b 35 b3 7b 48 60 ff 25 d5 ec e7 66 f6 41 1c 01
0x00007fff202e152f:   74 b7 eb d8 be 01 00 00 00 e9 e5 5a 00 00 48 8b
0x00007fff202e153f:   05 f4 f5 42 60 ff e0 90 90 90 90 90 90 90 90 90
0x00007fff202e154f:   90 90 e9 04 00 00 00 90 90 90 90 55 48 89 e5 53
0x00007fff202e155f:   50 48 89 fb f6 c3 01 75 21 48 b8 07 00 00 00 00
0x00007fff202e156f:   00 a0 00 48 23 03 48 83 f8 01 75 15 48 89 df 48
0x00007fff202e157f:   83 c4 08 5b 5d e9 1d f9 01 00 48 83 c4 08 5b 5d
0x00007fff202e158f:   c3 48 89 df e8 3c 00 00 00 eb e1 90 90 90 90 90
0x00007fff202e159f:   90 90 90 90 90 90 90 90 48 85 ff 74 1c 55 48 89 


Stack slot to memory mapping:
stack at sp + 0 slots: 0x00007fff202ff20f: _ZN19AutoreleasePoolPage12releaseUntilEPP11objc_object+0xa7 in /usr/lib/libobjc.A.dylib at 0x00007fff202d9000
stack at sp + 1 slots: 0x24ad943991470000 is an unknown value
stack at sp + 2 slots: 0x00007f8cd1103000 points into unknown readable memory: a1 a1 a1 a1 41 55 54 4f
stack at sp + 3 slots: 0x00007f8ccef465f0 points into unknown readable memory: a9 19 1b 80 ff ff 1d 01
stack at sp + 4 slots: 0x000000010b082948 is pointing into metadata
stack at sp + 5 slots: 0x00007fff7bb35fbf: GCC_except_table772+0x5b8276af in /usr/lib/libobjc.A.dylib at 0x00007fff202d9000
stack at sp + 6 slots: 0x00007f8cd1101b10 points into unknown readable memory: 60 1c 90 03 01 00 00 00
stack at sp + 7 slots: 0x0000700009fa6480 is pointing into the stack for thread: 0x00007f8cd1101800


---------------  P R O C E S S  ---------------

Threads class SMR info:
_java_thread_list=0x00007f8ccec11720, length=13, elements={
0x00007f8ccf80f800, 0x00007f8ccf812800, 0x00007f8cd000c000, 0x00007f8ccf810800,
0x00007f8ccf811800, 0x00007f8ccf814800, 0x00007f8ccf818000, 0x00007f8ccf0b9000,
0x00007f8ccf0da000, 0x00007f8cd01ab800, 0x00007f8cd009e000, 0x00007f8cd1101800,
0x00007f8ccf00f800
}

Java Threads: ( => current thread )
  0x00007f8ccf80f800 JavaThread "Reference Handler" daemon [_thread_blocked, id=15107, stack(0x0000700008de5000,0x0000700008ee5000)]
  0x00007f8ccf812800 JavaThread "Finalizer" daemon [_thread_blocked, id=17923, stack(0x0000700008ee8000,0x0000700008fe8000)]
  0x00007f8cd000c000 JavaThread "Signal Dispatcher" daemon [_thread_blocked, id=43011, stack(0x0000700009174000,0x0000700009274000)]
  0x00007f8ccf810800 JavaThread "Service Thread" daemon [_thread_blocked, id=22019, stack(0x0000700009277000,0x0000700009377000)]
  0x00007f8ccf811800 JavaThread "C2 CompilerThread0" daemon [_thread_blocked, id=42243, stack(0x000070000937a000,0x000070000947a000)]
  0x00007f8ccf814800 JavaThread "C1 CompilerThread0" daemon [_thread_blocked, id=22787, stack(0x000070000947d000,0x000070000957d000)]
  0x00007f8ccf818000 JavaThread "Sweeper thread" daemon [_thread_blocked, id=23555, stack(0x0000700009580000,0x0000700009680000)]
  0x00007f8ccf0b9000 JavaThread "Notification Thread" daemon [_thread_blocked, id=24067, stack(0x0000700009683000,0x0000700009783000)]
  0x00007f8ccf0da000 JavaThread "Common-Cleaner" daemon [_thread_blocked, id=40963, stack(0x0000700009889000,0x0000700009989000)]
  0x00007f8cd01ab800 JavaThread "AppKit Thread" daemon [_thread_in_native, id=259, stack(0x00007ffeee531000,0x00007ffeeed31000)]
  0x00007f8cd009e000 JavaThread "AWT-Shutdown" [_thread_blocked, id=30467, stack(0x000070000998c000,0x0000700009a8c000)]
=>0x00007f8cd1101800 JavaThread "LWJGL Application" [_thread_in_native, id=128515, stack(0x0000700009ea7000,0x0000700009fa7000)]
  0x00007f8ccf00f800 JavaThread "DestroyJavaVM" [_thread_blocked, id=9987, stack(0x00007000086d0000,0x00007000087d0000)]

Other Threads:
  0x00007f8cd000a800 VMThread "VM Thread" [stack: 0x0000700008ce2000,0x0000700008de2000] [id=18691]
  0x00007f8ccf09a800 WatcherThread [stack: 0x0000700009786000,0x0000700009886000] [id=24579]
  0x00007f8ccf03f800 GCTaskThread "GC Thread#0" [stack: 0x00007000087d3000,0x00007000088d3000] [id=12803]
  0x00007f8cd1018800 ConcurrentGCThread "G1 Main Marker" [stack: 0x00007000088d6000,0x00007000089d6000] [id=20227]
  0x00007f8cd1019800 ConcurrentGCThread "G1 Conc#0" [stack: 0x00007000089d9000,0x0000700008ad9000] [id=13315]
  0x00007f8ccf080800 ConcurrentGCThread "G1 Refine#0" [stack: 0x0000700008adc000,0x0000700008bdc000] [id=13571]
  0x00007f8ccf081000 ConcurrentGCThread "G1 Young RemSet Sampling" [stack: 0x0000700008bdf000,0x0000700008cdf000] [id=14083]

Threads with active compile tasks:

VM state:not at safepoint (normal execution)

VM Mutex/Monitor currently owned by a thread: None

Heap address: 0x0000000780000000, size: 2048 MB, Compressed Oops mode: Zero based, Oop shift amount: 3
Narrow klass base: 0x0000000800000000, Narrow klass shift: 3
Compressed class space size: 1073741824 Address: 0x0000000800b05000

Heap:
 garbage-first heap   total 133120K, used 6960K [0x0000000780000000, 0x0000000800000000)
  region size 1024K, 7 young (7168K), 0 survivors (0K)
 Metaspace       used 3236K, capacity 5847K, committed 6016K, reserved 1056768K
  class space    used 309K, capacity 567K, committed 640K, reserved 1048576K
Heap Regions: E=young(eden), S=young(survivor), O=old, HS=humongous(starts), HC=humongous(continues), CS=collection set, F=free, OA=open archive, CA=closed archive, TAMS=top-at-mark-start (previous, next)
|   0|0x0000000780000000, 0x0000000780000000, 0x0000000780100000|  0%| F|  |TAMS 0x0000000780000000, 0x0000000780000000| Untracked 
|   1|0x0000000780100000, 0x0000000780100000, 0x0000000780200000|  0%| F|  |TAMS 0x0000000780100000, 0x0000000780100000| Untracked 
|   2|0x0000000780200000, 0x0000000780200000, 0x0000000780300000|  0%| F|  |TAMS 0x0000000780200000, 0x0000000780200000| Untracked 
|   3|0x0000000780300000, 0x0000000780300000, 0x0000000780400000|  0%| F|  |TAMS 0x0000000780300000, 0x0000000780300000| Untracked 
|   4|0x0000000780400000, 0x0000000780400000, 0x0000000780500000|  0%| F|  |TAMS 0x0000000780400000, 0x0000000780400000| Untracked 
|   5|0x0000000780500000, 0x0000000780500000, 0x0000000780600000|  0%| F|  |TAMS 0x0000000780500000, 0x0000000780500000| Untracked 
|   6|0x0000000780600000, 0x0000000780600000, 0x0000000780700000|  0%| F|  |TAMS 0x0000000780600000, 0x0000000780600000| Untracked 
|   7|0x0000000780700000, 0x0000000780700000, 0x0000000780800000|  0%| F|  |TAMS 0x0000000780700000, 0x0000000780700000| Untracked 
|   8|0x0000000780800000, 0x0000000780800000, 0x0000000780900000|  0%| F|  |TAMS 0x0000000780800000, 0x0000000780800000| Untracked 
|   9|0x0000000780900000, 0x0000000780900000, 0x0000000780a00000|  0%| F|  |TAMS 0x0000000780900000, 0x0000000780900000| Untracked 
|  10|0x0000000780a00000, 0x0000000780a00000, 0x0000000780b00000|  0%| F|  |TAMS 0x0000000780a00000, 0x0000000780a00000| Untracked 
|  11|0x0000000780b00000, 0x0000000780b00000, 0x0000000780c00000|  0%| F|  |TAMS 0x0000000780b00000, 0x0000000780b00000| Untracked 
|  12|0x0000000780c00000, 0x0000000780c00000, 0x0000000780d00000|  0%| F|  |TAMS 0x0000000780c00000, 0x0000000780c00000| Untracked 
|  13|0x0000000780d00000, 0x0000000780d00000, 0x0000000780e00000|  0%| F|  |TAMS 0x0000000780d00000, 0x0000000780d00000| Untracked 
|  14|0x0000000780e00000, 0x0000000780e00000, 0x0000000780f00000|  0%| F|  |TAMS 0x0000000780e00000, 0x0000000780e00000| Untracked 
|  15|0x0000000780f00000, 0x0000000780f00000, 0x0000000781000000|  0%| F|  |TAMS 0x0000000780f00000, 0x0000000780f00000| Untracked 
|  16|0x0000000781000000, 0x0000000781000000, 0x0000000781100000|  0%| F|  |TAMS 0x0000000781000000, 0x0000000781000000| Untracked 
|  17|0x0000000781100000, 0x0000000781100000, 0x0000000781200000|  0%| F|  |TAMS 0x0000000781100000, 0x0000000781100000| Untracked 
|  18|0x0000000781200000, 0x0000000781200000, 0x0000000781300000|  0%| F|  |TAMS 0x0000000781200000, 0x0000000781200000| Untracked 
|  19|0x0000000781300000, 0x0000000781300000, 0x0000000781400000|  0%| F|  |TAMS 0x0000000781300000, 0x0000000781300000| Untracked 
|  20|0x0000000781400000, 0x0000000781400000, 0x0000000781500000|  0%| F|  |TAMS 0x0000000781400000, 0x0000000781400000| Untracked 
|  21|0x0000000781500000, 0x0000000781500000, 0x0000000781600000|  0%| F|  |TAMS 0x0000000781500000, 0x0000000781500000| Untracked 
|  22|0x0000000781600000, 0x0000000781600000, 0x0000000781700000|  0%| F|  |TAMS 0x0000000781600000, 0x0000000781600000| Untracked 
|  23|0x0000000781700000, 0x0000000781700000, 0x0000000781800000|  0%| F|  |TAMS 0x0000000781700000, 0x0000000781700000| Untracked 
|  24|0x0000000781800000, 0x0000000781800000, 0x0000000781900000|  0%| F|  |TAMS 0x0000000781800000, 0x0000000781800000| Untracked 
|  25|0x0000000781900000, 0x0000000781900000, 0x0000000781a00000|  0%| F|  |TAMS 0x0000000781900000, 0x0000000781900000| Untracked 
|  26|0x0000000781a00000, 0x0000000781a00000, 0x0000000781b00000|  0%| F|  |TAMS 0x0000000781a00000, 0x0000000781a00000| Untracked 
|  27|0x0000000781b00000, 0x0000000781b00000, 0x0000000781c00000|  0%| F|  |TAMS 0x0000000781b00000, 0x0000000781b00000| Untracked 
|  28|0x0000000781c00000, 0x0000000781c00000, 0x0000000781d00000|  0%| F|  |TAMS 0x0000000781c00000, 0x0000000781c00000| Untracked 
|  29|0x0000000781d00000, 0x0000000781d00000, 0x0000000781e00000|  0%| F|  |TAMS 0x0000000781d00000, 0x0000000781d00000| Untracked 
|  30|0x0000000781e00000, 0x0000000781e00000, 0x0000000781f00000|  0%| F|  |TAMS 0x0000000781e00000, 0x0000000781e00000| Untracked 
|  31|0x0000000781f00000, 0x0000000781f00000, 0x0000000782000000|  0%| F|  |TAMS 0x0000000781f00000, 0x0000000781f00000| Untracked 
|  32|0x0000000782000000, 0x0000000782000000, 0x0000000782100000|  0%| F|  |TAMS 0x0000000782000000, 0x0000000782000000| Untracked 
|  33|0x0000000782100000, 0x0000000782100000, 0x0000000782200000|  0%| F|  |TAMS 0x0000000782100000, 0x0000000782100000| Untracked 
|  34|0x0000000782200000, 0x0000000782200000, 0x0000000782300000|  0%| F|  |TAMS 0x0000000782200000, 0x0000000782200000| Untracked 
|  35|0x0000000782300000, 0x0000000782300000, 0x0000000782400000|  0%| F|  |TAMS 0x0000000782300000, 0x0000000782300000| Untracked 
|  36|0x0000000782400000, 0x0000000782400000, 0x0000000782500000|  0%| F|  |TAMS 0x0000000782400000, 0x0000000782400000| Untracked 
|  37|0x0000000782500000, 0x0000000782500000, 0x0000000782600000|  0%| F|  |TAMS 0x0000000782500000, 0x0000000782500000| Untracked 
|  38|0x0000000782600000, 0x0000000782600000, 0x0000000782700000|  0%| F|  |TAMS 0x0000000782600000, 0x0000000782600000| Untracked 
|  39|0x0000000782700000, 0x0000000782700000, 0x0000000782800000|  0%| F|  |TAMS 0x0000000782700000, 0x0000000782700000| Untracked 
|  40|0x0000000782800000, 0x0000000782800000, 0x0000000782900000|  0%| F|  |TAMS 0x0000000782800000, 0x0000000782800000| Untracked 
|  41|0x0000000782900000, 0x0000000782900000, 0x0000000782a00000|  0%| F|  |TAMS 0x0000000782900000, 0x0000000782900000| Untracked 
|  42|0x0000000782a00000, 0x0000000782a00000, 0x0000000782b00000|  0%| F|  |TAMS 0x0000000782a00000, 0x0000000782a00000| Untracked 
|  43|0x0000000782b00000, 0x0000000782b00000, 0x0000000782c00000|  0%| F|  |TAMS 0x0000000782b00000, 0x0000000782b00000| Untracked 
|  44|0x0000000782c00000, 0x0000000782c00000, 0x0000000782d00000|  0%| F|  |TAMS 0x0000000782c00000, 0x0000000782c00000| Untracked 
|  45|0x0000000782d00000, 0x0000000782d00000, 0x0000000782e00000|  0%| F|  |TAMS 0x0000000782d00000, 0x0000000782d00000| Untracked 
|  46|0x0000000782e00000, 0x0000000782e00000, 0x0000000782f00000|  0%| F|  |TAMS 0x0000000782e00000, 0x0000000782e00000| Untracked 
|  47|0x0000000782f00000, 0x0000000782f00000, 0x0000000783000000|  0%| F|  |TAMS 0x0000000782f00000, 0x0000000782f00000| Untracked 
|  48|0x0000000783000000, 0x0000000783000000, 0x0000000783100000|  0%| F|  |TAMS 0x0000000783000000, 0x0000000783000000| Untracked 
|  49|0x0000000783100000, 0x0000000783100000, 0x0000000783200000|  0%| F|  |TAMS 0x0000000783100000, 0x0000000783100000| Untracked 
|  50|0x0000000783200000, 0x0000000783200000, 0x0000000783300000|  0%| F|  |TAMS 0x0000000783200000, 0x0000000783200000| Untracked 
|  51|0x0000000783300000, 0x0000000783300000, 0x0000000783400000|  0%| F|  |TAMS 0x0000000783300000, 0x0000000783300000| Untracked 
|  52|0x0000000783400000, 0x0000000783400000, 0x0000000783500000|  0%| F|  |TAMS 0x0000000783400000, 0x0000000783400000| Untracked 
|  53|0x0000000783500000, 0x0000000783500000, 0x0000000783600000|  0%| F|  |TAMS 0x0000000783500000, 0x0000000783500000| Untracked 
|  54|0x0000000783600000, 0x0000000783600000, 0x0000000783700000|  0%| F|  |TAMS 0x0000000783600000, 0x0000000783600000| Untracked 
|  55|0x0000000783700000, 0x0000000783700000, 0x0000000783800000|  0%| F|  |TAMS 0x0000000783700000, 0x0000000783700000| Untracked 
|  56|0x0000000783800000, 0x0000000783800000, 0x0000000783900000|  0%| F|  |TAMS 0x0000000783800000, 0x0000000783800000| Untracked 
|  57|0x0000000783900000, 0x0000000783900000, 0x0000000783a00000|  0%| F|  |TAMS 0x0000000783900000, 0x0000000783900000| Untracked 
|  58|0x0000000783a00000, 0x0000000783a00000, 0x0000000783b00000|  0%| F|  |TAMS 0x0000000783a00000, 0x0000000783a00000| Untracked 
|  59|0x0000000783b00000, 0x0000000783b00000, 0x0000000783c00000|  0%| F|  |TAMS 0x0000000783b00000, 0x0000000783b00000| Untracked 
|  60|0x0000000783c00000, 0x0000000783c00000, 0x0000000783d00000|  0%| F|  |TAMS 0x0000000783c00000, 0x0000000783c00000| Untracked 
|  61|0x0000000783d00000, 0x0000000783d00000, 0x0000000783e00000|  0%| F|  |TAMS 0x0000000783d00000, 0x0000000783d00000| Untracked 
|  62|0x0000000783e00000, 0x0000000783e00000, 0x0000000783f00000|  0%| F|  |TAMS 0x0000000783e00000, 0x0000000783e00000| Untracked 
|  63|0x0000000783f00000, 0x0000000783f00000, 0x0000000784000000|  0%| F|  |TAMS 0x0000000783f00000, 0x0000000783f00000| Untracked 
|  64|0x0000000784000000, 0x0000000784000000, 0x0000000784100000|  0%| F|  |TAMS 0x0000000784000000, 0x0000000784000000| Untracked 
|  65|0x0000000784100000, 0x0000000784100000, 0x0000000784200000|  0%| F|  |TAMS 0x0000000784100000, 0x0000000784100000| Untracked 
|  66|0x0000000784200000, 0x0000000784200000, 0x0000000784300000|  0%| F|  |TAMS 0x0000000784200000, 0x0000000784200000| Untracked 
|  67|0x0000000784300000, 0x0000000784300000, 0x0000000784400000|  0%| F|  |TAMS 0x0000000784300000, 0x0000000784300000| Untracked 
|  68|0x0000000784400000, 0x0000000784400000, 0x0000000784500000|  0%| F|  |TAMS 0x0000000784400000, 0x0000000784400000| Untracked 
|  69|0x0000000784500000, 0x0000000784500000, 0x0000000784600000|  0%| F|  |TAMS 0x0000000784500000, 0x0000000784500000| Untracked 
|  70|0x0000000784600000, 0x0000000784600000, 0x0000000784700000|  0%| F|  |TAMS 0x0000000784600000, 0x0000000784600000| Untracked 
|  71|0x0000000784700000, 0x0000000784700000, 0x0000000784800000|  0%| F|  |TAMS 0x0000000784700000, 0x0000000784700000| Untracked 
|  72|0x0000000784800000, 0x0000000784800000, 0x0000000784900000|  0%| F|  |TAMS 0x0000000784800000, 0x0000000784800000| Untracked 
|  73|0x0000000784900000, 0x0000000784900000, 0x0000000784a00000|  0%| F|  |TAMS 0x0000000784900000, 0x0000000784900000| Untracked 
|  74|0x0000000784a00000, 0x0000000784a00000, 0x0000000784b00000|  0%| F|  |TAMS 0x0000000784a00000, 0x0000000784a00000| Untracked 
|  75|0x0000000784b00000, 0x0000000784b00000, 0x0000000784c00000|  0%| F|  |TAMS 0x0000000784b00000, 0x0000000784b00000| Untracked 
|  76|0x0000000784c00000, 0x0000000784c00000, 0x0000000784d00000|  0%| F|  |TAMS 0x0000000784c00000, 0x0000000784c00000| Untracked 
|  77|0x0000000784d00000, 0x0000000784d00000, 0x0000000784e00000|  0%| F|  |TAMS 0x0000000784d00000, 0x0000000784d00000| Untracked 
|  78|0x0000000784e00000, 0x0000000784e00000, 0x0000000784f00000|  0%| F|  |TAMS 0x0000000784e00000, 0x0000000784e00000| Untracked 
|  79|0x0000000784f00000, 0x0000000784f00000, 0x0000000785000000|  0%| F|  |TAMS 0x0000000784f00000, 0x0000000784f00000| Untracked 
|  80|0x0000000785000000, 0x0000000785000000, 0x0000000785100000|  0%| F|  |TAMS 0x0000000785000000, 0x0000000785000000| Untracked 
|  81|0x0000000785100000, 0x0000000785100000, 0x0000000785200000|  0%| F|  |TAMS 0x0000000785100000, 0x0000000785100000| Untracked 
|  82|0x0000000785200000, 0x0000000785200000, 0x0000000785300000|  0%| F|  |TAMS 0x0000000785200000, 0x0000000785200000| Untracked 
|  83|0x0000000785300000, 0x0000000785300000, 0x0000000785400000|  0%| F|  |TAMS 0x0000000785300000, 0x0000000785300000| Untracked 
|  84|0x0000000785400000, 0x0000000785400000, 0x0000000785500000|  0%| F|  |TAMS 0x0000000785400000, 0x0000000785400000| Untracked 
|  85|0x0000000785500000, 0x0000000785500000, 0x0000000785600000|  0%| F|  |TAMS 0x0000000785500000, 0x0000000785500000| Untracked 
|  86|0x0000000785600000, 0x0000000785600000, 0x0000000785700000|  0%| F|  |TAMS 0x0000000785600000, 0x0000000785600000| Untracked 
|  87|0x0000000785700000, 0x0000000785700000, 0x0000000785800000|  0%| F|  |TAMS 0x0000000785700000, 0x0000000785700000| Untracked 
|  88|0x0000000785800000, 0x0000000785800000, 0x0000000785900000|  0%| F|  |TAMS 0x0000000785800000, 0x0000000785800000| Untracked 
|  89|0x0000000785900000, 0x0000000785900000, 0x0000000785a00000|  0%| F|  |TAMS 0x0000000785900000, 0x0000000785900000| Untracked 
|  90|0x0000000785a00000, 0x0000000785a00000, 0x0000000785b00000|  0%| F|  |TAMS 0x0000000785a00000, 0x0000000785a00000| Untracked 
|  91|0x0000000785b00000, 0x0000000785b00000, 0x0000000785c00000|  0%| F|  |TAMS 0x0000000785b00000, 0x0000000785b00000| Untracked 
|  92|0x0000000785c00000, 0x0000000785c00000, 0x0000000785d00000|  0%| F|  |TAMS 0x0000000785c00000, 0x0000000785c00000| Untracked 
|  93|0x0000000785d00000, 0x0000000785d00000, 0x0000000785e00000|  0%| F|  |TAMS 0x0000000785d00000, 0x0000000785d00000| Untracked 
|  94|0x0000000785e00000, 0x0000000785e00000, 0x0000000785f00000|  0%| F|  |TAMS 0x0000000785e00000, 0x0000000785e00000| Untracked 
|  95|0x0000000785f00000, 0x0000000785f00000, 0x0000000786000000|  0%| F|  |TAMS 0x0000000785f00000, 0x0000000785f00000| Untracked 
|  96|0x0000000786000000, 0x0000000786000000, 0x0000000786100000|  0%| F|  |TAMS 0x0000000786000000, 0x0000000786000000| Untracked 
|  97|0x0000000786100000, 0x0000000786100000, 0x0000000786200000|  0%| F|  |TAMS 0x0000000786100000, 0x0000000786100000| Untracked 
|  98|0x0000000786200000, 0x0000000786200000, 0x0000000786300000|  0%| F|  |TAMS 0x0000000786200000, 0x0000000786200000| Untracked 
|  99|0x0000000786300000, 0x0000000786300000, 0x0000000786400000|  0%| F|  |TAMS 0x0000000786300000, 0x0000000786300000| Untracked 
| 100|0x0000000786400000, 0x0000000786400000, 0x0000000786500000|  0%| F|  |TAMS 0x0000000786400000, 0x0000000786400000| Untracked 
| 101|0x0000000786500000, 0x0000000786500000, 0x0000000786600000|  0%| F|  |TAMS 0x0000000786500000, 0x0000000786500000| Untracked 
| 102|0x0000000786600000, 0x0000000786600000, 0x0000000786700000|  0%| F|  |TAMS 0x0000000786600000, 0x0000000786600000| Untracked 
| 103|0x0000000786700000, 0x0000000786700000, 0x0000000786800000|  0%| F|  |TAMS 0x0000000786700000, 0x0000000786700000| Untracked 
| 104|0x0000000786800000, 0x0000000786800000, 0x0000000786900000|  0%| F|  |TAMS 0x0000000786800000, 0x0000000786800000| Untracked 
| 105|0x0000000786900000, 0x0000000786900000, 0x0000000786a00000|  0%| F|  |TAMS 0x0000000786900000, 0x0000000786900000| Untracked 
| 106|0x0000000786a00000, 0x0000000786a00000, 0x0000000786b00000|  0%| F|  |TAMS 0x0000000786a00000, 0x0000000786a00000| Untracked 
| 107|0x0000000786b00000, 0x0000000786b00000, 0x0000000786c00000|  0%| F|  |TAMS 0x0000000786b00000, 0x0000000786b00000| Untracked 
| 108|0x0000000786c00000, 0x0000000786c00000, 0x0000000786d00000|  0%| F|  |TAMS 0x0000000786c00000, 0x0000000786c00000| Untracked 
| 109|0x0000000786d00000, 0x0000000786d00000, 0x0000000786e00000|  0%| F|  |TAMS 0x0000000786d00000, 0x0000000786d00000| Untracked 
| 110|0x0000000786e00000, 0x0000000786e00000, 0x0000000786f00000|  0%| F|  |TAMS 0x0000000786e00000, 0x0000000786e00000| Untracked 
| 111|0x0000000786f00000, 0x0000000786f00000, 0x0000000787000000|  0%| F|  |TAMS 0x0000000786f00000, 0x0000000786f00000| Untracked 
| 112|0x0000000787000000, 0x0000000787000000, 0x0000000787100000|  0%| F|  |TAMS 0x0000000787000000, 0x0000000787000000| Untracked 
| 113|0x0000000787100000, 0x0000000787100000, 0x0000000787200000|  0%| F|  |TAMS 0x0000000787100000, 0x0000000787100000| Untracked 
| 114|0x0000000787200000, 0x0000000787200000, 0x0000000787300000|  0%| F|  |TAMS 0x0000000787200000, 0x0000000787200000| Untracked 
| 115|0x0000000787300000, 0x0000000787300000, 0x0000000787400000|  0%| F|  |TAMS 0x0000000787300000, 0x0000000787300000| Untracked 
| 116|0x0000000787400000, 0x0000000787400000, 0x0000000787500000|  0%| F|  |TAMS 0x0000000787400000, 0x0000000787400000| Untracked 
| 117|0x0000000787500000, 0x0000000787500000, 0x0000000787600000|  0%| F|  |TAMS 0x0000000787500000, 0x0000000787500000| Untracked 
| 118|0x0000000787600000, 0x0000000787600000, 0x0000000787700000|  0%| F|  |TAMS 0x0000000787600000, 0x0000000787600000| Untracked 
| 119|0x0000000787700000, 0x0000000787700000, 0x0000000787800000|  0%| F|  |TAMS 0x0000000787700000, 0x0000000787700000| Untracked 
| 120|0x0000000787800000, 0x0000000787800000, 0x0000000787900000|  0%| F|  |TAMS 0x0000000787800000, 0x0000000787800000| Untracked 
| 121|0x0000000787900000, 0x0000000787944cf0, 0x0000000787a00000| 26%| E|  |TAMS 0x0000000787900000, 0x0000000787900000| Complete 
| 122|0x0000000787a00000, 0x0000000787b00000, 0x0000000787b00000|100%| E|CS|TAMS 0x0000000787a00000, 0x0000000787a00000| Complete 
| 123|0x0000000787b00000, 0x0000000787c00000, 0x0000000787c00000|100%| E|CS|TAMS 0x0000000787b00000, 0x0000000787b00000| Complete 
| 124|0x0000000787c00000, 0x0000000787d00000, 0x0000000787d00000|100%| E|CS|TAMS 0x0000000787c00000, 0x0000000787c00000| Complete 
| 125|0x0000000787d00000, 0x0000000787e00000, 0x0000000787e00000|100%| E|CS|TAMS 0x0000000787d00000, 0x0000000787d00000| Complete 
| 126|0x0000000787e00000, 0x0000000787f00000, 0x0000000787f00000|100%| E|CS|TAMS 0x0000000787e00000, 0x0000000787e00000| Complete 
| 127|0x0000000787f00000, 0x0000000788000000, 0x0000000788000000|100%| E|CS|TAMS 0x0000000787f00000, 0x0000000787f00000| Complete 
|1022|0x00000007bfe00000, 0x00000007bfe51000, 0x00000007bff00000| 31%|OA|  |TAMS 0x00000007bfe00000, 0x00000007bfe00000| Untracked 
|1023|0x00000007bff00000, 0x00000007bff7b000, 0x00000007c0000000| 48%|CA|  |TAMS 0x00000007bff00000, 0x00000007bff00000| Untracked 

Card table byte_map: [0x0000000104360000,0x0000000104760000] _byte_map_base: 0x0000000100760000

Marking Bits (Prev, Next): (CMBitMap*) 0x00007f8cd1008218, (CMBitMap*) 0x00007f8cd1008258
 Prev Bits: [0x0000000104b60000, 0x0000000106b60000)
 Next Bits: [0x0000000106b60000, 0x0000000108b60000)

Polling page: 0x0000000100f0b000

Metaspace:

Usage:
  Non-class:      5.16 MB capacity,     2.86 MB ( 55%) used,     2.29 MB ( 44%) free+waste,     6.38 KB ( <1%) overhead. 
      Class:    567.00 KB capacity,   309.86 KB ( 55%) used,   253.64 KB ( 45%) free+waste,     3.50 KB ( <1%) overhead. 
       Both:      5.71 MB capacity,     3.16 MB ( 55%) used,     2.54 MB ( 44%) free+waste,     9.88 KB ( <1%) overhead. 

Virtual space:
  Non-class space:        8.00 MB reserved,       5.25 MB ( 66%) committed 
      Class space:        1.00 GB reserved,     640.00 KB ( <1%) committed 
             Both:        1.01 GB reserved,       5.88 MB ( <1%) committed 

Chunk freelists:
   Non-Class:  32.00 KB
       Class:  21.00 KB
        Both:  53.00 KB

MaxMetaspaceSize: unlimited
CompressedClassSpaceSize: 1.00 GB

CodeHeap 'non-profiled nmethods': size=120032Kb used=157Kb max_used=157Kb free=119874Kb
 bounds [0x000000011c576000, 0x000000011c7e6000, 0x0000000123aae000]
CodeHeap 'profiled nmethods': size=120028Kb used=854Kb max_used=854Kb free=119173Kb
 bounds [0x000000011503f000, 0x00000001152af000, 0x000000011c576000]
CodeHeap 'non-nmethods': size=5700Kb used=1153Kb max_used=1163Kb free=4546Kb
 bounds [0x0000000114aae000, 0x0000000114d1e000, 0x000000011503f000]
 total_blobs=1019 nmethods=507 adapters=320
 compilation: enabled
              stopped_count=0, restarted_count=0
 full_count=0

Compilation events (20 events):
Event: 2.234 Thread 0x00007f8ccf814800  495       3       java.lang.StringConcatHelper::simpleConcat (62 bytes)
Event: 2.236 Thread 0x00007f8ccf814800 nmethod 495 0x000000011510a110 code [0x000000011510a3e0, 0x000000011510b2b0]
Event: 2.348 Thread 0x00007f8ccf814800  498       3       java.lang.StringLatin1::toLowerCase (186 bytes)
Event: 2.349 Thread 0x00007f8ccf814800 nmethod 498 0x000000011510b890 code [0x000000011510bae0, 0x000000011510c5d0]
Event: 2.354 Thread 0x00007f8ccf814800  499       3       java.lang.ClassLoader::loadClass (7 bytes)
Event: 2.354 Thread 0x00007f8ccf814800 nmethod 499 0x000000011510ca10 code [0x000000011510cba0, 0x000000011510cd80]
Event: 2.354 Thread 0x00007f8ccf814800  500       3       jdk.internal.loader.ClassLoaders$AppClassLoader::loadClass (40 bytes)
Event: 2.356 Thread 0x00007f8ccf814800 nmethod 500 0x000000011510ce10 code [0x000000011510d060, 0x000000011510d9d0]
Event: 2.356 Thread 0x00007f8ccf814800  501       3       jdk.internal.loader.BuiltinClassLoader::loadClass (22 bytes)
Event: 2.358 Thread 0x00007f8ccf814800 nmethod 501 0x000000011510dd90 code [0x000000011510df40, 0x000000011510e210]
Event: 2.369 Thread 0x00007f8ccf814800  502       3       java.nio.Buffer::<init> (105 bytes)
Event: 2.371 Thread 0x00007f8ccf814800 nmethod 502 0x000000011510e310 code [0x000000011510e5e0, 0x000000011510f3d0]
Event: 2.373 Thread 0x00007f8ccf814800  503   !   3       java.util.concurrent.ConcurrentHashMap::computeIfAbsent (576 bytes)
Event: 2.380 Thread 0x00007f8ccf814800 nmethod 503 0x000000011510f890 code [0x000000011510fce0, 0x0000000115112b80]
Event: 2.380 Thread 0x00007f8ccf814800  504       3       java.lang.Integer::valueOf (32 bytes)
Event: 2.381 Thread 0x00007f8ccf814800 nmethod 504 0x0000000115113d10 code [0x0000000115113ec0, 0x00000001151141d0]
Event: 2.381 Thread 0x00007f8ccf814800  505       3       java.nio.Buffer::remaining (10 bytes)
Event: 2.381 Thread 0x00007f8ccf814800 nmethod 505 0x0000000115114310 code [0x00000001151144a0, 0x00000001151145b0]
Event: 2.422 Thread 0x00007f8ccf814800  507       3       java.util.HashSet::isEmpty (8 bytes)
Event: 2.422 Thread 0x00007f8ccf814800 nmethod 507 0x0000000115114610 code [0x00000001151147a0, 0x0000000115114a10]

GC Heap History (0 events):
No events

Deoptimization events (10 events):
Event: 0.422 Thread 0x00007f8ccf00f800 DEOPT PACKING pc=0x00000001150520eb sp=0x00007000087cb6a0
Event: 0.422 Thread 0x00007f8ccf00f800 DEOPT UNPACKING pc=0x0000000114af733a sp=0x00007000087cab60 mode 0
Event: 0.426 Thread 0x00007f8ccf00f800 DEOPT PACKING pc=0x00000001150520eb sp=0x00007000087cb6a0
Event: 0.426 Thread 0x00007f8ccf00f800 DEOPT UNPACKING pc=0x0000000114af733a sp=0x00007000087cab60 mode 0
Event: 0.426 Thread 0x00007f8ccf00f800 DEOPT PACKING pc=0x00000001150520eb sp=0x00007000087cb6a0
Event: 0.426 Thread 0x00007f8ccf00f800 DEOPT UNPACKING pc=0x0000000114af733a sp=0x00007000087cab60 mode 0
Event: 0.426 Thread 0x00007f8ccf00f800 DEOPT PACKING pc=0x00000001150520eb sp=0x00007000087cb6a0
Event: 0.426 Thread 0x00007f8ccf00f800 DEOPT UNPACKING pc=0x0000000114af733a sp=0x00007000087cab60 mode 0
Event: 0.623 Thread 0x00007f8ccf00f800 DEOPT PACKING pc=0x000000011505c9e8 sp=0x00007000087cea30
Event: 0.623 Thread 0x00007f8ccf00f800 DEOPT UNPACKING pc=0x0000000114af733a sp=0x00007000087cdea0 mode 0

Classes unloaded (0 events):
No events

Classes redefined (0 events):
No events

Internal exceptions (4 events):
Event: 0.714 Thread 0x00007f8ccf00f800 Exception <a 'java/lang/ClassNotFoundException'{0x0000000787c1e238}: sun/awt/resources/spi/awtProvider> (0x0000000787c1e238) 
thrown [./open/src/hotspot/share/classfile/systemDictionary.cpp, line 226]
Event: 0.787 Thread 0x00007f8ccf00f800 Exception <a 'java/io/FileNotFoundException'{0x0000000787c65b00}> (0x0000000787c65b00) 
thrown [./open/src/hotspot/share/prims/jni.cpp, line 599]
Event: 0.801 Thread 0x00007f8ccf00f800 Exception <a 'java/io/FileNotFoundException'{0x0000000787c8bfb8}> (0x0000000787c8bfb8) 
thrown [./open/src/hotspot/share/prims/jni.cpp, line 599]
Event: 0.815 Thread 0x00007f8ccf00f800 Exception <a 'java/lang/ClassNotFoundException'{0x0000000787c92ca8}: sun/awt/resources/spi/awtosxProvider> (0x0000000787c92ca8) 
thrown [./open/src/hotspot/share/classfile/systemDictionary.cpp, line 226]

Events (20 events):
Event: 2.354 loading class java/awt/image/BufferedImage
Event: 2.355 loading class java/awt/image/WritableRenderedImage
Event: 2.359 loading class java/awt/image/RenderedImage
Event: 2.359 loading class java/awt/image/RenderedImage done
Event: 2.359 loading class java/awt/image/WritableRenderedImage done
Event: 2.359 loading class java/awt/Transparency
Event: 2.359 loading class java/awt/Transparency done
Event: 2.359 loading class java/awt/image/BufferedImage done
Event: 2.362 loading class java/awt/IllegalComponentStateException
Event: 2.362 loading class java/awt/IllegalComponentStateException done
Event: 2.363 loading class java/awt/Point
Event: 2.365 loading class java/awt/geom/Point2D
Event: 2.368 loading class java/awt/geom/Point2D done
Event: 2.368 loading class java/awt/Point done
Event: 2.368 loading class java/awt/GraphicsConfiguration
Event: 2.369 loading class java/awt/GraphicsConfiguration done
Event: 2.371 Executing VM operation: HandshakeOneThread
Event: 2.371 Executing VM operation: HandshakeOneThread done
Event: 2.386 loading class java/lang/NumberFormatException
Event: 2.386 loading class java/lang/NumberFormatException done


Dynamic libraries:
0x00007fff2a552000 	/usr/lib/libz.1.dylib
0x0000000100ed8000 	/Library/Java/JavaVirtualMachines/jdk-14.0.1.jdk/Contents/Home/lib/libjli.dylib
0x00007fff34f86000 	/System/Library/Frameworks/Cocoa.framework/Versions/A/Cocoa
0x00007fff222d0000 	/System/Library/Frameworks/Security.framework/Versions/A/Security
0x00007fff3318e000 	/System/Library/Frameworks/ApplicationServices.framework/Versions/A/ApplicationServices
0x00007fff2a61a000 	/usr/lib/libSystem.B.dylib
0x00007fff2a614000 	/usr/lib/system/libcache.dylib
0x00007fff2a5d0000 	/usr/lib/system/libcommonCrypto.dylib
0x00007fff2a5fa000 	/usr/lib/system/libcompiler_rt.dylib
0x00007fff2a5ef000 	/usr/lib/system/libcopyfile.dylib
0x00007fff201c9000 	/usr/lib/system/libcorecrypto.dylib
0x00007fff20294000 	/usr/lib/system/libdispatch.dylib
0x00007fff20447000 	/usr/lib/system/libdyld.dylib
0x00007fff2a60b000 	/usr/lib/system/libkeymgr.dylib
0x00007fff2da1e000 	/usr/lib/system/liblaunch.dylib
0x00007fff2a5ae000 	/usr/lib/system/libmacho.dylib
0x00007fff29da6000 	/usr/lib/system/libquarantine.dylib
0x00007fff2a608000 	/usr/lib/system/libremovefile.dylib
0x00007fff24cac000 	/usr/lib/system/libsystem_asl.dylib
0x00007fff20179000 	/usr/lib/system/libsystem_blocks.dylib
0x00007fff20316000 	/usr/lib/system/libsystem_c.dylib
0x00007fff2a602000 	/usr/lib/system/libsystem_collections.dylib
0x00007fff290ac000 	/usr/lib/system/libsystem_configuration.dylib
0x00007fff28398000 	/usr/lib/system/libsystem_containermanager.dylib
0x00007fff2a351000 	/usr/lib/system/libsystem_coreservices.dylib
0x00007fff22888000 	/usr/lib/system/libsystem_darwin.dylib
0x00007fff2a60c000 	/usr/lib/system/libsystem_dnssd.dylib
0x00007fff20313000 	/usr/lib/system/libsystem_featureflags.dylib
0x00007fff2048d000 	/usr/lib/system/libsystem_info.dylib
0x00007fff2a565000 	/usr/lib/system/libsystem_m.dylib
0x00007fff20267000 	/usr/lib/system/libsystem_malloc.dylib
0x00007fff24c3f000 	/usr/lib/system/libsystem_networkextension.dylib
0x00007fff22ca7000 	/usr/lib/system/libsystem_notify.dylib
0x00007fff2feb5000 	/usr/lib/system/libsystem_product_info_filter.dylib
0x00007fff290b0000 	/usr/lib/system/libsystem_sandbox.dylib
0x00007fff2a605000 	/usr/lib/system/libsystem_secinit.dylib
0x00007fff2040b000 	/usr/lib/system/libsystem_kernel.dylib
0x00007fff20483000 	/usr/lib/system/libsystem_platform.dylib
0x00007fff2043b000 	/usr/lib/system/libsystem_pthread.dylib
0x00007fff26389000 	/usr/lib/system/libsystem_symptoms.dylib
0x00007fff201b1000 	/usr/lib/system/libsystem_trace.dylib
0x00007fff2a5dc000 	/usr/lib/system/libunwind.dylib
0x00007fff2017b000 	/usr/lib/system/libxpc.dylib
0x00007fff203f5000 	/usr/lib/libc++abi.dylib
0x00007fff202d9000 	/usr/lib/libobjc.A.dylib
0x00007fff2a5e7000 	/usr/lib/liboah.dylib
0x00007fff2039f000 	/usr/lib/libc++.1.dylib
0x00007fff204b9000 	/System/Library/Frameworks/CoreFoundation.framework/Versions/A/CoreFoundation
0x00007fff21268000 	/System/Library/Frameworks/Foundation.framework/Versions/C/Foundation
0x00007fff22d01000 	/System/Library/Frameworks/AppKit.framework/Versions/C/AppKit
0x00007fff25bc5000 	/System/Library/Frameworks/CoreData.framework/Versions/A/CoreData
0x00007fff23a4d000 	/System/Library/PrivateFrameworks/UIFoundation.framework/Versions/A/UIFoundation
0x00007fff2fc48000 	/System/Library/PrivateFrameworks/RemoteViewServices.framework/Versions/A/RemoteViewServices
0x00007fff28a5e000 	/System/Library/PrivateFrameworks/XCTTargetBootstrap.framework/Versions/A/XCTTargetBootstrap
0x00007fff2b744000 	/usr/lib/libspindump.dylib
0x00007fff23c9c000 	/System/Library/Frameworks/UniformTypeIdentifiers.framework/Versions/A/UniformTypeIdentifiers
0x00007fff27262000 	/usr/lib/libapp_launch_measurement.dylib
0x00007fff27265000 	/System/Library/PrivateFrameworks/CoreAutoLayout.framework/Versions/A/CoreAutoLayout
0x00007fff283c5000 	/System/Library/Frameworks/Metal.framework/Versions/A/Metal
0x00007fff290bb000 	/usr/lib/liblangid.dylib
0x00007fff28a62000 	/System/Library/PrivateFrameworks/CoreSVG.framework/Versions/A/CoreSVG
0x00007fff24cdc000 	/System/Library/PrivateFrameworks/SkyLight.framework/Versions/A/SkyLight
0x00007fff25042000 	/System/Library/Frameworks/CoreGraphics.framework/Versions/A/CoreGraphics
0x00007fff3016f000 	/System/Library/Frameworks/Accelerate.framework/Versions/A/Accelerate
0x00007fff2b182000 	/System/Library/PrivateFrameworks/IconServices.framework/Versions/A/IconServices
0x00007fff283a9000 	/System/Library/Frameworks/IOSurface.framework/Versions/A/IOSurface
0x00007fff2654d000 	/usr/lib/libDiagnosticMessagesClient.dylib
0x00007fff28a4a000 	/System/Library/PrivateFrameworks/DFRFoundation.framework/Versions/A/DFRFoundation
0x00007fff22628000 	/usr/lib/libicucore.A.dylib
0x00007fff2cc87000 	/System/Library/Frameworks/AudioToolbox.framework/Versions/A/AudioToolbox
0x00007fff2bf0f000 	/System/Library/PrivateFrameworks/DataDetectorsCore.framework/Versions/A/DataDetectorsCore
0x00007fff24c4f000 	/usr/lib/libMobileGestalt.dylib
0x00007fff2874e000 	/System/Library/Frameworks/Carbon.framework/Versions/A/Frameworks/HIToolbox.framework/Versions/A/HIToolbox
0x00007fff26ca7000 	/System/Library/Frameworks/QuartzCore.framework/Versions/A/QuartzCore
0x00007fff2fc80000 	/System/Library/Frameworks/Carbon.framework/Versions/A/Frameworks/SpeechRecognition.framework/Versions/A/SpeechRecognition
0x00007fff26fc7000 	/System/Library/PrivateFrameworks/CoreUI.framework/Versions/A/CoreUI
0x00007fff21c3e000 	/System/Library/Frameworks/CoreAudio.framework/Versions/A/CoreAudio
0x00007fff26638000 	/System/Library/Frameworks/DiskArbitration.framework/Versions/A/DiskArbitration
0x00007fff2bb12000 	/System/Library/PrivateFrameworks/MultitouchSupport.framework/Versions/A/MultitouchSupport
0x00007fff2bf06000 	/System/Library/PrivateFrameworks/InternationalSupport.framework/Versions/A/InternationalSupport
0x00007fff24c4e000 	/usr/lib/libenergytrace.dylib
0x00007fff22bf8000 	/System/Library/Frameworks/IOKit.framework/Versions/A/IOKit
0x00007fff2ffb3000 	/System/Library/Frameworks/CoreServices.framework/Versions/A/CoreServices
0x00007fff271f4000 	/System/Library/PrivateFrameworks/PerformanceAnalysis.framework/Versions/A/PerformanceAnalysis
0x00007fff6bb20000 	/System/Library/Frameworks/OpenGL.framework/Versions/A/OpenGL
0x00007fff2bf8a000 	/System/Library/PrivateFrameworks/UserActivity.framework/Versions/A/UserActivity
0x00007fff256cc000 	/System/Library/Frameworks/ColorSync.framework/Versions/A/ColorSync
0x00007fff28cc9000 	/System/Library/Frameworks/CoreImage.framework/Versions/A/CoreImage
0x00007fff21a58000 	/System/Library/Frameworks/CoreText.framework/Versions/A/CoreText
0x00007fff28a8c000 	/System/Library/Frameworks/ImageIO.framework/Versions/A/ImageIO
0x00007fff2a620000 	/System/Library/PrivateFrameworks/SoftLinking.framework/Versions/A/SoftLinking
0x00007fff272ad000 	/usr/lib/libxml2.2.dylib
0x00007fff2a891000 	/usr/lib/libcompression.dylib
0x00007fff2be38000 	/System/Library/PrivateFrameworks/TextureIO.framework/Versions/A/TextureIO
0x00007fff2aec0000 	/usr/lib/libate.dylib
0x00007fff2aca5000 	/usr/lib/liblzma.5.dylib
0x00007fff20f7c000 	/System/Library/Frameworks/SystemConfiguration.framework/Versions/A/SystemConfiguration
0x00007fff2a61c000 	/usr/lib/libfakelink.dylib
0x00007fff247a0000 	/System/Library/Frameworks/CFNetwork.framework/Versions/A/CFNetwork
0x00007fff2a75c000 	/usr/lib/libarchive.2.dylib
0x00007fff20ffa000 	/usr/lib/libCRFSuite.dylib
0x00007fff29dcd000 	/usr/lib/libbsm.0.dylib
0x00007fff24119000 	/usr/lib/libnetwork.dylib
0x00007fff2a621000 	/usr/lib/libpcap.A.dylib
0x00007fff26382000 	/usr/lib/libdns_services.dylib
0x00007fff2acbe000 	/usr/lib/libcoretls_cfhelpers.dylib
0x00007fff2a85b000 	/usr/lib/libapple_nghttp2.dylib
0x00007fff2a5b4000 	/usr/lib/system/libkxld.dylib
0x00007fff25ffb000 	/usr/lib/libsqlite3.dylib
0x00007fff2a334000 	/System/Library/PrivateFrameworks/AppleFSCompression.framework/Versions/A/AppleFSCompression
0x00007fff29db5000 	/usr/lib/libcoretls.dylib
0x00007fff2a88c000 	/usr/lib/libpam.2.dylib
0x00007fff2adbc000 	/usr/lib/libxar.1.dylib
0x00007fff290b7000 	/System/Library/PrivateFrameworks/AppleSystemInfo.framework/Versions/A/AppleSystemInfo
0x00007fff299f7000 	/System/Library/PrivateFrameworks/IOMobileFramebuffer.framework/Versions/A/IOMobileFramebuffer
0x00007fff2a344000 	/usr/lib/libbz2.1.0.dylib
0x00007fff2a659000 	/usr/lib/libiconv.2.dylib
0x00007fff2a5ad000 	/usr/lib/libcharset.1.dylib
0x00007fff27230000 	/System/Library/Frameworks/CoreServices.framework/Versions/A/Frameworks/FSEvents.framework/Versions/A/FSEvents
0x00007fff22892000 	/System/Library/Frameworks/CoreServices.framework/Versions/A/Frameworks/CarbonCore.framework/Versions/A/CarbonCore
0x00007fff2659d000 	/System/Library/Frameworks/CoreServices.framework/Versions/A/Frameworks/Metadata.framework/Versions/A/Metadata
0x00007fff2a356000 	/System/Library/Frameworks/CoreServices.framework/Versions/A/Frameworks/OSServices.framework/Versions/A/OSServices
0x00007fff2a7ce000 	/System/Library/Frameworks/CoreServices.framework/Versions/A/Frameworks/SearchKit.framework/Versions/A/SearchKit
0x00007fff2630d000 	/System/Library/Frameworks/CoreServices.framework/Versions/A/Frameworks/AE.framework/Versions/A/AE
0x00007fff20957000 	/System/Library/Frameworks/CoreServices.framework/Versions/A/Frameworks/LaunchServices.framework/Versions/A/LaunchServices
0x00007fff2ac55000 	/System/Library/Frameworks/CoreServices.framework/Versions/A/Frameworks/DictionaryServices.framework/Versions/A/DictionaryServices
0x00007fff2723d000 	/System/Library/Frameworks/CoreServices.framework/Versions/A/Frameworks/SharedFileList.framework/Versions/A/SharedFileList
0x00007fff29da9000 	/usr/lib/libCheckFix.dylib
0x00007fff24cc3000 	/System/Library/PrivateFrameworks/TCC.framework/Versions/A/TCC
0x00007fff290bd000 	/System/Library/PrivateFrameworks/CoreNLP.framework/Versions/A/CoreNLP
0x00007fff26550000 	/System/Library/PrivateFrameworks/MetadataUtilities.framework/Versions/A/MetadataUtilities
0x00007fff2102f000 	/usr/lib/libmecabra.dylib
0x00007fff2a0b3000 	/System/Library/Frameworks/MLCompute.framework/Versions/A/MLCompute
0x00007fff29dde000 	/usr/lib/libmecab.dylib
0x00007fff29e28000 	/usr/lib/libgermantok.dylib
0x00007fff2a836000 	/usr/lib/libThaiTokenizer.dylib
0x00007fff2adf7000 	/usr/lib/libChineseTokenizer.dylib
0x00007fff2a88a000 	/System/Library/Frameworks/MetalPerformanceShaders.framework/Versions/A/MetalPerformanceShaders
0x00007fff2663f000 	/System/Library/Frameworks/Accelerate.framework/Versions/A/Frameworks/vImage.framework/Versions/A/vImage
0x00007fff2ff8d000 	/System/Library/Frameworks/Accelerate.framework/Versions/A/Frameworks/vecLib.framework/Versions/A/vecLib
0x00007fff2ae02000 	/System/Library/Frameworks/Accelerate.framework/Versions/A/Frameworks/vecLib.framework/Versions/A/libvMisc.dylib
0x00007fff29812000 	/System/Library/Frameworks/Accelerate.framework/Versions/A/Frameworks/vecLib.framework/Versions/A/libvDSP.dylib
0x00007fff20c62000 	/System/Library/Frameworks/Accelerate.framework/Versions/A/Frameworks/vecLib.framework/Versions/A/libBLAS.dylib
0x00007fff2a8b7000 	/System/Library/Frameworks/Accelerate.framework/Versions/A/Frameworks/vecLib.framework/Versions/A/libLAPACK.dylib
0x00007fff29e2e000 	/System/Library/Frameworks/Accelerate.framework/Versions/A/Frameworks/vecLib.framework/Versions/A/libLinearAlgebra.dylib
0x00007fff2a873000 	/System/Library/Frameworks/Accelerate.framework/Versions/A/Frameworks/vecLib.framework/Versions/A/libSparseBLAS.dylib
0x00007fff2a8b1000 	/System/Library/Frameworks/Accelerate.framework/Versions/A/Frameworks/vecLib.framework/Versions/A/libQuadrature.dylib
0x00007fff29169000 	/System/Library/Frameworks/Accelerate.framework/Versions/A/Frameworks/vecLib.framework/Versions/A/libBNNS.dylib
0x00007fff20f0d000 	/System/Library/Frameworks/Accelerate.framework/Versions/A/Frameworks/vecLib.framework/Versions/A/libSparse.dylib
0x00007fff29045000 	/System/Library/Frameworks/MetalPerformanceShaders.framework/Versions/A/Frameworks/MPSCore.framework/Versions/A/MPSCore
0x00007fff2a2a3000 	/System/Library/Frameworks/MetalPerformanceShaders.framework/Versions/A/Frameworks/MPSImage.framework/Versions/A/MPSImage
0x00007fff29e44000 	/System/Library/Frameworks/MetalPerformanceShaders.framework/Versions/A/Frameworks/MPSNeuralNetwork.framework/Versions/A/MPSNeuralNetwork
0x00007fff2a215000 	/System/Library/Frameworks/MetalPerformanceShaders.framework/Versions/A/Frameworks/MPSMatrix.framework/Versions/A/MPSMatrix
0x00007fff2a063000 	/System/Library/Frameworks/MetalPerformanceShaders.framework/Versions/A/Frameworks/MPSRayIntersector.framework/Versions/A/MPSRayIntersector
0x00007fff2a24c000 	/System/Library/Frameworks/MetalPerformanceShaders.framework/Versions/A/Frameworks/MPSNDArray.framework/Versions/A/MPSNDArray
0x00007fff20b8d000 	/System/Library/PrivateFrameworks/MetalTools.framework/Versions/A/MetalTools
0x00007fff290b5000 	/System/Library/PrivateFrameworks/AggregateDictionary.framework/Versions/A/AggregateDictionary
0x00007fff2651d000 	/System/Library/PrivateFrameworks/CoreAnalytics.framework/Versions/A/CoreAnalytics
0x00007fff2a838000 	/System/Library/PrivateFrameworks/AppleSauce.framework/Versions/A/AppleSauce
0x00007fff283bb000 	/System/Library/PrivateFrameworks/IOAccelerator.framework/Versions/A/IOAccelerator
0x00007fff6bb14000 	/System/Library/Frameworks/OpenGL.framework/Versions/A/Libraries/libCoreFSCache.dylib
0x00007fff215c7000 	/System/Library/PrivateFrameworks/LanguageModeling.framework/Versions/A/LanguageModeling
0x00007fff299e5000 	/System/Library/PrivateFrameworks/CoreEmoji.framework/Versions/A/CoreEmoji
0x00007fff29162000 	/System/Library/PrivateFrameworks/LinguisticData.framework/Versions/A/LinguisticData
0x00007fff20ebf000 	/System/Library/PrivateFrameworks/Lexicon.framework/Versions/A/Lexicon
0x00007fff2a74a000 	/usr/lib/libcmph.dylib
0x00007fff27210000 	/System/Library/Frameworks/OpenDirectory.framework/Versions/A/Frameworks/CFOpenDirectory.framework/Versions/A/CFOpenDirectory
0x00007fff27200000 	/System/Library/Frameworks/OpenDirectory.framework/Versions/A/OpenDirectory
0x00007fff2acc0000 	/System/Library/PrivateFrameworks/APFS.framework/Versions/A/APFS
0x00007fff29d0b000 	/System/Library/Frameworks/SecurityFoundation.framework/Versions/A/SecurityFoundation
0x00007fff2adca000 	/usr/lib/libutil.dylib
0x00007fff22bbd000 	/System/Library/PrivateFrameworks/CoreServicesStore.framework/Versions/A/CoreServicesStore
0x00007fff29da1000 	/System/Library/Frameworks/ServiceManagement.framework/Versions/A/ServiceManagement
0x00007fff2adce000 	/usr/lib/libxslt.1.dylib
0x00007fff29d97000 	/System/Library/PrivateFrameworks/BackgroundTaskManagement.framework/Versions/A/BackgroundTaskManagement
0x00007fff2bd82000 	/System/Library/Frameworks/ImageIO.framework/Versions/A/Resources/libRadiance.dylib
0x00007fff2bd8c000 	/System/Library/Frameworks/ImageIO.framework/Versions/A/Resources/libJPEG.dylib
0x00007fff2bcdc000 	/System/Library/Frameworks/ImageIO.framework/Versions/A/Resources/libPng.dylib
0x00007fff2bcfd000 	/System/Library/Frameworks/ImageIO.framework/Versions/A/Resources/libTIFF.dylib
0x00007fff2bde1000 	/System/Library/Frameworks/ImageIO.framework/Versions/A/Resources/libGIF.dylib
0x00007fff2ba2e000 	/System/Library/Frameworks/ImageIO.framework/Versions/A/Resources/libJP2.dylib
0x00007fff2b149000 	/usr/lib/libexpat.1.dylib
0x00007fff2b9e4000 	/System/Library/PrivateFrameworks/AppleJPEG.framework/Versions/A/AppleJPEG
0x00007fff285f1000 	/System/Library/PrivateFrameworks/FontServices.framework/libFontParser.dylib
0x00007fff262c4000 	/System/Library/PrivateFrameworks/RunningBoardServices.framework/Versions/A/RunningBoardServices
0x00007fff2bb0e000 	/System/Library/PrivateFrameworks/WatchdogClient.framework/Versions/A/WatchdogClient
0x00007fff216b0000 	/System/Library/Frameworks/CoreDisplay.framework/Versions/A/CoreDisplay
0x00007fff28506000 	/System/Library/Frameworks/CoreMedia.framework/Versions/A/CoreMedia
0x00007fff27390000 	/System/Library/Frameworks/CoreVideo.framework/Versions/A/CoreVideo
0x00007fff2bb49000 	/System/Library/Frameworks/VideoToolbox.framework/Versions/A/VideoToolbox
0x00007fff26244000 	/System/Library/PrivateFrameworks/BaseBoard.framework/Versions/A/BaseBoard
0x00007fff2b28e000 	/System/Library/PrivateFrameworks/PersistentConnection.framework/Versions/A/PersistentConnection
0x00007fff25fe5000 	/System/Library/PrivateFrameworks/ProtocolBuffer.framework/Versions/A/ProtocolBuffer
0x00007fff2622c000 	/System/Library/PrivateFrameworks/CommonUtilities.framework/Versions/A/CommonUtilities
0x00007fff2b9a7000 	/System/Library/PrivateFrameworks/Bom.framework/Versions/A/Bom
0x00007fff2bd7a000 	/System/Library/PrivateFrameworks/GPUWrangler.framework/Versions/A/GPUWrangler
0x00007fff2bd5d000 	/System/Library/PrivateFrameworks/IOPresentment.framework/Versions/A/IOPresentment
0x00007fff2bd86000 	/System/Library/PrivateFrameworks/DSExternalDisplay.framework/Versions/A/DSExternalDisplay
0x00007fff2bde6000 	/System/Library/PrivateFrameworks/CMCaptureCore.framework/Versions/A/CMCaptureCore
0x00007fff2b72a000 	/System/Library/PrivateFrameworks/AppServerSupport.framework/Versions/A/AppServerSupport
0x00007fff2d7c1000 	/System/Library/PrivateFrameworks/perfdata.framework/Versions/A/perfdata
0x00007fff29cfa000 	/System/Library/PrivateFrameworks/AssertionServices.framework/Versions/A/AssertionServices
0x00007fff217e7000 	/System/Library/PrivateFrameworks/AudioToolboxCore.framework/Versions/A/AudioToolboxCore
0x00007fff284e9000 	/System/Library/PrivateFrameworks/caulk.framework/Versions/A/caulk
0x00007fff3cc6d000 	/System/Library/PrivateFrameworks/SystemPolicy.framework/Versions/A/SystemPolicy
0x00007fff2af58000 	/usr/lib/libIOReport.dylib
0x00007fff2cffd000 	/usr/lib/libSMC.dylib
0x00007fff2bca8000 	/usr/lib/libAudioToolboxUtility.dylib
0x00007fff3d5ca000 	/usr/lib/libmis.dylib
0x00007fff6bb70000 	/System/Library/Frameworks/OpenGL.framework/Versions/A/Libraries/libGLU.dylib
0x00007fff6bb33000 	/System/Library/Frameworks/OpenGL.framework/Versions/A/Libraries/libGFXShared.dylib
0x00007fff6bd41000 	/System/Library/Frameworks/OpenGL.framework/Versions/A/Libraries/libGL.dylib
0x00007fff6bb3c000 	/System/Library/Frameworks/OpenGL.framework/Versions/A/Libraries/libGLImage.dylib
0x00007fff6bb30000 	/System/Library/Frameworks/OpenGL.framework/Versions/A/Libraries/libCVMSPluginSupport.dylib
0x00007fff6bb1b000 	/System/Library/Frameworks/OpenGL.framework/Versions/A/Libraries/libCoreVMClient.dylib
0x00007fff6d18b000 	/System/Library/Frameworks/OpenCL.framework/Versions/A/OpenCL
0x00007fff2b2b7000 	/System/Library/PrivateFrameworks/GraphVisualizer.framework/Versions/A/GraphVisualizer
0x00007fff2b2c6000 	/System/Library/PrivateFrameworks/FaceCore.framework/Versions/A/FaceCore
0x00007fff2b6e2000 	/System/Library/PrivateFrameworks/OTSVG.framework/Versions/A/OTSVG
0x00007fff26f85000 	/System/Library/Frameworks/ApplicationServices.framework/Versions/A/Frameworks/ATS.framework/Versions/A/Resources/libFontRegistry.dylib
0x00007fff2b731000 	/System/Library/PrivateFrameworks/FontServices.framework/libhvf.dylib
0x00007fff2b0f5000 	/System/Library/PrivateFrameworks/AppleVA.framework/Versions/A/AppleVA
0x00007fff2ce45000 	/System/Library/Frameworks/ApplicationServices.framework/Versions/A/Frameworks/ATS.framework/Versions/A/ATS
0x00007fff2d158000 	/System/Library/Frameworks/ApplicationServices.framework/Versions/A/Frameworks/ColorSyncLegacy.framework/Versions/A/ColorSyncLegacy
0x00007fff257c3000 	/System/Library/Frameworks/ApplicationServices.framework/Versions/A/Frameworks/HIServices.framework/Versions/A/HIServices
0x00007fff2d13d000 	/System/Library/Frameworks/ApplicationServices.framework/Versions/A/Frameworks/LangAnalysis.framework/Versions/A/LangAnalysis
0x00007fff2bdf0000 	/System/Library/Frameworks/ApplicationServices.framework/Versions/A/Frameworks/PrintCore.framework/Versions/A/PrintCore
0x00007fff2d160000 	/System/Library/Frameworks/ApplicationServices.framework/Versions/A/Frameworks/QD.framework/Versions/A/QD
0x00007fff2ce35000 	/System/Library/Frameworks/ApplicationServices.framework/Versions/A/Frameworks/SpeechSynthesis.framework/Versions/A/SpeechSynthesis
0x00007fff2bdb1000 	/System/Library/Frameworks/ApplicationServices.framework/Versions/A/Frameworks/ATSUI.framework/Versions/A/ATSUI
0x00007fff2d0dd000 	/usr/lib/libcups.2.dylib
0x00007fff2d14d000 	/System/Library/PrivateFrameworks/NetAuth.framework/Versions/A/NetAuth
0x00007fff2d7dc000 	/System/Library/Frameworks/Kerberos.framework/Versions/A/Kerberos
0x00007fff2d7ec000 	/System/Library/Frameworks/GSS.framework/Versions/A/GSS
0x00007fff2ceb2000 	/usr/lib/libresolv.9.dylib
0x00007fff2b747000 	/System/Library/PrivateFrameworks/Heimdal.framework/Versions/A/Heimdal
0x00007fff334a3000 	/System/Library/Frameworks/Kerberos.framework/Versions/A/Libraries/libHeimdalProxy.dylib
0x00007fff26391000 	/System/Library/Frameworks/Network.framework/Versions/A/Network
0x00007fff2b163000 	/usr/lib/libheimdal-asn1.dylib
0x00007fff2d83d000 	/System/Library/PrivateFrameworks/CommonAuth.framework/Versions/A/CommonAuth
0x00007fff273de000 	/System/Library/PrivateFrameworks/login.framework/Versions/A/Frameworks/loginsupport.framework/Versions/A/loginsupport
0x00007fff2cdbc000 	/System/Library/PrivateFrameworks/AudioSession.framework/Versions/A/AudioSession
0x00007fff2ce22000 	/usr/lib/libAudioStatistics.dylib
0x00007fff2b1ef000 	/System/Library/PrivateFrameworks/MediaExperience.framework/Versions/A/MediaExperience
0x00007fff2cc55000 	/System/Library/PrivateFrameworks/AudioSession.framework/libSessionUtility.dylib
0x00007fff2d7cd000 	/usr/lib/libperfcheck.dylib
0x00007fff2d16c000 	/System/Library/PrivateFrameworks/AudioResourceArbitration.framework/Versions/A/AudioResourceArbitration
0x00007fff2b16d000 	/System/Library/PrivateFrameworks/IconFoundation.framework/Versions/A/IconFoundation
0x00007fff2fc70000 	/System/Library/PrivateFrameworks/SpeechRecognitionCore.framework/Versions/A/SpeechRecognitionCore
0x0000000103000000 	/Library/Java/JavaVirtualMachines/jdk-14.0.1.jdk/Contents/Home/lib/server/libjvm.dylib
0x0000000100f00000 	/Library/Java/JavaVirtualMachines/jdk-14.0.1.jdk/Contents/Home/lib/libjimage.dylib
0x0000000100f55000 	/Library/Java/JavaVirtualMachines/jdk-14.0.1.jdk/Contents/Home/lib/libjava.dylib
0x0000000100f7d000 	/Library/Java/JavaVirtualMachines/jdk-14.0.1.jdk/Contents/Home/lib/libzip.dylib
0x0000000100feb000 	/Library/Java/JavaVirtualMachines/jdk-14.0.1.jdk/Contents/Home/lib/libnio.dylib
0x000000010b360000 	/Library/Java/JavaVirtualMachines/jdk-14.0.1.jdk/Contents/Home/lib/libnet.dylib
0x000000010b378000 	/private/var/folders/gd/1k6gf7yn51b89wq72200y5dr0000gn/T/libgdxmirandahunter/ccbdf3b/libgdx64.dylib
0x000000010b3b0000 	/Library/Java/JavaVirtualMachines/jdk-14.0.1.jdk/Contents/Home/lib/libverify.dylib
0x000000010b3bf000 	/Library/Java/JavaVirtualMachines/jdk-14.0.1.jdk/Contents/Home/lib/libawt.dylib
0x000000010b45b000 	/Library/Java/JavaVirtualMachines/jdk-14.0.1.jdk/Contents/Home/lib/libmlib_image.dylib
0x00007fff6eac4000 	/System/Library/Frameworks/JavaNativeFoundation.framework/Versions/A/JavaNativeFoundation
0x00007fff6ead0000 	/System/Library/Frameworks/JavaRuntimeSupport.framework/Versions/A/JavaRuntimeSupport
0x00007fff3c9b7000 	/System/Library/Frameworks/Carbon.framework/Versions/A/Carbon
0x00007fff31ae1000 	/System/Library/PrivateFrameworks/CoreSymbolication.framework/Versions/A/CoreSymbolication
0x00007fff3644e000 	/System/Library/Frameworks/Carbon.framework/Versions/A/Frameworks/CommonPanels.framework/Versions/A/CommonPanels
0x00007fff32f38000 	/System/Library/Frameworks/Carbon.framework/Versions/A/Frameworks/Help.framework/Versions/A/Help
0x00007fff36452000 	/System/Library/Frameworks/Carbon.framework/Versions/A/Frameworks/ImageCapture.framework/Versions/A/ImageCapture
0x00007fff36422000 	/System/Library/Frameworks/Carbon.framework/Versions/A/Frameworks/OpenScripting.framework/Versions/A/OpenScripting
0x00007fff3644a000 	/System/Library/Frameworks/Carbon.framework/Versions/A/Frameworks/Ink.framework/Versions/A/Ink
0x00007fff3c9b3000 	/System/Library/Frameworks/Carbon.framework/Versions/A/Frameworks/Print.framework/Versions/A/Print
0x00007fff36446000 	/System/Library/Frameworks/Carbon.framework/Versions/A/Frameworks/SecurityHI.framework/Versions/A/SecurityHI
0x00007fff31aa5000 	/System/Library/PrivateFrameworks/DebugSymbols.framework/Versions/A/DebugSymbols
0x000000010b4c7000 	/Library/Java/JavaVirtualMachines/jdk-14.0.1.jdk/Contents/Home/lib/libawt_lwawt.dylib
0x000000010b579000 	/Library/Java/JavaVirtualMachines/jdk-14.0.1.jdk/Contents/Home/lib/libosxapp.dylib
0x00007fff3bfce000 	/System/Library/Frameworks/ExceptionHandling.framework/Versions/A/ExceptionHandling
0x000000010b599000 	/Library/Java/JavaVirtualMachines/jdk-14.0.1.jdk/Contents/Home/lib/libfontmanager.dylib
0x000000010b69f000 	/Library/Java/JavaVirtualMachines/jdk-14.0.1.jdk/Contents/Home/lib/libfreetype.dylib
0x00007fff22b7e000 	/System/Library/PrivateFrameworks/CoreServicesInternal.framework/Versions/A/CoreServicesInternal
0x00007fff30ff7000 	/System/Library/Frameworks/FileProvider.framework/Versions/A/FileProvider
0x00007fff261af000 	/System/Library/Frameworks/Accounts.framework/Versions/A/Accounts
0x00007fff31147000 	/System/Library/PrivateFrameworks/GenerationalStorage.framework/Versions/A/GenerationalStorage
0x00007fff30a17000 	/System/Library/PrivateFrameworks/SymptomDiagnosticReporter.framework/Versions/A/SymptomDiagnosticReporter
0x00007fff23caf000 	/System/Library/PrivateFrameworks/DesktopServicesPriv.framework/Versions/A/DesktopServicesPriv
0x00007fff22cb3000 	/usr/lib/libsandbox.1.dylib
0x00007fff27409000 	/System/Library/PrivateFrameworks/UserManagement.framework/Versions/A/UserManagement
0x00007fff29cd7000 	/System/Library/PrivateFrameworks/MobileKeyBag.framework/Versions/A/MobileKeyBag
0x00007fff34526000 	/System/Library/PrivateFrameworks/ChunkingLibrary.framework/Versions/A/ChunkingLibrary
0x00007fff2e200000 	/System/Library/PrivateFrameworks/Sharing.framework/Versions/A/Sharing
0x00007fff32aa5000 	/System/Library/PrivateFrameworks/Apple80211.framework/Versions/A/Apple80211
0x00007fff2a384000 	/System/Library/PrivateFrameworks/AuthKit.framework/Versions/A/AuthKit
0x00007fff29ad5000 	/System/Library/PrivateFrameworks/CoreUtils.framework/Versions/A/CoreUtils
0x00007fff29a02000 	/System/Library/Frameworks/CoreWLAN.framework/Versions/A/CoreWLAN
0x00007fff2e34c000 	/System/Library/Frameworks/IOBluetooth.framework/Versions/A/IOBluetooth
0x00007fff32b09000 	/System/Library/PrivateFrameworks/CoreWiFi.framework/Versions/A/CoreWiFi
0x00007fff2d8c3000 	/System/Library/PrivateFrameworks/CorePhoneNumbers.framework/Versions/A/CorePhoneNumbers
0x00007fff30b1e000 	/System/Library/PrivateFrameworks/DiskManagement.framework/Versions/A/DiskManagement
0x00007fff30a34000 	/System/Library/PrivateFrameworks/AppleIDAuthSupport.framework/Versions/A/AppleIDAuthSupport
0x00007fff2d8a3000 	/System/Library/PrivateFrameworks/KeychainCircle.framework/Versions/A/KeychainCircle
0x00007fff30aea000 	/System/Library/PrivateFrameworks/MediaKit.framework/Versions/A/MediaKit
0x00007fff30a41000 	/System/Library/Frameworks/DiscRecording.framework/Versions/A/DiscRecording
0x00007fff2b069000 	/usr/lib/libCoreStorage.dylib
0x00007fff32f44000 	/usr/lib/libcsfde.dylib
0x00007fff2e487000 	/System/Library/PrivateFrameworks/ProtectedCloudStorage.framework/Versions/A/ProtectedCloudStorage
0x00007fff32f3c000 	/System/Library/PrivateFrameworks/EFILogin.framework/Versions/A/EFILogin
0x00007fff33556000 	/System/Library/Frameworks/AudioUnit.framework/Versions/A/AudioUnit
0x00007fff309b1000 	/System/Library/Frameworks/CoreBluetooth.framework/Versions/A/CoreBluetooth
0x00007fff2b061000 	/usr/lib/libMatch.1.dylib
0x00007fff4383e000 	/System/Library/CoreServices/RawCamera.bundle/Contents/MacOS/RawCamera
0x00007fff2d84e000 	/System/Library/PrivateFrameworks/MobileAsset.framework/Versions/A/MobileAsset
0x00007fff3357a000 	/System/Library/PrivateFrameworks/StreamingZip.framework/Versions/A/StreamingZip
0x00007fff2bfe8000 	/System/Library/Frameworks/MediaToolbox.framework/Versions/A/MediaToolbox
0x00007fff30fc9000 	/System/Library/PrivateFrameworks/CoreAVCHD.framework/Versions/A/CoreAVCHD
0x00007fff301b0000 	/System/Library/Frameworks/MediaAccessibility.framework/Versions/A/MediaAccessibility
0x00007fff30fc5000 	/System/Library/PrivateFrameworks/Mangrove.framework/Versions/A/Mangrove
0x00007fff301bc000 	/System/Library/PrivateFrameworks/AlgosScoreFramework.framework/Versions/A/AlgosScoreFramework
0x00007fff319b3000 	/System/Library/PrivateFrameworks/AppleVPA.framework/Versions/A/AppleVPA
0x00007fff30c0a000 	/System/Library/PrivateFrameworks/CoreAUC.framework/Versions/A/CoreAUC
0x00007fff41291000 	/System/Library/Frameworks/Accelerate.framework/Versions/A/Frameworks/vImage.framework/Versions/A/Libraries/libCGInterfaces.dylib
0x000000010c108000 	/usr/lib/libobjc-trampolines.dylib
0x00007fff27108000 	/System/Library/PrivateFrameworks/ViewBridge.framework/Versions/A/ViewBridge
0x00007fff779bf000 	/usr/lib/libRosetta.dylib
0x0000000128042000 	/private/var/folders/gd/1k6gf7yn51b89wq72200y5dr0000gn/T/libgdxmirandahunter/f7649394/liblwjgl.dylib
0x00000001280c4000 	/Library/Java/JavaVirtualMachines/jdk-14.0.1.jdk/Contents/Home/lib/libjawt.dylib
0x00000001280cb000 	/private/var/folders/gd/1k6gf7yn51b89wq72200y5dr0000gn/T/libgdxmirandahunter/f7649394/openal.dylib
0x0000000128127000 	/System/Library/Components/CoreAudio.component/Contents/MacOS/CoreAudio
0x00007fff6bd4c000 	/System/Library/Frameworks/OpenGL.framework/Versions/A/Resources/GLEngine.bundle/GLEngine
0x00007fff6bbad000 	/System/Library/Frameworks/OpenGL.framework/Versions/A/Libraries/libGLProgrammability.dylib
0x00007fff5ef30000 	/System/Library/Extensions/AppleIntelKBLGraphicsGLDriver.bundle/Contents/MacOS/AppleIntelKBLGraphicsGLDriver
0x00007fff46384000 	/System/Library/PrivateFrameworks/GPUSupport.framework/Versions/A/Libraries/libGPUSupportMercury.dylib
0x00007fff6beca000 	/System/Library/Frameworks/OpenGL.framework/Versions/A/Resources/GLRendererFloat.bundle/GLRendererFloat
0x00007fff2b808000 	/System/Library/PrivateFrameworks/login.framework/Versions/A/login


VM Arguments:
jvm_args: -Dfile.encoding=UTF-8 -XX:+ShowCodeDetailsInExceptionMessages 
java_command: com.mygdx.game.desktop.DesktopLauncher
java_class_path (initial): /Users/mirandahunter/FinalProjectRepository/desktop/bin/main:/ShootsAndLadders-core/bin/default:/Users/mirandahunter/FinalProjectRepository/core/bin/main:/Users/mirandahunter/.gradle/caches/modules-2/files-2.1/com.badlogicgames.gdx/gdx-backend-lwjgl/1.10.0/58ff89d9e4fd8a82591367f187d606e781cacc05/gdx-backend-lwjgl-1.10.0.jar:/Users/mirandahunter/.gradle/caches/modules-2/files-2.1/com.badlogicgames.gdx/gdx-platform/1.10.0/9a8fa793d2fd6d360afc6c9e4c1f5583da263b88/gdx-platform-1.10.0-natives-desktop.jar:/Users/mirandahunter/.gradle/caches/modules-2/files-2.1/com.badlogicgames.gdx/gdx-box2d-platform/1.10.0/588c4191c5a64ed39365e71484aa37d81c38eb5e/gdx-box2d-platform-1.10.0-natives-desktop.jar:/Users/mirandahunter/.gradle/caches/modules-2/files-2.1/com.badlogicgames.gdx/gdx-box2d/1.10.0/b3a3c0f00b90716238835434d0ae8985604c37f8/gdx-box2d-1.10.0.jar:/Users/mirandahunter/.gradle/caches/modules-2/files-2.1/com.badlogicgames.gdx/gdx/1.10.0/74c240f79dc4fb6b766a834249600d0a019d0489/gdx-1.10.0.jar:/Users/mirandahunter/.gradle/caches/modules-2/files-2.1/org.lwjgl.lwjgl/lwjgl_util/2.9.3/751f06b62424da056954c67288fd5c494431e350/lwjgl_util-2.9.3.jar:/Users/mirandahunter/.gradle/caches/modules-2/files-2.1/org.lwjgl.lwjgl/lwjgl/2.9.3/3df168ac74e4a8c96562cdff24ad352e255bf89c/lwjgl-2.9.3.jar:/Users/mirandahunter/.gradle/caches/modules-2/files-2.1/com.badlogicgames.jlayer/jlayer/1.0.1-gdx/7cca83cec5c1b2f011362f4d85aabd71a73b049d/jlayer-1.0.1-gdx.jar:/Users/mirandahunter/.gradle/caches/modules-2/files-2.1/org.jcraft/jorbis/0.0.17/8872d22b293e8f5d7d56ff92be966e6dc28ebdc6/jorbis-0.0.17.jar:/Users/mirandahunter/.gradle/caches/modules-2/files-2.1/org.lwjgl.lwjgl/lwjgl-platform/2.9.3/fbc2afb3e288578e9942578decb6291a490549a0/lwjgl-platform-2.9.3-natives-windows.jar:/Users/mirandahunter/.gradle/caches/modules-2/files-2.1/org.lwjgl.lwjgl/lwjgl-platform/2.9.3/b1eafe80093381c56415731e1d64279e6140bcd0/lwjgl-platform-2.9.3-natives-linux.jar:/Users/mirandahunter/.gradle/cac
Launcher Type: SUN_STANDARD

[Global flags]
     intx CICompilerCount                          = 3                                         {product} {ergonomic}
     uint ConcGCThreads                            = 1                                         {product} {ergonomic}
     uint G1ConcRefinementThreads                  = 4                                         {product} {ergonomic}
   size_t G1HeapRegionSize                         = 1048576                                   {product} {ergonomic}
    uintx GCDrainStackTargetSize                   = 64                                        {product} {ergonomic}
   size_t InitialHeapSize                          = 134217728                                 {product} {ergonomic}
   size_t MarkStackSize                            = 4194304                                   {product} {ergonomic}
   size_t MaxHeapSize                              = 2147483648                                {product} {ergonomic}
   size_t MaxNewSize                               = 1287651328                                {product} {ergonomic}
   size_t MinHeapDeltaBytes                        = 1048576                                   {product} {ergonomic}
   size_t MinHeapSize                              = 8388608                                   {product} {ergonomic}
    uintx NonNMethodCodeHeapSize                   = 5832780                                {pd product} {ergonomic}
    uintx NonProfiledCodeHeapSize                  = 122912730                              {pd product} {ergonomic}
    uintx ProfiledCodeHeapSize                     = 122912730                              {pd product} {ergonomic}
    uintx ReservedCodeCacheSize                    = 251658240                              {pd product} {ergonomic}
     bool SegmentedCodeCache                       = true                                      {product} {ergonomic}
     bool ShowCodeDetailsInExceptionMessages       = true                                   {manageable} {command line}
   size_t SoftMaxHeapSize                          = 2147483648                             {manageable} {ergonomic}
     bool UseCompressedClassPointers               = true                                 {lp64_product} {ergonomic}
     bool UseCompressedOops                        = true                                 {lp64_product} {ergonomic}
     bool UseG1GC                                  = true                                      {product} {ergonomic}

Logging:
Log output configuration:
 #0: stdout all=warning uptime,level,tags
 #1: stderr all=off uptime,level,tags

Environment Variables:
PATH=/usr/bin:/bin:/usr/sbin:/sbin
SHELL=/bin/bash

Signal Handlers:
SIGSEGV: [libjvm.dylib+0x741570], sa_mask[0]=11111111011111110111111111111111, sa_flags=SA_ONSTACK|SA_RESTART|SA_SIGINFO
SIGBUS: [libjvm.dylib+0x741570], sa_mask[0]=11111111011111110111111111111111, sa_flags=SA_RESTART|SA_SIGINFO
SIGFPE: [libjvm.dylib+0x741570], sa_mask[0]=11111111011111110111111111111111, sa_flags=SA_RESTART|SA_SIGINFO
SIGPIPE: [libjvm.dylib+0x5eb393], sa_mask[0]=11111111011111110111111111111111, sa_flags=SA_RESTART|SA_SIGINFO
SIGXFSZ: [libjvm.dylib+0x5eb393], sa_mask[0]=11111111011111110111111111111111, sa_flags=SA_RESTART|SA_SIGINFO
SIGILL: [libjvm.dylib+0x741570], sa_mask[0]=11111111011111110111111111111111, sa_flags=SA_RESTART|SA_SIGINFO
SIGUSR2: [libjvm.dylib+0x5eb965], sa_mask[0]=00100000000000000000000000000000, sa_flags=SA_RESTART|SA_SIGINFO
SIGHUP: [libjvm.dylib+0x5ea9c7], sa_mask[0]=11111111011111110111111111111111, sa_flags=SA_RESTART|SA_SIGINFO
SIGINT: [libjvm.dylib+0x5ea9c7], sa_mask[0]=11111111011111110111111111111111, sa_flags=SA_RESTART|SA_SIGINFO
SIGTERM: [libjvm.dylib+0x5ea9c7], sa_mask[0]=11111111011111110111111111111111, sa_flags=SA_RESTART|SA_SIGINFO
SIGQUIT: [libjvm.dylib+0x5ea9c7], sa_mask[0]=11111111011111110111111111111111, sa_flags=SA_RESTART|SA_SIGINFO


---------------  S Y S T E M  ---------------

OS:uname:Darwin 20.6.0 Darwin Kernel Version 20.6.0: Mon Aug 30 06:12:21 PDT 2021; root:xnu-7195.141.6~3/RELEASE_X86_64 x86_64
OS uptime: 0 days 0:13 hours
rlimit: STACK 8192k, CORE 0k, NPROC 1392, NOFILE 10240, AS infinity, DATA infinity, FSIZE infinity
load average:5.69 18.20 27.21

CPU:total 4 (initial active 4) (2 cores per cpu, 2 threads per core) family 6 model 142 stepping 9, cmov, cx8, fxsr, mmx, sse, sse2, sse3, ssse3, sse4.1, sse4.2, popcnt, avx, avx2, aes, clmul, erms, 3dnowpref, lzcnt, ht, tsc, tscinvbit, bmi1, bmi2, adx, fma

Memory: 4k page, physical 8388608k(103348k free), swap 1048576k(939264k free)

vm_info: Java HotSpot(TM) 64-Bit Server VM (14.0.1+7) for bsd-amd64 JRE (14.0.1+7), built on Mar  5 2020 10:34:17 by "mach5one" with clang 4.2.1 Compatible Apple LLVM 10.0.0 (clang-1000.11.45.5)

END.
