#
# A fatal error has been detected by the Java Runtime Environment:
#
#  SIGSEGV (0xb) at pc=0x00007fff26cddc83, pid=21819, tid=259
#
# JRE version: Java(TM) SE Runtime Environment (14.0.1+7) (build 14.0.1+7)
# Java VM: Java HotSpot(TM) 64-Bit Server VM (14.0.1+7, mixed mode, sharing, tiered, compressed oops, g1 gc, bsd-amd64)
# Problematic frame:
# C  [QuartzCore+0x3c83]  CA::Transaction::run_commit_handlers(CATransactionPhase)+0x59
#
# No core dump will be written. Core dumps have been disabled. To enable core dumping, try "ulimit -c unlimited" before starting Java again
#
# If you would like to submit a bug report, please visit:
#   https://bugreport.java.com/bugreport/crash.jsp
# The crash happened outside the Java Virtual Machine in native code.
# See problematic frame for where to report the bug.
#

---------------  S U M M A R Y ------------

Command Line: -Dfile.encoding=UTF-8 -XX:+ShowCodeDetailsInExceptionMessages com.mygdx.game.desktop.DesktopLauncher

Host: MacBookAir8,2 x86_64 1600 MHz, 4 cores, 8G, Darwin 20.6.0
Time: Sat Sep 18 12:56:19 2021 MDT elapsed time: 1 seconds (0d 0h 0m 1s)

---------------  T H R E A D  ---------------

Current thread (0x00007fbae2058000):  JavaThread "AppKit Thread" daemon [_thread_in_native, id=259, stack(0x00007ffee4cdf000,0x00007ffee54df000)]

Stack: [0x00007ffee4cdf000,0x00007ffee54df000],  sp=0x00007ffee54d9dd0,  free space=8171k
Native frames: (J=compiled Java code, A=aot compiled Java code, j=interpreted, Vv=VM code, C=native code)
C  [QuartzCore+0x3c83]  CA::Transaction::run_commit_handlers(CATransactionPhase)+0x59
C  [QuartzCore+0x16cce5]  CA::Context::commit_transaction(CA::Transaction*, double, double*)+0x391
C  [QuartzCore+0x2b6f]  CA::Transaction::commit()+0x2c9
C  [AppKit+0x1c386c]  __62+[CATransaction(NSCATransaction) NS_setFlushesWithDisplayLink]_block_invoke+0x11d
C  [AppKit+0x919332]  ___NSRunLoopObserverCreateWithHandler_block_invoke+0x29
C  [CoreFoundation+0x7f671]  __CFRUNLOOP_IS_CALLING_OUT_TO_AN_OBSERVER_CALLBACK_FUNCTION__+0x17
C  [CoreFoundation+0x7f505]  __CFRunLoopDoObservers+0x21f
C  [CoreFoundation+0x7e998]  __CFRunLoopRun+0x349
C  [CoreFoundation+0x7df8c]  CFRunLoopRunSpecific+0x233
C  [HIToolbox+0x311f3]  RunCurrentEventLoopInMode+0x124
C  [HIToolbox+0x30f55]  ReceiveNextEventCommon+0x24b
C  [HIToolbox+0x30cf3]  _BlockUntilNextEventMatchingListInModeWithFilter+0x46
C  [AppKit+0x3f172]  _DPSNextEvent+0x360
C  [AppKit+0x3d945]  -[NSApplication(NSEvent) _nextEventMatchingEventMask:untilDate:inMode:dequeue:]+0x554
C  [libosxapp.dylib+0x291e]  -[NSApplicationAWT nextEventMatchingMask:untilDate:inMode:dequeue:]+0x79
C  [AppKit+0x2fc69]  -[NSApplication run]+0x24a
C  [libosxapp.dylib+0x2763]  +[NSApplicationAWT runAWTLoopWithApp:]+0xde
C  [libawt_lwawt.dylib+0x39051]  +[AWTStarter starter:headless:]+0x342
C  [JavaNativeFoundation+0x977f]  +[JNFRunLoop _performCopiedBlock:]+0xf
C  [Foundation+0x80b81]  __NSThreadPerformPerform+0xcc
C  [CoreFoundation+0x802bc]  __CFRUNLOOP_IS_CALLING_OUT_TO_A_SOURCE0_PERFORM_FUNCTION__+0x11
C  [CoreFoundation+0x80224]  __CFRunLoopDoSource0+0xb4
C  [CoreFoundation+0x7ffa4]  __CFRunLoopDoSources0+0xf2
C  [CoreFoundation+0x7e9cc]  __CFRunLoopRun+0x37d
C  [CoreFoundation+0x7df8c]  CFRunLoopRunSpecific+0x233
C  [libjli.dylib+0x65c1]  CreateExecutionEnvironment+0x18f
C  [libjli.dylib+0x2752]  JLI_Launch+0x54a
C  [java+0xca9]  main+0x16f
C  [libdyld.dylib+0x15f3d]  start+0x1


siginfo: si_signo: 11 (SIGSEGV), si_code: 0 (unknown), si_addr: 0x0000000000000000

Register to memory mapping:

RAX=0x00007fbae1192478 points into unknown readable memory: 00 00 00 00 00 00 00 00
RBX=0x00007fbae48065d0 points into unknown readable memory: 70 50 d6 e0 ba 7f 00 00
RCX=0x0 is NULL
RDX=0x0000000000000003 is an unknown value
RSP=0x00007ffee54d9dd0 is pointing into the stack for thread: 0x00007fbae2058000
RBP=0x00007ffee54d9e00 is pointing into the stack for thread: 0x00007fbae2058000
RSI=0x000000000000000c is an unknown value
RDI=0x00007fbae0d65070 points into unknown readable memory: 17 6c 0d ae fb 07 00 00
R8 =0x0 is NULL
R9 =0x0000000000000038 is an unknown value
R10=0x00007fff26f92598: _ZN2CA6RenderL12cgpath_typesE+0x4e55 in /System/Library/Frameworks/QuartzCore.framework/Versions/A/QuartzCore at 0x00007fff26cda000
R11=0x02471e3016b3de92 is an unknown value
R12=0x0000000000000003 is an unknown value
R13=0x0 is NULL
R14=0x00007fbae1192400 points into unknown readable memory: 78 24 19 e1 ba 7f 00 00
R15=0x00007fbae11924d0 points into unknown readable memory: d0 65 80 e4 ba 7f 00 00


Registers:
RAX=0x00007fbae1192478, RBX=0x00007fbae48065d0, RCX=0x0000000000000000, RDX=0x0000000000000003
RSP=0x00007ffee54d9dd0, RBP=0x00007ffee54d9e00, RSI=0x000000000000000c, RDI=0x00007fbae0d65070
R8 =0x0000000000000000, R9 =0x0000000000000038, R10=0x00007fff26f92598, R11=0x02471e3016b3de92
R12=0x0000000000000003, R13=0x0000000000000000, R14=0x00007fbae1192400, R15=0x00007fbae11924d0
RIP=0x00007fff26cddc83, EFLAGS=0x0000000000010202, ERR=0x0000000000000000
  TRAPNO=0x000000000000000d

Top of Stack: (sp=0x00007ffee54d9dd0)
0x00007ffee54d9dd0:   00007ffee54da240 0000000000000001
0x00007ffee54d9de0:   00007ffee54da240 00007fbae1192400
0x00007ffee54d9df0:   00007fbae3d05010 0000000000000001
0x00007ffee54d9e00:   00007ffee54da3e0 00007fff26e46ce5
0x00007ffee54d9e10:   00007fbae3f17df0 00007fff801789c0
0x00007ffee54d9e20:   0000000000000001 00007ffee54da460
0x00007ffee54d9e30:   0000000000000000 00007ffee54da1c0
0x00007ffee54d9e40:   00007ffee54d9e70 00007fbae0f72d20
0x00007ffee54d9e50:   00007fff00000000 fbc9ddfe4a43004e
0x00007ffee54d9e60:   40f46a0f4c1944a0 4a43000120312800
0x00007ffee54d9e70:   00007ffee54da190 00007fff22f3a3e2
0x00007ffee54d9e80:   0000000000000000 00007fbae1192400
0x00007ffee54d9e90:   0000000000000000 0000000000000000
0x00007ffee54d9ea0:   00007ffee54d9ef0 00007fbae20090a8
0x00007ffee54d9eb0:   00007fbae0c5a320 0000000000000004
0x00007ffee54d9ec0:   ffffffffff811080 ffffffff00000000
0x00007ffee54d9ed0:   00007ffee54da020 00007fff20636e10
0x00007ffee54d9ee0:   0000002020000000 00007fff2029df0a
0x00007ffee54d9ef0:   0000000000000000 0000000000000a00
0x00007ffee54d9f00:   0000000000001000 0000000000000001
0x00007ffee54d9f10:   00007fbae0f78930 0000000000000001
0x00007ffee54d9f20:   0000000000000010 000000010a746400
0x00007ffee54d9f30:   00007ffee54d9fc0 00007fff202a0663
0x00007ffee54d9f40:   00007ffee54d9fd0 00007fff202a0663
0x00007ffee54d9f50:   000000010a743080 00007fbae0f78940
0x00007ffee54d9f60:   0000000100000003 0000000000000001
0x00007ffee54d9f70:   0000000000000030 00007fbae0f00000
0x00007ffee54d9f80:   00007fbae0f78930 0000000000000000
0x00007ffee54d9f90:   000000000a746400 0000000000000001
0x00007ffee54d9fa0:   0000000000000001 00007fbae1192400
0x00007ffee54d9fb0:   00007fbae3d05170 0000000000000000
0x00007ffee54d9fc0:   7ff0000000000000 0000000000000000 

Instructions: (pc=0x00007fff26cddc83)
0x00007fff26cddb83:   ff 61 fe ff ff 50 ff ff ff f1 fc ff ff f1 fc ff
0x00007fff26cddb93:   ff d2 fe ff ff d2 fe ff ff 67 ff ff ff 70 ff ff
0x00007fff26cddba3:   ff de fe ff ff e8 fe ff ff de fe ff ff e8 fe ff
0x00007fff26cddbb3:   ff 7c ff ff ff 4b fe ff ff f5 fd ff ff 68 fc ff
0x00007fff26cddbc3:   ff 68 fc ff ff 93 fc ff ff 93 fc ff ff c8 fc ff
0x00007fff26cddbd3:   ff c8 fc ff ff 0f fd ff ff 0f fd ff ff 0f fd ff
0x00007fff26cddbe3:   ff 0f fd ff ff e8 fe ff ff fb fe ff ff c1 fd ff
0x00007fff26cddbf3:   ff 34 fc ff ff 34 fc ff ff 5f fc ff ff 5f fc ff
0x00007fff26cddc03:   ff 94 fc ff ff 94 fc ff ff db fc ff ff db fc ff
0x00007fff26cddc13:   ff db fc ff ff db fc ff ff ce fd ff ff dd fd ff
0x00007fff26cddc23:   ff 90 90 90 90 90 90 55 48 89 e5 41 57 41 56 41
0x00007fff26cddc33:   55 41 54 53 50 41 89 f4 49 89 fe 48 8b 3f e8 d2
0x00007fff26cddc43:   00 00 00 48 83 38 00 0f 84 99 00 00 00 49 89 c7
0x00007fff26cddc53:   49 8b 06 8b b0 c0 00 00 00 44 89 e2 45 31 ed bf
0x00007fff26cddc63:   cd 01 ca 31 31 c9 45 31 c0 e8 59 87 27 00 49 8b
0x00007fff26cddc73:   06 44 89 60 68 49 8b 1f 48 85 db 74 36 48 8b 3b
0x00007fff26cddc83:   ff 57 10 48 8b 3b e8 1e 84 27 00 41 ff c5 48 8b
0x00007fff26cddc93:   5b 08 48 85 db 75 e6 49 8b 3f 45 89 ed 48 85 ff
0x00007fff26cddca3:   74 11 48 8b 5f 08 e8 e6 86 27 00 48 89 df 48 85
0x00007fff26cddcb3:   db 75 ef 49 c7 07 00 00 00 00 49 8b 06 c7 40 68
0x00007fff26cddcc3:   ff ff ff ff bf ce 01 ca 31 4c 89 ee 31 d2 31 c9
0x00007fff26cddcd3:   45 31 c0 48 83 c4 08 5b 41 5c 41 5d 41 5e 41 5f
0x00007fff26cddce3:   5d e9 e1 86 27 00 48 83 c4 08 5b 41 5c 41 5d 41
0x00007fff26cddcf3:   5e 41 5f 5d c3 48 89 c3 bf ce 01 ca 31 31 f6 31
0x00007fff26cddd03:   d2 31 c9 45 31 c0 e8 bc 86 27 00 48 89 df e8 ba
0x00007fff26cddd13:   83 27 00 0f 0b 55 48 89 e5 41 56 53 48 83 ec 10
0x00007fff26cddd23:   48 89 fb 48 8b 05 ab 2a 0a 5a 48 8b 00 48 89 45
0x00007fff26cddd33:   e8 83 fe 05 77 18 89 f0 48 8d 0d a6 00 00 00 48
0x00007fff26cddd43:   63 04 81 48 01 c8 ff e0 48 83 c3 40 eb 74 e8 46
0x00007fff26cddd53:   a8 01 00 84 c0 74 2a 48 8d 35 5b 75 2a 00 31 ff
0x00007fff26cddd63:   31 c0 e8 a5 41 10 00 eb 55 48 83 c3 50 eb 53 48
0x00007fff26cddd73:   83 c3 58 eb 4d 48 83 c3 38 eb 47 48 83 c3 60 eb 


Stack slot to memory mapping:
stack at sp + 0 slots: 0x00007ffee54da240 is pointing into the stack for thread: 0x00007fbae2058000
stack at sp + 1 slots: 0x0000000000000001 is an unknown value
stack at sp + 2 slots: 0x00007ffee54da240 is pointing into the stack for thread: 0x00007fbae2058000
stack at sp + 3 slots: 0x00007fbae1192400 points into unknown readable memory: 78 24 19 e1 ba 7f 00 00
stack at sp + 4 slots: 0x00007fbae3d05010 points into unknown readable memory: 03 00 00 00 00 40 10 00
stack at sp + 5 slots: 0x0000000000000001 is an unknown value
stack at sp + 6 slots: 0x00007ffee54da3e0 is pointing into the stack for thread: 0x00007fbae2058000
stack at sp + 7 slots: 0x00007fff26e46ce5: _ZN2CA7Context18commit_transactionEPNS_11TransactionEdPd+0x391 in /System/Library/Frameworks/QuartzCore.framework/Versions/A/QuartzCore at 0x00007fff26cda000


---------------  P R O C E S S  ---------------

Threads class SMR info:
_java_thread_list=0x00007fbae0f622e0, length=13, elements={
0x00007fbae2026800, 0x00007fbae10b9800, 0x00007fbae180e800, 0x00007fbae180b800,
0x00007fbae180c800, 0x00007fbae187c000, 0x00007fbae10bb000, 0x00007fbae2808800,
0x00007fbae202c000, 0x00007fbae2058000, 0x00007fbae209f800, 0x00007fbae11d3800,
0x00007fbae200b800
}

Java Threads: ( => current thread )
  0x00007fbae2026800 JavaThread "Reference Handler" daemon [_thread_blocked, id=14595, stack(0x000070000c047000,0x000070000c147000)]
  0x00007fbae10b9800 JavaThread "Finalizer" daemon [_thread_blocked, id=17667, stack(0x000070000c14a000,0x000070000c24a000)]
  0x00007fbae180e800 JavaThread "Signal Dispatcher" daemon [_thread_blocked, id=43011, stack(0x000070000c353000,0x000070000c453000)]
  0x00007fbae180b800 JavaThread "Service Thread" daemon [_thread_blocked, id=42499, stack(0x000070000c456000,0x000070000c556000)]
  0x00007fbae180c800 JavaThread "C2 CompilerThread0" daemon [_thread_blocked, id=41987, stack(0x000070000c559000,0x000070000c659000)]
  0x00007fbae187c000 JavaThread "C1 CompilerThread0" daemon [_thread_blocked, id=23043, stack(0x000070000c65c000,0x000070000c75c000)]
  0x00007fbae10bb000 JavaThread "Sweeper thread" daemon [_thread_blocked, id=41475, stack(0x000070000c75f000,0x000070000c85f000)]
  0x00007fbae2808800 JavaThread "Notification Thread" daemon [_thread_blocked, id=41219, stack(0x000070000c862000,0x000070000c962000)]
  0x00007fbae202c000 JavaThread "Common-Cleaner" daemon [_thread_blocked, id=24323, stack(0x000070000ca68000,0x000070000cb68000)]
=>0x00007fbae2058000 JavaThread "AppKit Thread" daemon [_thread_in_native, id=259, stack(0x00007ffee4cdf000,0x00007ffee54df000)]
  0x00007fbae209f800 JavaThread "AWT-Shutdown" [_thread_blocked, id=32259, stack(0x000070000cbee000,0x000070000ccee000)]
  0x00007fbae11d3800 JavaThread "LWJGL Application" [_thread_in_vm, id=128003, stack(0x000070000d109000,0x000070000d209000)]
  0x00007fbae200b800 JavaThread "DestroyJavaVM" [_thread_blocked, id=6147, stack(0x000070000b932000,0x000070000ba32000)]

Other Threads:
  0x00007fbae10b6800 VMThread "VM Thread" [stack: 0x000070000bf44000,0x000070000c044000] [id=18691]
  0x00007fbae202e000 WatcherThread [stack: 0x000070000c965000,0x000070000ca65000] [id=40963]
  0x00007fbae1042800 GCTaskThread "GC Thread#0" [stack: 0x000070000ba35000,0x000070000bb35000] [id=19971]
  0x00007fbae1053800 ConcurrentGCThread "G1 Main Marker" [stack: 0x000070000bb38000,0x000070000bc38000] [id=12803]
  0x00007fbae1054000 ConcurrentGCThread "G1 Conc#0" [stack: 0x000070000bc3b000,0x000070000bd3b000] [id=13315]
  0x00007fbae10a5000 ConcurrentGCThread "G1 Refine#0" [stack: 0x000070000bd3e000,0x000070000be3e000] [id=13571]
  0x00007fbae180b000 ConcurrentGCThread "G1 Young RemSet Sampling" [stack: 0x000070000be41000,0x000070000bf41000] [id=14083]

Threads with active compile tasks:

VM state:not at safepoint (normal execution)

VM Mutex/Monitor currently owned by a thread: None

Heap address: 0x0000000780000000, size: 2048 MB, Compressed Oops mode: Zero based, Oop shift amount: 3
Narrow klass base: 0x0000000800000000, Narrow klass shift: 3
Compressed class space size: 1073741824 Address: 0x0000000800b05000

Heap:
 garbage-first heap   total 133120K, used 5936K [0x0000000780000000, 0x0000000800000000)
  region size 1024K, 6 young (6144K), 0 survivors (0K)
 Metaspace       used 3156K, capacity 5768K, committed 6016K, reserved 1056768K
  class space    used 292K, capacity 535K, committed 640K, reserved 1048576K
Heap Regions: E=young(eden), S=young(survivor), O=old, HS=humongous(starts), HC=humongous(continues), CS=collection set, F=free, OA=open archive, CA=closed archive, TAMS=top-at-mark-start (previous, next)
|   0|0x0000000780000000, 0x0000000780000000, 0x0000000780100000|  0%| F|  |TAMS 0x0000000780000000, 0x0000000780000000| Untracked 
|   1|0x0000000780100000, 0x0000000780100000, 0x0000000780200000|  0%| F|  |TAMS 0x0000000780100000, 0x0000000780100000| Untracked 
|   2|0x0000000780200000, 0x0000000780200000, 0x0000000780300000|  0%| F|  |TAMS 0x0000000780200000, 0x0000000780200000| Untracked 
|   3|0x0000000780300000, 0x0000000780300000, 0x0000000780400000|  0%| F|  |TAMS 0x0000000780300000, 0x0000000780300000| Untracked 
|   4|0x0000000780400000, 0x0000000780400000, 0x0000000780500000|  0%| F|  |TAMS 0x0000000780400000, 0x0000000780400000| Untracked 
|   5|0x0000000780500000, 0x0000000780500000, 0x0000000780600000|  0%| F|  |TAMS 0x0000000780500000, 0x0000000780500000| Untracked 
|   6|0x0000000780600000, 0x0000000780600000, 0x0000000780700000|  0%| F|  |TAMS 0x0000000780600000, 0x0000000780600000| Untracked 
|   7|0x0000000780700000, 0x0000000780700000, 0x0000000780800000|  0%| F|  |TAMS 0x0000000780700000, 0x0000000780700000| Untracked 
|   8|0x0000000780800000, 0x0000000780800000, 0x0000000780900000|  0%| F|  |TAMS 0x0000000780800000, 0x0000000780800000| Untracked 
|   9|0x0000000780900000, 0x0000000780900000, 0x0000000780a00000|  0%| F|  |TAMS 0x0000000780900000, 0x0000000780900000| Untracked 
|  10|0x0000000780a00000, 0x0000000780a00000, 0x0000000780b00000|  0%| F|  |TAMS 0x0000000780a00000, 0x0000000780a00000| Untracked 
|  11|0x0000000780b00000, 0x0000000780b00000, 0x0000000780c00000|  0%| F|  |TAMS 0x0000000780b00000, 0x0000000780b00000| Untracked 
|  12|0x0000000780c00000, 0x0000000780c00000, 0x0000000780d00000|  0%| F|  |TAMS 0x0000000780c00000, 0x0000000780c00000| Untracked 
|  13|0x0000000780d00000, 0x0000000780d00000, 0x0000000780e00000|  0%| F|  |TAMS 0x0000000780d00000, 0x0000000780d00000| Untracked 
|  14|0x0000000780e00000, 0x0000000780e00000, 0x0000000780f00000|  0%| F|  |TAMS 0x0000000780e00000, 0x0000000780e00000| Untracked 
|  15|0x0000000780f00000, 0x0000000780f00000, 0x0000000781000000|  0%| F|  |TAMS 0x0000000780f00000, 0x0000000780f00000| Untracked 
|  16|0x0000000781000000, 0x0000000781000000, 0x0000000781100000|  0%| F|  |TAMS 0x0000000781000000, 0x0000000781000000| Untracked 
|  17|0x0000000781100000, 0x0000000781100000, 0x0000000781200000|  0%| F|  |TAMS 0x0000000781100000, 0x0000000781100000| Untracked 
|  18|0x0000000781200000, 0x0000000781200000, 0x0000000781300000|  0%| F|  |TAMS 0x0000000781200000, 0x0000000781200000| Untracked 
|  19|0x0000000781300000, 0x0000000781300000, 0x0000000781400000|  0%| F|  |TAMS 0x0000000781300000, 0x0000000781300000| Untracked 
|  20|0x0000000781400000, 0x0000000781400000, 0x0000000781500000|  0%| F|  |TAMS 0x0000000781400000, 0x0000000781400000| Untracked 
|  21|0x0000000781500000, 0x0000000781500000, 0x0000000781600000|  0%| F|  |TAMS 0x0000000781500000, 0x0000000781500000| Untracked 
|  22|0x0000000781600000, 0x0000000781600000, 0x0000000781700000|  0%| F|  |TAMS 0x0000000781600000, 0x0000000781600000| Untracked 
|  23|0x0000000781700000, 0x0000000781700000, 0x0000000781800000|  0%| F|  |TAMS 0x0000000781700000, 0x0000000781700000| Untracked 
|  24|0x0000000781800000, 0x0000000781800000, 0x0000000781900000|  0%| F|  |TAMS 0x0000000781800000, 0x0000000781800000| Untracked 
|  25|0x0000000781900000, 0x0000000781900000, 0x0000000781a00000|  0%| F|  |TAMS 0x0000000781900000, 0x0000000781900000| Untracked 
|  26|0x0000000781a00000, 0x0000000781a00000, 0x0000000781b00000|  0%| F|  |TAMS 0x0000000781a00000, 0x0000000781a00000| Untracked 
|  27|0x0000000781b00000, 0x0000000781b00000, 0x0000000781c00000|  0%| F|  |TAMS 0x0000000781b00000, 0x0000000781b00000| Untracked 
|  28|0x0000000781c00000, 0x0000000781c00000, 0x0000000781d00000|  0%| F|  |TAMS 0x0000000781c00000, 0x0000000781c00000| Untracked 
|  29|0x0000000781d00000, 0x0000000781d00000, 0x0000000781e00000|  0%| F|  |TAMS 0x0000000781d00000, 0x0000000781d00000| Untracked 
|  30|0x0000000781e00000, 0x0000000781e00000, 0x0000000781f00000|  0%| F|  |TAMS 0x0000000781e00000, 0x0000000781e00000| Untracked 
|  31|0x0000000781f00000, 0x0000000781f00000, 0x0000000782000000|  0%| F|  |TAMS 0x0000000781f00000, 0x0000000781f00000| Untracked 
|  32|0x0000000782000000, 0x0000000782000000, 0x0000000782100000|  0%| F|  |TAMS 0x0000000782000000, 0x0000000782000000| Untracked 
|  33|0x0000000782100000, 0x0000000782100000, 0x0000000782200000|  0%| F|  |TAMS 0x0000000782100000, 0x0000000782100000| Untracked 
|  34|0x0000000782200000, 0x0000000782200000, 0x0000000782300000|  0%| F|  |TAMS 0x0000000782200000, 0x0000000782200000| Untracked 
|  35|0x0000000782300000, 0x0000000782300000, 0x0000000782400000|  0%| F|  |TAMS 0x0000000782300000, 0x0000000782300000| Untracked 
|  36|0x0000000782400000, 0x0000000782400000, 0x0000000782500000|  0%| F|  |TAMS 0x0000000782400000, 0x0000000782400000| Untracked 
|  37|0x0000000782500000, 0x0000000782500000, 0x0000000782600000|  0%| F|  |TAMS 0x0000000782500000, 0x0000000782500000| Untracked 
|  38|0x0000000782600000, 0x0000000782600000, 0x0000000782700000|  0%| F|  |TAMS 0x0000000782600000, 0x0000000782600000| Untracked 
|  39|0x0000000782700000, 0x0000000782700000, 0x0000000782800000|  0%| F|  |TAMS 0x0000000782700000, 0x0000000782700000| Untracked 
|  40|0x0000000782800000, 0x0000000782800000, 0x0000000782900000|  0%| F|  |TAMS 0x0000000782800000, 0x0000000782800000| Untracked 
|  41|0x0000000782900000, 0x0000000782900000, 0x0000000782a00000|  0%| F|  |TAMS 0x0000000782900000, 0x0000000782900000| Untracked 
|  42|0x0000000782a00000, 0x0000000782a00000, 0x0000000782b00000|  0%| F|  |TAMS 0x0000000782a00000, 0x0000000782a00000| Untracked 
|  43|0x0000000782b00000, 0x0000000782b00000, 0x0000000782c00000|  0%| F|  |TAMS 0x0000000782b00000, 0x0000000782b00000| Untracked 
|  44|0x0000000782c00000, 0x0000000782c00000, 0x0000000782d00000|  0%| F|  |TAMS 0x0000000782c00000, 0x0000000782c00000| Untracked 
|  45|0x0000000782d00000, 0x0000000782d00000, 0x0000000782e00000|  0%| F|  |TAMS 0x0000000782d00000, 0x0000000782d00000| Untracked 
|  46|0x0000000782e00000, 0x0000000782e00000, 0x0000000782f00000|  0%| F|  |TAMS 0x0000000782e00000, 0x0000000782e00000| Untracked 
|  47|0x0000000782f00000, 0x0000000782f00000, 0x0000000783000000|  0%| F|  |TAMS 0x0000000782f00000, 0x0000000782f00000| Untracked 
|  48|0x0000000783000000, 0x0000000783000000, 0x0000000783100000|  0%| F|  |TAMS 0x0000000783000000, 0x0000000783000000| Untracked 
|  49|0x0000000783100000, 0x0000000783100000, 0x0000000783200000|  0%| F|  |TAMS 0x0000000783100000, 0x0000000783100000| Untracked 
|  50|0x0000000783200000, 0x0000000783200000, 0x0000000783300000|  0%| F|  |TAMS 0x0000000783200000, 0x0000000783200000| Untracked 
|  51|0x0000000783300000, 0x0000000783300000, 0x0000000783400000|  0%| F|  |TAMS 0x0000000783300000, 0x0000000783300000| Untracked 
|  52|0x0000000783400000, 0x0000000783400000, 0x0000000783500000|  0%| F|  |TAMS 0x0000000783400000, 0x0000000783400000| Untracked 
|  53|0x0000000783500000, 0x0000000783500000, 0x0000000783600000|  0%| F|  |TAMS 0x0000000783500000, 0x0000000783500000| Untracked 
|  54|0x0000000783600000, 0x0000000783600000, 0x0000000783700000|  0%| F|  |TAMS 0x0000000783600000, 0x0000000783600000| Untracked 
|  55|0x0000000783700000, 0x0000000783700000, 0x0000000783800000|  0%| F|  |TAMS 0x0000000783700000, 0x0000000783700000| Untracked 
|  56|0x0000000783800000, 0x0000000783800000, 0x0000000783900000|  0%| F|  |TAMS 0x0000000783800000, 0x0000000783800000| Untracked 
|  57|0x0000000783900000, 0x0000000783900000, 0x0000000783a00000|  0%| F|  |TAMS 0x0000000783900000, 0x0000000783900000| Untracked 
|  58|0x0000000783a00000, 0x0000000783a00000, 0x0000000783b00000|  0%| F|  |TAMS 0x0000000783a00000, 0x0000000783a00000| Untracked 
|  59|0x0000000783b00000, 0x0000000783b00000, 0x0000000783c00000|  0%| F|  |TAMS 0x0000000783b00000, 0x0000000783b00000| Untracked 
|  60|0x0000000783c00000, 0x0000000783c00000, 0x0000000783d00000|  0%| F|  |TAMS 0x0000000783c00000, 0x0000000783c00000| Untracked 
|  61|0x0000000783d00000, 0x0000000783d00000, 0x0000000783e00000|  0%| F|  |TAMS 0x0000000783d00000, 0x0000000783d00000| Untracked 
|  62|0x0000000783e00000, 0x0000000783e00000, 0x0000000783f00000|  0%| F|  |TAMS 0x0000000783e00000, 0x0000000783e00000| Untracked 
|  63|0x0000000783f00000, 0x0000000783f00000, 0x0000000784000000|  0%| F|  |TAMS 0x0000000783f00000, 0x0000000783f00000| Untracked 
|  64|0x0000000784000000, 0x0000000784000000, 0x0000000784100000|  0%| F|  |TAMS 0x0000000784000000, 0x0000000784000000| Untracked 
|  65|0x0000000784100000, 0x0000000784100000, 0x0000000784200000|  0%| F|  |TAMS 0x0000000784100000, 0x0000000784100000| Untracked 
|  66|0x0000000784200000, 0x0000000784200000, 0x0000000784300000|  0%| F|  |TAMS 0x0000000784200000, 0x0000000784200000| Untracked 
|  67|0x0000000784300000, 0x0000000784300000, 0x0000000784400000|  0%| F|  |TAMS 0x0000000784300000, 0x0000000784300000| Untracked 
|  68|0x0000000784400000, 0x0000000784400000, 0x0000000784500000|  0%| F|  |TAMS 0x0000000784400000, 0x0000000784400000| Untracked 
|  69|0x0000000784500000, 0x0000000784500000, 0x0000000784600000|  0%| F|  |TAMS 0x0000000784500000, 0x0000000784500000| Untracked 
|  70|0x0000000784600000, 0x0000000784600000, 0x0000000784700000|  0%| F|  |TAMS 0x0000000784600000, 0x0000000784600000| Untracked 
|  71|0x0000000784700000, 0x0000000784700000, 0x0000000784800000|  0%| F|  |TAMS 0x0000000784700000, 0x0000000784700000| Untracked 
|  72|0x0000000784800000, 0x0000000784800000, 0x0000000784900000|  0%| F|  |TAMS 0x0000000784800000, 0x0000000784800000| Untracked 
|  73|0x0000000784900000, 0x0000000784900000, 0x0000000784a00000|  0%| F|  |TAMS 0x0000000784900000, 0x0000000784900000| Untracked 
|  74|0x0000000784a00000, 0x0000000784a00000, 0x0000000784b00000|  0%| F|  |TAMS 0x0000000784a00000, 0x0000000784a00000| Untracked 
|  75|0x0000000784b00000, 0x0000000784b00000, 0x0000000784c00000|  0%| F|  |TAMS 0x0000000784b00000, 0x0000000784b00000| Untracked 
|  76|0x0000000784c00000, 0x0000000784c00000, 0x0000000784d00000|  0%| F|  |TAMS 0x0000000784c00000, 0x0000000784c00000| Untracked 
|  77|0x0000000784d00000, 0x0000000784d00000, 0x0000000784e00000|  0%| F|  |TAMS 0x0000000784d00000, 0x0000000784d00000| Untracked 
|  78|0x0000000784e00000, 0x0000000784e00000, 0x0000000784f00000|  0%| F|  |TAMS 0x0000000784e00000, 0x0000000784e00000| Untracked 
|  79|0x0000000784f00000, 0x0000000784f00000, 0x0000000785000000|  0%| F|  |TAMS 0x0000000784f00000, 0x0000000784f00000| Untracked 
|  80|0x0000000785000000, 0x0000000785000000, 0x0000000785100000|  0%| F|  |TAMS 0x0000000785000000, 0x0000000785000000| Untracked 
|  81|0x0000000785100000, 0x0000000785100000, 0x0000000785200000|  0%| F|  |TAMS 0x0000000785100000, 0x0000000785100000| Untracked 
|  82|0x0000000785200000, 0x0000000785200000, 0x0000000785300000|  0%| F|  |TAMS 0x0000000785200000, 0x0000000785200000| Untracked 
|  83|0x0000000785300000, 0x0000000785300000, 0x0000000785400000|  0%| F|  |TAMS 0x0000000785300000, 0x0000000785300000| Untracked 
|  84|0x0000000785400000, 0x0000000785400000, 0x0000000785500000|  0%| F|  |TAMS 0x0000000785400000, 0x0000000785400000| Untracked 
|  85|0x0000000785500000, 0x0000000785500000, 0x0000000785600000|  0%| F|  |TAMS 0x0000000785500000, 0x0000000785500000| Untracked 
|  86|0x0000000785600000, 0x0000000785600000, 0x0000000785700000|  0%| F|  |TAMS 0x0000000785600000, 0x0000000785600000| Untracked 
|  87|0x0000000785700000, 0x0000000785700000, 0x0000000785800000|  0%| F|  |TAMS 0x0000000785700000, 0x0000000785700000| Untracked 
|  88|0x0000000785800000, 0x0000000785800000, 0x0000000785900000|  0%| F|  |TAMS 0x0000000785800000, 0x0000000785800000| Untracked 
|  89|0x0000000785900000, 0x0000000785900000, 0x0000000785a00000|  0%| F|  |TAMS 0x0000000785900000, 0x0000000785900000| Untracked 
|  90|0x0000000785a00000, 0x0000000785a00000, 0x0000000785b00000|  0%| F|  |TAMS 0x0000000785a00000, 0x0000000785a00000| Untracked 
|  91|0x0000000785b00000, 0x0000000785b00000, 0x0000000785c00000|  0%| F|  |TAMS 0x0000000785b00000, 0x0000000785b00000| Untracked 
|  92|0x0000000785c00000, 0x0000000785c00000, 0x0000000785d00000|  0%| F|  |TAMS 0x0000000785c00000, 0x0000000785c00000| Untracked 
|  93|0x0000000785d00000, 0x0000000785d00000, 0x0000000785e00000|  0%| F|  |TAMS 0x0000000785d00000, 0x0000000785d00000| Untracked 
|  94|0x0000000785e00000, 0x0000000785e00000, 0x0000000785f00000|  0%| F|  |TAMS 0x0000000785e00000, 0x0000000785e00000| Untracked 
|  95|0x0000000785f00000, 0x0000000785f00000, 0x0000000786000000|  0%| F|  |TAMS 0x0000000785f00000, 0x0000000785f00000| Untracked 
|  96|0x0000000786000000, 0x0000000786000000, 0x0000000786100000|  0%| F|  |TAMS 0x0000000786000000, 0x0000000786000000| Untracked 
|  97|0x0000000786100000, 0x0000000786100000, 0x0000000786200000|  0%| F|  |TAMS 0x0000000786100000, 0x0000000786100000| Untracked 
|  98|0x0000000786200000, 0x0000000786200000, 0x0000000786300000|  0%| F|  |TAMS 0x0000000786200000, 0x0000000786200000| Untracked 
|  99|0x0000000786300000, 0x0000000786300000, 0x0000000786400000|  0%| F|  |TAMS 0x0000000786300000, 0x0000000786300000| Untracked 
| 100|0x0000000786400000, 0x0000000786400000, 0x0000000786500000|  0%| F|  |TAMS 0x0000000786400000, 0x0000000786400000| Untracked 
| 101|0x0000000786500000, 0x0000000786500000, 0x0000000786600000|  0%| F|  |TAMS 0x0000000786500000, 0x0000000786500000| Untracked 
| 102|0x0000000786600000, 0x0000000786600000, 0x0000000786700000|  0%| F|  |TAMS 0x0000000786600000, 0x0000000786600000| Untracked 
| 103|0x0000000786700000, 0x0000000786700000, 0x0000000786800000|  0%| F|  |TAMS 0x0000000786700000, 0x0000000786700000| Untracked 
| 104|0x0000000786800000, 0x0000000786800000, 0x0000000786900000|  0%| F|  |TAMS 0x0000000786800000, 0x0000000786800000| Untracked 
| 105|0x0000000786900000, 0x0000000786900000, 0x0000000786a00000|  0%| F|  |TAMS 0x0000000786900000, 0x0000000786900000| Untracked 
| 106|0x0000000786a00000, 0x0000000786a00000, 0x0000000786b00000|  0%| F|  |TAMS 0x0000000786a00000, 0x0000000786a00000| Untracked 
| 107|0x0000000786b00000, 0x0000000786b00000, 0x0000000786c00000|  0%| F|  |TAMS 0x0000000786b00000, 0x0000000786b00000| Untracked 
| 108|0x0000000786c00000, 0x0000000786c00000, 0x0000000786d00000|  0%| F|  |TAMS 0x0000000786c00000, 0x0000000786c00000| Untracked 
| 109|0x0000000786d00000, 0x0000000786d00000, 0x0000000786e00000|  0%| F|  |TAMS 0x0000000786d00000, 0x0000000786d00000| Untracked 
| 110|0x0000000786e00000, 0x0000000786e00000, 0x0000000786f00000|  0%| F|  |TAMS 0x0000000786e00000, 0x0000000786e00000| Untracked 
| 111|0x0000000786f00000, 0x0000000786f00000, 0x0000000787000000|  0%| F|  |TAMS 0x0000000786f00000, 0x0000000786f00000| Untracked 
| 112|0x0000000787000000, 0x0000000787000000, 0x0000000787100000|  0%| F|  |TAMS 0x0000000787000000, 0x0000000787000000| Untracked 
| 113|0x0000000787100000, 0x0000000787100000, 0x0000000787200000|  0%| F|  |TAMS 0x0000000787100000, 0x0000000787100000| Untracked 
| 114|0x0000000787200000, 0x0000000787200000, 0x0000000787300000|  0%| F|  |TAMS 0x0000000787200000, 0x0000000787200000| Untracked 
| 115|0x0000000787300000, 0x0000000787300000, 0x0000000787400000|  0%| F|  |TAMS 0x0000000787300000, 0x0000000787300000| Untracked 
| 116|0x0000000787400000, 0x0000000787400000, 0x0000000787500000|  0%| F|  |TAMS 0x0000000787400000, 0x0000000787400000| Untracked 
| 117|0x0000000787500000, 0x0000000787500000, 0x0000000787600000|  0%| F|  |TAMS 0x0000000787500000, 0x0000000787500000| Untracked 
| 118|0x0000000787600000, 0x0000000787600000, 0x0000000787700000|  0%| F|  |TAMS 0x0000000787600000, 0x0000000787600000| Untracked 
| 119|0x0000000787700000, 0x0000000787700000, 0x0000000787800000|  0%| F|  |TAMS 0x0000000787700000, 0x0000000787700000| Untracked 
| 120|0x0000000787800000, 0x0000000787800000, 0x0000000787900000|  0%| F|  |TAMS 0x0000000787800000, 0x0000000787800000| Untracked 
| 121|0x0000000787900000, 0x0000000787900000, 0x0000000787a00000|  0%| F|  |TAMS 0x0000000787900000, 0x0000000787900000| Untracked 
| 122|0x0000000787a00000, 0x0000000787afc820, 0x0000000787b00000| 98%| E|  |TAMS 0x0000000787a00000, 0x0000000787a00000| Complete 
| 123|0x0000000787b00000, 0x0000000787c00000, 0x0000000787c00000|100%| E|CS|TAMS 0x0000000787b00000, 0x0000000787b00000| Complete 
| 124|0x0000000787c00000, 0x0000000787d00000, 0x0000000787d00000|100%| E|CS|TAMS 0x0000000787c00000, 0x0000000787c00000| Complete 
| 125|0x0000000787d00000, 0x0000000787e00000, 0x0000000787e00000|100%| E|CS|TAMS 0x0000000787d00000, 0x0000000787d00000| Complete 
| 126|0x0000000787e00000, 0x0000000787f00000, 0x0000000787f00000|100%| E|CS|TAMS 0x0000000787e00000, 0x0000000787e00000| Complete 
| 127|0x0000000787f00000, 0x0000000788000000, 0x0000000788000000|100%| E|CS|TAMS 0x0000000787f00000, 0x0000000787f00000| Complete 
|1022|0x00000007bfe00000, 0x00000007bfe51000, 0x00000007bff00000| 31%|OA|  |TAMS 0x00000007bfe00000, 0x00000007bfe00000| Untracked 
|1023|0x00000007bff00000, 0x00000007bff7b000, 0x00000007c0000000| 48%|CA|  |TAMS 0x00000007bff00000, 0x00000007bff00000| Untracked 

Card table byte_map: [0x0000000125636000,0x0000000125a36000] _byte_map_base: 0x0000000121a36000

Marking Bits (Prev, Next): (CMBitMap*) 0x00007fbae1042e18, (CMBitMap*) 0x00007fbae1042e58
 Prev Bits: [0x0000000125e36000, 0x0000000127e36000)
 Next Bits: [0x0000000127e36000, 0x0000000129e36000)

Polling page: 0x000000010a75d000

Metaspace:

Usage:
  Non-class:      5.11 MB capacity,     2.80 MB ( 55%) used,     2.31 MB ( 45%) free+waste,     6.31 KB ( <1%) overhead. 
      Class:    535.00 KB capacity,   292.68 KB ( 55%) used,   238.88 KB ( 45%) free+waste,     3.44 KB ( <1%) overhead. 
       Both:      5.63 MB capacity,     3.08 MB ( 55%) used,     2.54 MB ( 45%) free+waste,     9.75 KB ( <1%) overhead. 

Virtual space:
  Non-class space:        8.00 MB reserved,       5.25 MB ( 66%) committed 
      Class space:        1.00 GB reserved,     640.00 KB ( <1%) committed 
             Both:        1.01 GB reserved,       5.88 MB ( <1%) committed 

Chunk freelists:
   Non-Class:  8.00 KB
       Class:  21.00 KB
        Both:  29.00 KB

MaxMetaspaceSize: unlimited
CompressedClassSpaceSize: 1.00 GB

CodeHeap 'non-profiled nmethods': size=120032Kb used=157Kb max_used=157Kb free=119874Kb
 bounds [0x000000011e0fe000, 0x000000011e36e000, 0x0000000125636000]
CodeHeap 'profiled nmethods': size=120028Kb used=779Kb max_used=779Kb free=119249Kb
 bounds [0x0000000116bc7000, 0x0000000116e37000, 0x000000011e0fe000]
CodeHeap 'non-nmethods': size=5700Kb used=1152Kb max_used=1167Kb free=4547Kb
 bounds [0x0000000116636000, 0x00000001168a6000, 0x0000000116bc7000]
 total_blobs=996 nmethods=478 adapters=320
 compilation: enabled
              stopped_count=0, restarted_count=0
 full_count=0

Compilation events (20 events):
Event: 1.578 Thread 0x00007fbae187c000  469       3       java.lang.Integer::valueOf (32 bytes)
Event: 1.578 Thread 0x00007fbae187c000 nmethod 469 0x0000000116c85310 code [0x0000000116c854c0, 0x0000000116c857d0]
Event: 1.579 Thread 0x00007fbae187c000  472       3       java.util.WeakHashMap::getTable (9 bytes)
Event: 1.579 Thread 0x00007fbae187c000 nmethod 472 0x0000000116c85910 code [0x0000000116c85aa0, 0x0000000116c85c00]
Event: 1.579 Thread 0x00007fbae187c000  470       3       java.nio.Buffer::remaining (10 bytes)
Event: 1.580 Thread 0x00007fbae187c000 nmethod 470 0x0000000116c85c90 code [0x0000000116c85e20, 0x0000000116c85f30]
Event: 1.580 Thread 0x00007fbae187c000  471       3       java.lang.String::equalsIgnoreCase (45 bytes)
Event: 1.581 Thread 0x00007fbae187c000 nmethod 471 0x0000000116c85f90 code [0x0000000116c86180, 0x0000000116c866e0]
Event: 1.581 Thread 0x00007fbae187c000  473   !   3       java.util.WeakHashMap::expungeStaleEntries (139 bytes)
Event: 1.585 Thread 0x00007fbae187c000 nmethod 473 0x0000000116c86910 code [0x0000000116c86b20, 0x0000000116c87780]
Event: 1.586 Thread 0x00007fbae187c000  474       3       java.util.WeakHashMap::indexFor (6 bytes)
Event: 1.586 Thread 0x00007fbae187c000 nmethod 474 0x0000000116c87c90 code [0x0000000116c87e20, 0x0000000116c87ef0]
Event: 1.586 Thread 0x00007fbae187c000  476       3       java.util.zip.ZipUtils::CENLEN (9 bytes)
Event: 1.587 Thread 0x00007fbae187c000 nmethod 476 0x0000000116c87f90 code [0x0000000116c88140, 0x0000000116c88410]
Event: 1.587 Thread 0x00007fbae187c000  475       3       jdk.internal.ref.CleanerFactory::cleaner (4 bytes)
Event: 1.587 Thread 0x00007fbae187c000 nmethod 475 0x0000000116c88590 code [0x0000000116c88720, 0x0000000116c88810]
Event: 1.587 Thread 0x00007fbae187c000  477       3       java.lang.ClassLoader::loadClass (7 bytes)
Event: 1.588 Thread 0x00007fbae187c000 nmethod 477 0x0000000116c88890 code [0x0000000116c88a20, 0x0000000116c88c00]
Event: 1.588 Thread 0x00007fbae187c000  478       3       jdk.internal.loader.ClassLoaders$AppClassLoader::loadClass (40 bytes)
Event: 1.589 Thread 0x00007fbae187c000 nmethod 478 0x0000000116c88c90 code [0x0000000116c88ee0, 0x0000000116c89850]

GC Heap History (0 events):
No events

Deoptimization events (10 events):
Event: 0.230 Thread 0x00007fbae200b800 DEOPT PACKING pc=0x0000000116bda4eb sp=0x000070000ba2d6b0
Event: 0.230 Thread 0x00007fbae200b800 DEOPT UNPACKING pc=0x000000011667f33a sp=0x000070000ba2cb70 mode 0
Event: 0.231 Thread 0x00007fbae200b800 DEOPT PACKING pc=0x0000000116bda4eb sp=0x000070000ba2d6b0
Event: 0.231 Thread 0x00007fbae200b800 DEOPT UNPACKING pc=0x000000011667f33a sp=0x000070000ba2cb70 mode 0
Event: 0.231 Thread 0x00007fbae200b800 DEOPT PACKING pc=0x0000000116bda4eb sp=0x000070000ba2d6b0
Event: 0.231 Thread 0x00007fbae200b800 DEOPT UNPACKING pc=0x000000011667f33a sp=0x000070000ba2cb70 mode 0
Event: 0.231 Thread 0x00007fbae200b800 DEOPT PACKING pc=0x0000000116bda4eb sp=0x000070000ba2d6b0
Event: 0.231 Thread 0x00007fbae200b800 DEOPT UNPACKING pc=0x000000011667f33a sp=0x000070000ba2cb70 mode 0
Event: 1.155 Thread 0x00007fbae200b800 DEOPT PACKING pc=0x0000000116be5fe8 sp=0x000070000ba30690
Event: 1.155 Thread 0x00007fbae200b800 DEOPT UNPACKING pc=0x000000011667f33a sp=0x000070000ba2fb00 mode 0

Classes unloaded (0 events):
No events

Classes redefined (0 events):
No events

Internal exceptions (4 events):
Event: 0.601 Thread 0x00007fbae200b800 Exception <a 'java/lang/ClassNotFoundException'{0x0000000787db3470}: sun/awt/resources/spi/awtProvider> (0x0000000787db3470) 
thrown [./open/src/hotspot/share/classfile/systemDictionary.cpp, line 226]
Event: 0.774 Thread 0x00007fbae200b800 Exception <a 'java/io/FileNotFoundException'{0x0000000787dfade0}> (0x0000000787dfade0) 
thrown [./open/src/hotspot/share/prims/jni.cpp, line 599]
Event: 0.805 Thread 0x00007fbae200b800 Exception <a 'java/io/FileNotFoundException'{0x0000000787c214d8}> (0x0000000787c214d8) 
thrown [./open/src/hotspot/share/prims/jni.cpp, line 599]
Event: 0.819 Thread 0x00007fbae200b800 Exception <a 'java/lang/ClassNotFoundException'{0x0000000787c281c8}: sun/awt/resources/spi/awtosxProvider> (0x0000000787c281c8) 
thrown [./open/src/hotspot/share/classfile/systemDictionary.cpp, line 226]

Events (20 events):
Event: 1.570 loading class java/awt/image/RenderedImage
Event: 1.570 loading class java/awt/image/RenderedImage done
Event: 1.570 loading class java/awt/image/WritableRenderedImage done
Event: 1.570 loading class java/awt/Transparency
Event: 1.570 loading class java/awt/Transparency done
Event: 1.570 loading class java/awt/image/BufferedImage done
Event: 1.570 loading class java/awt/IllegalComponentStateException
Event: 1.570 loading class java/awt/IllegalComponentStateException done
Event: 1.571 loading class java/awt/Point
Event: 1.571 loading class java/awt/geom/Point2D
Event: 1.571 loading class java/awt/geom/Point2D done
Event: 1.571 loading class java/awt/Point done
Event: 1.571 loading class java/awt/GraphicsConfiguration
Event: 1.571 loading class java/awt/GraphicsConfiguration done
Event: 1.573 Executing VM operation: HandshakeOneThread
Event: 1.573 Executing VM operation: HandshakeOneThread done
Event: 1.587 loading class java/lang/NumberFormatException
Event: 1.587 loading class java/lang/NumberFormatException done
Event: 1.601 Executing VM operation: HandshakeOneThread
Event: 1.601 Executing VM operation: HandshakeOneThread done


Dynamic libraries:
0x00007fff2a585000 	/usr/lib/libz.1.dylib
0x000000010a72b000 	/Library/Java/JavaVirtualMachines/jdk-14.0.1.jdk/Contents/Home/lib/libjli.dylib
0x00007fff34fb9000 	/System/Library/Frameworks/Cocoa.framework/Versions/A/Cocoa
0x00007fff22303000 	/System/Library/Frameworks/Security.framework/Versions/A/Security
0x00007fff331c1000 	/System/Library/Frameworks/ApplicationServices.framework/Versions/A/ApplicationServices
0x00007fff2a64d000 	/usr/lib/libSystem.B.dylib
0x00007fff2a647000 	/usr/lib/system/libcache.dylib
0x00007fff2a603000 	/usr/lib/system/libcommonCrypto.dylib
0x00007fff2a62d000 	/usr/lib/system/libcompiler_rt.dylib
0x00007fff2a622000 	/usr/lib/system/libcopyfile.dylib
0x00007fff201fc000 	/usr/lib/system/libcorecrypto.dylib
0x00007fff202c7000 	/usr/lib/system/libdispatch.dylib
0x00007fff2047a000 	/usr/lib/system/libdyld.dylib
0x00007fff2a63e000 	/usr/lib/system/libkeymgr.dylib
0x00007fff2da51000 	/usr/lib/system/liblaunch.dylib
0x00007fff2a5e1000 	/usr/lib/system/libmacho.dylib
0x00007fff29dd9000 	/usr/lib/system/libquarantine.dylib
0x00007fff2a63b000 	/usr/lib/system/libremovefile.dylib
0x00007fff24cdf000 	/usr/lib/system/libsystem_asl.dylib
0x00007fff201ac000 	/usr/lib/system/libsystem_blocks.dylib
0x00007fff20349000 	/usr/lib/system/libsystem_c.dylib
0x00007fff2a635000 	/usr/lib/system/libsystem_collections.dylib
0x00007fff290df000 	/usr/lib/system/libsystem_configuration.dylib
0x00007fff283cb000 	/usr/lib/system/libsystem_containermanager.dylib
0x00007fff2a384000 	/usr/lib/system/libsystem_coreservices.dylib
0x00007fff228bb000 	/usr/lib/system/libsystem_darwin.dylib
0x00007fff2a63f000 	/usr/lib/system/libsystem_dnssd.dylib
0x00007fff20346000 	/usr/lib/system/libsystem_featureflags.dylib
0x00007fff204c0000 	/usr/lib/system/libsystem_info.dylib
0x00007fff2a598000 	/usr/lib/system/libsystem_m.dylib
0x00007fff2029a000 	/usr/lib/system/libsystem_malloc.dylib
0x00007fff24c72000 	/usr/lib/system/libsystem_networkextension.dylib
0x00007fff22cda000 	/usr/lib/system/libsystem_notify.dylib
0x00007fff2fee8000 	/usr/lib/system/libsystem_product_info_filter.dylib
0x00007fff290e3000 	/usr/lib/system/libsystem_sandbox.dylib
0x00007fff2a638000 	/usr/lib/system/libsystem_secinit.dylib
0x00007fff2043e000 	/usr/lib/system/libsystem_kernel.dylib
0x00007fff204b6000 	/usr/lib/system/libsystem_platform.dylib
0x00007fff2046e000 	/usr/lib/system/libsystem_pthread.dylib
0x00007fff263bc000 	/usr/lib/system/libsystem_symptoms.dylib
0x00007fff201e4000 	/usr/lib/system/libsystem_trace.dylib
0x00007fff2a60f000 	/usr/lib/system/libunwind.dylib
0x00007fff201ae000 	/usr/lib/system/libxpc.dylib
0x00007fff20428000 	/usr/lib/libc++abi.dylib
0x00007fff2030c000 	/usr/lib/libobjc.A.dylib
0x00007fff2a61a000 	/usr/lib/liboah.dylib
0x00007fff203d2000 	/usr/lib/libc++.1.dylib
0x00007fff204ec000 	/System/Library/Frameworks/CoreFoundation.framework/Versions/A/CoreFoundation
0x00007fff2129b000 	/System/Library/Frameworks/Foundation.framework/Versions/C/Foundation
0x00007fff22d34000 	/System/Library/Frameworks/AppKit.framework/Versions/C/AppKit
0x00007fff25bf8000 	/System/Library/Frameworks/CoreData.framework/Versions/A/CoreData
0x00007fff23a80000 	/System/Library/PrivateFrameworks/UIFoundation.framework/Versions/A/UIFoundation
0x00007fff2fc7b000 	/System/Library/PrivateFrameworks/RemoteViewServices.framework/Versions/A/RemoteViewServices
0x00007fff28a91000 	/System/Library/PrivateFrameworks/XCTTargetBootstrap.framework/Versions/A/XCTTargetBootstrap
0x00007fff2b777000 	/usr/lib/libspindump.dylib
0x00007fff23ccf000 	/System/Library/Frameworks/UniformTypeIdentifiers.framework/Versions/A/UniformTypeIdentifiers
0x00007fff27295000 	/usr/lib/libapp_launch_measurement.dylib
0x00007fff27298000 	/System/Library/PrivateFrameworks/CoreAutoLayout.framework/Versions/A/CoreAutoLayout
0x00007fff283f8000 	/System/Library/Frameworks/Metal.framework/Versions/A/Metal
0x00007fff290ee000 	/usr/lib/liblangid.dylib
0x00007fff28a95000 	/System/Library/PrivateFrameworks/CoreSVG.framework/Versions/A/CoreSVG
0x00007fff24d0f000 	/System/Library/PrivateFrameworks/SkyLight.framework/Versions/A/SkyLight
0x00007fff25075000 	/System/Library/Frameworks/CoreGraphics.framework/Versions/A/CoreGraphics
0x00007fff301a2000 	/System/Library/Frameworks/Accelerate.framework/Versions/A/Accelerate
0x00007fff2b1b5000 	/System/Library/PrivateFrameworks/IconServices.framework/Versions/A/IconServices
0x00007fff283dc000 	/System/Library/Frameworks/IOSurface.framework/Versions/A/IOSurface
0x00007fff26580000 	/usr/lib/libDiagnosticMessagesClient.dylib
0x00007fff28a7d000 	/System/Library/PrivateFrameworks/DFRFoundation.framework/Versions/A/DFRFoundation
0x00007fff2265b000 	/usr/lib/libicucore.A.dylib
0x00007fff2ccba000 	/System/Library/Frameworks/AudioToolbox.framework/Versions/A/AudioToolbox
0x00007fff2bf42000 	/System/Library/PrivateFrameworks/DataDetectorsCore.framework/Versions/A/DataDetectorsCore
0x00007fff24c82000 	/usr/lib/libMobileGestalt.dylib
0x00007fff28781000 	/System/Library/Frameworks/Carbon.framework/Versions/A/Frameworks/HIToolbox.framework/Versions/A/HIToolbox
0x00007fff26cda000 	/System/Library/Frameworks/QuartzCore.framework/Versions/A/QuartzCore
0x00007fff2fcb3000 	/System/Library/Frameworks/Carbon.framework/Versions/A/Frameworks/SpeechRecognition.framework/Versions/A/SpeechRecognition
0x00007fff26ffa000 	/System/Library/PrivateFrameworks/CoreUI.framework/Versions/A/CoreUI
0x00007fff21c71000 	/System/Library/Frameworks/CoreAudio.framework/Versions/A/CoreAudio
0x00007fff2666b000 	/System/Library/Frameworks/DiskArbitration.framework/Versions/A/DiskArbitration
0x00007fff2bb45000 	/System/Library/PrivateFrameworks/MultitouchSupport.framework/Versions/A/MultitouchSupport
0x00007fff2bf39000 	/System/Library/PrivateFrameworks/InternationalSupport.framework/Versions/A/InternationalSupport
0x00007fff24c81000 	/usr/lib/libenergytrace.dylib
0x00007fff22c2b000 	/System/Library/Frameworks/IOKit.framework/Versions/A/IOKit
0x00007fff2ffe6000 	/System/Library/Frameworks/CoreServices.framework/Versions/A/CoreServices
0x00007fff27227000 	/System/Library/PrivateFrameworks/PerformanceAnalysis.framework/Versions/A/PerformanceAnalysis
0x00007fff6bb53000 	/System/Library/Frameworks/OpenGL.framework/Versions/A/OpenGL
0x00007fff2bfbd000 	/System/Library/PrivateFrameworks/UserActivity.framework/Versions/A/UserActivity
0x00007fff256ff000 	/System/Library/Frameworks/ColorSync.framework/Versions/A/ColorSync
0x00007fff28cfc000 	/System/Library/Frameworks/CoreImage.framework/Versions/A/CoreImage
0x00007fff21a8b000 	/System/Library/Frameworks/CoreText.framework/Versions/A/CoreText
0x00007fff28abf000 	/System/Library/Frameworks/ImageIO.framework/Versions/A/ImageIO
0x00007fff2a653000 	/System/Library/PrivateFrameworks/SoftLinking.framework/Versions/A/SoftLinking
0x00007fff272e0000 	/usr/lib/libxml2.2.dylib
0x00007fff2a8c4000 	/usr/lib/libcompression.dylib
0x00007fff2be6b000 	/System/Library/PrivateFrameworks/TextureIO.framework/Versions/A/TextureIO
0x00007fff2aef3000 	/usr/lib/libate.dylib
0x00007fff2acd8000 	/usr/lib/liblzma.5.dylib
0x00007fff20faf000 	/System/Library/Frameworks/SystemConfiguration.framework/Versions/A/SystemConfiguration
0x00007fff2a64f000 	/usr/lib/libfakelink.dylib
0x00007fff247d3000 	/System/Library/Frameworks/CFNetwork.framework/Versions/A/CFNetwork
0x00007fff2a78f000 	/usr/lib/libarchive.2.dylib
0x00007fff2102d000 	/usr/lib/libCRFSuite.dylib
0x00007fff29e00000 	/usr/lib/libbsm.0.dylib
0x00007fff2414c000 	/usr/lib/libnetwork.dylib
0x00007fff2a654000 	/usr/lib/libpcap.A.dylib
0x00007fff263b5000 	/usr/lib/libdns_services.dylib
0x00007fff2acf1000 	/usr/lib/libcoretls_cfhelpers.dylib
0x00007fff2a88e000 	/usr/lib/libapple_nghttp2.dylib
0x00007fff2a5e7000 	/usr/lib/system/libkxld.dylib
0x00007fff2602e000 	/usr/lib/libsqlite3.dylib
0x00007fff2a367000 	/System/Library/PrivateFrameworks/AppleFSCompression.framework/Versions/A/AppleFSCompression
0x00007fff29de8000 	/usr/lib/libcoretls.dylib
0x00007fff2a8bf000 	/usr/lib/libpam.2.dylib
0x00007fff2adef000 	/usr/lib/libxar.1.dylib
0x00007fff290ea000 	/System/Library/PrivateFrameworks/AppleSystemInfo.framework/Versions/A/AppleSystemInfo
0x00007fff29a2a000 	/System/Library/PrivateFrameworks/IOMobileFramebuffer.framework/Versions/A/IOMobileFramebuffer
0x00007fff2a377000 	/usr/lib/libbz2.1.0.dylib
0x00007fff2a68c000 	/usr/lib/libiconv.2.dylib
0x00007fff2a5e0000 	/usr/lib/libcharset.1.dylib
0x00007fff27263000 	/System/Library/Frameworks/CoreServices.framework/Versions/A/Frameworks/FSEvents.framework/Versions/A/FSEvents
0x00007fff228c5000 	/System/Library/Frameworks/CoreServices.framework/Versions/A/Frameworks/CarbonCore.framework/Versions/A/CarbonCore
0x00007fff265d0000 	/System/Library/Frameworks/CoreServices.framework/Versions/A/Frameworks/Metadata.framework/Versions/A/Metadata
0x00007fff2a389000 	/System/Library/Frameworks/CoreServices.framework/Versions/A/Frameworks/OSServices.framework/Versions/A/OSServices
0x00007fff2a801000 	/System/Library/Frameworks/CoreServices.framework/Versions/A/Frameworks/SearchKit.framework/Versions/A/SearchKit
0x00007fff26340000 	/System/Library/Frameworks/CoreServices.framework/Versions/A/Frameworks/AE.framework/Versions/A/AE
0x00007fff2098a000 	/System/Library/Frameworks/CoreServices.framework/Versions/A/Frameworks/LaunchServices.framework/Versions/A/LaunchServices
0x00007fff2ac88000 	/System/Library/Frameworks/CoreServices.framework/Versions/A/Frameworks/DictionaryServices.framework/Versions/A/DictionaryServices
0x00007fff27270000 	/System/Library/Frameworks/CoreServices.framework/Versions/A/Frameworks/SharedFileList.framework/Versions/A/SharedFileList
0x00007fff29ddc000 	/usr/lib/libCheckFix.dylib
0x00007fff24cf6000 	/System/Library/PrivateFrameworks/TCC.framework/Versions/A/TCC
0x00007fff290f0000 	/System/Library/PrivateFrameworks/CoreNLP.framework/Versions/A/CoreNLP
0x00007fff26583000 	/System/Library/PrivateFrameworks/MetadataUtilities.framework/Versions/A/MetadataUtilities
0x00007fff21062000 	/usr/lib/libmecabra.dylib
0x00007fff2a0e6000 	/System/Library/Frameworks/MLCompute.framework/Versions/A/MLCompute
0x00007fff29e11000 	/usr/lib/libmecab.dylib
0x00007fff29e5b000 	/usr/lib/libgermantok.dylib
0x00007fff2a869000 	/usr/lib/libThaiTokenizer.dylib
0x00007fff2ae2a000 	/usr/lib/libChineseTokenizer.dylib
0x00007fff2a8bd000 	/System/Library/Frameworks/MetalPerformanceShaders.framework/Versions/A/MetalPerformanceShaders
0x00007fff26672000 	/System/Library/Frameworks/Accelerate.framework/Versions/A/Frameworks/vImage.framework/Versions/A/vImage
0x00007fff2ffc0000 	/System/Library/Frameworks/Accelerate.framework/Versions/A/Frameworks/vecLib.framework/Versions/A/vecLib
0x00007fff2ae35000 	/System/Library/Frameworks/Accelerate.framework/Versions/A/Frameworks/vecLib.framework/Versions/A/libvMisc.dylib
0x00007fff29845000 	/System/Library/Frameworks/Accelerate.framework/Versions/A/Frameworks/vecLib.framework/Versions/A/libvDSP.dylib
0x00007fff20c95000 	/System/Library/Frameworks/Accelerate.framework/Versions/A/Frameworks/vecLib.framework/Versions/A/libBLAS.dylib
0x00007fff2a8ea000 	/System/Library/Frameworks/Accelerate.framework/Versions/A/Frameworks/vecLib.framework/Versions/A/libLAPACK.dylib
0x00007fff29e61000 	/System/Library/Frameworks/Accelerate.framework/Versions/A/Frameworks/vecLib.framework/Versions/A/libLinearAlgebra.dylib
0x00007fff2a8a6000 	/System/Library/Frameworks/Accelerate.framework/Versions/A/Frameworks/vecLib.framework/Versions/A/libSparseBLAS.dylib
0x00007fff2a8e4000 	/System/Library/Frameworks/Accelerate.framework/Versions/A/Frameworks/vecLib.framework/Versions/A/libQuadrature.dylib
0x00007fff2919c000 	/System/Library/Frameworks/Accelerate.framework/Versions/A/Frameworks/vecLib.framework/Versions/A/libBNNS.dylib
0x00007fff20f40000 	/System/Library/Frameworks/Accelerate.framework/Versions/A/Frameworks/vecLib.framework/Versions/A/libSparse.dylib
0x00007fff29078000 	/System/Library/Frameworks/MetalPerformanceShaders.framework/Versions/A/Frameworks/MPSCore.framework/Versions/A/MPSCore
0x00007fff2a2d6000 	/System/Library/Frameworks/MetalPerformanceShaders.framework/Versions/A/Frameworks/MPSImage.framework/Versions/A/MPSImage
0x00007fff29e77000 	/System/Library/Frameworks/MetalPerformanceShaders.framework/Versions/A/Frameworks/MPSNeuralNetwork.framework/Versions/A/MPSNeuralNetwork
0x00007fff2a248000 	/System/Library/Frameworks/MetalPerformanceShaders.framework/Versions/A/Frameworks/MPSMatrix.framework/Versions/A/MPSMatrix
0x00007fff2a096000 	/System/Library/Frameworks/MetalPerformanceShaders.framework/Versions/A/Frameworks/MPSRayIntersector.framework/Versions/A/MPSRayIntersector
0x00007fff2a27f000 	/System/Library/Frameworks/MetalPerformanceShaders.framework/Versions/A/Frameworks/MPSNDArray.framework/Versions/A/MPSNDArray
0x00007fff20bc0000 	/System/Library/PrivateFrameworks/MetalTools.framework/Versions/A/MetalTools
0x00007fff290e8000 	/System/Library/PrivateFrameworks/AggregateDictionary.framework/Versions/A/AggregateDictionary
0x00007fff26550000 	/System/Library/PrivateFrameworks/CoreAnalytics.framework/Versions/A/CoreAnalytics
0x00007fff2a86b000 	/System/Library/PrivateFrameworks/AppleSauce.framework/Versions/A/AppleSauce
0x00007fff283ee000 	/System/Library/PrivateFrameworks/IOAccelerator.framework/Versions/A/IOAccelerator
0x00007fff6bb47000 	/System/Library/Frameworks/OpenGL.framework/Versions/A/Libraries/libCoreFSCache.dylib
0x00007fff215fa000 	/System/Library/PrivateFrameworks/LanguageModeling.framework/Versions/A/LanguageModeling
0x00007fff29a18000 	/System/Library/PrivateFrameworks/CoreEmoji.framework/Versions/A/CoreEmoji
0x00007fff29195000 	/System/Library/PrivateFrameworks/LinguisticData.framework/Versions/A/LinguisticData
0x00007fff20ef2000 	/System/Library/PrivateFrameworks/Lexicon.framework/Versions/A/Lexicon
0x00007fff2a77d000 	/usr/lib/libcmph.dylib
0x00007fff27243000 	/System/Library/Frameworks/OpenDirectory.framework/Versions/A/Frameworks/CFOpenDirectory.framework/Versions/A/CFOpenDirectory
0x00007fff27233000 	/System/Library/Frameworks/OpenDirectory.framework/Versions/A/OpenDirectory
0x00007fff2acf3000 	/System/Library/PrivateFrameworks/APFS.framework/Versions/A/APFS
0x00007fff29d3e000 	/System/Library/Frameworks/SecurityFoundation.framework/Versions/A/SecurityFoundation
0x00007fff2adfd000 	/usr/lib/libutil.dylib
0x00007fff22bf0000 	/System/Library/PrivateFrameworks/CoreServicesStore.framework/Versions/A/CoreServicesStore
0x00007fff29dd4000 	/System/Library/Frameworks/ServiceManagement.framework/Versions/A/ServiceManagement
0x00007fff2ae01000 	/usr/lib/libxslt.1.dylib
0x00007fff29dca000 	/System/Library/PrivateFrameworks/BackgroundTaskManagement.framework/Versions/A/BackgroundTaskManagement
0x00007fff2bdb5000 	/System/Library/Frameworks/ImageIO.framework/Versions/A/Resources/libRadiance.dylib
0x00007fff2bdbf000 	/System/Library/Frameworks/ImageIO.framework/Versions/A/Resources/libJPEG.dylib
0x00007fff2bd0f000 	/System/Library/Frameworks/ImageIO.framework/Versions/A/Resources/libPng.dylib
0x00007fff2bd30000 	/System/Library/Frameworks/ImageIO.framework/Versions/A/Resources/libTIFF.dylib
0x00007fff2be14000 	/System/Library/Frameworks/ImageIO.framework/Versions/A/Resources/libGIF.dylib
0x00007fff2ba61000 	/System/Library/Frameworks/ImageIO.framework/Versions/A/Resources/libJP2.dylib
0x00007fff2b17c000 	/usr/lib/libexpat.1.dylib
0x00007fff2ba17000 	/System/Library/PrivateFrameworks/AppleJPEG.framework/Versions/A/AppleJPEG
0x00007fff28624000 	/System/Library/PrivateFrameworks/FontServices.framework/libFontParser.dylib
0x00007fff262f7000 	/System/Library/PrivateFrameworks/RunningBoardServices.framework/Versions/A/RunningBoardServices
0x00007fff2bb41000 	/System/Library/PrivateFrameworks/WatchdogClient.framework/Versions/A/WatchdogClient
0x00007fff216e3000 	/System/Library/Frameworks/CoreDisplay.framework/Versions/A/CoreDisplay
0x00007fff28539000 	/System/Library/Frameworks/CoreMedia.framework/Versions/A/CoreMedia
0x00007fff273c3000 	/System/Library/Frameworks/CoreVideo.framework/Versions/A/CoreVideo
0x00007fff2bb7c000 	/System/Library/Frameworks/VideoToolbox.framework/Versions/A/VideoToolbox
0x00007fff26277000 	/System/Library/PrivateFrameworks/BaseBoard.framework/Versions/A/BaseBoard
0x00007fff2b2c1000 	/System/Library/PrivateFrameworks/PersistentConnection.framework/Versions/A/PersistentConnection
0x00007fff26018000 	/System/Library/PrivateFrameworks/ProtocolBuffer.framework/Versions/A/ProtocolBuffer
0x00007fff2625f000 	/System/Library/PrivateFrameworks/CommonUtilities.framework/Versions/A/CommonUtilities
0x00007fff2b9da000 	/System/Library/PrivateFrameworks/Bom.framework/Versions/A/Bom
0x00007fff2bdad000 	/System/Library/PrivateFrameworks/GPUWrangler.framework/Versions/A/GPUWrangler
0x00007fff2bd90000 	/System/Library/PrivateFrameworks/IOPresentment.framework/Versions/A/IOPresentment
0x00007fff2bdb9000 	/System/Library/PrivateFrameworks/DSExternalDisplay.framework/Versions/A/DSExternalDisplay
0x00007fff2be19000 	/System/Library/PrivateFrameworks/CMCaptureCore.framework/Versions/A/CMCaptureCore
0x00007fff2b75d000 	/System/Library/PrivateFrameworks/AppServerSupport.framework/Versions/A/AppServerSupport
0x00007fff2d7f4000 	/System/Library/PrivateFrameworks/perfdata.framework/Versions/A/perfdata
0x00007fff29d2d000 	/System/Library/PrivateFrameworks/AssertionServices.framework/Versions/A/AssertionServices
0x00007fff2181a000 	/System/Library/PrivateFrameworks/AudioToolboxCore.framework/Versions/A/AudioToolboxCore
0x00007fff2851c000 	/System/Library/PrivateFrameworks/caulk.framework/Versions/A/caulk
0x00007fff3cca0000 	/System/Library/PrivateFrameworks/SystemPolicy.framework/Versions/A/SystemPolicy
0x00007fff2af8b000 	/usr/lib/libIOReport.dylib
0x00007fff2d030000 	/usr/lib/libSMC.dylib
0x00007fff2bcdb000 	/usr/lib/libAudioToolboxUtility.dylib
0x00007fff3d5fd000 	/usr/lib/libmis.dylib
0x00007fff6bba3000 	/System/Library/Frameworks/OpenGL.framework/Versions/A/Libraries/libGLU.dylib
0x00007fff6bb66000 	/System/Library/Frameworks/OpenGL.framework/Versions/A/Libraries/libGFXShared.dylib
0x00007fff6bd74000 	/System/Library/Frameworks/OpenGL.framework/Versions/A/Libraries/libGL.dylib
0x00007fff6bb6f000 	/System/Library/Frameworks/OpenGL.framework/Versions/A/Libraries/libGLImage.dylib
0x00007fff6bb63000 	/System/Library/Frameworks/OpenGL.framework/Versions/A/Libraries/libCVMSPluginSupport.dylib
0x00007fff6bb4e000 	/System/Library/Frameworks/OpenGL.framework/Versions/A/Libraries/libCoreVMClient.dylib
0x00007fff6d1be000 	/System/Library/Frameworks/OpenCL.framework/Versions/A/OpenCL
0x00007fff2b2ea000 	/System/Library/PrivateFrameworks/GraphVisualizer.framework/Versions/A/GraphVisualizer
0x00007fff2b2f9000 	/System/Library/PrivateFrameworks/FaceCore.framework/Versions/A/FaceCore
0x00007fff2b715000 	/System/Library/PrivateFrameworks/OTSVG.framework/Versions/A/OTSVG
0x00007fff26fb8000 	/System/Library/Frameworks/ApplicationServices.framework/Versions/A/Frameworks/ATS.framework/Versions/A/Resources/libFontRegistry.dylib
0x00007fff2b764000 	/System/Library/PrivateFrameworks/FontServices.framework/libhvf.dylib
0x00007fff2b128000 	/System/Library/PrivateFrameworks/AppleVA.framework/Versions/A/AppleVA
0x00007fff2ce78000 	/System/Library/Frameworks/ApplicationServices.framework/Versions/A/Frameworks/ATS.framework/Versions/A/ATS
0x00007fff2d18b000 	/System/Library/Frameworks/ApplicationServices.framework/Versions/A/Frameworks/ColorSyncLegacy.framework/Versions/A/ColorSyncLegacy
0x00007fff257f6000 	/System/Library/Frameworks/ApplicationServices.framework/Versions/A/Frameworks/HIServices.framework/Versions/A/HIServices
0x00007fff2d170000 	/System/Library/Frameworks/ApplicationServices.framework/Versions/A/Frameworks/LangAnalysis.framework/Versions/A/LangAnalysis
0x00007fff2be23000 	/System/Library/Frameworks/ApplicationServices.framework/Versions/A/Frameworks/PrintCore.framework/Versions/A/PrintCore
0x00007fff2d193000 	/System/Library/Frameworks/ApplicationServices.framework/Versions/A/Frameworks/QD.framework/Versions/A/QD
0x00007fff2ce68000 	/System/Library/Frameworks/ApplicationServices.framework/Versions/A/Frameworks/SpeechSynthesis.framework/Versions/A/SpeechSynthesis
0x00007fff2bde4000 	/System/Library/Frameworks/ApplicationServices.framework/Versions/A/Frameworks/ATSUI.framework/Versions/A/ATSUI
0x00007fff2d110000 	/usr/lib/libcups.2.dylib
0x00007fff2d180000 	/System/Library/PrivateFrameworks/NetAuth.framework/Versions/A/NetAuth
0x00007fff2d80f000 	/System/Library/Frameworks/Kerberos.framework/Versions/A/Kerberos
0x00007fff2d81f000 	/System/Library/Frameworks/GSS.framework/Versions/A/GSS
0x00007fff2cee5000 	/usr/lib/libresolv.9.dylib
0x00007fff2b77a000 	/System/Library/PrivateFrameworks/Heimdal.framework/Versions/A/Heimdal
0x00007fff334d6000 	/System/Library/Frameworks/Kerberos.framework/Versions/A/Libraries/libHeimdalProxy.dylib
0x00007fff263c4000 	/System/Library/Frameworks/Network.framework/Versions/A/Network
0x00007fff2b196000 	/usr/lib/libheimdal-asn1.dylib
0x00007fff2d870000 	/System/Library/PrivateFrameworks/CommonAuth.framework/Versions/A/CommonAuth
0x00007fff27411000 	/System/Library/PrivateFrameworks/login.framework/Versions/A/Frameworks/loginsupport.framework/Versions/A/loginsupport
0x00007fff2cdef000 	/System/Library/PrivateFrameworks/AudioSession.framework/Versions/A/AudioSession
0x00007fff2ce55000 	/usr/lib/libAudioStatistics.dylib
0x00007fff2b222000 	/System/Library/PrivateFrameworks/MediaExperience.framework/Versions/A/MediaExperience
0x00007fff2cc88000 	/System/Library/PrivateFrameworks/AudioSession.framework/libSessionUtility.dylib
0x00007fff2d800000 	/usr/lib/libperfcheck.dylib
0x00007fff2d19f000 	/System/Library/PrivateFrameworks/AudioResourceArbitration.framework/Versions/A/AudioResourceArbitration
0x00007fff2b1a0000 	/System/Library/PrivateFrameworks/IconFoundation.framework/Versions/A/IconFoundation
0x00007fff2fca3000 	/System/Library/PrivateFrameworks/SpeechRecognitionCore.framework/Versions/A/SpeechRecognitionCore
0x000000010c800000 	/Library/Java/JavaVirtualMachines/jdk-14.0.1.jdk/Contents/Home/lib/server/libjvm.dylib
0x000000010a752000 	/Library/Java/JavaVirtualMachines/jdk-14.0.1.jdk/Contents/Home/lib/libjimage.dylib
0x000000010a7a7000 	/Library/Java/JavaVirtualMachines/jdk-14.0.1.jdk/Contents/Home/lib/libjava.dylib
0x000000010a7cf000 	/Library/Java/JavaVirtualMachines/jdk-14.0.1.jdk/Contents/Home/lib/libzip.dylib
0x000000010dba5000 	/Library/Java/JavaVirtualMachines/jdk-14.0.1.jdk/Contents/Home/lib/libnio.dylib
0x000000010dbb8000 	/Library/Java/JavaVirtualMachines/jdk-14.0.1.jdk/Contents/Home/lib/libnet.dylib
0x000000010dbd0000 	/private/var/folders/gd/1k6gf7yn51b89wq72200y5dr0000gn/T/libgdxmirandahunter/ccbdf3b/libgdx64.dylib
0x000000010dc08000 	/Library/Java/JavaVirtualMachines/jdk-14.0.1.jdk/Contents/Home/lib/libverify.dylib
0x000000010dc17000 	/Library/Java/JavaVirtualMachines/jdk-14.0.1.jdk/Contents/Home/lib/libawt.dylib
0x000000010dcb3000 	/Library/Java/JavaVirtualMachines/jdk-14.0.1.jdk/Contents/Home/lib/libmlib_image.dylib
0x00007fff6eaf7000 	/System/Library/Frameworks/JavaNativeFoundation.framework/Versions/A/JavaNativeFoundation
0x00007fff6eb03000 	/System/Library/Frameworks/JavaRuntimeSupport.framework/Versions/A/JavaRuntimeSupport
0x00007fff3c9ea000 	/System/Library/Frameworks/Carbon.framework/Versions/A/Carbon
0x00007fff31b14000 	/System/Library/PrivateFrameworks/CoreSymbolication.framework/Versions/A/CoreSymbolication
0x00007fff36481000 	/System/Library/Frameworks/Carbon.framework/Versions/A/Frameworks/CommonPanels.framework/Versions/A/CommonPanels
0x00007fff32f6b000 	/System/Library/Frameworks/Carbon.framework/Versions/A/Frameworks/Help.framework/Versions/A/Help
0x00007fff36485000 	/System/Library/Frameworks/Carbon.framework/Versions/A/Frameworks/ImageCapture.framework/Versions/A/ImageCapture
0x00007fff36455000 	/System/Library/Frameworks/Carbon.framework/Versions/A/Frameworks/OpenScripting.framework/Versions/A/OpenScripting
0x00007fff3647d000 	/System/Library/Frameworks/Carbon.framework/Versions/A/Frameworks/Ink.framework/Versions/A/Ink
0x00007fff3c9e6000 	/System/Library/Frameworks/Carbon.framework/Versions/A/Frameworks/Print.framework/Versions/A/Print
0x00007fff36479000 	/System/Library/Frameworks/Carbon.framework/Versions/A/Frameworks/SecurityHI.framework/Versions/A/SecurityHI
0x00007fff31ad8000 	/System/Library/PrivateFrameworks/DebugSymbols.framework/Versions/A/DebugSymbols
0x000000012e4ef000 	/Library/Java/JavaVirtualMachines/jdk-14.0.1.jdk/Contents/Home/lib/libawt_lwawt.dylib
0x000000010dd1f000 	/Library/Java/JavaVirtualMachines/jdk-14.0.1.jdk/Contents/Home/lib/libosxapp.dylib
0x00007fff3c001000 	/System/Library/Frameworks/ExceptionHandling.framework/Versions/A/ExceptionHandling
0x000000012e5a1000 	/Library/Java/JavaVirtualMachines/jdk-14.0.1.jdk/Contents/Home/lib/libfontmanager.dylib
0x000000012e6a7000 	/Library/Java/JavaVirtualMachines/jdk-14.0.1.jdk/Contents/Home/lib/libfreetype.dylib
0x00007fff22bb1000 	/System/Library/PrivateFrameworks/CoreServicesInternal.framework/Versions/A/CoreServicesInternal
0x00007fff3102a000 	/System/Library/Frameworks/FileProvider.framework/Versions/A/FileProvider
0x00007fff261e2000 	/System/Library/Frameworks/Accounts.framework/Versions/A/Accounts
0x00007fff3117a000 	/System/Library/PrivateFrameworks/GenerationalStorage.framework/Versions/A/GenerationalStorage
0x00007fff30a4a000 	/System/Library/PrivateFrameworks/SymptomDiagnosticReporter.framework/Versions/A/SymptomDiagnosticReporter
0x00007fff23ce2000 	/System/Library/PrivateFrameworks/DesktopServicesPriv.framework/Versions/A/DesktopServicesPriv
0x00007fff22ce6000 	/usr/lib/libsandbox.1.dylib
0x00007fff2743c000 	/System/Library/PrivateFrameworks/UserManagement.framework/Versions/A/UserManagement
0x00007fff29d0a000 	/System/Library/PrivateFrameworks/MobileKeyBag.framework/Versions/A/MobileKeyBag
0x00007fff34559000 	/System/Library/PrivateFrameworks/ChunkingLibrary.framework/Versions/A/ChunkingLibrary
0x00007fff2e233000 	/System/Library/PrivateFrameworks/Sharing.framework/Versions/A/Sharing
0x00007fff32ad8000 	/System/Library/PrivateFrameworks/Apple80211.framework/Versions/A/Apple80211
0x00007fff2a3b7000 	/System/Library/PrivateFrameworks/AuthKit.framework/Versions/A/AuthKit
0x00007fff29b08000 	/System/Library/PrivateFrameworks/CoreUtils.framework/Versions/A/CoreUtils
0x00007fff29a35000 	/System/Library/Frameworks/CoreWLAN.framework/Versions/A/CoreWLAN
0x00007fff2e37f000 	/System/Library/Frameworks/IOBluetooth.framework/Versions/A/IOBluetooth
0x00007fff32b3c000 	/System/Library/PrivateFrameworks/CoreWiFi.framework/Versions/A/CoreWiFi
0x00007fff2d8f6000 	/System/Library/PrivateFrameworks/CorePhoneNumbers.framework/Versions/A/CorePhoneNumbers
0x00007fff30b51000 	/System/Library/PrivateFrameworks/DiskManagement.framework/Versions/A/DiskManagement
0x00007fff30a67000 	/System/Library/PrivateFrameworks/AppleIDAuthSupport.framework/Versions/A/AppleIDAuthSupport
0x00007fff2d8d6000 	/System/Library/PrivateFrameworks/KeychainCircle.framework/Versions/A/KeychainCircle
0x00007fff30b1d000 	/System/Library/PrivateFrameworks/MediaKit.framework/Versions/A/MediaKit
0x00007fff30a74000 	/System/Library/Frameworks/DiscRecording.framework/Versions/A/DiscRecording
0x00007fff2b09c000 	/usr/lib/libCoreStorage.dylib
0x00007fff32f77000 	/usr/lib/libcsfde.dylib
0x00007fff2e4ba000 	/System/Library/PrivateFrameworks/ProtectedCloudStorage.framework/Versions/A/ProtectedCloudStorage
0x00007fff32f6f000 	/System/Library/PrivateFrameworks/EFILogin.framework/Versions/A/EFILogin
0x00007fff33589000 	/System/Library/Frameworks/AudioUnit.framework/Versions/A/AudioUnit
0x00007fff309e4000 	/System/Library/Frameworks/CoreBluetooth.framework/Versions/A/CoreBluetooth
0x00007fff2b094000 	/usr/lib/libMatch.1.dylib
0x00007fff43871000 	/System/Library/CoreServices/RawCamera.bundle/Contents/MacOS/RawCamera
0x00007fff2d881000 	/System/Library/PrivateFrameworks/MobileAsset.framework/Versions/A/MobileAsset
0x00007fff335ad000 	/System/Library/PrivateFrameworks/StreamingZip.framework/Versions/A/StreamingZip
0x00007fff2c01b000 	/System/Library/Frameworks/MediaToolbox.framework/Versions/A/MediaToolbox
0x00007fff30ffc000 	/System/Library/PrivateFrameworks/CoreAVCHD.framework/Versions/A/CoreAVCHD
0x00007fff301e3000 	/System/Library/Frameworks/MediaAccessibility.framework/Versions/A/MediaAccessibility
0x00007fff30ff8000 	/System/Library/PrivateFrameworks/Mangrove.framework/Versions/A/Mangrove
0x00007fff301ef000 	/System/Library/PrivateFrameworks/AlgosScoreFramework.framework/Versions/A/AlgosScoreFramework
0x00007fff319e6000 	/System/Library/PrivateFrameworks/AppleVPA.framework/Versions/A/AppleVPA
0x00007fff30c3d000 	/System/Library/PrivateFrameworks/CoreAUC.framework/Versions/A/CoreAUC
0x00007fff412c4000 	/System/Library/Frameworks/Accelerate.framework/Versions/A/Frameworks/vImage.framework/Versions/A/Libraries/libCGInterfaces.dylib
0x000000013027e000 	/usr/lib/libobjc-trampolines.dylib
0x00007fff2713b000 	/System/Library/PrivateFrameworks/ViewBridge.framework/Versions/A/ViewBridge
0x00007fff2af93000 	/System/Library/PrivateFrameworks/CrashReporterSupport.framework/Versions/A/CrashReporterSupport
0x00007fff479ed000 	/System/Library/PrivateFrameworks/OSAnalytics.framework/Versions/A/OSAnalytics
0x00007fff779f2000 	/usr/lib/libRosetta.dylib
0x00007fff32efe000 	/System/Library/PrivateFrameworks/RemoteServiceDiscovery.framework/Versions/A/RemoteServiceDiscovery
0x00007fff516ac000 	/System/Library/PrivateFrameworks/Symbolication.framework/Versions/A/Symbolication
0x00007fff3d5dd000 	/System/Library/PrivateFrameworks/MallocStackLogging.framework/Versions/A/MallocStackLogging
0x000000013182d000 	/private/var/folders/gd/1k6gf7yn51b89wq72200y5dr0000gn/T/libgdxmirandahunter/f7649394/liblwjgl.dylib
0x0000000131047000 	/Library/Java/JavaVirtualMachines/jdk-14.0.1.jdk/Contents/Home/lib/libjawt.dylib
0x00000001318af000 	/private/var/folders/gd/1k6gf7yn51b89wq72200y5dr0000gn/T/libgdxmirandahunter/f7649394/openal.dylib
0x000000013190b000 	/System/Library/Components/CoreAudio.component/Contents/MacOS/CoreAudio
0x00007fff6bd7f000 	/System/Library/Frameworks/OpenGL.framework/Versions/A/Resources/GLEngine.bundle/GLEngine
0x00007fff6bbe0000 	/System/Library/Frameworks/OpenGL.framework/Versions/A/Libraries/libGLProgrammability.dylib
0x00007fff5ef63000 	/System/Library/Extensions/AppleIntelKBLGraphicsGLDriver.bundle/Contents/MacOS/AppleIntelKBLGraphicsGLDriver
0x00007fff463b7000 	/System/Library/PrivateFrameworks/GPUSupport.framework/Versions/A/Libraries/libGPUSupportMercury.dylib
0x00007fff6befd000 	/System/Library/Frameworks/OpenGL.framework/Versions/A/Resources/GLRendererFloat.bundle/GLRendererFloat
0x00007fff2b83b000 	/System/Library/PrivateFrameworks/login.framework/Versions/A/login


VM Arguments:
jvm_args: -Dfile.encoding=UTF-8 -XX:+ShowCodeDetailsInExceptionMessages 
java_command: com.mygdx.game.desktop.DesktopLauncher
java_class_path (initial): /Users/mirandahunter/FinalProjectRepository/desktop/bin/main:/ShootsAndLadders-core/bin/default:/Users/mirandahunter/FinalProjectRepository/core/bin/main:/Users/mirandahunter/.gradle/caches/modules-2/files-2.1/com.badlogicgames.gdx/gdx-backend-lwjgl/1.10.0/58ff89d9e4fd8a82591367f187d606e781cacc05/gdx-backend-lwjgl-1.10.0.jar:/Users/mirandahunter/.gradle/caches/modules-2/files-2.1/com.badlogicgames.gdx/gdx-platform/1.10.0/9a8fa793d2fd6d360afc6c9e4c1f5583da263b88/gdx-platform-1.10.0-natives-desktop.jar:/Users/mirandahunter/.gradle/caches/modules-2/files-2.1/com.badlogicgames.gdx/gdx-box2d-platform/1.10.0/588c4191c5a64ed39365e71484aa37d81c38eb5e/gdx-box2d-platform-1.10.0-natives-desktop.jar:/Users/mirandahunter/.gradle/caches/modules-2/files-2.1/com.badlogicgames.gdx/gdx-box2d/1.10.0/b3a3c0f00b90716238835434d0ae8985604c37f8/gdx-box2d-1.10.0.jar:/Users/mirandahunter/.gradle/caches/modules-2/files-2.1/com.badlogicgames.gdx/gdx/1.10.0/74c240f79dc4fb6b766a834249600d0a019d0489/gdx-1.10.0.jar:/Users/mirandahunter/.gradle/caches/modules-2/files-2.1/org.lwjgl.lwjgl/lwjgl_util/2.9.3/751f06b62424da056954c67288fd5c494431e350/lwjgl_util-2.9.3.jar:/Users/mirandahunter/.gradle/caches/modules-2/files-2.1/org.lwjgl.lwjgl/lwjgl/2.9.3/3df168ac74e4a8c96562cdff24ad352e255bf89c/lwjgl-2.9.3.jar:/Users/mirandahunter/.gradle/caches/modules-2/files-2.1/com.badlogicgames.jlayer/jlayer/1.0.1-gdx/7cca83cec5c1b2f011362f4d85aabd71a73b049d/jlayer-1.0.1-gdx.jar:/Users/mirandahunter/.gradle/caches/modules-2/files-2.1/org.jcraft/jorbis/0.0.17/8872d22b293e8f5d7d56ff92be966e6dc28ebdc6/jorbis-0.0.17.jar:/Users/mirandahunter/.gradle/caches/modules-2/files-2.1/org.lwjgl.lwjgl/lwjgl-platform/2.9.3/fbc2afb3e288578e9942578decb6291a490549a0/lwjgl-platform-2.9.3-natives-windows.jar:/Users/mirandahunter/.gradle/caches/modules-2/files-2.1/org.lwjgl.lwjgl/lwjgl-platform/2.9.3/b1eafe80093381c56415731e1d64279e6140bcd0/lwjgl-platform-2.9.3-natives-linux.jar:/Users/mirandahunter/.gradle/cac
Launcher Type: SUN_STANDARD

[Global flags]
     intx CICompilerCount                          = 3                                         {product} {ergonomic}
     uint ConcGCThreads                            = 1                                         {product} {ergonomic}
     uint G1ConcRefinementThreads                  = 4                                         {product} {ergonomic}
   size_t G1HeapRegionSize                         = 1048576                                   {product} {ergonomic}
    uintx GCDrainStackTargetSize                   = 64                                        {product} {ergonomic}
   size_t InitialHeapSize                          = 134217728                                 {product} {ergonomic}
   size_t MarkStackSize                            = 4194304                                   {product} {ergonomic}
   size_t MaxHeapSize                              = 2147483648                                {product} {ergonomic}
   size_t MaxNewSize                               = 1287651328                                {product} {ergonomic}
   size_t MinHeapDeltaBytes                        = 1048576                                   {product} {ergonomic}
   size_t MinHeapSize                              = 8388608                                   {product} {ergonomic}
    uintx NonNMethodCodeHeapSize                   = 5832780                                {pd product} {ergonomic}
    uintx NonProfiledCodeHeapSize                  = 122912730                              {pd product} {ergonomic}
    uintx ProfiledCodeHeapSize                     = 122912730                              {pd product} {ergonomic}
    uintx ReservedCodeCacheSize                    = 251658240                              {pd product} {ergonomic}
     bool SegmentedCodeCache                       = true                                      {product} {ergonomic}
     bool ShowCodeDetailsInExceptionMessages       = true                                   {manageable} {command line}
   size_t SoftMaxHeapSize                          = 2147483648                             {manageable} {ergonomic}
     bool UseCompressedClassPointers               = true                                 {lp64_product} {ergonomic}
     bool UseCompressedOops                        = true                                 {lp64_product} {ergonomic}
     bool UseG1GC                                  = true                                      {product} {ergonomic}

Logging:
Log output configuration:
 #0: stdout all=warning uptime,level,tags
 #1: stderr all=off uptime,level,tags

Environment Variables:
PATH=/usr/bin:/bin:/usr/sbin:/sbin
SHELL=/bin/bash

Signal Handlers:
SIGSEGV: [libjvm.dylib+0x741570], sa_mask[0]=11111111011111110111111111111111, sa_flags=SA_ONSTACK|SA_RESTART|SA_SIGINFO
SIGBUS: [libjvm.dylib+0x741570], sa_mask[0]=11111111011111110111111111111111, sa_flags=SA_RESTART|SA_SIGINFO
SIGFPE: [libjvm.dylib+0x741570], sa_mask[0]=11111111011111110111111111111111, sa_flags=SA_RESTART|SA_SIGINFO
SIGPIPE: [libjvm.dylib+0x5eb393], sa_mask[0]=11111111011111110111111111111111, sa_flags=SA_RESTART|SA_SIGINFO
SIGXFSZ: [libjvm.dylib+0x5eb393], sa_mask[0]=11111111011111110111111111111111, sa_flags=SA_RESTART|SA_SIGINFO
SIGILL: [libjvm.dylib+0x741570], sa_mask[0]=11111111011111110111111111111111, sa_flags=SA_RESTART|SA_SIGINFO
SIGUSR2: [libjvm.dylib+0x5eb965], sa_mask[0]=00100000000000000000000000000000, sa_flags=SA_RESTART|SA_SIGINFO
SIGHUP: [libjvm.dylib+0x5ea9c7], sa_mask[0]=11111111011111110111111111111111, sa_flags=SA_RESTART|SA_SIGINFO
SIGINT: [libjvm.dylib+0x5ea9c7], sa_mask[0]=11111111011111110111111111111111, sa_flags=SA_RESTART|SA_SIGINFO
SIGTERM: [libjvm.dylib+0x5ea9c7], sa_mask[0]=11111111011111110111111111111111, sa_flags=SA_RESTART|SA_SIGINFO
SIGQUIT: [libjvm.dylib+0x5ea9c7], sa_mask[0]=11111111011111110111111111111111, sa_flags=SA_RESTART|SA_SIGINFO


---------------  S Y S T E M  ---------------

OS:uname:Darwin 20.6.0 Darwin Kernel Version 20.6.0: Mon Aug 30 06:12:21 PDT 2021; root:xnu-7195.141.6~3/RELEASE_X86_64 x86_64
OS uptime: 3 days 14:02 hours
rlimit: STACK 8192k, CORE 0k, NPROC 1392, NOFILE 10240, AS infinity, DATA infinity, FSIZE infinity
load average:9.67 5.78 3.70

CPU:total 4 (initial active 4) (2 cores per cpu, 2 threads per core) family 6 model 142 stepping 9, cmov, cx8, fxsr, mmx, sse, sse2, sse3, ssse3, sse4.1, sse4.2, popcnt, avx, avx2, aes, clmul, erms, 3dnowpref, lzcnt, ht, tsc, tscinvbit, bmi1, bmi2, adx, fma

Memory: 4k page, physical 8388608k(19764k free), swap 2097152k(973824k free)

vm_info: Java HotSpot(TM) 64-Bit Server VM (14.0.1+7) for bsd-amd64 JRE (14.0.1+7), built on Mar  5 2020 10:34:17 by "mach5one" with clang 4.2.1 Compatible Apple LLVM 10.0.0 (clang-1000.11.45.5)

END.
