#
# A fatal error has been detected by the Java Runtime Environment:
#
#  EXCEPTION_ACCESS_VIOLATION (0xc0000005) at pc=0x00007ff81d87ba83, pid=14760, tid=9248
#
# JRE version: Java(TM) SE Runtime Environment (14.0.1+7) (build 14.0.1+7)
# Java VM: Java HotSpot(TM) 64-Bit Server VM (14.0.1+7, mixed mode, sharing, tiered, compressed oops, g1 gc, windows-amd64)
# Problematic frame:
# C  [ig9icd64.dll+0x57ba83]
#
# No core dump will be written. Minidumps are not enabled by default on client versions of Windows
#
# If you would like to submit a bug report, please visit:
#   https://bugreport.java.com/bugreport/crash.jsp
# The crash happened outside the Java Virtual Machine in native code.
# See problematic frame for where to report the bug.
#

---------------  S U M M A R Y ------------

Command Line: -Dfile.encoding=UTF-8 -XX:+ShowCodeDetailsInExceptionMessages com.mygdx.game.desktop.DesktopLauncher

Host: Intel(R) Core(TM) i5-8250U CPU @ 1.60GHz, 8 cores, 7G,  Windows 10 , 64 bit Build 19041 (10.0.19041.1202)
Time: Mon Sep 20 16:10:44 2021 Mountain Daylight Time elapsed time: 571 seconds (0d 0h 9m 31s)

---------------  T H R E A D  ---------------

Current thread (0x00000149fe11d000):  JavaThread "LWJGL Application" [_thread_in_native, id=9248, stack(0x0000001a7fa00000,0x0000001a7fb00000)]

Stack: [0x0000001a7fa00000,0x0000001a7fb00000],  sp=0x0000001a7fafec10,  free space=1019k
Native frames: (J=compiled Java code, j=interpreted, Vv=VM code, C=native code)
C  [ig9icd64.dll+0x57ba83]

Java frames: (J=compiled Java code, j=interpreted, Vv=VM code)
J 830  org.lwjgl.opengl.GL11.nglDrawElements(IIIJJ)V (0 bytes) @ 0x00000149ef33da06 [0x00000149ef33d9a0+0x0000000000000066]
J 991 c2 com.badlogic.gdx.graphics.Mesh.render(Lcom/badlogic/gdx/graphics/glutils/ShaderProgram;IIIZ)V (341 bytes) @ 0x00000149ef392804 [0x00000149ef3925e0+0x0000000000000224]
J 975 c2 com.badlogic.gdx.graphics.g2d.SpriteBatch.flush()V (193 bytes) @ 0x00000149ef38764c [0x00000149ef387280+0x00000000000003cc]
J 1199 c2 com.mygdx.game.ShootsAndLadders.render()V (956 bytes) @ 0x00000149ef3e0adc [0x00000149ef3e0120+0x00000000000009bc]
j  com.badlogic.gdx.backends.lwjgl.LwjglApplication.mainLoop()V+776
j  com.badlogic.gdx.backends.lwjgl.LwjglApplication$1.run()V+27
v  ~StubRoutines::call_stub

siginfo: EXCEPTION_ACCESS_VIOLATION (0xc0000005), reading address 0x0000000000000000


Register to memory mapping:

RIP=0x00007ff81d87ba83 ig9icd64.dll
RAX=0x0 is NULL
RBX=0x00000149ff2bb6c0 points into unknown readable memory: ff ff ff ff ff ff ff ff
RCX=0x0 is NULL
RDX=0x0000014f6570ba20 points into unknown readable memory: 70 1e 31 ff 49 01 00 00
RSP=0x0000001a7fafec10 is pointing into the stack for thread: 0x00000149fe11d000
RBP=0x00000149ff311e70 points into unknown readable memory: 50 52 31 ff 49 01 00 00
RSI=0x0000014f6570ba20 points into unknown readable memory: 70 1e 31 ff 49 01 00 00
RDI=0x00000149feb4bdc0 points into unknown readable memory: 00 7f f4 50 f8 7f 00 00
R8 =0x0000014f6570ba20 points into unknown readable memory: 70 1e 31 ff 49 01 00 00
R9 =0x00000149feb4bdc0 points into unknown readable memory: 00 7f f4 50 f8 7f 00 00
R10=0x0 is NULL
R11=0x0000000000000246 is an unknown value
R12=0x0000001a7fafee58 is pointing into the stack for thread: 0x00000149fe11d000
R13=0x00000149feb4bdc0 points into unknown readable memory: 00 7f f4 50 f8 7f 00 00
R14=0x0000001a7fafee50 is pointing into the stack for thread: 0x00000149fe11d000
R15=0x00000149feb4bdc0 points into unknown readable memory: 00 7f f4 50 f8 7f 00 00


Registers:
RAX=0x0000000000000000, RBX=0x00000149ff2bb6c0, RCX=0x0000000000000000, RDX=0x0000014f6570ba20
RSP=0x0000001a7fafec10, RBP=0x00000149ff311e70, RSI=0x0000014f6570ba20, RDI=0x00000149feb4bdc0
R8 =0x0000014f6570ba20, R9 =0x00000149feb4bdc0, R10=0x0000000000000000, R11=0x0000000000000246
R12=0x0000001a7fafee58, R13=0x00000149feb4bdc0, R14=0x0000001a7fafee50, R15=0x00000149feb4bdc0
RIP=0x00007ff81d87ba83, EFLAGS=0x0000000000010202

Top of Stack: (sp=0x0000001a7fafec10)
0x0000001a7fafec10:   0000000000000000 00007ff81d878c3c
0x0000001a7fafec20:   000001498645ca00 00007ff81d862998
0x0000001a7fafec30:   0000000000000001 00007ff81d8627c5
0x0000001a7fafec40:   0000014f6570ba20 00000149ff2bb6c0
0x0000001a7fafec50:   00000149ff311e70 0000000000000001
0x0000001a7fafec60:   000001498645ca00 00000149feb4bfc8
0x0000001a7fafec70:   0000000000000000 00007ff81d8795f7
0x0000001a7fafec80:   000001498645ca00 00000149feb4bdc0
0x0000001a7fafec90:   000001498645ca00 000001498645cac8
0x0000001a7fafeca0:   0000000000000000 00007ff81d943ff6
0x0000001a7fafecb0:   00000149ff311e70 0000000000000030
0x0000001a7fafecc0:   0000000000000000 00000149feb4bdc0
0x0000001a7fafecd0:   0000000000000080 00007ff81d862ba0
0x0000001a7fafece0:   000001498645ca00 00000149ff2bb6c0
0x0000001a7fafecf0:   0000014f6570ba40 0000000000000080
0x0000001a7fafed00:   0000000000000000 0000014f00000000 

Instructions: (pc=0x00007ff81d87ba83)
0x00007ff81d87b983:   00 48 8b 80 e0 02 00 00 ff 15 6f 7c 56 00 48 29
0x00007ff81d87b993:   86 00 03 00 00 48 8b 8f a8 00 00 00 48 8b 51 08
0x00007ff81d87b9a3:   48 8b 01 48 89 02 48 8b 11 48 8b 41 08 48 89 42
0x00007ff81d87b9b3:   08 48 ff 8e f8 02 00 00 ba 18 00 00 00 e8 63 29
0x00007ff81d87b9c3:   f9 ff 4c 8b c7 48 8d 54 24 40 48 8d 8e b0 02 00
0x00007ff81d87b9d3:   00 e8 97 cb a9 ff 48 c7 44 24 40 00 00 00 00 48
0x00007ff81d87b9e3:   8d 4c 24 40 ff 15 03 77 56 00 48 8b 44 24 40 48
0x00007ff81d87b9f3:   89 85 b8 00 00 00 eb 02 33 ed 48 8b cb ff 15 2a
0x00007ff81d87ba03:   78 56 00 48 8b c5 48 8b 5c 24 48 48 8b 6c 24 50
0x00007ff81d87ba13:   48 8b 74 24 58 48 83 c4 20 41 5e 41 5c 5f c3 cc
0x00007ff81d87ba23:   cc cc cc cc cc cc cc cc cc cc cc cc cc 48 85 d2
0x00007ff81d87ba33:   0f 84 f4 00 00 00 48 89 5c 24 08 48 89 74 24 18
0x00007ff81d87ba43:   57 48 83 ec 20 48 8b f2 48 8b f9 48 8b 1d 73 30
0x00007ff81d87ba53:   98 00 48 89 5c 24 38 48 8b cb ff 15 9d 76 56 00
0x00007ff81d87ba63:   90 48 8b 87 80 02 00 00 48 89 86 90 04 00 00 48
0x00007ff81d87ba73:   89 b7 80 02 00 00 ff 87 88 02 00 00 48 8b 4e 08
0x00007ff81d87ba83:   48 8b 01 ba 01 00 00 00 48 8b 80 e0 02 00 00 ff
0x00007ff81d87ba93:   15 68 7b 56 00 48 01 87 a0 02 00 00 48 8b 4e 08
0x00007ff81d87baa3:   48 8b 01 ba 01 00 00 00 48 8b 80 e0 02 00 00 ff
0x00007ff81d87bab3:   15 48 7b 56 00 0f b7 c8 48 8b 97 90 02 00 00 48
0x00007ff81d87bac3:   2b d1 48 8d 88 00 00 01 00 48 03 ca 48 89 8f 90
0x00007ff81d87bad3:   02 00 00 48 8b 87 00 03 00 00 48 03 87 a0 02 00
0x00007ff81d87bae3:   00 48 8b 15 d5 c1 88 00 48 3b 82 30 07 00 00 77
0x00007ff81d87baf3:   10 48 03 8f 08 03 00 00 48 3b 8a 38 07 00 00 76
0x00007ff81d87bb03:   11 45 33 c9 45 33 c0 48 8b d7 33 c9 e8 ec f8 ff
0x00007ff81d87bb13:   ff 90 48 8b cb ff 15 12 77 56 00 48 8b 5c 24 30
0x00007ff81d87bb23:   48 8b 74 24 40 48 83 c4 20 5f c3 cc cc 40 53 48
0x00007ff81d87bb33:   83 ec 70 4c 8b 94 24 a0 00 00 00 4d 8b d8 45 33
0x00007ff81d87bb43:   c0 48 8b d9 41 8b c0 4d 85 d2 74 5e 0f 57 c0 ba
0x00007ff81d87bb53:   ff 7f 00 00 0f 11 44 24 30 49 8b c2 90 66 44 39
0x00007ff81d87bb63:   00 74 0a 48 83 c0 02 48 83 ea 01 75 f0 48 85 d2
0x00007ff81d87bb73:   b9 0d 00 00 c0 41 0f 45 c8 74 1e 66 03 d2 4c 89 


Stack slot to memory mapping:
stack at sp + 0 slots: 0x0 is NULL
stack at sp + 1 slots: 0x00007ff81d878c3c ig9icd64.dll
stack at sp + 2 slots: 0x000001498645ca00 points into unknown readable memory: 70 1e 31 ff 49 01 00 00
stack at sp + 3 slots: 0x00007ff81d862998 ig9icd64.dll
stack at sp + 4 slots: 0x0000000000000001 is an unknown value
stack at sp + 5 slots: 0x00007ff81d8627c5 ig9icd64.dll
stack at sp + 6 slots: 0x0000014f6570ba20 points into unknown readable memory: 70 1e 31 ff 49 01 00 00
stack at sp + 7 slots: 0x00000149ff2bb6c0 points into unknown readable memory: ff ff ff ff ff ff ff ff


---------------  P R O C E S S  ---------------

Threads class SMR info:
_java_thread_list=0x0000014986ab4f20, length=13, elements={
0x00000149fe0e2800, 0x00000149fe0e4000, 0x00000149fe0fe000, 0x00000149fe101000,
0x00000149fe102000, 0x00000149fe10f000, 0x00000149fe119000, 0x00000149fe133000,
0x00000149fe11e000, 0x00000149fe11b800, 0x00000149fe11d000, 0x00000149fe11f800,
0x000001498624a000
}

Java Threads: ( => current thread )
  0x00000149fe0e2800 JavaThread "Reference Handler" daemon [_thread_blocked, id=6456, stack(0x0000001a7ec00000,0x0000001a7ed00000)]
  0x00000149fe0e4000 JavaThread "Finalizer" daemon [_thread_blocked, id=15132, stack(0x0000001a7ed00000,0x0000001a7ee00000)]
  0x00000149fe0fe000 JavaThread "Signal Dispatcher" daemon [_thread_blocked, id=9576, stack(0x0000001a7ee00000,0x0000001a7ef00000)]
  0x00000149fe101000 JavaThread "Attach Listener" daemon [_thread_blocked, id=13612, stack(0x0000001a7ef00000,0x0000001a7f000000)]
  0x00000149fe102000 JavaThread "Service Thread" daemon [_thread_blocked, id=12196, stack(0x0000001a7f000000,0x0000001a7f100000)]
  0x00000149fe10f000 JavaThread "C2 CompilerThread0" daemon [_thread_blocked, id=7744, stack(0x0000001a7f100000,0x0000001a7f200000)]
  0x00000149fe119000 JavaThread "C1 CompilerThread0" daemon [_thread_blocked, id=11640, stack(0x0000001a7f200000,0x0000001a7f300000)]
  0x00000149fe133000 JavaThread "Sweeper thread" daemon [_thread_blocked, id=6108, stack(0x0000001a7f300000,0x0000001a7f400000)]
  0x00000149fe11e000 JavaThread "Notification Thread" daemon [_thread_blocked, id=14972, stack(0x0000001a7f400000,0x0000001a7f500000)]
  0x00000149fe11b800 JavaThread "Common-Cleaner" daemon [_thread_blocked, id=15004, stack(0x0000001a7f600000,0x0000001a7f700000)]
=>0x00000149fe11d000 JavaThread "LWJGL Application" [_thread_in_native, id=9248, stack(0x0000001a7fa00000,0x0000001a7fb00000)]
  0x00000149fe11f800 JavaThread "DestroyJavaVM" [_thread_blocked, id=6276, stack(0x0000001a7e500000,0x0000001a7e600000)]
  0x000001498624a000 JavaThread "LWJGL Timer" daemon [_thread_blocked, id=13320, stack(0x0000001a00000000,0x0000001a00100000)]

Other Threads:
  0x00000149fe0e1800 VMThread "VM Thread" [stack: 0x0000001a7eb00000,0x0000001a7ec00000] [id=7548]
  0x00000149feb66000 WatcherThread [stack: 0x0000001a7f500000,0x0000001a7f600000] [id=148]
  0x00000149df0c0000 GCTaskThread "GC Thread#0" [stack: 0x0000001a7e600000,0x0000001a7e700000] [id=9288]
  0x0000014986707800 GCTaskThread "GC Thread#1" [stack: 0x0000001a00100000,0x0000001a00200000] [id=4064]
  0x0000014986708800 GCTaskThread "GC Thread#2" [stack: 0x0000001a00200000,0x0000001a00300000] [id=14940]
  0x0000014986806000 GCTaskThread "GC Thread#3" [stack: 0x0000001a00300000,0x0000001a00400000] [id=12688]
  0x00000149df0d2000 ConcurrentGCThread "G1 Main Marker" [stack: 0x0000001a7e700000,0x0000001a7e800000] [id=7700]
  0x00000149df0d4000 ConcurrentGCThread "G1 Conc#0" [stack: 0x0000001a7e800000,0x0000001a7e900000] [id=15236]
  0x00000149c716d000 ConcurrentGCThread "G1 Conc#1" [stack: 0x0000001a00500000,0x0000001a00600000] [id=14496]
  0x00000149fdf56800 ConcurrentGCThread "G1 Refine#0" [stack: 0x0000001a7e900000,0x0000001a7ea00000] [id=9256]
  0x00000149fdf57000 ConcurrentGCThread "G1 Young RemSet Sampling" [stack: 0x0000001a7ea00000,0x0000001a7eb00000] [id=7508]

Threads with active compile tasks:

VM state:not at safepoint (normal execution)

VM Mutex/Monitor currently owned by a thread: None

Heap address: 0x0000000081400000, size: 2028 MB, Compressed Oops mode: 32-bit
Narrow klass base: 0x0000000800000000, Narrow klass shift: 3
Compressed class space size: 1073741824 Address: 0x0000000800b30000

Heap:
 garbage-first heap   total 133120K, used 75725K [0x0000000081400000, 0x0000000100000000)
  region size 1024K, 4 young (4096K), 3 survivors (3072K)
 Metaspace       used 4946K, capacity 7910K, committed 8192K, reserved 1056768K
  class space    used 344K, capacity 663K, committed 768K, reserved 1048576K
Heap Regions: E=young(eden), S=young(survivor), O=old, HS=humongous(starts), HC=humongous(continues), CS=collection set, F=free, OA=open archive, CA=closed archive, TAMS=top-at-mark-start (previous, next)
|   0|0x0000000081400000, 0x0000000081500000, 0x0000000081500000|100%| O|  |TAMS 0x0000000081500000, 0x0000000081400000| Untracked 
|   1|0x0000000081500000, 0x0000000081600000, 0x0000000081600000|100%| O|  |TAMS 0x0000000081600000, 0x0000000081500000| Untracked 
|   2|0x0000000081600000, 0x0000000081700000, 0x0000000081700000|100%| O|  |TAMS 0x0000000081700000, 0x0000000081600000| Untracked 
|   3|0x0000000081700000, 0x0000000081800000, 0x0000000081800000|100%| O|  |TAMS 0x0000000081800000, 0x0000000081700000| Untracked 
|   4|0x0000000081800000, 0x0000000081900000, 0x0000000081900000|100%| O|  |TAMS 0x0000000081900000, 0x0000000081800000| Untracked 
|   5|0x0000000081900000, 0x0000000081a00000, 0x0000000081a00000|100%| O|  |TAMS 0x0000000081a00000, 0x0000000081900000| Untracked 
|   6|0x0000000081a00000, 0x0000000081b00000, 0x0000000081b00000|100%| O|  |TAMS 0x0000000081b00000, 0x0000000081a00000| Untracked 
|   7|0x0000000081b00000, 0x0000000081c00000, 0x0000000081c00000|100%| O|  |TAMS 0x0000000081c00000, 0x0000000081b00000| Untracked 
|   8|0x0000000081c00000, 0x0000000081d00000, 0x0000000081d00000|100%| O|  |TAMS 0x0000000081d00000, 0x0000000081c00000| Untracked 
|   9|0x0000000081d00000, 0x0000000081e00000, 0x0000000081e00000|100%| O|  |TAMS 0x0000000081e00000, 0x0000000081d00000| Untracked 
|  10|0x0000000081e00000, 0x0000000081f00000, 0x0000000081f00000|100%| O|  |TAMS 0x0000000081f00000, 0x0000000081e00000| Untracked 
|  11|0x0000000081f00000, 0x0000000082000000, 0x0000000082000000|100%| O|  |TAMS 0x0000000082000000, 0x0000000081f00000| Untracked 
|  12|0x0000000082000000, 0x0000000082100000, 0x0000000082100000|100%| O|  |TAMS 0x0000000082100000, 0x0000000082000000| Untracked 
|  13|0x0000000082100000, 0x0000000082200000, 0x0000000082200000|100%| O|  |TAMS 0x0000000082200000, 0x0000000082100000| Untracked 
|  14|0x0000000082200000, 0x0000000082300000, 0x0000000082300000|100%| O|  |TAMS 0x0000000082300000, 0x0000000082200000| Untracked 
|  15|0x0000000082300000, 0x0000000082400000, 0x0000000082400000|100%| O|  |TAMS 0x0000000082400000, 0x0000000082300000| Untracked 
|  16|0x0000000082400000, 0x0000000082500000, 0x0000000082500000|100%| O|  |TAMS 0x0000000082500000, 0x0000000082400000| Untracked 
|  17|0x0000000082500000, 0x0000000082600000, 0x0000000082600000|100%| O|  |TAMS 0x0000000082600000, 0x0000000082500000| Untracked 
|  18|0x0000000082600000, 0x0000000082700000, 0x0000000082700000|100%| O|  |TAMS 0x0000000082700000, 0x0000000082600000| Untracked 
|  19|0x0000000082700000, 0x0000000082800000, 0x0000000082800000|100%| O|  |TAMS 0x0000000082800000, 0x0000000082700000| Untracked 
|  20|0x0000000082800000, 0x0000000082900000, 0x0000000082900000|100%| O|  |TAMS 0x0000000082900000, 0x0000000082800000| Untracked 
|  21|0x0000000082900000, 0x0000000082a00000, 0x0000000082a00000|100%| O|  |TAMS 0x0000000082a00000, 0x0000000082900000| Untracked 
|  22|0x0000000082a00000, 0x0000000082b00000, 0x0000000082b00000|100%| O|  |TAMS 0x0000000082b00000, 0x0000000082a00000| Untracked 
|  23|0x0000000082b00000, 0x0000000082c00000, 0x0000000082c00000|100%| O|  |TAMS 0x0000000082c00000, 0x0000000082b00000| Untracked 
|  24|0x0000000082c00000, 0x0000000082d00000, 0x0000000082d00000|100%| O|  |TAMS 0x0000000082d00000, 0x0000000082c00000| Untracked 
|  25|0x0000000082d00000, 0x0000000082e00000, 0x0000000082e00000|100%| O|  |TAMS 0x0000000082e00000, 0x0000000082d00000| Untracked 
|  26|0x0000000082e00000, 0x0000000082f00000, 0x0000000082f00000|100%| O|  |TAMS 0x0000000082f00000, 0x0000000082e00000| Untracked 
|  27|0x0000000082f00000, 0x0000000083000000, 0x0000000083000000|100%| O|  |TAMS 0x0000000083000000, 0x0000000082f00000| Untracked 
|  28|0x0000000083000000, 0x0000000083100000, 0x0000000083100000|100%| O|  |TAMS 0x0000000083100000, 0x0000000083000000| Untracked 
|  29|0x0000000083100000, 0x0000000083200000, 0x0000000083200000|100%| O|  |TAMS 0x0000000083200000, 0x0000000083100000| Untracked 
|  30|0x0000000083200000, 0x0000000083300000, 0x0000000083300000|100%| O|  |TAMS 0x0000000083300000, 0x0000000083200000| Untracked 
|  31|0x0000000083300000, 0x0000000083400000, 0x0000000083400000|100%| O|  |TAMS 0x0000000083400000, 0x0000000083300000| Untracked 
|  32|0x0000000083400000, 0x0000000083500000, 0x0000000083500000|100%| O|  |TAMS 0x0000000083500000, 0x0000000083400000| Untracked 
|  33|0x0000000083500000, 0x0000000083600000, 0x0000000083600000|100%| O|  |TAMS 0x0000000083600000, 0x0000000083500000| Untracked 
|  34|0x0000000083600000, 0x0000000083700000, 0x0000000083700000|100%| O|  |TAMS 0x0000000083700000, 0x0000000083600000| Untracked 
|  35|0x0000000083700000, 0x0000000083800000, 0x0000000083800000|100%| O|  |TAMS 0x0000000083800000, 0x0000000083700000| Untracked 
|  36|0x0000000083800000, 0x0000000083900000, 0x0000000083900000|100%| O|  |TAMS 0x0000000083900000, 0x0000000083800000| Untracked 
|  37|0x0000000083900000, 0x0000000083a00000, 0x0000000083a00000|100%| O|  |TAMS 0x0000000083a00000, 0x0000000083900000| Untracked 
|  38|0x0000000083a00000, 0x0000000083b00000, 0x0000000083b00000|100%| O|  |TAMS 0x0000000083b00000, 0x0000000083a00000| Untracked 
|  39|0x0000000083b00000, 0x0000000083c00000, 0x0000000083c00000|100%| O|  |TAMS 0x0000000083c00000, 0x0000000083b00000| Untracked 
|  40|0x0000000083c00000, 0x0000000083d00000, 0x0000000083d00000|100%| O|  |TAMS 0x0000000083d00000, 0x0000000083c00000| Untracked 
|  41|0x0000000083d00000, 0x0000000083e00000, 0x0000000083e00000|100%| O|  |TAMS 0x0000000083e00000, 0x0000000083d00000| Untracked 
|  42|0x0000000083e00000, 0x0000000083f00000, 0x0000000083f00000|100%| O|  |TAMS 0x0000000083f00000, 0x0000000083e00000| Untracked 
|  43|0x0000000083f00000, 0x0000000084000000, 0x0000000084000000|100%| O|  |TAMS 0x0000000084000000, 0x0000000083f00000| Untracked 
|  44|0x0000000084000000, 0x0000000084100000, 0x0000000084100000|100%| O|  |TAMS 0x0000000084100000, 0x0000000084000000| Untracked 
|  45|0x0000000084100000, 0x0000000084200000, 0x0000000084200000|100%| O|  |TAMS 0x0000000084200000, 0x0000000084100000| Untracked 
|  46|0x0000000084200000, 0x0000000084300000, 0x0000000084300000|100%| O|  |TAMS 0x0000000084300000, 0x0000000084200000| Untracked 
|  47|0x0000000084300000, 0x0000000084400000, 0x0000000084400000|100%| O|  |TAMS 0x0000000084400000, 0x0000000084300000| Untracked 
|  48|0x0000000084400000, 0x0000000084500000, 0x0000000084500000|100%| O|  |TAMS 0x0000000084500000, 0x0000000084400000| Untracked 
|  49|0x0000000084500000, 0x0000000084600000, 0x0000000084600000|100%| O|  |TAMS 0x0000000084600000, 0x0000000084500000| Untracked 
|  50|0x0000000084600000, 0x0000000084700000, 0x0000000084700000|100%| O|  |TAMS 0x0000000084700000, 0x0000000084600000| Untracked 
|  51|0x0000000084700000, 0x0000000084800000, 0x0000000084800000|100%| O|  |TAMS 0x0000000084800000, 0x0000000084700000| Untracked 
|  52|0x0000000084800000, 0x0000000084900000, 0x0000000084900000|100%| O|  |TAMS 0x0000000084900000, 0x0000000084800000| Untracked 
|  53|0x0000000084900000, 0x0000000084a00000, 0x0000000084a00000|100%| O|  |TAMS 0x0000000084a00000, 0x0000000084900000| Untracked 
|  54|0x0000000084a00000, 0x0000000084b00000, 0x0000000084b00000|100%| O|  |TAMS 0x0000000084b00000, 0x0000000084a00000| Untracked 
|  55|0x0000000084b00000, 0x0000000084c00000, 0x0000000084c00000|100%| O|  |TAMS 0x0000000084c00000, 0x0000000084b00000| Untracked 
|  56|0x0000000084c00000, 0x0000000084d00000, 0x0000000084d00000|100%| O|  |TAMS 0x0000000084d00000, 0x0000000084c00000| Untracked 
|  57|0x0000000084d00000, 0x0000000084e00000, 0x0000000084e00000|100%|HS|  |TAMS 0x0000000084e00000, 0x0000000084d00000| Complete 
|  58|0x0000000084e00000, 0x0000000084f00000, 0x0000000084f00000|100%|HC|  |TAMS 0x0000000084f00000, 0x0000000084e00000| Complete 
|  59|0x0000000084f00000, 0x0000000085000000, 0x0000000085000000|100%|HC|  |TAMS 0x0000000085000000, 0x0000000084f00000| Complete 
|  60|0x0000000085000000, 0x0000000085100000, 0x0000000085100000|100%| O|  |TAMS 0x0000000085100000, 0x0000000085000000| Untracked 
|  61|0x0000000085100000, 0x0000000085200000, 0x0000000085200000|100%| O|  |TAMS 0x0000000085200000, 0x0000000085100000| Untracked 
|  62|0x0000000085200000, 0x0000000085300000, 0x0000000085300000|100%| O|  |TAMS 0x0000000085300000, 0x0000000085200000| Untracked 
|  63|0x0000000085300000, 0x0000000085400000, 0x0000000085400000|100%| O|  |TAMS 0x0000000085400000, 0x0000000085300000| Untracked 
|  64|0x0000000085400000, 0x0000000085500000, 0x0000000085500000|100%| O|  |TAMS 0x0000000085500000, 0x0000000085400000| Untracked 
|  65|0x0000000085500000, 0x0000000085600000, 0x0000000085600000|100%| O|  |TAMS 0x0000000085600000, 0x0000000085500000| Untracked 
|  66|0x0000000085600000, 0x0000000085700000, 0x0000000085700000|100%| O|  |TAMS 0x0000000085700000, 0x0000000085600000| Untracked 
|  67|0x0000000085700000, 0x0000000085800000, 0x0000000085800000|100%| O|  |TAMS 0x0000000085800000, 0x0000000085700000| Untracked 
|  68|0x0000000085800000, 0x0000000085900000, 0x0000000085900000|100%| O|  |TAMS 0x0000000085900000, 0x0000000085800000| Untracked 
|  69|0x0000000085900000, 0x0000000085a00000, 0x0000000085a00000|100%| O|  |TAMS 0x0000000085a00000, 0x0000000085900000| Untracked 
|  70|0x0000000085a00000, 0x0000000085b00000, 0x0000000085b00000|100%| O|  |TAMS 0x0000000085ad3800, 0x0000000085a00000| Untracked 
|  71|0x0000000085b00000, 0x0000000085b07000, 0x0000000085c00000|  2%| O|  |TAMS 0x0000000085b00000, 0x0000000085b00000| Untracked 
|  72|0x0000000085c00000, 0x0000000085c00000, 0x0000000085d00000|  0%| F|  |TAMS 0x0000000085c00000, 0x0000000085c00000| Untracked 
|  73|0x0000000085d00000, 0x0000000085d00000, 0x0000000085e00000|  0%| F|  |TAMS 0x0000000085d00000, 0x0000000085d00000| Untracked 
|  74|0x0000000085e00000, 0x0000000085e00000, 0x0000000085f00000|  0%| F|  |TAMS 0x0000000085e00000, 0x0000000085e00000| Untracked 
|  75|0x0000000085f00000, 0x0000000085f00000, 0x0000000086000000|  0%| F|  |TAMS 0x0000000085f00000, 0x0000000085f00000| Untracked 
|  76|0x0000000086000000, 0x0000000086000000, 0x0000000086100000|  0%| F|  |TAMS 0x0000000086000000, 0x0000000086000000| Untracked 
|  77|0x0000000086100000, 0x0000000086100000, 0x0000000086200000|  0%| F|  |TAMS 0x0000000086100000, 0x0000000086100000| Untracked 
|  78|0x0000000086200000, 0x0000000086200000, 0x0000000086300000|  0%| F|  |TAMS 0x0000000086200000, 0x0000000086200000| Untracked 
|  79|0x0000000086300000, 0x0000000086300000, 0x0000000086400000|  0%| F|  |TAMS 0x0000000086300000, 0x0000000086300000| Untracked 
|  80|0x0000000086400000, 0x0000000086400000, 0x0000000086500000|  0%| F|  |TAMS 0x0000000086400000, 0x0000000086400000| Untracked 
|  81|0x0000000086500000, 0x0000000086500000, 0x0000000086600000|  0%| F|  |TAMS 0x0000000086500000, 0x0000000086500000| Untracked 
|  82|0x0000000086600000, 0x0000000086600000, 0x0000000086700000|  0%| F|  |TAMS 0x0000000086600000, 0x0000000086600000| Untracked 
|  83|0x0000000086700000, 0x0000000086700000, 0x0000000086800000|  0%| F|  |TAMS 0x0000000086700000, 0x0000000086700000| Untracked 
|  84|0x0000000086800000, 0x00000000868ec6d8, 0x0000000086900000| 92%| S|CS|TAMS 0x0000000086800000, 0x0000000086800000| Complete 
|  85|0x0000000086900000, 0x0000000086a00000, 0x0000000086a00000|100%| S|CS|TAMS 0x0000000086900000, 0x0000000086900000| Complete 
|  86|0x0000000086a00000, 0x0000000086b00000, 0x0000000086b00000|100%| S|CS|TAMS 0x0000000086a00000, 0x0000000086a00000| Complete 
|  87|0x0000000086b00000, 0x0000000086b00000, 0x0000000086c00000|  0%| F|  |TAMS 0x0000000086b00000, 0x0000000086b00000| Untracked 
|  88|0x0000000086c00000, 0x0000000086c00000, 0x0000000086d00000|  0%| F|  |TAMS 0x0000000086c00000, 0x0000000086c00000| Untracked 
|  89|0x0000000086d00000, 0x0000000086d00000, 0x0000000086e00000|  0%| F|  |TAMS 0x0000000086d00000, 0x0000000086d00000| Untracked 
|  90|0x0000000086e00000, 0x0000000086e00000, 0x0000000086f00000|  0%| F|  |TAMS 0x0000000086e00000, 0x0000000086e00000| Untracked 
|  91|0x0000000086f00000, 0x0000000086f00000, 0x0000000087000000|  0%| F|  |TAMS 0x0000000086f00000, 0x0000000086f00000| Untracked 
|  92|0x0000000087000000, 0x0000000087000000, 0x0000000087100000|  0%| F|  |TAMS 0x0000000087000000, 0x0000000087000000| Untracked 
|  93|0x0000000087100000, 0x0000000087100000, 0x0000000087200000|  0%| F|  |TAMS 0x0000000087100000, 0x0000000087100000| Untracked 
|  94|0x0000000087200000, 0x0000000087200000, 0x0000000087300000|  0%| F|  |TAMS 0x0000000087200000, 0x0000000087200000| Untracked 
|  95|0x0000000087300000, 0x0000000087300000, 0x0000000087400000|  0%| F|  |TAMS 0x0000000087300000, 0x0000000087300000| Untracked 
|  96|0x0000000087400000, 0x0000000087400000, 0x0000000087500000|  0%| F|  |TAMS 0x0000000087400000, 0x0000000087400000| Untracked 
|  97|0x0000000087500000, 0x0000000087500000, 0x0000000087600000|  0%| F|  |TAMS 0x0000000087500000, 0x0000000087500000| Untracked 
|  98|0x0000000087600000, 0x0000000087600000, 0x0000000087700000|  0%| F|  |TAMS 0x0000000087600000, 0x0000000087600000| Untracked 
|  99|0x0000000087700000, 0x0000000087700000, 0x0000000087800000|  0%| F|  |TAMS 0x0000000087700000, 0x0000000087700000| Untracked 
| 100|0x0000000087800000, 0x0000000087800000, 0x0000000087900000|  0%| F|  |TAMS 0x0000000087800000, 0x0000000087800000| Untracked 
| 101|0x0000000087900000, 0x0000000087900000, 0x0000000087a00000|  0%| F|  |TAMS 0x0000000087900000, 0x0000000087900000| Untracked 
| 102|0x0000000087a00000, 0x0000000087a00000, 0x0000000087b00000|  0%| F|  |TAMS 0x0000000087a00000, 0x0000000087a00000| Untracked 
| 103|0x0000000087b00000, 0x0000000087b00000, 0x0000000087c00000|  0%| F|  |TAMS 0x0000000087b00000, 0x0000000087b00000| Untracked 
| 104|0x0000000087c00000, 0x0000000087c00000, 0x0000000087d00000|  0%| F|  |TAMS 0x0000000087c00000, 0x0000000087c00000| Untracked 
| 105|0x0000000087d00000, 0x0000000087d00000, 0x0000000087e00000|  0%| F|  |TAMS 0x0000000087d00000, 0x0000000087d00000| Untracked 
| 106|0x0000000087e00000, 0x0000000087e00000, 0x0000000087f00000|  0%| F|  |TAMS 0x0000000087e00000, 0x0000000087e00000| Untracked 
| 107|0x0000000087f00000, 0x0000000087f00000, 0x0000000088000000|  0%| F|  |TAMS 0x0000000087f00000, 0x0000000087f00000| Untracked 
| 108|0x0000000088000000, 0x0000000088000000, 0x0000000088100000|  0%| F|  |TAMS 0x0000000088000000, 0x0000000088000000| Untracked 
| 109|0x0000000088100000, 0x0000000088100000, 0x0000000088200000|  0%| F|  |TAMS 0x0000000088100000, 0x0000000088100000| Untracked 
| 110|0x0000000088200000, 0x0000000088200000, 0x0000000088300000|  0%| F|  |TAMS 0x0000000088200000, 0x0000000088200000| Untracked 
| 111|0x0000000088300000, 0x0000000088300000, 0x0000000088400000|  0%| F|  |TAMS 0x0000000088300000, 0x0000000088300000| Untracked 
| 112|0x0000000088400000, 0x0000000088400000, 0x0000000088500000|  0%| F|  |TAMS 0x0000000088400000, 0x0000000088400000| Untracked 
| 113|0x0000000088500000, 0x0000000088500000, 0x0000000088600000|  0%| F|  |TAMS 0x0000000088500000, 0x0000000088500000| Untracked 
| 114|0x0000000088600000, 0x0000000088600000, 0x0000000088700000|  0%| F|  |TAMS 0x0000000088600000, 0x0000000088600000| Untracked 
| 115|0x0000000088700000, 0x0000000088700000, 0x0000000088800000|  0%| F|  |TAMS 0x0000000088700000, 0x0000000088700000| Untracked 
| 116|0x0000000088800000, 0x0000000088800000, 0x0000000088900000|  0%| F|  |TAMS 0x0000000088800000, 0x0000000088800000| Untracked 
| 117|0x0000000088900000, 0x0000000088900000, 0x0000000088a00000|  0%| F|  |TAMS 0x0000000088900000, 0x0000000088900000| Untracked 
| 118|0x0000000088a00000, 0x0000000088a00000, 0x0000000088b00000|  0%| F|  |TAMS 0x0000000088a00000, 0x0000000088a00000| Untracked 
| 119|0x0000000088b00000, 0x0000000088b00000, 0x0000000088c00000|  0%| F|  |TAMS 0x0000000088b00000, 0x0000000088b00000| Untracked 
| 120|0x0000000088c00000, 0x0000000088c00000, 0x0000000088d00000|  0%| F|  |TAMS 0x0000000088c00000, 0x0000000088c00000| Untracked 
| 121|0x0000000088d00000, 0x0000000088d00000, 0x0000000088e00000|  0%| F|  |TAMS 0x0000000088d00000, 0x0000000088d00000| Untracked 
| 122|0x0000000088e00000, 0x0000000088e00000, 0x0000000088f00000|  0%| F|  |TAMS 0x0000000088e00000, 0x0000000088e00000| Untracked 
| 123|0x0000000088f00000, 0x0000000088f00000, 0x0000000089000000|  0%| F|  |TAMS 0x0000000088f00000, 0x0000000088f00000| Untracked 
| 124|0x0000000089000000, 0x0000000089000000, 0x0000000089100000|  0%| F|  |TAMS 0x0000000089000000, 0x0000000089000000| Untracked 
| 125|0x0000000089100000, 0x0000000089100000, 0x0000000089200000|  0%| F|  |TAMS 0x0000000089100000, 0x0000000089100000| Untracked 
| 126|0x0000000089200000, 0x0000000089200000, 0x0000000089300000|  0%| F|  |TAMS 0x0000000089200000, 0x0000000089200000| Untracked 
| 127|0x0000000089300000, 0x0000000089300000, 0x0000000089400000|  0%| F|  |TAMS 0x0000000089300000, 0x0000000089300000| Untracked 
| 128|0x0000000089400000, 0x0000000089400000, 0x0000000089500000|  0%| F|  |TAMS 0x0000000089400000, 0x0000000089400000| Untracked 
| 129|0x0000000089500000, 0x0000000089600000, 0x0000000089600000|100%| E|  |TAMS 0x0000000089500000, 0x0000000089500000| Complete 

Card table byte_map: [0x00000149f6f60000,0x00000149f7360000] _byte_map_base: 0x00000149f6b56000

Marking Bits (Prev, Next): (CMBitMap*) 0x00000149df0c0998, (CMBitMap*) 0x00000149df0c0958
 Prev Bits: [0x00000149f9710000, 0x00000149fb6c0000)
 Next Bits: [0x00000149f7760000, 0x00000149f9710000)

Polling page: 0x00000149de860000

Metaspace:

Usage:
  Non-class:      7.08 MB capacity,     4.49 MB ( 63%) used,     2.58 MB ( 36%) free+waste,     5.06 KB ( <1%) overhead. 
      Class:    663.00 KB capacity,   344.72 KB ( 52%) used,   316.53 KB ( 48%) free+waste,     1.75 KB ( <1%) overhead. 
       Both:      7.72 MB capacity,     4.83 MB ( 63%) used,     2.89 MB ( 37%) free+waste,     6.81 KB ( <1%) overhead. 

Virtual space:
  Non-class space:        8.00 MB reserved,       7.25 MB ( 91%) committed 
      Class space:        1.00 GB reserved,     768.00 KB ( <1%) committed 
             Both:        1.01 GB reserved,       8.00 MB ( <1%) committed 

Chunk freelists:
   Non-Class:  113.00 KB
       Class:  9.00 KB
        Both:  122.00 KB

MaxMetaspaceSize: 17179869184.00 GB
CompressedClassSpaceSize: 1.00 GB

CodeHeap 'non-profiled nmethods': size=120000Kb used=986Kb max_used=994Kb free=119013Kb
 bounds [0x00000149ef300000, 0x00000149ef570000, 0x00000149f6830000]
CodeHeap 'profiled nmethods': size=120000Kb used=1675Kb max_used=2437Kb free=118324Kb
 bounds [0x00000149e7dd0000, 0x00000149e8040000, 0x00000149ef300000]
CodeHeap 'non-nmethods': size=5760Kb used=1259Kb max_used=1302Kb free=4500Kb
 bounds [0x00000149e7830000, 0x00000149e7aa0000, 0x00000149e7dd0000]
 total_blobs=2536 nmethods=1038 adapters=452
 compilation: enabled
              stopped_count=0, restarted_count=0
 full_count=0

Compilation events (20 events):
Event: 191.121 Thread 0x00000149fe10f000 1238       4       jdk.internal.misc.Unsafe::checkNativeAddress (28 bytes)
Event: 191.121 Thread 0x00000149fe10f000 nmethod 1238 0x00000149ef3f2310 code [0x00000149ef3f2480, 0x00000149ef3f24f8]
Event: 211.058 Thread 0x00000149fe10f000 1239       4       com.badlogic.gdx.scenes.scene2d.ui.WidgetGroup::validate (166 bytes)
Event: 211.065 Thread 0x00000149fe10f000 nmethod 1239 0x00000149ef3f2610 code [0x00000149ef3f27c0, 0x00000149ef3f28d8]
Event: 211.933 Thread 0x00000149fe10f000 1240       4       java.lang.AbstractStringBuilder::<init> (63 bytes)
Event: 211.985 Thread 0x00000149fe10f000 nmethod 1240 0x00000149ef3f2a10 code [0x00000149ef3f2c80, 0x00000149ef3f3638]
Event: 311.882 Thread 0x00000149fe10f000 1241       4       org.lwjgl.opengl.Display::getPixelScaleFactor (9 bytes)
Event: 311.898 Thread 0x00000149fe10f000 nmethod 1241 0x00000149ef3f3b10 code [0x00000149ef3f3ca0, 0x00000149ef3f3cf8]
Event: 324.077 Thread 0x00000149fe10f000 1242       4       java.nio.HeapByteBuffer::put (179 bytes)
Event: 324.098 Thread 0x00000149fe10f000 nmethod 1242 0x00000149ef3f3e10 code [0x00000149ef3f4060, 0x00000149ef3f4558]
Event: 324.575 Thread 0x00000149fe10f000 1243       4       com.badlogic.gdx.graphics.Color::clamp (126 bytes)
Event: 324.580 Thread 0x00000149fe10f000 nmethod 1243 0x00000149ef3f4910 code [0x00000149ef3f4b20, 0x00000149ef3f4e58]
Event: 324.729 Thread 0x00000149fe10f000 1244       4       java.nio.ByteBuffer::limit (6 bytes)
Event: 324.733 Thread 0x00000149fe10f000 nmethod 1244 0x00000149ef3f4f90 code [0x00000149ef3f5160, 0x00000149ef3f52f8]
Event: 325.561 Thread 0x00000149fe10f000 1245  s    4       org.lwjgl.opengl.EventQueue::copyEvents (77 bytes)
Event: 325.617 Thread 0x00000149fe10f000 nmethod 1245 0x00000149ef3f5410 code [0x00000149ef3f5720, 0x00000149ef3f6238]
Event: 333.441 Thread 0x00000149fe10f000 1246       4       com.badlogic.gdx.graphics.glutils.ShaderProgram::fetchUniformLocation (120 bytes)
Event: 333.478 Thread 0x00000149fe10f000 nmethod 1246 0x00000149ef3f6890 code [0x00000149ef3f6ae0, 0x00000149ef3f7298]
Event: 402.204 Thread 0x00000149fe10f000 1247       4       org.lwjgl.opengl.WindowsMouse::poll (222 bytes)
Event: 402.256 Thread 0x00000149fe10f000 nmethod 1247 0x00000149ef3f7710 code [0x00000149ef3f79a0, 0x00000149ef3f8338]

GC Heap History (20 events):
Event: 558.455 GC heap before
{Heap before GC invocations=261 (full 0):
 garbage-first heap   total 131072K, used 113644K [0x0000000081400000, 0x0000000100000000)
  region size 1024K, 42 young (43008K), 3 survivors (3072K)
 Metaspace       used 4946K, capacity 7910K, committed 8192K, reserved 1056768K
  class space    used 344K, capacity 663K, committed 768K, reserved 1048576K
}
Event: 558.464 GC heap after
{Heap after GC invocations=262 (full 0):
 garbage-first heap   total 131072K, used 73917K [0x0000000081400000, 0x0000000100000000)
  region size 1024K, 3 young (3072K), 3 survivors (3072K)
 Metaspace       used 4946K, capacity 7910K, committed 8192K, reserved 1056768K
  class space    used 344K, capacity 663K, committed 768K, reserved 1048576K
}
Event: 559.752 GC heap before
{Heap before GC invocations=262 (full 0):
 garbage-first heap   total 131072K, used 113853K [0x0000000081400000, 0x0000000100000000)
  region size 1024K, 42 young (43008K), 3 survivors (3072K)
 Metaspace       used 4946K, capacity 7910K, committed 8192K, reserved 1056768K
  class space    used 344K, capacity 663K, committed 768K, reserved 1048576K
}
Event: 559.757 GC heap after
{Heap after GC invocations=263 (full 0):
 garbage-first heap   total 131072K, used 74176K [0x0000000081400000, 0x0000000100000000)
  region size 1024K, 3 young (3072K), 3 survivors (3072K)
 Metaspace       used 4946K, capacity 7910K, committed 8192K, reserved 1056768K
  class space    used 344K, capacity 663K, committed 768K, reserved 1048576K
}
Event: 561.125 GC heap before
{Heap before GC invocations=264 (full 0):
 garbage-first heap   total 132096K, used 114112K [0x0000000081400000, 0x0000000100000000)
  region size 1024K, 42 young (43008K), 3 survivors (3072K)
 Metaspace       used 4946K, capacity 7910K, committed 8192K, reserved 1056768K
  class space    used 344K, capacity 663K, committed 768K, reserved 1048576K
}
Event: 561.131 GC heap after
{Heap after GC invocations=265 (full 0):
 garbage-first heap   total 132096K, used 74307K [0x0000000081400000, 0x0000000100000000)
  region size 1024K, 3 young (3072K), 3 survivors (3072K)
 Metaspace       used 4946K, capacity 7910K, committed 8192K, reserved 1056768K
  class space    used 344K, capacity 663K, committed 768K, reserved 1048576K
}
Event: 562.474 GC heap before
{Heap before GC invocations=265 (full 0):
 garbage-first heap   total 132096K, used 115267K [0x0000000081400000, 0x0000000100000000)
  region size 1024K, 43 young (44032K), 3 survivors (3072K)
 Metaspace       used 4946K, capacity 7910K, committed 8192K, reserved 1056768K
  class space    used 344K, capacity 663K, committed 768K, reserved 1048576K
}
Event: 562.486 GC heap after
{Heap after GC invocations=266 (full 0):
 garbage-first heap   total 132096K, used 74514K [0x0000000081400000, 0x0000000100000000)
  region size 1024K, 3 young (3072K), 3 survivors (3072K)
 Metaspace       used 4946K, capacity 7910K, committed 8192K, reserved 1056768K
  class space    used 344K, capacity 663K, committed 768K, reserved 1048576K
}
Event: 563.917 GC heap before
{Heap before GC invocations=267 (full 0):
 garbage-first heap   total 132096K, used 115474K [0x0000000081400000, 0x0000000100000000)
  region size 1024K, 43 young (44032K), 3 survivors (3072K)
 Metaspace       used 4946K, capacity 7910K, committed 8192K, reserved 1056768K
  class space    used 344K, capacity 663K, committed 768K, reserved 1048576K
}
Event: 563.925 GC heap after
{Heap after GC invocations=268 (full 0):
 garbage-first heap   total 132096K, used 74790K [0x0000000081400000, 0x0000000100000000)
  region size 1024K, 3 young (3072K), 3 survivors (3072K)
 Metaspace       used 4946K, capacity 7910K, committed 8192K, reserved 1056768K
  class space    used 344K, capacity 663K, committed 768K, reserved 1048576K
}
Event: 565.205 GC heap before
{Heap before GC invocations=268 (full 0):
 garbage-first heap   total 132096K, used 114726K [0x0000000081400000, 0x0000000100000000)
  region size 1024K, 42 young (43008K), 3 survivors (3072K)
 Metaspace       used 4946K, capacity 7910K, committed 8192K, reserved 1056768K
  class space    used 344K, capacity 663K, committed 768K, reserved 1048576K
}
Event: 565.215 GC heap after
{Heap after GC invocations=269 (full 0):
 garbage-first heap   total 132096K, used 74782K [0x0000000081400000, 0x0000000100000000)
  region size 1024K, 3 young (3072K), 3 survivors (3072K)
 Metaspace       used 4946K, capacity 7910K, committed 8192K, reserved 1056768K
  class space    used 344K, capacity 663K, committed 768K, reserved 1048576K
}
Event: 566.648 GC heap before
{Heap before GC invocations=270 (full 0):
 garbage-first heap   total 133120K, used 114718K [0x0000000081400000, 0x0000000100000000)
  region size 1024K, 42 young (43008K), 3 survivors (3072K)
 Metaspace       used 4946K, capacity 7910K, committed 8192K, reserved 1056768K
  class space    used 344K, capacity 663K, committed 768K, reserved 1048576K
}
Event: 566.659 GC heap after
{Heap after GC invocations=271 (full 0):
 garbage-first heap   total 133120K, used 75118K [0x0000000081400000, 0x0000000100000000)
  region size 1024K, 3 young (3072K), 3 survivors (3072K)
 Metaspace       used 4946K, capacity 7910K, committed 8192K, reserved 1056768K
  class space    used 344K, capacity 663K, committed 768K, reserved 1048576K
}
Event: 568.189 GC heap before
{Heap before GC invocations=271 (full 0):
 garbage-first heap   total 133120K, used 116078K [0x0000000081400000, 0x0000000100000000)
  region size 1024K, 43 young (44032K), 3 survivors (3072K)
 Metaspace       used 4946K, capacity 7910K, committed 8192K, reserved 1056768K
  class space    used 344K, capacity 663K, committed 768K, reserved 1048576K
}
Event: 568.196 GC heap after
{Heap after GC invocations=272 (full 0):
 garbage-first heap   total 133120K, used 75319K [0x0000000081400000, 0x0000000100000000)
  region size 1024K, 3 young (3072K), 3 survivors (3072K)
 Metaspace       used 4946K, capacity 7910K, committed 8192K, reserved 1056768K
  class space    used 344K, capacity 663K, committed 768K, reserved 1048576K
}
Event: 569.635 GC heap before
{Heap before GC invocations=273 (full 0):
 garbage-first heap   total 133120K, used 116279K [0x0000000081400000, 0x0000000100000000)
  region size 1024K, 43 young (44032K), 3 survivors (3072K)
 Metaspace       used 4946K, capacity 7910K, committed 8192K, reserved 1056768K
  class space    used 344K, capacity 663K, committed 768K, reserved 1048576K
}
Event: 569.644 GC heap after
{Heap after GC invocations=274 (full 0):
 garbage-first heap   total 133120K, used 75521K [0x0000000081400000, 0x0000000100000000)
  region size 1024K, 3 young (3072K), 3 survivors (3072K)
 Metaspace       used 4946K, capacity 7910K, committed 8192K, reserved 1056768K
  class space    used 344K, capacity 663K, committed 768K, reserved 1048576K
}
Event: 571.068 GC heap before
{Heap before GC invocations=274 (full 0):
 garbage-first heap   total 133120K, used 116481K [0x0000000081400000, 0x0000000100000000)
  region size 1024K, 43 young (44032K), 3 survivors (3072K)
 Metaspace       used 4946K, capacity 7910K, committed 8192K, reserved 1056768K
  class space    used 344K, capacity 663K, committed 768K, reserved 1048576K
}
Event: 571.076 GC heap after
{Heap after GC invocations=275 (full 0):
 garbage-first heap   total 133120K, used 75725K [0x0000000081400000, 0x0000000100000000)
  region size 1024K, 3 young (3072K), 3 survivors (3072K)
 Metaspace       used 4946K, capacity 7910K, committed 8192K, reserved 1056768K
  class space    used 344K, capacity 663K, committed 768K, reserved 1048576K
}

Deoptimization events (20 events):
Event: 2.885 Thread 0x00000149fe11d000 Uncommon trap: trap_request=0xffffffde fr.pc=0x00000149ef375888 relative=0x0000000000000128
Event: 2.885 Thread 0x00000149fe11d000 Uncommon trap: reason=class_check action=maybe_recompile pc=0x00000149ef375888 method=jdk.internal.misc.Unsafe.allocateUninitializedArray(Ljava/lang/Class;I)Ljava/lang/Object; @ 51 c2
Event: 2.885 Thread 0x00000149fe11d000 DEOPT PACKING pc=0x00000149ef375888 sp=0x0000001a7fafe950
Event: 2.885 Thread 0x00000149fe11d000 DEOPT UNPACKING pc=0x00000149e787912f sp=0x0000001a7fafe8d8 mode 2
Event: 2.886 Thread 0x00000149fe11d000 Uncommon trap: trap_request=0xffffffde fr.pc=0x00000149ef375888 relative=0x0000000000000128
Event: 2.886 Thread 0x00000149fe11d000 Uncommon trap: reason=class_check action=maybe_recompile pc=0x00000149ef375888 method=jdk.internal.misc.Unsafe.allocateUninitializedArray(Ljava/lang/Class;I)Ljava/lang/Object; @ 51 c2
Event: 2.886 Thread 0x00000149fe11d000 DEOPT PACKING pc=0x00000149ef375888 sp=0x0000001a7fafe9f0
Event: 2.886 Thread 0x00000149fe11d000 DEOPT UNPACKING pc=0x00000149e787912f sp=0x0000001a7fafe978 mode 2
Event: 2.886 Thread 0x00000149fe11d000 Uncommon trap: trap_request=0xffffffde fr.pc=0x00000149ef375888 relative=0x0000000000000128
Event: 2.886 Thread 0x00000149fe11d000 Uncommon trap: reason=class_check action=maybe_recompile pc=0x00000149ef375888 method=jdk.internal.misc.Unsafe.allocateUninitializedArray(Ljava/lang/Class;I)Ljava/lang/Object; @ 51 c2
Event: 2.886 Thread 0x00000149fe11d000 DEOPT PACKING pc=0x00000149ef375888 sp=0x0000001a7fafe950
Event: 2.886 Thread 0x00000149fe11d000 DEOPT UNPACKING pc=0x00000149e787912f sp=0x0000001a7fafe8d8 mode 2
Event: 2.886 Thread 0x00000149fe11d000 Uncommon trap: trap_request=0xffffffde fr.pc=0x00000149ef375888 relative=0x0000000000000128
Event: 2.887 Thread 0x00000149fe11d000 Uncommon trap: reason=class_check action=maybe_recompile pc=0x00000149ef375888 method=jdk.internal.misc.Unsafe.allocateUninitializedArray(Ljava/lang/Class;I)Ljava/lang/Object; @ 51 c2
Event: 2.887 Thread 0x00000149fe11d000 DEOPT PACKING pc=0x00000149ef375888 sp=0x0000001a7fafe9f0
Event: 2.887 Thread 0x00000149fe11d000 DEOPT UNPACKING pc=0x00000149e787912f sp=0x0000001a7fafe978 mode 2
Event: 39.894 Thread 0x00000149fe11d000 DEOPT PACKING pc=0x00000149e7fbfa85 sp=0x0000001a7fafeef0
Event: 39.894 Thread 0x00000149fe11d000 DEOPT UNPACKING pc=0x00000149e787964e sp=0x0000001a7fafe388 mode 0
Event: 66.157 Thread 0x00000149fe11d000 DEOPT PACKING pc=0x00000149e7fc75a0 sp=0x0000001a7fafefd0
Event: 66.157 Thread 0x00000149fe11d000 DEOPT UNPACKING pc=0x00000149e787964e sp=0x0000001a7fafe740 mode 0

Classes unloaded (0 events):
No events

Classes redefined (0 events):
No events

Internal exceptions (1 events):
Event: 0.760 Thread 0x00000149fe11d000 Exception <a 'java/lang/NoSuchMethodError'{0x0000000088913280}: 'int java.lang.invoke.DirectMethodHandle$Holder.invokeSpecialIFC(java.lang.Object, java.lang.Object, int)'> (0x0000000088913280) 
thrown [./open/src/hotspot/share/interpreter/linkResolver.cpp, line 766]

Events (20 events):
Event: 563.917 Executing VM operation: G1CollectForAllocation
Event: 563.925 Executing VM operation: G1CollectForAllocation done
Event: 565.205 Executing VM operation: G1CollectForAllocation
Event: 565.215 Executing VM operation: G1CollectForAllocation done
Event: 565.307 Executing VM operation: G1Concurrent
Event: 565.308 Executing VM operation: G1Concurrent done
Event: 565.365 Executing VM operation: G1Concurrent
Event: 565.365 Executing VM operation: G1Concurrent done
Event: 566.648 Executing VM operation: G1CollectForAllocation
Event: 566.659 Executing VM operation: G1CollectForAllocation done
Event: 568.189 Executing VM operation: G1CollectForAllocation
Event: 568.197 Executing VM operation: G1CollectForAllocation done
Event: 568.373 Executing VM operation: G1Concurrent
Event: 568.374 Executing VM operation: G1Concurrent done
Event: 568.441 Executing VM operation: G1Concurrent
Event: 568.441 Executing VM operation: G1Concurrent done
Event: 569.635 Executing VM operation: G1CollectForAllocation
Event: 569.644 Executing VM operation: G1CollectForAllocation done
Event: 571.068 Executing VM operation: G1CollectForAllocation
Event: 571.076 Executing VM operation: G1CollectForAllocation done


Dynamic libraries:
0x00007ff6d17b0000 - 0x00007ff6d17bf000 	C:\Program Files\Java\jdk-14.0.1\bin\javaw.exe
0x00007ff8525d0000 - 0x00007ff8527c5000 	C:\WINDOWS\SYSTEM32\ntdll.dll
0x00007ff851020000 - 0x00007ff8510de000 	C:\WINDOWS\System32\KERNEL32.DLL
0x00007ff850040000 - 0x00007ff850309000 	C:\WINDOWS\System32\KERNELBASE.dll
0x00007ff84fcf0000 - 0x00007ff84fdf0000 	C:\WINDOWS\System32\ucrtbase.dll
0x00007ff84b630000 - 0x00007ff84b645000 	C:\Program Files\Java\jdk-14.0.1\bin\VCRUNTIME140.dll
0x00007ff849c10000 - 0x00007ff849c28000 	C:\Program Files\Java\jdk-14.0.1\bin\jli.dll
0x00007ff851170000 - 0x00007ff85121c000 	C:\WINDOWS\System32\ADVAPI32.dll
0x00007ff851c80000 - 0x00007ff851d1e000 	C:\WINDOWS\System32\msvcrt.dll
0x00007ff850680000 - 0x00007ff85071b000 	C:\WINDOWS\System32\sechost.dll
0x00007ff850e60000 - 0x00007ff850f8a000 	C:\WINDOWS\System32\RPCRT4.dll
0x00007ff852150000 - 0x00007ff8522f1000 	C:\WINDOWS\System32\USER32.dll
0x00007ff83d2d0000 - 0x00007ff83d56a000 	C:\WINDOWS\WinSxS\amd64_microsoft.windows.common-controls_6595b64144ccf1df_6.0.19041.1110_none_60b5254171f9507e\COMCTL32.dll
0x00007ff850010000 - 0x00007ff850032000 	C:\WINDOWS\System32\win32u.dll
0x00007ff851590000 - 0x00007ff8515bb000 	C:\WINDOWS\System32\GDI32.dll
0x00007ff850310000 - 0x00007ff85041b000 	C:\WINDOWS\System32\gdi32full.dll
0x00007ff841980000 - 0x00007ff84198a000 	C:\WINDOWS\SYSTEM32\VERSION.dll
0x00007ff850480000 - 0x00007ff85051d000 	C:\WINDOWS\System32\msvcp_win.dll
0x00007ff850f90000 - 0x00007ff850fc0000 	C:\WINDOWS\System32\IMM32.DLL
0x00007ff8449b0000 - 0x00007ff844a4b000 	C:\Program Files\Java\jdk-14.0.1\bin\msvcp140.dll
0x00007fffe7a10000 - 0x00007fffe852e000 	C:\Program Files\Java\jdk-14.0.1\bin\server\jvm.dll
0x00007ff852580000 - 0x00007ff852588000 	C:\WINDOWS\System32\PSAPI.DLL
0x00007ff8355a0000 - 0x00007ff8355a9000 	C:\WINDOWS\SYSTEM32\WSOCK32.dll
0x00007ff838100000 - 0x00007ff838127000 	C:\WINDOWS\SYSTEM32\WINMM.dll
0x00007ff851d20000 - 0x00007ff851d8b000 	C:\WINDOWS\System32\WS2_32.dll
0x00007ff84dbd0000 - 0x00007ff84dbe2000 	C:\WINDOWS\SYSTEM32\kernel.appcore.dll
0x00007ff834d10000 - 0x00007ff834d1a000 	C:\Program Files\Java\jdk-14.0.1\bin\jimage.dll
0x00007ff84b230000 - 0x00007ff84b414000 	C:\WINDOWS\SYSTEM32\DBGHELP.DLL
0x00007ff83c310000 - 0x00007ff83c33c000 	C:\WINDOWS\SYSTEM32\dbgcore.DLL
0x00007ff84fdf0000 - 0x00007ff84fe73000 	C:\WINDOWS\System32\bcryptPrimitives.dll
0x00007ff830be0000 - 0x00007ff830c05000 	C:\Program Files\Java\jdk-14.0.1\bin\java.dll
0x00007ff8346b0000 - 0x00007ff8346c6000 	C:\Program Files\Java\jdk-14.0.1\bin\zip.dll
0x00007ff850720000 - 0x00007ff850e5f000 	C:\WINDOWS\System32\SHELL32.dll
0x00007ff84ddf0000 - 0x00007ff84e580000 	C:\WINDOWS\SYSTEM32\windows.storage.dll
0x00007ff851230000 - 0x00007ff851585000 	C:\WINDOWS\System32\combase.dll
0x00007ff84f740000 - 0x00007ff84f76c000 	C:\WINDOWS\SYSTEM32\Wldp.dll
0x00007ff851aa0000 - 0x00007ff851b4e000 	C:\WINDOWS\System32\SHCORE.dll
0x00007ff850fc0000 - 0x00007ff851015000 	C:\WINDOWS\System32\shlwapi.dll
0x00007ff84fc30000 - 0x00007ff84fc4f000 	C:\WINDOWS\SYSTEM32\profapi.dll
0x00007ff831d90000 - 0x00007ff831da9000 	C:\Program Files\Java\jdk-14.0.1\bin\net.dll
0x00007ff849c90000 - 0x00007ff849d98000 	C:\WINDOWS\SYSTEM32\WINHTTP.dll
0x00007ff84f4a0000 - 0x00007ff84f50a000 	C:\WINDOWS\system32\mswsock.dll
0x00007ff830ca0000 - 0x00007ff830cb2000 	C:\Program Files\Java\jdk-14.0.1\bin\nio.dll
0x000000006e700000 - 0x000000006e72a000 	C:\Users\marcu\AppData\Local\Temp\libgdxmarcu\e1cd32f8\gdx64.dll
0x00007ff830bd0000 - 0x00007ff830be0000 	C:\Program Files\Java\jdk-14.0.1\bin\verify.dll
0x0000000180000000 - 0x0000000180053000 	C:\Users\marcu\AppData\Local\Temp\libgdxmarcu\1cecf4f6\lwjgl64.dll
0x00007ff836a80000 - 0x00007ff836ba5000 	C:\WINDOWS\SYSTEM32\OPENGL32.dll
0x00007ff836a50000 - 0x00007ff836a7c000 	C:\WINDOWS\SYSTEM32\GLU32.dll
0x00000149ff680000 - 0x00000149ff6e4000 	C:\Users\marcu\AppData\Local\Temp\libgdxmarcu\1cecf4f6\OpenAL64.dll
0x00007ff851b50000 - 0x00007ff851c7a000 	C:\WINDOWS\System32\ole32.dll
0x00007ff84d6f0000 - 0x00007ff84d78e000 	C:\WINDOWS\system32\uxtheme.dll
0x00007ff851e10000 - 0x00007ff851eb9000 	C:\WINDOWS\System32\clbcatq.dll
0x00007ff83b240000 - 0x00007ff83b2dc000 	C:\WINDOWS\SYSTEM32\dsound.dll
0x00007ff84f260000 - 0x00007ff84f2ab000 	C:\WINDOWS\SYSTEM32\powrprof.dll
0x00007ff837460000 - 0x00007ff837486000 	C:\WINDOWS\SYSTEM32\winmmbase.dll
0x00007ff84f120000 - 0x00007ff84f132000 	C:\WINDOWS\SYSTEM32\UMPDC.dll
0x00007ff847ee0000 - 0x00007ff847f65000 	C:\WINDOWS\System32\MMDevApi.dll
0x00007ff84fa90000 - 0x00007ff84fac4000 	C:\WINDOWS\System32\DEVOBJ.dll
0x00007ff850520000 - 0x00007ff85056e000 	C:\WINDOWS\System32\cfgmgr32.dll
0x00007ff847f70000 - 0x00007ff8480f1000 	C:\WINDOWS\SYSTEM32\AUDIOSES.DLL
0x00007ff852300000 - 0x00007ff8523cd000 	C:\WINDOWS\System32\OLEAUT32.dll
0x00007ff84d820000 - 0x00007ff84d834000 	C:\WINDOWS\SYSTEM32\resourcepolicyclient.dll
0x00007ff849a40000 - 0x00007ff849aee000 	C:\WINDOWS\SYSTEM32\mscms.dll
0x00007ff849a20000 - 0x00007ff849a31000 	C:\WINDOWS\SYSTEM32\ColorAdapterClient.dll
0x00007ff84fbb0000 - 0x00007ff84fbde000 	C:\WINDOWS\SYSTEM32\USERENV.dll
0x00007ff843c50000 - 0x00007ff843c94000 	C:\Windows\System32\Windows.Internal.Graphics.Display.DisplayColorManagement.dll
0x00007ff851fa0000 - 0x00007ff8520b5000 	C:\WINDOWS\System32\MSCTF.dll
0x00007ff8345b0000 - 0x00007ff8346a9000 	C:\WINDOWS\SYSTEM32\textinputframework.dll
0x00007ff84cc20000 - 0x00007ff84cf7e000 	C:\WINDOWS\System32\CoreUIComponents.dll
0x00007ff84d300000 - 0x00007ff84d3f2000 	C:\WINDOWS\System32\CoreMessaging.dll
0x00007ff84bb60000 - 0x00007ff84bcb4000 	C:\WINDOWS\SYSTEM32\wintypes.dll
0x00007ff84e9e0000 - 0x00007ff84ea13000 	C:\WINDOWS\SYSTEM32\ntmarta.dll
0x00007ff82b120000 - 0x00007ff82b186000 	C:\WINDOWS\system32\Oleacc.dll
0x00007ff843d10000 - 0x00007ff843e09000 	C:\Windows\System32\AppXDeploymentClient.dll
0x00007ff81d300000 - 0x00007ff81e2c5000 	C:\WINDOWS\System32\DriverStore\FileRepository\iigd_dch.inf_amd64_dc16e5f1dbf8051f\ig9icd64.dll
0x00007ff84d7f0000 - 0x00007ff84d81f000 	C:\WINDOWS\system32\dwmapi.dll
0x00007ff84e5e0000 - 0x00007ff84e6d4000 	C:\WINDOWS\system32\dxgi.dll
0x00007ff842de0000 - 0x00007ff84301f000 	C:\WINDOWS\System32\DriverStore\FileRepository\iigd_dch.inf_amd64_dc16e5f1dbf8051f\igdgmm64.dll
0x00007ff830a20000 - 0x00007ff830a63000 	C:\WINDOWS\SYSTEM32\icm32.dll
0x00007ff81cee0000 - 0x00007ff81d2f5000 	C:\WINDOWS\System32\DriverStore\FileRepository\iigd_dch.inf_amd64_dc16e5f1dbf8051f\igdml64.dll
0x00007ff83d570000 - 0x00007ff8401d2000 	C:\WINDOWS\System32\DriverStore\FileRepository\iigd_dch.inf_amd64_dc16e5f1dbf8051f\igc64.dll

dbghelp: loaded successfully - version: 4.0.5 - missing functions: none
symbol engine: initialized successfully - sym options: 0x614 - pdb path: .;C:\Program Files\Java\jdk-14.0.1\bin;C:\WINDOWS\SYSTEM32;C:\WINDOWS\WinSxS\amd64_microsoft.windows.common-controls_6595b64144ccf1df_6.0.19041.1110_none_60b5254171f9507e;C:\Program Files\Java\jdk-14.0.1\bin\server;C:\Users\marcu\AppData\Local\Temp\libgdxmarcu\e1cd32f8;C:\Users\marcu\AppData\Local\Temp\libgdxmarcu\1cecf4f6;C:\WINDOWS\System32\DriverStore\FileRepository\iigd_dch.inf_amd64_dc16e5f1dbf8051f

VM Arguments:
jvm_args: -Dfile.encoding=UTF-8 -XX:+ShowCodeDetailsInExceptionMessages 
java_command: com.mygdx.game.desktop.DesktopLauncher
java_class_path (initial): C:\Users\marcu\Desktop\SALProject\MarcusSophiaMirandaPralad\desktop\bin\main;C:\Users\marcu\Desktop\SALProject\MarcusSophiaMirandaPralad\core\bin\default;C:\Users\marcu\Desktop\SALProject\MarcusSophiaMirandaPralad\core\bin\main;C:\Users\marcu\.gradle\caches\modules-2\files-2.1\com.badlogicgames.gdx\gdx-backend-lwjgl\1.10.0\58ff89d9e4fd8a82591367f187d606e781cacc05\gdx-backend-lwjgl-1.10.0.jar;C:\Users\marcu\.gradle\caches\modules-2\files-2.1\com.badlogicgames.gdx\gdx-platform\1.10.0\9a8fa793d2fd6d360afc6c9e4c1f5583da263b88\gdx-platform-1.10.0-natives-desktop.jar;C:\Users\marcu\.gradle\caches\modules-2\files-2.1\com.badlogicgames.gdx\gdx-box2d-platform\1.10.0\588c4191c5a64ed39365e71484aa37d81c38eb5e\gdx-box2d-platform-1.10.0-natives-desktop.jar;C:\Users\marcu\.gradle\caches\modules-2\files-2.1\com.badlogicgames.gdx\gdx-box2d\1.10.0\b3a3c0f00b90716238835434d0ae8985604c37f8\gdx-box2d-1.10.0.jar;C:\Users\marcu\.gradle\caches\modules-2\files-2.1\com.badlogicgames.gdx\gdx\1.10.0\74c240f79dc4fb6b766a834249600d0a019d0489\gdx-1.10.0.jar;C:\Users\marcu\.gradle\caches\modules-2\files-2.1\org.lwjgl.lwjgl\lwjgl_util\2.9.3\751f06b62424da056954c67288fd5c494431e350\lwjgl_util-2.9.3.jar;C:\Users\marcu\.gradle\caches\modules-2\files-2.1\org.lwjgl.lwjgl\lwjgl\2.9.3\3df168ac74e4a8c96562cdff24ad352e255bf89c\lwjgl-2.9.3.jar;C:\Users\marcu\.gradle\caches\modules-2\files-2.1\com.badlogicgames.jlayer\jlayer\1.0.1-gdx\7cca83cec5c1b2f011362f4d85aabd71a73b049d\jlayer-1.0.1-gdx.jar;C:\Users\marcu\.gradle\caches\modules-2\files-2.1\org.jcraft\jorbis\0.0.17\8872d22b293e8f5d7d56ff92be966e6dc28ebdc6\jorbis-0.0.17.jar;C:\Users\marcu\.gradle\caches\modules-2\files-2.1\org.lwjgl.lwjgl\lwjgl-platform\2.9.3\fbc2afb3e288578e9942578decb6291a490549a0\lwjgl-platform-2.9.3-natives-windows.jar;C:\Users\marcu\.gradle\caches\modules-2\files-2.1\org.lwjgl.lwjgl\lwjgl-platform\2.9.3\b1eafe80093381c56415731e1d64279e6140bcd0\lwjgl-platform-2.9.3-natives-linux.jar;C:\Users\marcu\.gradle\c
Launcher Type: SUN_STANDARD

[Global flags]
     intx CICompilerCount                          = 4                                         {product} {ergonomic}
     uint ConcGCThreads                            = 2                                         {product} {ergonomic}
     uint G1ConcRefinementThreads                  = 8                                         {product} {ergonomic}
   size_t G1HeapRegionSize                         = 1048576                                   {product} {ergonomic}
    uintx GCDrainStackTargetSize                   = 64                                        {product} {ergonomic}
   size_t InitialHeapSize                          = 134217728                                 {product} {ergonomic}
   size_t MarkStackSize                            = 4194304                                   {product} {ergonomic}
   size_t MaxHeapSize                              = 2126512128                                {product} {ergonomic}
   size_t MaxNewSize                               = 1275068416                                {product} {ergonomic}
   size_t MinHeapDeltaBytes                        = 1048576                                   {product} {ergonomic}
   size_t MinHeapSize                              = 8388608                                   {product} {ergonomic}
    uintx NonNMethodCodeHeapSize                   = 5839372                                {pd product} {ergonomic}
    uintx NonProfiledCodeHeapSize                  = 122909434                              {pd product} {ergonomic}
    uintx ProfiledCodeHeapSize                     = 122909434                              {pd product} {ergonomic}
    uintx ReservedCodeCacheSize                    = 251658240                              {pd product} {ergonomic}
     bool SegmentedCodeCache                       = true                                      {product} {ergonomic}
     bool ShowCodeDetailsInExceptionMessages       = true                                   {manageable} {command line}
   size_t SoftMaxHeapSize                          = 2126512128                             {manageable} {ergonomic}
     bool UseCompressedClassPointers               = true                                 {lp64_product} {ergonomic}
     bool UseCompressedOops                        = true                                 {lp64_product} {ergonomic}
     bool UseG1GC                                  = true                                      {product} {ergonomic}
     bool UseLargePagesIndividualAllocation        = false                                  {pd product} {ergonomic}

Logging:
Log output configuration:
 #0: stdout all=warning uptime,level,tags
 #1: stderr all=off uptime,level,tags

Environment Variables:
PATH=C:/Program Files/Java/jdk-14.0.1/bin/server;C:/Program Files/Java/jdk-14.0.1/bin;C:\Users\marcu\Downloads\jdk-14.0.1_windows-x64_bin\jdk-14.0.1\bin;C:\WINDOWS\system32;C:\WINDOWS;C:\WINDOWS\System32\Wbem;C:\WINDOWS\System32\WindowsPowerShell\v1.0\;C:\WINDOWS\System32\OpenSSH\;C:\Program Files\Git\cmd;C:\Users\marcu\AppData\Local\Microsoft\WindowsApps;C:\Users\marcu\AppData\Local\atom\bin;C:\Users\marcu\AppData\Local\Microsoft\WindowsApps;C:\Users\marcu\Downloads\git\cmd;;C:\WINDOWS\system32;
USERNAME=marcu
OS=Windows_NT
PROCESSOR_IDENTIFIER=Intel64 Family 6 Model 142 Stepping 10, GenuineIntel



---------------  S Y S T E M  ---------------

OS: Windows 10 , 64 bit Build 19041 (10.0.19041.1202)
OS uptime: 0 days 20:04 hours

CPU:total 8 (initial active 8) (4 cores per cpu, 2 threads per core) family 6 model 142 stepping 10, cmov, cx8, fxsr, mmx, sse, sse2, sse3, ssse3, sse4.1, sse4.2, popcnt, avx, avx2, aes, clmul, erms, 3dnowpref, lzcnt, ht, tsc, tscinvbit, bmi1, bmi2, adx, fma

Memory: 4k page, system-wide physical 8109M (305M free)
TotalPageFile size 32685M (AvailPageFile size 5M)
current process WorkingSet (physical memory assigned to process): 3043M, peak: 4137M
current process commit charge ("private bytes"): 23767M, peak: 23768M

vm_info: Java HotSpot(TM) 64-Bit Server VM (14.0.1+7) for windows-amd64 JRE (14.0.1+7), built on Mar  5 2020 10:30:14 by "mach5one" with MS VC++ 15.9 (VS2017)

END.
