#
# A fatal error has been detected by the Java Runtime Environment:
#
#  EXCEPTION_ACCESS_VIOLATION (0xc0000005) at pc=0x00007ffc90b54fab, pid=4072, tid=6980
#
# JRE version: Java(TM) SE Runtime Environment (14.0.1+7) (build 14.0.1+7)
# Java VM: Java HotSpot(TM) 64-Bit Server VM (14.0.1+7, mixed mode, sharing, tiered, compressed oops, g1 gc, windows-amd64)
# Problematic frame:
# C  [ig9icd64.dll+0x564fab]
#
# No core dump will be written. Minidumps are not enabled by default on client versions of Windows
#
# If you would like to submit a bug report, please visit:
#   https://bugreport.java.com/bugreport/crash.jsp
# The crash happened outside the Java Virtual Machine in native code.
# See problematic frame for where to report the bug.
#

---------------  S U M M A R Y ------------

Command Line: -Dfile.encoding=UTF-8 -XX:+ShowCodeDetailsInExceptionMessages com.mygdx.game.desktop.DesktopLauncher

Host: Intel(R) Core(TM) i5-8250U CPU @ 1.60GHz, 8 cores, 7G,  Windows 10 , 64 bit Build 19041 (10.0.19041.1202)
Time: Sun Sep 19 16:44:07 2021 Mountain Daylight Time elapsed time: 111 seconds (0d 0h 1m 51s)

---------------  T H R E A D  ---------------

Current thread (0x00000209bc4e2000):  JavaThread "LWJGL Application" [_thread_in_native, id=6980, stack(0x000000482df00000,0x000000482e000000)]

Stack: [0x000000482df00000,0x000000482e000000],  sp=0x000000482dffe030,  free space=1016k
Native frames: (J=compiled Java code, j=interpreted, Vv=VM code, C=native code)
C  [ig9icd64.dll+0x564fab]

Java frames: (J=compiled Java code, j=interpreted, Vv=VM code)
J 843  org.lwjgl.opengl.GL11.nglTexImage2D(IIIIIIIIJJ)V (0 bytes) @ 0x00000209ac474d35 [0x00000209ac474ca0+0x0000000000000095]
J 948 c2 com.badlogic.gdx.graphics.Texture.<init>(Lcom/badlogic/gdx/files/FileHandle;)V (8 bytes) @ 0x00000209ac4c7a14 [0x00000209ac4c69a0+0x0000000000001074]
J 1121 c2 com.mygdx.game.ShootsAndLadders.render()V (284 bytes) @ 0x00000209ac4e6888 [0x00000209ac4e63e0+0x00000000000004a8]
j  com.badlogic.gdx.backends.lwjgl.LwjglApplication.mainLoop()V+776
j  com.badlogic.gdx.backends.lwjgl.LwjglApplication$1.run()V+27
v  ~StubRoutines::call_stub

siginfo: EXCEPTION_ACCESS_VIOLATION (0xc0000005), reading address 0x00000000000000e0


Register to memory mapping:

RIP=0x00007ffc90b54fab ig9icd64.dll
RAX=0x00000000000000c8 is an unknown value
RBX=0x000000482dffe230 is pointing into the stack for thread: 0x00000209bc4e2000
RCX=0x0 is NULL
RDX=0x00000209bbcab040 points into unknown readable memory: 00 7f f6 f4 fc 7f 00 00
RSP=0x000000482dffe030 is pointing into the stack for thread: 0x00000209bc4e2000
RBP=0x00000000000000c8 is an unknown value
RSI=0x0 is NULL
RDI=0x00000209bc58a500 points into unknown readable memory: 40 6f 52 bc 09 02 00 00
R8 =0x0000000000000001 is an unknown value
R9 =
[error occurred during error reporting (printing register info), id 0xc0000005, EXCEPTION_ACCESS_VIOLATION (0xc0000005) at pc=0x00007ffca8db1c94]

Registers:
RAX=0x00000000000000c8, RBX=0x000000482dffe230, RCX=0x0000000000000000, RDX=0x00000209bbcab040
RSP=0x000000482dffe030, RBP=0x00000000000000c8, RSI=0x0000000000000000, RDI=0x00000209bc58a500
R8 =0x0000000000000001, R9 =0x00000000ffffefff, R10=0x00000000ffffefff, R11=0x0000800100000000
R12=0x0000fffffffff000, R13=0xffff000000000fff, R14=0x00000209bbcab040, R15=0x0000000000000000
RIP=0x00007ffc90b54fab, EFLAGS=0x0000000000010202

Top of Stack: (sp=0x000000482dffe030)
0x000000482dffe030:   0000b80200010000 00000209bc58a500
0x000000482dffe040:   00000209bbcab040 00007ffc9062b312
0x000000482dffe050:   000000482dffe230 0000000000000000
0x000000482dffe060:   0000000000000000 0000000000000000
0x000000482dffe070:   00000209bc5bf3f0 00000209bc58a500
0x000000482dffe080:   0010020000000000 000000482dffe149
0x000000482dffe090:   000000482dffe230 00007ffc90bbe57b
0x000000482dffe0a0:   000002099c21be80 0000000000000000
0x000000482dffe0b0:   000000482dffe149 0000000000000000
0x000000482dffe0c0:   0000020900000002 0000000000000000
0x000000482dffe0d0:   0000000000000000 0000004800000000
0x000000482dffe0e0:   ffffb80200010000 0000020000000000
0x000000482dffe0f0:   000002099c21be80 0000000000000001
0x000000482dffe100:   0000004161010011 0002000000008000
0x000000482dffe110:   0000000000000041 0000b80200010041
0x000000482dffe120:   0000b80200010021 0000800100000021 

Instructions: (pc=0x00007ffc90b54fab)
0x00007ffc90b54eab:   48 8b 5c 24 30 49 89 06 48 8b 84 24 a0 00 00 00
0x00007ffc90b54ebb:   49 89 46 20 8b 84 24 90 00 00 00 41 89 46 28 8b
0x00007ffc90b54ecb:   84 24 88 00 00 00 41 89 46 34 8b 84 24 98 00 00
0x00007ffc90b54edb:   00 41 89 46 2c 0f b6 84 24 a8 00 00 00 41 88 46
0x00007ffc90b54eeb:   48 8b 44 24 68 41 89 7e 38 48 8b 7c 24 40 41 89
0x00007ffc90b54efb:   76 3c 48 8b 74 24 38 41 89 46 40 48 83 c4 20 41
0x00007ffc90b54f0b:   5e c3 cc cc cc cc cc cc cc cc cc cc cc cc cc cc
0x00007ffc90b54f1b:   cc cc cc cc cc 40 53 55 56 57 41 56 48 83 ec 40
0x00007ffc90b54f2b:   4c 8b f2 48 8b f1 8b 8a d0 01 00 00 48 8d ae c8
0x00007ffc90b54f3b:   00 00 00 83 f9 10 73 06 48 6b c1 38 eb 5a 8d 51
0x00007ffc90b54f4b:   f0 8b c2 c1 e8 04 83 f8 03 73 1e 0f ae e8 83 e2
0x00007ffc90b54f5b:   0f 4c 8b 84 c5 80 03 00 00 4d 85 c0 74 28 8b c2
0x00007ffc90b54f6b:   48 6b c0 38 49 03 c0 eb 32 48 8b 85 98 03 00 00
0x00007ffc90b54f7b:   48 85 c0 74 11 39 08 0f 84 1e 01 00 00 48 8b 40
0x00007ffc90b54f8b:   40 48 85 c0 75 ef 80 bd a0 03 00 00 00 74 26 8b
0x00007ffc90b54f9b:   c1 83 e0 0f 48 6b c0 38 48 03 c5 48 85 c0 74 15
0x00007ffc90b54fab:   48 8b 40 18 48 83 f8 fd 0f 86 a6 02 00 00 0f 1f
0x00007ffc90b54fbb:   80 00 00 00 00 48 8b 96 98 04 00 00 48 85 d2 78
0x00007ffc90b54fcb:   f4 48 8d 4a 01 48 8b c2 f0 48 0f b1 8e 98 04 00
0x00007ffc90b54fdb:   00 75 e2 48 85 d2 0f 85 59 01 00 00 48 8b 86 a0
0x00007ffc90b54feb:   04 00 00 48 89 44 24 78 48 83 f8 fe 0f 82 38 01
0x00007ffc90b54ffb:   00 00 88 54 24 70 4c 8b ce 48 8d 54 24 78 48 8b
0x00007ffc90b5500b:   0e e8 4f a6 ff ff 84 c0 75 75 66 66 66 0f 1f 84
0x00007ffc90b5501b:   00 00 00 00 00 48 8b 4e 08 48 8b 01 ba 02 00 00
0x00007ffc90b5502b:   00 48 8b 80 e0 02 00 00 ff 15 c7 e5 57 00 48 8b
0x00007ffc90b5503b:   f8 48 8b 1d 85 9a 99 00 48 89 9c 24 88 00 00 00
0x00007ffc90b5504b:   48 8b cb ff 15 ac e0 57 00 90 4c 8b c7 49 8b d6
0x00007ffc90b5505b:   48 8d 4c 24 70 e8 fb 0f 00 00 0f b6 f8 48 8b cb
0x00007ffc90b5506b:   ff 15 bf e1 57 00 40 84 ff 74 14 4c 8b ce 48 8d
0x00007ffc90b5507b:   54 24 78 48 8b 0e e8 da a5 ff ff 84 c0 74 96 48
0x00007ffc90b5508b:   8b 7c 24 78 48 83 ff ff 75 1a 48 c7 c7 fe ff ff
0x00007ffc90b5509b:   ff 48 89 7c 24 78 e9 88 00 00 00 48 83 c0 08 e9 


Stack slot to memory mapping:
stack at sp + 0 slots: 0x0000b80200010000 is an unknown value
stack at sp + 1 slots: 0x00000209bc58a500 points into unknown readable memory: 40 6f 52 bc 09 02 00 00
stack at sp + 2 slots: 0x00000209bbcab040 points into unknown readable memory: 00 7f f6 f4 fc 7f 00 00
stack at sp + 3 slots: 0x00007ffc9062b312 ig9icd64.dll
stack at sp + 4 slots: 0x000000482dffe230 is pointing into the stack for thread: 0x00000209bc4e2000
stack at sp + 5 slots: 0x0 is NULL
stack at sp + 6 slots: 0x0 is NULL
stack at sp + 7 slots: 0x0 is NULL


---------------  P R O C E S S  ---------------

Threads class SMR info:
_java_thread_list=0x00000209c3265410, length=13, elements={
0x00000209bb24b000, 0x00000209bb24c000, 0x00000209bb261800, 0x00000209bb267000,
0x00000209bb268000, 0x00000209bbb79000, 0x00000209bb26d800, 0x00000209bbb90000,
0x00000209bbcae800, 0x00000209bbcd6000, 0x00000209bc4e2000, 0x000002099c1ab000,
0x00000209c32cd000
}

Java Threads: ( => current thread )
  0x00000209bb24b000 JavaThread "Reference Handler" daemon [_thread_blocked, id=16884, stack(0x000000482d200000,0x000000482d300000)]
  0x00000209bb24c000 JavaThread "Finalizer" daemon [_thread_blocked, id=1788, stack(0x000000482d300000,0x000000482d400000)]
  0x00000209bb261800 JavaThread "Signal Dispatcher" daemon [_thread_blocked, id=8180, stack(0x000000482d400000,0x000000482d500000)]
  0x00000209bb267000 JavaThread "Attach Listener" daemon [_thread_blocked, id=8096, stack(0x000000482d500000,0x000000482d600000)]
  0x00000209bb268000 JavaThread "Service Thread" daemon [_thread_blocked, id=18052, stack(0x000000482d600000,0x000000482d700000)]
  0x00000209bbb79000 JavaThread "C2 CompilerThread0" daemon [_thread_blocked, id=3568, stack(0x000000482d700000,0x000000482d800000)]
  0x00000209bb26d800 JavaThread "C1 CompilerThread0" daemon [_thread_blocked, id=17168, stack(0x000000482d800000,0x000000482d900000)]
  0x00000209bbb90000 JavaThread "Sweeper thread" daemon [_thread_blocked, id=11300, stack(0x000000482d900000,0x000000482da00000)]
  0x00000209bbcae800 JavaThread "Notification Thread" daemon [_thread_blocked, id=11804, stack(0x000000482da00000,0x000000482db00000)]
  0x00000209bbcd6000 JavaThread "Common-Cleaner" daemon [_thread_blocked, id=5240, stack(0x000000482dc00000,0x000000482dd00000)]
=>0x00000209bc4e2000 JavaThread "LWJGL Application" [_thread_in_native, id=6980, stack(0x000000482df00000,0x000000482e000000)]
  0x000002099c1ab000 JavaThread "DestroyJavaVM" [_thread_blocked, id=12488, stack(0x000000482cb00000,0x000000482cc00000)]
  0x00000209c32cd000 JavaThread "LWJGL Timer" daemon [_thread_blocked, id=8516, stack(0x000000482e600000,0x000000482e700000)]

Other Threads:
  0x00000209bb24a000 VMThread "VM Thread" [stack: 0x000000482d100000,0x000000482d200000] [id=19376]
  0x00000209bbcd1800 WatcherThread [stack: 0x000000482db00000,0x000000482dc00000] [id=18552]
  0x000002099c1f0000 GCTaskThread "GC Thread#0" [stack: 0x000000482cc00000,0x000000482cd00000] [id=17688]
  0x00000209c390c800 GCTaskThread "GC Thread#1" [stack: 0x000000482e700000,0x000000482e800000] [id=9160]
  0x00000209c3569800 GCTaskThread "GC Thread#2" [stack: 0x000000482e800000,0x000000482e900000] [id=1516]
  0x00000209c3903000 GCTaskThread "GC Thread#3" [stack: 0x000000482e900000,0x000000482ea00000] [id=11904]
  0x000002099c204000 ConcurrentGCThread "G1 Main Marker" [stack: 0x000000482cd00000,0x000000482ce00000] [id=14620]
  0x000002099c205000 ConcurrentGCThread "G1 Conc#0" [stack: 0x000000482ce00000,0x000000482cf00000] [id=9184]
  0x00000209bb0be800 ConcurrentGCThread "G1 Refine#0" [stack: 0x000000482cf00000,0x000000482d000000] [id=17908]
  0x00000209bb0bf800 ConcurrentGCThread "G1 Young RemSet Sampling" [stack: 0x000000482d000000,0x000000482d100000] [id=3260]

Threads with active compile tasks:

VM state:not at safepoint (normal execution)

VM Mutex/Monitor currently owned by a thread: None

Heap address: 0x0000000081400000, size: 2028 MB, Compressed Oops mode: 32-bit
Narrow klass base: 0x0000000800000000, Narrow klass shift: 3
Compressed class space size: 1073741824 Address: 0x0000000800b30000

Heap:
 garbage-first heap   total 131072K, used 50900K [0x0000000081400000, 0x0000000100000000)
  region size 1024K, 39 young (39936K), 6 survivors (6144K)
 Metaspace       used 4726K, capacity 7742K, committed 8064K, reserved 1056768K
  class space    used 330K, capacity 628K, committed 640K, reserved 1048576K
Heap Regions: E=young(eden), S=young(survivor), O=old, HS=humongous(starts), HC=humongous(continues), CS=collection set, F=free, OA=open archive, CA=closed archive, TAMS=top-at-mark-start (previous, next)
|   0|0x0000000081400000, 0x0000000081500000, 0x0000000081500000|100%| O|  |TAMS 0x0000000081400000, 0x0000000081400000| Untracked 
|   1|0x0000000081500000, 0x0000000081600000, 0x0000000081600000|100%| O|  |TAMS 0x0000000081500000, 0x0000000081500000| Untracked 
|   2|0x0000000081600000, 0x0000000081700000, 0x0000000081700000|100%| O|  |TAMS 0x0000000081600000, 0x0000000081600000| Untracked 
|   3|0x0000000081700000, 0x0000000081800000, 0x0000000081800000|100%| O|  |TAMS 0x0000000081700000, 0x0000000081700000| Untracked 
|   4|0x0000000081800000, 0x0000000081900000, 0x0000000081900000|100%| O|  |TAMS 0x0000000081800000, 0x0000000081800000| Untracked 
|   5|0x0000000081900000, 0x0000000081a00000, 0x0000000081a00000|100%| O|  |TAMS 0x0000000081900000, 0x0000000081900000| Untracked 
|   6|0x0000000081a00000, 0x0000000081b00000, 0x0000000081b00000|100%| O|  |TAMS 0x0000000081a00000, 0x0000000081a00000| Untracked 
|   7|0x0000000081b00000, 0x0000000081c00000, 0x0000000081c00000|100%| O|  |TAMS 0x0000000081b00000, 0x0000000081b00000| Untracked 
|   8|0x0000000081c00000, 0x0000000081d00000, 0x0000000081d00000|100%| O|  |TAMS 0x0000000081c00000, 0x0000000081c00000| Untracked 
|   9|0x0000000081d00000, 0x0000000081e00000, 0x0000000081e00000|100%| O|  |TAMS 0x0000000081d00000, 0x0000000081d00000| Untracked 
|  10|0x0000000081e00000, 0x0000000081f00000, 0x0000000081f00000|100%| O|  |TAMS 0x0000000081e00000, 0x0000000081e00000| Untracked 
|  11|0x0000000081f00000, 0x0000000081fc0a00, 0x0000000082000000| 75%| O|  |TAMS 0x0000000081f00000, 0x0000000081f00000| Untracked 
|  12|0x0000000082000000, 0x0000000082000000, 0x0000000082100000|  0%| F|  |TAMS 0x0000000082000000, 0x0000000082000000| Untracked 
|  13|0x0000000082100000, 0x0000000082100000, 0x0000000082200000|  0%| F|  |TAMS 0x0000000082100000, 0x0000000082100000| Untracked 
|  14|0x0000000082200000, 0x0000000082200000, 0x0000000082300000|  0%| F|  |TAMS 0x0000000082200000, 0x0000000082200000| Untracked 
|  15|0x0000000082300000, 0x0000000082300000, 0x0000000082400000|  0%| F|  |TAMS 0x0000000082300000, 0x0000000082300000| Untracked 
|  16|0x0000000082400000, 0x0000000082400000, 0x0000000082500000|  0%| F|  |TAMS 0x0000000082400000, 0x0000000082400000| Untracked 
|  17|0x0000000082500000, 0x0000000082500000, 0x0000000082600000|  0%| F|  |TAMS 0x0000000082500000, 0x0000000082500000| Untracked 
|  18|0x0000000082600000, 0x0000000082600000, 0x0000000082700000|  0%| F|  |TAMS 0x0000000082600000, 0x0000000082600000| Untracked 
|  19|0x0000000082700000, 0x0000000082700000, 0x0000000082800000|  0%| F|  |TAMS 0x0000000082700000, 0x0000000082700000| Untracked 
|  20|0x0000000082800000, 0x0000000082800000, 0x0000000082900000|  0%| F|  |TAMS 0x0000000082800000, 0x0000000082800000| Untracked 
|  21|0x0000000082900000, 0x0000000082900000, 0x0000000082a00000|  0%| F|  |TAMS 0x0000000082900000, 0x0000000082900000| Untracked 
|  22|0x0000000082a00000, 0x0000000082a00000, 0x0000000082b00000|  0%| F|  |TAMS 0x0000000082a00000, 0x0000000082a00000| Untracked 
|  23|0x0000000082b00000, 0x0000000082b00000, 0x0000000082c00000|  0%| F|  |TAMS 0x0000000082b00000, 0x0000000082b00000| Untracked 
|  24|0x0000000082c00000, 0x0000000082c00000, 0x0000000082d00000|  0%| F|  |TAMS 0x0000000082c00000, 0x0000000082c00000| Untracked 
|  25|0x0000000082d00000, 0x0000000082d00000, 0x0000000082e00000|  0%| F|  |TAMS 0x0000000082d00000, 0x0000000082d00000| Untracked 
|  26|0x0000000082e00000, 0x0000000082e00000, 0x0000000082f00000|  0%| F|  |TAMS 0x0000000082e00000, 0x0000000082e00000| Untracked 
|  27|0x0000000082f00000, 0x0000000082f00000, 0x0000000083000000|  0%| F|  |TAMS 0x0000000082f00000, 0x0000000082f00000| Untracked 
|  28|0x0000000083000000, 0x0000000083000000, 0x0000000083100000|  0%| F|  |TAMS 0x0000000083000000, 0x0000000083000000| Untracked 
|  29|0x0000000083100000, 0x0000000083100000, 0x0000000083200000|  0%| F|  |TAMS 0x0000000083100000, 0x0000000083100000| Untracked 
|  30|0x0000000083200000, 0x0000000083200000, 0x0000000083300000|  0%| F|  |TAMS 0x0000000083200000, 0x0000000083200000| Untracked 
|  31|0x0000000083300000, 0x0000000083300000, 0x0000000083400000|  0%| F|  |TAMS 0x0000000083300000, 0x0000000083300000| Untracked 
|  32|0x0000000083400000, 0x0000000083400000, 0x0000000083500000|  0%| F|  |TAMS 0x0000000083400000, 0x0000000083400000| Untracked 
|  33|0x0000000083500000, 0x0000000083500000, 0x0000000083600000|  0%| F|  |TAMS 0x0000000083500000, 0x0000000083500000| Untracked 
|  34|0x0000000083600000, 0x0000000083600000, 0x0000000083700000|  0%| F|  |TAMS 0x0000000083600000, 0x0000000083600000| Untracked 
|  35|0x0000000083700000, 0x0000000083700000, 0x0000000083800000|  0%| F|  |TAMS 0x0000000083700000, 0x0000000083700000| Untracked 
|  36|0x0000000083800000, 0x0000000083800000, 0x0000000083900000|  0%| F|  |TAMS 0x0000000083800000, 0x0000000083800000| Untracked 
|  37|0x0000000083900000, 0x0000000083900000, 0x0000000083a00000|  0%| F|  |TAMS 0x0000000083900000, 0x0000000083900000| Untracked 
|  38|0x0000000083a00000, 0x0000000083a00000, 0x0000000083b00000|  0%| F|  |TAMS 0x0000000083a00000, 0x0000000083a00000| Untracked 
|  39|0x0000000083b00000, 0x0000000083b00000, 0x0000000083c00000|  0%| F|  |TAMS 0x0000000083b00000, 0x0000000083b00000| Untracked 
|  40|0x0000000083c00000, 0x0000000083c00000, 0x0000000083d00000|  0%| F|  |TAMS 0x0000000083c00000, 0x0000000083c00000| Untracked 
|  41|0x0000000083d00000, 0x0000000083d00000, 0x0000000083e00000|  0%| F|  |TAMS 0x0000000083d00000, 0x0000000083d00000| Untracked 
|  42|0x0000000083e00000, 0x0000000083e00000, 0x0000000083f00000|  0%| F|  |TAMS 0x0000000083e00000, 0x0000000083e00000| Untracked 
|  43|0x0000000083f00000, 0x0000000083f00000, 0x0000000084000000|  0%| F|  |TAMS 0x0000000083f00000, 0x0000000083f00000| Untracked 
|  44|0x0000000084000000, 0x0000000084000000, 0x0000000084100000|  0%| F|  |TAMS 0x0000000084000000, 0x0000000084000000| Untracked 
|  45|0x0000000084100000, 0x0000000084100000, 0x0000000084200000|  0%| F|  |TAMS 0x0000000084100000, 0x0000000084100000| Untracked 
|  46|0x0000000084200000, 0x0000000084200000, 0x0000000084300000|  0%| F|  |TAMS 0x0000000084200000, 0x0000000084200000| Untracked 
|  47|0x0000000084300000, 0x0000000084300000, 0x0000000084400000|  0%| F|  |TAMS 0x0000000084300000, 0x0000000084300000| Untracked 
|  48|0x0000000084400000, 0x00000000844f47e0, 0x0000000084500000| 95%| S|CS|TAMS 0x0000000084400000, 0x0000000084400000| Complete 
|  49|0x0000000084500000, 0x0000000084600000, 0x0000000084600000|100%| S|CS|TAMS 0x0000000084500000, 0x0000000084500000| Complete 
|  50|0x0000000084600000, 0x0000000084700000, 0x0000000084700000|100%| S|CS|TAMS 0x0000000084600000, 0x0000000084600000| Complete 
|  51|0x0000000084700000, 0x0000000084800000, 0x0000000084800000|100%| S|CS|TAMS 0x0000000084700000, 0x0000000084700000| Complete 
|  52|0x0000000084800000, 0x0000000084800000, 0x0000000084900000|  0%| F|  |TAMS 0x0000000084800000, 0x0000000084800000| Untracked 
|  53|0x0000000084900000, 0x0000000084900000, 0x0000000084a00000|  0%| F|  |TAMS 0x0000000084900000, 0x0000000084900000| Untracked 
|  54|0x0000000084a00000, 0x0000000084a00000, 0x0000000084b00000|  0%| F|  |TAMS 0x0000000084a00000, 0x0000000084a00000| Untracked 
|  55|0x0000000084b00000, 0x0000000084b00000, 0x0000000084c00000|  0%| F|  |TAMS 0x0000000084b00000, 0x0000000084b00000| Untracked 
|  56|0x0000000084c00000, 0x0000000084d00000, 0x0000000084d00000|100%| S|CS|TAMS 0x0000000084c00000, 0x0000000084c00000| Complete 
|  57|0x0000000084d00000, 0x0000000084e00000, 0x0000000084e00000|100%| S|CS|TAMS 0x0000000084d00000, 0x0000000084d00000| Complete 
|  58|0x0000000084e00000, 0x0000000084e00000, 0x0000000084f00000|  0%| F|  |TAMS 0x0000000084e00000, 0x0000000084e00000| Untracked 
|  59|0x0000000084f00000, 0x0000000084f00000, 0x0000000085000000|  0%| F|  |TAMS 0x0000000084f00000, 0x0000000084f00000| Untracked 
|  60|0x0000000085000000, 0x0000000085000000, 0x0000000085100000|  0%| F|  |TAMS 0x0000000085000000, 0x0000000085000000| Untracked 
|  61|0x0000000085100000, 0x0000000085100000, 0x0000000085200000|  0%| F|  |TAMS 0x0000000085100000, 0x0000000085100000| Untracked 
|  62|0x0000000085200000, 0x0000000085200000, 0x0000000085300000|  0%| F|  |TAMS 0x0000000085200000, 0x0000000085200000| Untracked 
|  63|0x0000000085300000, 0x0000000085300000, 0x0000000085400000|  0%| F|  |TAMS 0x0000000085300000, 0x0000000085300000| Untracked 
|  64|0x0000000085400000, 0x0000000085400000, 0x0000000085500000|  0%| F|  |TAMS 0x0000000085400000, 0x0000000085400000| Untracked 
|  65|0x0000000085500000, 0x0000000085500000, 0x0000000085600000|  0%| F|  |TAMS 0x0000000085500000, 0x0000000085500000| Untracked 
|  66|0x0000000085600000, 0x0000000085600000, 0x0000000085700000|  0%| F|  |TAMS 0x0000000085600000, 0x0000000085600000| Untracked 
|  67|0x0000000085700000, 0x0000000085700000, 0x0000000085800000|  0%| F|  |TAMS 0x0000000085700000, 0x0000000085700000| Untracked 
|  68|0x0000000085800000, 0x0000000085800000, 0x0000000085900000|  0%| F|  |TAMS 0x0000000085800000, 0x0000000085800000| Untracked 
|  69|0x0000000085900000, 0x0000000085900000, 0x0000000085a00000|  0%| F|  |TAMS 0x0000000085900000, 0x0000000085900000| Untracked 
|  70|0x0000000085a00000, 0x0000000085a00000, 0x0000000085b00000|  0%| F|  |TAMS 0x0000000085a00000, 0x0000000085a00000| Untracked 
|  71|0x0000000085b00000, 0x0000000085b00000, 0x0000000085c00000|  0%| F|  |TAMS 0x0000000085b00000, 0x0000000085b00000| Untracked 
|  72|0x0000000085c00000, 0x0000000085c00000, 0x0000000085d00000|  0%| F|  |TAMS 0x0000000085c00000, 0x0000000085c00000| Untracked 
|  73|0x0000000085d00000, 0x0000000085d00000, 0x0000000085e00000|  0%| F|  |TAMS 0x0000000085d00000, 0x0000000085d00000| Untracked 
|  74|0x0000000085e00000, 0x0000000085e00000, 0x0000000085f00000|  0%| F|  |TAMS 0x0000000085e00000, 0x0000000085e00000| Untracked 
|  75|0x0000000085f00000, 0x0000000085f00000, 0x0000000086000000|  0%| F|  |TAMS 0x0000000085f00000, 0x0000000085f00000| Untracked 
|  76|0x0000000086000000, 0x0000000086000000, 0x0000000086100000|  0%| F|  |TAMS 0x0000000086000000, 0x0000000086000000| Untracked 
|  77|0x0000000086100000, 0x0000000086100000, 0x0000000086200000|  0%| F|  |TAMS 0x0000000086100000, 0x0000000086100000| Untracked 
|  78|0x0000000086200000, 0x0000000086200000, 0x0000000086300000|  0%| F|  |TAMS 0x0000000086200000, 0x0000000086200000| Untracked 
|  79|0x0000000086300000, 0x0000000086300000, 0x0000000086400000|  0%| F|  |TAMS 0x0000000086300000, 0x0000000086300000| Untracked 
|  80|0x0000000086400000, 0x0000000086400000, 0x0000000086500000|  0%| F|  |TAMS 0x0000000086400000, 0x0000000086400000| Untracked 
|  81|0x0000000086500000, 0x0000000086500000, 0x0000000086600000|  0%| F|  |TAMS 0x0000000086500000, 0x0000000086500000| Untracked 
|  82|0x0000000086600000, 0x0000000086600000, 0x0000000086700000|  0%| F|  |TAMS 0x0000000086600000, 0x0000000086600000| Untracked 
|  83|0x0000000086700000, 0x0000000086700000, 0x0000000086800000|  0%| F|  |TAMS 0x0000000086700000, 0x0000000086700000| Untracked 
|  84|0x0000000086800000, 0x0000000086800000, 0x0000000086900000|  0%| F|  |TAMS 0x0000000086800000, 0x0000000086800000| Untracked 
|  85|0x0000000086900000, 0x0000000086900000, 0x0000000086a00000|  0%| F|  |TAMS 0x0000000086900000, 0x0000000086900000| Untracked 
|  86|0x0000000086a00000, 0x0000000086a00000, 0x0000000086b00000|  0%| F|  |TAMS 0x0000000086a00000, 0x0000000086a00000| Untracked 
|  87|0x0000000086b00000, 0x0000000086b00000, 0x0000000086c00000|  0%| F|  |TAMS 0x0000000086b00000, 0x0000000086b00000| Untracked 
|  88|0x0000000086c00000, 0x0000000086c00000, 0x0000000086d00000|  0%| F|  |TAMS 0x0000000086c00000, 0x0000000086c00000| Untracked 
|  89|0x0000000086d00000, 0x0000000086d00000, 0x0000000086e00000|  0%| F|  |TAMS 0x0000000086d00000, 0x0000000086d00000| Untracked 
|  90|0x0000000086e00000, 0x0000000086e00000, 0x0000000086f00000|  0%| F|  |TAMS 0x0000000086e00000, 0x0000000086e00000| Untracked 
|  91|0x0000000086f00000, 0x0000000086f00000, 0x0000000087000000|  0%| F|  |TAMS 0x0000000086f00000, 0x0000000086f00000| Untracked 
|  92|0x0000000087000000, 0x0000000087000000, 0x0000000087100000|  0%| F|  |TAMS 0x0000000087000000, 0x0000000087000000| Untracked 
|  93|0x0000000087100000, 0x0000000087100000, 0x0000000087200000|  0%| F|  |TAMS 0x0000000087100000, 0x0000000087100000| Untracked 
|  94|0x0000000087200000, 0x0000000087200000, 0x0000000087300000|  0%| F|  |TAMS 0x0000000087200000, 0x0000000087200000| Untracked 
|  95|0x0000000087300000, 0x0000000087382010, 0x0000000087400000| 50%| E|  |TAMS 0x0000000087300000, 0x0000000087300000| Complete 
|  96|0x0000000087400000, 0x0000000087500000, 0x0000000087500000|100%| E|CS|TAMS 0x0000000087400000, 0x0000000087400000| Complete 
|  97|0x0000000087500000, 0x0000000087600000, 0x0000000087600000|100%| E|CS|TAMS 0x0000000087500000, 0x0000000087500000| Complete 
|  98|0x0000000087600000, 0x0000000087700000, 0x0000000087700000|100%| E|CS|TAMS 0x0000000087600000, 0x0000000087600000| Complete 
|  99|0x0000000087700000, 0x0000000087800000, 0x0000000087800000|100%| E|CS|TAMS 0x0000000087700000, 0x0000000087700000| Complete 
| 100|0x0000000087800000, 0x0000000087900000, 0x0000000087900000|100%| E|CS|TAMS 0x0000000087800000, 0x0000000087800000| Complete 
| 101|0x0000000087900000, 0x0000000087a00000, 0x0000000087a00000|100%| E|CS|TAMS 0x0000000087900000, 0x0000000087900000| Complete 
| 102|0x0000000087a00000, 0x0000000087b00000, 0x0000000087b00000|100%| E|CS|TAMS 0x0000000087a00000, 0x0000000087a00000| Complete 
| 103|0x0000000087b00000, 0x0000000087c00000, 0x0000000087c00000|100%| E|CS|TAMS 0x0000000087b00000, 0x0000000087b00000| Complete 
| 104|0x0000000087c00000, 0x0000000087d00000, 0x0000000087d00000|100%| E|CS|TAMS 0x0000000087c00000, 0x0000000087c00000| Complete 
| 105|0x0000000087d00000, 0x0000000087e00000, 0x0000000087e00000|100%| E|CS|TAMS 0x0000000087d00000, 0x0000000087d00000| Complete 
| 106|0x0000000087e00000, 0x0000000087f00000, 0x0000000087f00000|100%| E|CS|TAMS 0x0000000087e00000, 0x0000000087e00000| Complete 
| 107|0x0000000087f00000, 0x0000000088000000, 0x0000000088000000|100%| E|CS|TAMS 0x0000000087f00000, 0x0000000087f00000| Complete 
| 108|0x0000000088000000, 0x0000000088100000, 0x0000000088100000|100%| E|CS|TAMS 0x0000000088000000, 0x0000000088000000| Complete 
| 109|0x0000000088100000, 0x0000000088200000, 0x0000000088200000|100%| E|CS|TAMS 0x0000000088100000, 0x0000000088100000| Complete 
| 110|0x0000000088200000, 0x0000000088300000, 0x0000000088300000|100%| E|CS|TAMS 0x0000000088200000, 0x0000000088200000| Complete 
| 111|0x0000000088300000, 0x0000000088400000, 0x0000000088400000|100%| E|CS|TAMS 0x0000000088300000, 0x0000000088300000| Complete 
| 112|0x0000000088400000, 0x0000000088500000, 0x0000000088500000|100%| E|CS|TAMS 0x0000000088400000, 0x0000000088400000| Complete 
| 113|0x0000000088500000, 0x0000000088600000, 0x0000000088600000|100%| E|CS|TAMS 0x0000000088500000, 0x0000000088500000| Complete 
| 114|0x0000000088600000, 0x0000000088700000, 0x0000000088700000|100%| E|CS|TAMS 0x0000000088600000, 0x0000000088600000| Complete 
| 115|0x0000000088700000, 0x0000000088800000, 0x0000000088800000|100%| E|CS|TAMS 0x0000000088700000, 0x0000000088700000| Complete 
| 116|0x0000000088800000, 0x0000000088900000, 0x0000000088900000|100%| E|CS|TAMS 0x0000000088800000, 0x0000000088800000| Complete 
| 117|0x0000000088900000, 0x0000000088a00000, 0x0000000088a00000|100%| E|CS|TAMS 0x0000000088900000, 0x0000000088900000| Complete 
| 118|0x0000000088a00000, 0x0000000088b00000, 0x0000000088b00000|100%| E|CS|TAMS 0x0000000088a00000, 0x0000000088a00000| Complete 
| 119|0x0000000088b00000, 0x0000000088c00000, 0x0000000088c00000|100%| E|CS|TAMS 0x0000000088b00000, 0x0000000088b00000| Complete 
| 120|0x0000000088c00000, 0x0000000088d00000, 0x0000000088d00000|100%| E|CS|TAMS 0x0000000088c00000, 0x0000000088c00000| Complete 
| 121|0x0000000088d00000, 0x0000000088e00000, 0x0000000088e00000|100%| E|CS|TAMS 0x0000000088d00000, 0x0000000088d00000| Complete 
| 122|0x0000000088e00000, 0x0000000088f00000, 0x0000000088f00000|100%| E|CS|TAMS 0x0000000088e00000, 0x0000000088e00000| Complete 
| 123|0x0000000088f00000, 0x0000000089000000, 0x0000000089000000|100%| E|CS|TAMS 0x0000000088f00000, 0x0000000088f00000| Complete 
| 124|0x0000000089000000, 0x0000000089100000, 0x0000000089100000|100%| E|CS|TAMS 0x0000000089000000, 0x0000000089000000| Complete 
| 125|0x0000000089100000, 0x0000000089200000, 0x0000000089200000|100%| E|CS|TAMS 0x0000000089100000, 0x0000000089100000| Complete 
| 126|0x0000000089200000, 0x0000000089300000, 0x0000000089300000|100%| E|CS|TAMS 0x0000000089200000, 0x0000000089200000| Complete 
| 127|0x0000000089300000, 0x0000000089400000, 0x0000000089400000|100%| E|CS|TAMS 0x0000000089300000, 0x0000000089300000| Complete 

Card table byte_map: [0x00000209b4090000,0x00000209b4490000] _byte_map_base: 0x00000209b3c86000

Marking Bits (Prev, Next): (CMBitMap*) 0x000002099c1f2b98, (CMBitMap*) 0x000002099c1f2bd8
 Prev Bits: [0x00000209b4890000, 0x00000209b6840000)
 Next Bits: [0x00000209b6840000, 0x00000209b87f0000)

Polling page: 0x000002099a170000

Metaspace:

Usage:
  Non-class:      6.95 MB capacity,     4.29 MB ( 62%) used,     2.65 MB ( 38%) free+waste,     4.63 KB ( <1%) overhead. 
      Class:    628.00 KB capacity,   330.92 KB ( 53%) used,   295.58 KB ( 47%) free+waste,     1.50 KB ( <1%) overhead. 
       Both:      7.56 MB capacity,     4.62 MB ( 61%) used,     2.94 MB ( 39%) free+waste,     6.13 KB ( <1%) overhead. 

Virtual space:
  Non-class space:        8.00 MB reserved,       7.25 MB ( 91%) committed 
      Class space:        1.00 GB reserved,     640.00 KB ( <1%) committed 
             Both:        1.01 GB reserved,       7.88 MB ( <1%) committed 

Chunk freelists:
   Non-Class:  118.00 KB
       Class:  12.00 KB
        Both:  130.00 KB

MaxMetaspaceSize: 17179869184.00 GB
CompressedClassSpaceSize: 1.00 GB

CodeHeap 'non-profiled nmethods': size=120000Kb used=748Kb max_used=748Kb free=119251Kb
 bounds [0x00000209ac430000, 0x00000209ac6a0000, 0x00000209b3960000]
CodeHeap 'profiled nmethods': size=120000Kb used=2221Kb max_used=2221Kb free=117778Kb
 bounds [0x00000209a4f00000, 0x00000209a5170000, 0x00000209ac430000]
CodeHeap 'non-nmethods': size=5760Kb used=1249Kb max_used=1290Kb free=4510Kb
 bounds [0x00000209a4960000, 0x00000209a4bd0000, 0x00000209a4f00000]
 total_blobs=2306 nmethods=1146 adapters=441
 compilation: enabled
              stopped_count=0, restarted_count=0
 full_count=0

Compilation events (20 events):
Event: 63.949 Thread 0x00000209bb26d800 1138       3       com.badlogic.gdx.graphics.g2d.Sprite::setBounds (129 bytes)
Event: 63.950 Thread 0x00000209bb26d800 nmethod 1138 0x00000209a5125790 code [0x00000209a5125960, 0x00000209a5125d58]
Event: 63.950 Thread 0x00000209bb26d800 1139       3       com.badlogic.gdx.graphics.g2d.Sprite::getVertices (386 bytes)
Event: 63.951 Thread 0x00000209bb26d800 nmethod 1139 0x00000209a5125f10 code [0x00000209a5126180, 0x00000209a5126a98]
Event: 63.951 Thread 0x00000209bb26d800 1140       3       com.badlogic.gdx.graphics.g2d.SpriteBatch::draw (165 bytes)
Event: 63.952 Thread 0x00000209bb26d800 nmethod 1140 0x00000209a5126f10 code [0x00000209a51271a0, 0x00000209a5127c38]
Event: 63.952 Thread 0x00000209bb26d800 1141       3       com.badlogic.gdx.graphics.Color::abgr8888ToColor (64 bytes)
Event: 63.952 Thread 0x00000209bb26d800 nmethod 1141 0x00000209a5128010 code [0x00000209a5128200, 0x00000209a5128418]
Event: 63.952 Thread 0x00000209bb26d800 1142       3       com.badlogic.gdx.utils.SnapshotArray::end (80 bytes)
Event: 63.954 Thread 0x00000209bb26d800 nmethod 1142 0x00000209a5128510 code [0x00000209a51286e0, 0x00000209a5128c78]
Event: 63.954 Thread 0x00000209bb26d800 1144   !   3       org.lwjgl.opengl.Sync::sync (125 bytes)
Event: 63.958 Thread 0x00000209bb26d800 nmethod 1144 0x00000209a5128e10 code [0x00000209a5129180, 0x00000209a512a428]
Event: 63.958 Thread 0x00000209bb26d800 1145       3       org.lwjgl.opengl.Sync$RunningAvg::dampenForLowResTicker (42 bytes)
Event: 63.958 Thread 0x00000209bb26d800 nmethod 1145 0x00000209a512ad90 code [0x00000209a512af60, 0x00000209a512b1e8]
Event: 63.958 Thread 0x00000209bb26d800 1146       3       org.lwjgl.opengl.Display::wasResized (4 bytes)
Event: 63.958 Thread 0x00000209bb26d800 nmethod 1146 0x00000209a512b310 code [0x00000209a512b4a0, 0x00000209a512b598]
Event: 99.994 Thread 0x00000209bbb79000 1147   !   4       java.nio.DirectIntBufferU::put (36 bytes)
Event: 100.048 Thread 0x00000209bbb79000 nmethod 1147 0x00000209ac4eac10 code [0x00000209ac4eadc0, 0x00000209ac4eaf18]
Event: 100.779 Thread 0x00000209bbb79000 1148       4       java.nio.ByteBuffer::flip (7 bytes)
Event: 100.780 Thread 0x00000209bbb79000 nmethod 1148 0x00000209ac4eb090 code [0x00000209ac4eb200, 0x00000209ac4eb298]

GC Heap History (20 events):
Event: 80.042 GC heap before
{Heap before GC invocations=29 (full 0):
 garbage-first heap   total 131072K, used 85440K [0x0000000081400000, 0x0000000100000000)
  region size 1024K, 76 young (77824K), 6 survivors (6144K)
 Metaspace       used 4726K, capacity 7742K, committed 8064K, reserved 1056768K
  class space    used 330K, capacity 628K, committed 640K, reserved 1048576K
}
Event: 80.062 GC heap after
{Heap after GC invocations=30 (full 0):
 garbage-first heap   total 131072K, used 14177K [0x0000000081400000, 0x0000000100000000)
  region size 1024K, 6 young (6144K), 6 survivors (6144K)
 Metaspace       used 4726K, capacity 7742K, committed 8064K, reserved 1056768K
  class space    used 330K, capacity 628K, committed 640K, reserved 1048576K
}
Event: 83.172 GC heap before
{Heap before GC invocations=30 (full 0):
 garbage-first heap   total 131072K, used 85857K [0x0000000081400000, 0x0000000100000000)
  region size 1024K, 76 young (77824K), 6 survivors (6144K)
 Metaspace       used 4726K, capacity 7742K, committed 8064K, reserved 1056768K
  class space    used 330K, capacity 628K, committed 640K, reserved 1048576K
}
Event: 83.187 GC heap after
{Heap after GC invocations=31 (full 0):
 garbage-first heap   total 131072K, used 14589K [0x0000000081400000, 0x0000000100000000)
  region size 1024K, 6 young (6144K), 6 survivors (6144K)
 Metaspace       used 4726K, capacity 7742K, committed 8064K, reserved 1056768K
  class space    used 330K, capacity 628K, committed 640K, reserved 1048576K
}
Event: 86.363 GC heap before
{Heap before GC invocations=31 (full 0):
 garbage-first heap   total 131072K, used 86269K [0x0000000081400000, 0x0000000100000000)
  region size 1024K, 76 young (77824K), 6 survivors (6144K)
 Metaspace       used 4726K, capacity 7742K, committed 8064K, reserved 1056768K
  class space    used 330K, capacity 628K, committed 640K, reserved 1048576K
}
Event: 86.371 GC heap after
{Heap after GC invocations=32 (full 0):
 garbage-first heap   total 131072K, used 14984K [0x0000000081400000, 0x0000000100000000)
  region size 1024K, 6 young (6144K), 6 survivors (6144K)
 Metaspace       used 4726K, capacity 7742K, committed 8064K, reserved 1056768K
  class space    used 330K, capacity 628K, committed 640K, reserved 1048576K
}
Event: 88.741 GC heap before
{Heap before GC invocations=32 (full 0):
 garbage-first heap   total 131072K, used 86664K [0x0000000081400000, 0x0000000100000000)
  region size 1024K, 76 young (77824K), 6 survivors (6144K)
 Metaspace       used 4726K, capacity 7742K, committed 8064K, reserved 1056768K
  class space    used 330K, capacity 628K, committed 640K, reserved 1048576K
}
Event: 88.749 GC heap after
{Heap after GC invocations=33 (full 0):
 garbage-first heap   total 131072K, used 15407K [0x0000000081400000, 0x0000000100000000)
  region size 1024K, 6 young (6144K), 6 survivors (6144K)
 Metaspace       used 4726K, capacity 7742K, committed 8064K, reserved 1056768K
  class space    used 330K, capacity 628K, committed 640K, reserved 1048576K
}
Event: 97.370 GC heap before
{Heap before GC invocations=33 (full 0):
 garbage-first heap   total 131072K, used 87087K [0x0000000081400000, 0x0000000100000000)
  region size 1024K, 76 young (77824K), 6 survivors (6144K)
 Metaspace       used 4726K, capacity 7742K, committed 8064K, reserved 1056768K
  class space    used 330K, capacity 628K, committed 640K, reserved 1048576K
}
Event: 97.429 GC heap after
{Heap after GC invocations=34 (full 0):
 garbage-first heap   total 131072K, used 15802K [0x0000000081400000, 0x0000000100000000)
  region size 1024K, 6 young (6144K), 6 survivors (6144K)
 Metaspace       used 4726K, capacity 7742K, committed 8064K, reserved 1056768K
  class space    used 330K, capacity 628K, committed 640K, reserved 1048576K
}
Event: 100.159 GC heap before
{Heap before GC invocations=34 (full 0):
 garbage-first heap   total 131072K, used 87482K [0x0000000081400000, 0x0000000100000000)
  region size 1024K, 76 young (77824K), 6 survivors (6144K)
 Metaspace       used 4726K, capacity 7742K, committed 8064K, reserved 1056768K
  class space    used 330K, capacity 628K, committed 640K, reserved 1048576K
}
Event: 100.168 GC heap after
{Heap after GC invocations=35 (full 0):
 garbage-first heap   total 131072K, used 16224K [0x0000000081400000, 0x0000000100000000)
  region size 1024K, 6 young (6144K), 6 survivors (6144K)
 Metaspace       used 4726K, capacity 7742K, committed 8064K, reserved 1056768K
  class space    used 330K, capacity 628K, committed 640K, reserved 1048576K
}
Event: 102.727 GC heap before
{Heap before GC invocations=35 (full 0):
 garbage-first heap   total 131072K, used 87904K [0x0000000081400000, 0x0000000100000000)
  region size 1024K, 76 young (77824K), 6 survivors (6144K)
 Metaspace       used 4726K, capacity 7742K, committed 8064K, reserved 1056768K
  class space    used 330K, capacity 628K, committed 640K, reserved 1048576K
}
Event: 102.735 GC heap after
{Heap after GC invocations=36 (full 0):
 garbage-first heap   total 131072K, used 16657K [0x0000000081400000, 0x0000000100000000)
  region size 1024K, 6 young (6144K), 6 survivors (6144K)
 Metaspace       used 4726K, capacity 7742K, committed 8064K, reserved 1056768K
  class space    used 330K, capacity 628K, committed 640K, reserved 1048576K
}
Event: 105.506 GC heap before
{Heap before GC invocations=36 (full 0):
 garbage-first heap   total 131072K, used 88337K [0x0000000081400000, 0x0000000100000000)
  region size 1024K, 76 young (77824K), 6 survivors (6144K)
 Metaspace       used 4726K, capacity 7742K, committed 8064K, reserved 1056768K
  class space    used 330K, capacity 628K, committed 640K, reserved 1048576K
}
Event: 105.514 GC heap after
{Heap after GC invocations=37 (full 0):
 garbage-first heap   total 131072K, used 17070K [0x0000000081400000, 0x0000000100000000)
  region size 1024K, 6 young (6144K), 6 survivors (6144K)
 Metaspace       used 4726K, capacity 7742K, committed 8064K, reserved 1056768K
  class space    used 330K, capacity 628K, committed 640K, reserved 1048576K
}
Event: 108.079 GC heap before
{Heap before GC invocations=37 (full 0):
 garbage-first heap   total 131072K, used 88750K [0x0000000081400000, 0x0000000100000000)
  region size 1024K, 76 young (77824K), 6 survivors (6144K)
 Metaspace       used 4726K, capacity 7742K, committed 8064K, reserved 1056768K
  class space    used 330K, capacity 628K, committed 640K, reserved 1048576K
}
Event: 108.088 GC heap after
{Heap after GC invocations=38 (full 0):
 garbage-first heap   total 131072K, used 17474K [0x0000000081400000, 0x0000000100000000)
  region size 1024K, 6 young (6144K), 6 survivors (6144K)
 Metaspace       used 4726K, capacity 7742K, committed 8064K, reserved 1056768K
  class space    used 330K, capacity 628K, committed 640K, reserved 1048576K
}
Event: 110.620 GC heap before
{Heap before GC invocations=38 (full 0):
 garbage-first heap   total 131072K, used 89154K [0x0000000081400000, 0x0000000100000000)
  region size 1024K, 76 young (77824K), 6 survivors (6144K)
 Metaspace       used 4726K, capacity 7742K, committed 8064K, reserved 1056768K
  class space    used 330K, capacity 628K, committed 640K, reserved 1048576K
}
Event: 110.632 GC heap after
{Heap after GC invocations=39 (full 0):
 garbage-first heap   total 131072K, used 18132K [0x0000000081400000, 0x0000000100000000)
  region size 1024K, 6 young (6144K), 6 survivors (6144K)
 Metaspace       used 4726K, capacity 7742K, committed 8064K, reserved 1056768K
  class space    used 330K, capacity 628K, committed 640K, reserved 1048576K
}

Deoptimization events (20 events):
Event: 3.767 Thread 0x00000209bc4e2000 Uncommon trap: trap_request=0xffffffde fr.pc=0x00000209ac494688 relative=0x0000000000000128
Event: 3.767 Thread 0x00000209bc4e2000 Uncommon trap: reason=class_check action=maybe_recompile pc=0x00000209ac494688 method=jdk.internal.misc.Unsafe.allocateUninitializedArray(Ljava/lang/Class;I)Ljava/lang/Object; @ 51 c2
Event: 3.767 Thread 0x00000209bc4e2000 DEOPT PACKING pc=0x00000209ac494688 sp=0x000000482dffe800
Event: 3.767 Thread 0x00000209bc4e2000 DEOPT UNPACKING pc=0x00000209a49a912f sp=0x000000482dffe788 mode 2
Event: 3.768 Thread 0x00000209bc4e2000 Uncommon trap: trap_request=0xffffffde fr.pc=0x00000209ac494688 relative=0x0000000000000128
Event: 3.768 Thread 0x00000209bc4e2000 Uncommon trap: reason=class_check action=maybe_recompile pc=0x00000209ac494688 method=jdk.internal.misc.Unsafe.allocateUninitializedArray(Ljava/lang/Class;I)Ljava/lang/Object; @ 51 c2
Event: 3.768 Thread 0x00000209bc4e2000 DEOPT PACKING pc=0x00000209ac494688 sp=0x000000482dffe760
Event: 3.768 Thread 0x00000209bc4e2000 DEOPT UNPACKING pc=0x00000209a49a912f sp=0x000000482dffe6e8 mode 2
Event: 3.768 Thread 0x00000209bc4e2000 Uncommon trap: trap_request=0xffffffde fr.pc=0x00000209ac494688 relative=0x0000000000000128
Event: 3.768 Thread 0x00000209bc4e2000 Uncommon trap: reason=class_check action=maybe_recompile pc=0x00000209ac494688 method=jdk.internal.misc.Unsafe.allocateUninitializedArray(Ljava/lang/Class;I)Ljava/lang/Object; @ 51 c2
Event: 3.768 Thread 0x00000209bc4e2000 DEOPT PACKING pc=0x00000209ac494688 sp=0x000000482dffe800
Event: 3.768 Thread 0x00000209bc4e2000 DEOPT UNPACKING pc=0x00000209a49a912f sp=0x000000482dffe788 mode 2
Event: 3.769 Thread 0x00000209bc4e2000 Uncommon trap: trap_request=0xffffffde fr.pc=0x00000209ac494688 relative=0x0000000000000128
Event: 3.769 Thread 0x00000209bc4e2000 Uncommon trap: reason=class_check action=maybe_recompile pc=0x00000209ac494688 method=jdk.internal.misc.Unsafe.allocateUninitializedArray(Ljava/lang/Class;I)Ljava/lang/Object; @ 51 c2
Event: 3.769 Thread 0x00000209bc4e2000 DEOPT PACKING pc=0x00000209ac494688 sp=0x000000482dffe760
Event: 3.769 Thread 0x00000209bc4e2000 DEOPT UNPACKING pc=0x00000209a49a912f sp=0x000000482dffe6e8 mode 2
Event: 35.832 Thread 0x00000209bc4e2000 DEOPT PACKING pc=0x00000209a50bf705 sp=0x000000482dffeef0
Event: 35.834 Thread 0x00000209bc4e2000 DEOPT UNPACKING pc=0x00000209a49a964e sp=0x000000482dffe388 mode 0
Event: 58.084 Thread 0x00000209bc4e2000 DEOPT PACKING pc=0x00000209a50c1d68 sp=0x000000482dffefd0
Event: 58.084 Thread 0x00000209bc4e2000 DEOPT UNPACKING pc=0x00000209a49a964e sp=0x000000482dffe550 mode 0

Classes unloaded (0 events):
No events

Classes redefined (0 events):
No events

Internal exceptions (0 events):
No events

Events (20 events):
Event: 80.042 Executing VM operation: G1CollectForAllocation
Event: 80.062 Executing VM operation: G1CollectForAllocation done
Event: 83.172 Executing VM operation: G1CollectForAllocation
Event: 83.187 Executing VM operation: G1CollectForAllocation done
Event: 86.363 Executing VM operation: G1CollectForAllocation
Event: 86.371 Executing VM operation: G1CollectForAllocation done
Event: 88.740 Executing VM operation: G1CollectForAllocation
Event: 88.749 Executing VM operation: G1CollectForAllocation done
Event: 97.369 Executing VM operation: G1CollectForAllocation
Event: 97.429 Executing VM operation: G1CollectForAllocation done
Event: 100.159 Executing VM operation: G1CollectForAllocation
Event: 100.168 Executing VM operation: G1CollectForAllocation done
Event: 102.727 Executing VM operation: G1CollectForAllocation
Event: 102.735 Executing VM operation: G1CollectForAllocation done
Event: 105.506 Executing VM operation: G1CollectForAllocation
Event: 105.514 Executing VM operation: G1CollectForAllocation done
Event: 108.079 Executing VM operation: G1CollectForAllocation
Event: 108.088 Executing VM operation: G1CollectForAllocation done
Event: 110.620 Executing VM operation: G1CollectForAllocation
Event: 110.632 Executing VM operation: G1CollectForAllocation done


Dynamic libraries:
0x00007ff6032e0000 - 0x00007ff6032ef000 	C:\Program Files\Java\jdk-14.0.1\bin\javaw.exe
0x00007ffcf6dd0000 - 0x00007ffcf6fc5000 	C:\WINDOWS\SYSTEM32\ntdll.dll
0x00007ffcf5ff0000 - 0x00007ffcf60ae000 	C:\WINDOWS\System32\KERNEL32.DLL
0x00007ffcf49a0000 - 0x00007ffcf4c69000 	C:\WINDOWS\System32\KERNELBASE.dll
0x00007ffcf4c70000 - 0x00007ffcf4d70000 	C:\WINDOWS\System32\ucrtbase.dll
0x00007ffcdc0c0000 - 0x00007ffcdc0d8000 	C:\Program Files\Java\jdk-14.0.1\bin\jli.dll
0x00007ffcd8a40000 - 0x00007ffcd8a55000 	C:\Program Files\Java\jdk-14.0.1\bin\VCRUNTIME140.dll
0x00007ffcf5a60000 - 0x00007ffcf5b0c000 	C:\WINDOWS\System32\ADVAPI32.dll
0x00007ffcf4fb0000 - 0x00007ffcf504e000 	C:\WINDOWS\System32\msvcrt.dll
0x00007ffcf5b10000 - 0x00007ffcf5bab000 	C:\WINDOWS\System32\sechost.dll
0x00007ffcf4e80000 - 0x00007ffcf4faa000 	C:\WINDOWS\System32\RPCRT4.dll
0x00007ffcf5050000 - 0x00007ffcf51f1000 	C:\WINDOWS\System32\USER32.dll
0x00007ffce6000000 - 0x00007ffce629a000 	C:\WINDOWS\WinSxS\amd64_microsoft.windows.common-controls_6595b64144ccf1df_6.0.19041.1110_none_60b5254171f9507e\COMCTL32.dll
0x00007ffcf4600000 - 0x00007ffcf4622000 	C:\WINDOWS\System32\win32u.dll
0x00007ffcf5f50000 - 0x00007ffcf5f7b000 	C:\WINDOWS\System32\GDI32.dll
0x00007ffcf44f0000 - 0x00007ffcf45fb000 	C:\WINDOWS\System32\gdi32full.dll
0x00007ffcf4630000 - 0x00007ffcf46cd000 	C:\WINDOWS\System32\msvcp_win.dll
0x00007ffce79a0000 - 0x00007ffce79aa000 	C:\WINDOWS\SYSTEM32\VERSION.dll
0x00007ffcf5d40000 - 0x00007ffcf5d70000 	C:\WINDOWS\System32\IMM32.DLL
0x00007ffccf040000 - 0x00007ffccf0db000 	C:\Program Files\Java\jdk-14.0.1\bin\msvcp140.dll
0x00007ffca8b10000 - 0x00007ffca962e000 	C:\Program Files\Java\jdk-14.0.1\bin\server\jvm.dll
0x00007ffcf5ee0000 - 0x00007ffcf5ee8000 	C:\WINDOWS\System32\PSAPI.DLL
0x00007ffcefc40000 - 0x00007ffcefc49000 	C:\WINDOWS\SYSTEM32\WSOCK32.dll
0x00007ffcdc610000 - 0x00007ffcdc637000 	C:\WINDOWS\SYSTEM32\WINMM.dll
0x00007ffcf5f80000 - 0x00007ffcf5feb000 	C:\WINDOWS\System32\WS2_32.dll
0x00007ffcf23d0000 - 0x00007ffcf23e2000 	C:\WINDOWS\SYSTEM32\kernel.appcore.dll
0x00007ffce8630000 - 0x00007ffce863a000 	C:\Program Files\Java\jdk-14.0.1\bin\jimage.dll
0x00007ffcefe30000 - 0x00007ffcf0014000 	C:\WINDOWS\SYSTEM32\DBGHELP.DLL
0x00007ffcdd1e0000 - 0x00007ffcdd20c000 	C:\WINDOWS\SYSTEM32\dbgcore.DLL
0x00007ffcf4860000 - 0x00007ffcf48e3000 	C:\WINDOWS\System32\bcryptPrimitives.dll
0x00007ffcdfd70000 - 0x00007ffcdfd95000 	C:\Program Files\Java\jdk-14.0.1\bin\java.dll
0x00007ffce7830000 - 0x00007ffce7846000 	C:\Program Files\Java\jdk-14.0.1\bin\zip.dll
0x00007ffcf5200000 - 0x00007ffcf593f000 	C:\WINDOWS\System32\SHELL32.dll
0x00007ffcf25f0000 - 0x00007ffcf2d80000 	C:\WINDOWS\SYSTEM32\windows.storage.dll
0x00007ffcf6460000 - 0x00007ffcf67b5000 	C:\WINDOWS\System32\combase.dll
0x00007ffcf3f40000 - 0x00007ffcf3f6c000 	C:\WINDOWS\SYSTEM32\Wldp.dll
0x00007ffcf5bb0000 - 0x00007ffcf5c5e000 	C:\WINDOWS\System32\SHCORE.dll
0x00007ffcf6ca0000 - 0x00007ffcf6cf5000 	C:\WINDOWS\System32\shlwapi.dll
0x00007ffcf4430000 - 0x00007ffcf444f000 	C:\WINDOWS\SYSTEM32\profapi.dll
0x00007ffcdcd60000 - 0x00007ffcdcd79000 	C:\Program Files\Java\jdk-14.0.1\bin\net.dll
0x00007ffceecd0000 - 0x00007ffceedd8000 	C:\WINDOWS\SYSTEM32\WINHTTP.dll
0x00007ffcf3ca0000 - 0x00007ffcf3d0a000 	C:\WINDOWS\system32\mswsock.dll
0x00007ffcdcd40000 - 0x00007ffcdcd52000 	C:\Program Files\Java\jdk-14.0.1\bin\nio.dll
0x000000006e700000 - 0x000000006e72a000 	C:\Users\marcu\AppData\Local\Temp\libgdxmarcu\e1cd32f8\gdx64.dll
0x00007ffce8620000 - 0x00007ffce8630000 	C:\Program Files\Java\jdk-14.0.1\bin\verify.dll
0x0000000180000000 - 0x0000000180053000 	C:\Users\marcu\AppData\Local\Temp\libgdxmarcu\1cecf4f6\lwjgl64.dll
0x00007ffcdb590000 - 0x00007ffcdb6b5000 	C:\WINDOWS\SYSTEM32\OPENGL32.dll
0x00007ffcdb560000 - 0x00007ffcdb58c000 	C:\WINDOWS\SYSTEM32\GLU32.dll
0x00000209bbf70000 - 0x00000209bbfd4000 	C:\Users\marcu\AppData\Local\Temp\libgdxmarcu\1cecf4f6\OpenAL64.dll
0x00007ffcf6260000 - 0x00007ffcf638a000 	C:\WINDOWS\System32\ole32.dll
0x00007ffcf1e90000 - 0x00007ffcf1f2e000 	C:\WINDOWS\system32\uxtheme.dll
0x00007ffcf5e30000 - 0x00007ffcf5ed9000 	C:\WINDOWS\System32\clbcatq.dll
0x00007ffccefa0000 - 0x00007ffccf03c000 	C:\WINDOWS\SYSTEM32\dsound.dll
0x00007ffcf3a60000 - 0x00007ffcf3aab000 	C:\WINDOWS\SYSTEM32\powrprof.dll
0x00007ffcd9a00000 - 0x00007ffcd9a26000 	C:\WINDOWS\SYSTEM32\winmmbase.dll
0x00007ffcf3920000 - 0x00007ffcf3932000 	C:\WINDOWS\SYSTEM32\UMPDC.dll
0x00007ffcec1f0000 - 0x00007ffcec275000 	C:\WINDOWS\System32\MMDevApi.dll
0x00007ffcf4290000 - 0x00007ffcf42c4000 	C:\WINDOWS\System32\DEVOBJ.dll
0x00007ffcf4dd0000 - 0x00007ffcf4e1e000 	C:\WINDOWS\System32\cfgmgr32.dll
0x00007ffcec2b0000 - 0x00007ffcec431000 	C:\WINDOWS\SYSTEM32\AUDIOSES.DLL
0x00007ffcf6390000 - 0x00007ffcf645d000 	C:\WINDOWS\System32\OLEAUT32.dll
0x00007ffcf1ff0000 - 0x00007ffcf2004000 	C:\WINDOWS\SYSTEM32\resourcepolicyclient.dll
0x00007ffcee100000 - 0x00007ffcee1ae000 	C:\WINDOWS\SYSTEM32\mscms.dll
0x00007ffcf43f0000 - 0x00007ffcf441e000 	C:\WINDOWS\SYSTEM32\USERENV.dll
0x00007ffcee400000 - 0x00007ffcee411000 	C:\WINDOWS\SYSTEM32\ColorAdapterClient.dll
0x00007ffce80b0000 - 0x00007ffce80f4000 	C:\Windows\System32\Windows.Internal.Graphics.Display.DisplayColorManagement.dll
0x00007ffcf5940000 - 0x00007ffcf5a55000 	C:\WINDOWS\System32\MSCTF.dll
0x00007ffcda880000 - 0x00007ffcda979000 	C:\WINDOWS\SYSTEM32\textinputframework.dll
0x00007ffcf1760000 - 0x00007ffcf1852000 	C:\WINDOWS\System32\CoreMessaging.dll
0x00007ffcf1080000 - 0x00007ffcf13de000 	C:\WINDOWS\System32\CoreUIComponents.dll
0x00007ffcf31e0000 - 0x00007ffcf3213000 	C:\WINDOWS\SYSTEM32\ntmarta.dll
0x00007ffcf00a0000 - 0x00007ffcf01f4000 	C:\WINDOWS\SYSTEM32\wintypes.dll
0x00007ffcd6010000 - 0x00007ffcd6076000 	C:\WINDOWS\system32\Oleacc.dll
0x00007ffce83e0000 - 0x00007ffce84d9000 	C:\Windows\System32\AppXDeploymentClient.dll
0x00007ffc905f0000 - 0x00007ffc915b5000 	C:\WINDOWS\System32\DriverStore\FileRepository\iigd_dch.inf_amd64_dc16e5f1dbf8051f\ig9icd64.dll
0x00007ffcf2010000 - 0x00007ffcf203f000 	C:\WINDOWS\system32\dwmapi.dll
0x00007ffcf2de0000 - 0x00007ffcf2ed4000 	C:\WINDOWS\system32\dxgi.dll
0x00007ffce7340000 - 0x00007ffce757f000 	C:\WINDOWS\System32\DriverStore\FileRepository\iigd_dch.inf_amd64_dc16e5f1dbf8051f\igdgmm64.dll
0x00007ffcd9f10000 - 0x00007ffcd9f53000 	C:\WINDOWS\SYSTEM32\icm32.dll
0x00007ffca86f0000 - 0x00007ffca8b05000 	C:\WINDOWS\System32\DriverStore\FileRepository\iigd_dch.inf_amd64_dc16e5f1dbf8051f\igdml64.dll
0x00007ffce12c0000 - 0x00007ffce3f22000 	C:\WINDOWS\System32\DriverStore\FileRepository\iigd_dch.inf_amd64_dc16e5f1dbf8051f\igc64.dll

dbghelp: loaded successfully - version: 4.0.5 - missing functions: none
symbol engine: initialized successfully - sym options: 0x614 - pdb path: .;C:\Program Files\Java\jdk-14.0.1\bin;C:\WINDOWS\SYSTEM32;C:\WINDOWS\WinSxS\amd64_microsoft.windows.common-controls_6595b64144ccf1df_6.0.19041.1110_none_60b5254171f9507e;C:\Program Files\Java\jdk-14.0.1\bin\server;C:\Users\marcu\AppData\Local\Temp\libgdxmarcu\e1cd32f8;C:\Users\marcu\AppData\Local\Temp\libgdxmarcu\1cecf4f6;C:\WINDOWS\System32\DriverStore\FileRepository\iigd_dch.inf_amd64_dc16e5f1dbf8051f

VM Arguments:
jvm_args: -Dfile.encoding=UTF-8 -XX:+ShowCodeDetailsInExceptionMessages 
java_command: com.mygdx.game.desktop.DesktopLauncher
java_class_path (initial): C:\Users\marcu\Desktop\SALProject\MarcusSophiaMirandaPralad\desktop\bin\main;\ShootsAndLadders-core\bin\default;C:\Users\marcu\Desktop\SALProject\MarcusSophiaMirandaPralad\core\bin\main;C:\Users\marcu\.gradle\caches\modules-2\files-2.1\com.badlogicgames.gdx\gdx-backend-lwjgl\1.10.0\58ff89d9e4fd8a82591367f187d606e781cacc05\gdx-backend-lwjgl-1.10.0.jar;C:\Users\marcu\.gradle\caches\modules-2\files-2.1\com.badlogicgames.gdx\gdx-platform\1.10.0\9a8fa793d2fd6d360afc6c9e4c1f5583da263b88\gdx-platform-1.10.0-natives-desktop.jar;C:\Users\marcu\.gradle\caches\modules-2\files-2.1\com.badlogicgames.gdx\gdx-box2d-platform\1.10.0\588c4191c5a64ed39365e71484aa37d81c38eb5e\gdx-box2d-platform-1.10.0-natives-desktop.jar;C:\Users\marcu\.gradle\caches\modules-2\files-2.1\com.badlogicgames.gdx\gdx-box2d\1.10.0\b3a3c0f00b90716238835434d0ae8985604c37f8\gdx-box2d-1.10.0.jar;C:\Users\marcu\.gradle\caches\modules-2\files-2.1\com.badlogicgames.gdx\gdx\1.10.0\74c240f79dc4fb6b766a834249600d0a019d0489\gdx-1.10.0.jar;C:\Users\marcu\.gradle\caches\modules-2\files-2.1\org.lwjgl.lwjgl\lwjgl_util\2.9.3\751f06b62424da056954c67288fd5c494431e350\lwjgl_util-2.9.3.jar;C:\Users\marcu\.gradle\caches\modules-2\files-2.1\org.lwjgl.lwjgl\lwjgl\2.9.3\3df168ac74e4a8c96562cdff24ad352e255bf89c\lwjgl-2.9.3.jar;C:\Users\marcu\.gradle\caches\modules-2\files-2.1\com.badlogicgames.jlayer\jlayer\1.0.1-gdx\7cca83cec5c1b2f011362f4d85aabd71a73b049d\jlayer-1.0.1-gdx.jar;C:\Users\marcu\.gradle\caches\modules-2\files-2.1\org.jcraft\jorbis\0.0.17\8872d22b293e8f5d7d56ff92be966e6dc28ebdc6\jorbis-0.0.17.jar;C:\Users\marcu\.gradle\caches\modules-2\files-2.1\org.lwjgl.lwjgl\lwjgl-platform\2.9.3\fbc2afb3e288578e9942578decb6291a490549a0\lwjgl-platform-2.9.3-natives-windows.jar;C:\Users\marcu\.gradle\caches\modules-2\files-2.1\org.lwjgl.lwjgl\lwjgl-platform\2.9.3\b1eafe80093381c56415731e1d64279e6140bcd0\lwjgl-platform-2.9.3-natives-linux.jar;C:\Users\marcu\.gradle\caches\modules-2\files-2.1\org.lwjgl.lwjgl\
Launcher Type: SUN_STANDARD

[Global flags]
     intx CICompilerCount                          = 4                                         {product} {ergonomic}
     uint ConcGCThreads                            = 2                                         {product} {ergonomic}
     uint G1ConcRefinementThreads                  = 8                                         {product} {ergonomic}
   size_t G1HeapRegionSize                         = 1048576                                   {product} {ergonomic}
    uintx GCDrainStackTargetSize                   = 64                                        {product} {ergonomic}
   size_t InitialHeapSize                          = 134217728                                 {product} {ergonomic}
   size_t MarkStackSize                            = 4194304                                   {product} {ergonomic}
   size_t MaxHeapSize                              = 2126512128                                {product} {ergonomic}
   size_t MaxNewSize                               = 1275068416                                {product} {ergonomic}
   size_t MinHeapDeltaBytes                        = 1048576                                   {product} {ergonomic}
   size_t MinHeapSize                              = 8388608                                   {product} {ergonomic}
    uintx NonNMethodCodeHeapSize                   = 5839372                                {pd product} {ergonomic}
    uintx NonProfiledCodeHeapSize                  = 122909434                              {pd product} {ergonomic}
    uintx ProfiledCodeHeapSize                     = 122909434                              {pd product} {ergonomic}
    uintx ReservedCodeCacheSize                    = 251658240                              {pd product} {ergonomic}
     bool SegmentedCodeCache                       = true                                      {product} {ergonomic}
     bool ShowCodeDetailsInExceptionMessages       = true                                   {manageable} {command line}
   size_t SoftMaxHeapSize                          = 2126512128                             {manageable} {ergonomic}
     bool UseCompressedClassPointers               = true                                 {lp64_product} {ergonomic}
     bool UseCompressedOops                        = true                                 {lp64_product} {ergonomic}
     bool UseG1GC                                  = true                                      {product} {ergonomic}
     bool UseLargePagesIndividualAllocation        = false                                  {pd product} {ergonomic}

Logging:
Log output configuration:
 #0: stdout all=warning uptime,level,tags
 #1: stderr all=off uptime,level,tags

Environment Variables:
PATH=C:/Program Files/Java/jdk-14.0.1/bin/server;C:/Program Files/Java/jdk-14.0.1/bin;C:\Users\marcu\Downloads\jdk-14.0.1_windows-x64_bin\jdk-14.0.1\bin;C:\WINDOWS\system32;C:\WINDOWS;C:\WINDOWS\System32\Wbem;C:\WINDOWS\System32\WindowsPowerShell\v1.0\;C:\WINDOWS\System32\OpenSSH\;C:\Program Files\Git\cmd;C:\Users\marcu\AppData\Local\Microsoft\WindowsApps;C:\Users\marcu\AppData\Local\atom\bin;C:\Users\marcu\AppData\Local\Microsoft\WindowsApps;C:\Users\marcu\Downloads\git\cmd;;C:\WINDOWS\System32;
USERNAME=marcu
OS=Windows_NT
PROCESSOR_IDENTIFIER=Intel64 Family 6 Model 142 Stepping 10, GenuineIntel



---------------  S Y S T E M  ---------------

OS: Windows 10 , 64 bit Build 19041 (10.0.19041.1202)
OS uptime: 1 days 19:15 hours

CPU:total 8 (initial active 8) (4 cores per cpu, 2 threads per core) family 6 model 142 stepping 10, cmov, cx8, fxsr, mmx, sse, sse2, sse3, ssse3, sse4.1, sse4.2, popcnt, avx, avx2, aes, clmul, erms, 3dnowpref, lzcnt, ht, tsc, tscinvbit, bmi1, bmi2, adx, fma

Memory: 4k page, system-wide physical 8109M (1065M free)
TotalPageFile size 32685M (AvailPageFile size 1M)
current process WorkingSet (physical memory assigned to process): 1364M, peak: 1577M
current process commit charge ("private bytes"): 5437M, peak: 5437M

vm_info: Java HotSpot(TM) 64-Bit Server VM (14.0.1+7) for windows-amd64 JRE (14.0.1+7), built on Mar  5 2020 10:30:14 by "mach5one" with MS VC++ 15.9 (VS2017)

END.
