#
# A fatal error has been detected by the Java Runtime Environment:
#
#  EXCEPTION_ACCESS_VIOLATION (0xc0000005) at pc=0x00007ffc90602777, pid=2488, tid=11648
#
# JRE version: Java(TM) SE Runtime Environment (14.0.1+7) (build 14.0.1+7)
# Java VM: Java HotSpot(TM) 64-Bit Server VM (14.0.1+7, mixed mode, sharing, tiered, compressed oops, g1 gc, windows-amd64)
# Problematic frame:
# C  [ig9icd64.dll+0x12777]
#
# No core dump will be written. Minidumps are not enabled by default on client versions of Windows
#
# If you would like to submit a bug report, please visit:
#   https://bugreport.java.com/bugreport/crash.jsp
# The crash happened outside the Java Virtual Machine in native code.
# See problematic frame for where to report the bug.
#

---------------  S U M M A R Y ------------

Command Line: -Dfile.encoding=UTF-8 -XX:+ShowCodeDetailsInExceptionMessages com.mygdx.game.desktop.DesktopLauncher

Host: Intel(R) Core(TM) i5-8250U CPU @ 1.60GHz, 8 cores, 7G,  Windows 10 , 64 bit Build 19041 (10.0.19041.1202)
Time: Sun Sep 19 16:44:08 2021 Mountain Daylight Time elapsed time: 382 seconds (0d 0h 6m 22s)

---------------  T H R E A D  ---------------

Current thread (0x0000018fe3647800):  JavaThread "LWJGL Application" [_thread_in_native, id=11648, stack(0x00000003f1200000,0x00000003f1300000)]

Stack: [0x00000003f1200000,0x00000003f1300000],  sp=0x00000003f12fde00,  free space=1015k
Native frames: (J=compiled Java code, j=interpreted, Vv=VM code, C=native code)
C  [ig9icd64.dll+0x12777]

Java frames: (J=compiled Java code, j=interpreted, Vv=VM code)
J 840  org.lwjgl.opengl.GL11.nglTexImage2D(IIIIIIIIJJ)V (0 bytes) @ 0x0000018fd35a5a35 [0x0000018fd35a59a0+0x0000000000000095]
J 951 c2 com.badlogic.gdx.graphics.Texture.<init>(IILcom/badlogic/gdx/graphics/TextureData;)V (28 bytes) @ 0x0000018fd35f8aec [0x0000018fd35f85c0+0x000000000000052c]
J 954 c2 com.badlogic.gdx.graphics.Texture.<init>(Lcom/badlogic/gdx/files/FileHandle;)V (8 bytes) @ 0x0000018fd35fd850 [0x0000018fd35fcc80+0x0000000000000bd0]
J 1139 c2 com.mygdx.game.ShootsAndLadders.render()V (284 bytes) @ 0x0000018fd3614d88 [0x0000018fd36148e0+0x00000000000004a8]
j  com.badlogic.gdx.backends.lwjgl.LwjglApplication.mainLoop()V+776
j  com.badlogic.gdx.backends.lwjgl.LwjglApplication$1.run()V+27
v  ~StubRoutines::call_stub

siginfo: EXCEPTION_ACCESS_VIOLATION (0xc0000005), writing address 0x0000018fe7800afc


Register to memory mapping:

RIP=0x00007ffc90602777 ig9icd64.dll
RAX=0x00000000680b0000 is an unknown value
RBX=0x000000000000000f is an unknown value
RCX=0x0000018fe7800afc is an unknown value
RDX=0x00000003f12fde80 is pointing into the stack for thread: 0x0000018fe3647800
RSP=0x00000003f12fde00 is pointing into the stack for thread: 0x0000018fe3647800
RBP=0x00000003f12fdf30 is pointing into the stack for thread: 0x0000018fe3647800
RSI=0x0000018fe36ed980 points into unknown readable memory: c0 f8 68 e3 8f 01 00 00
RDI=0x0000018fe37224d0 points into unknown readable memory: 00 00 00 00 00 00 00 00
R8 =0x0000000000000004 is an unknown value
R9 =0x000000000000000f is an unknown value
R10=0x00000003f12fe3b0 is pointing into the stack for thread: 0x0000018fe3647800
R11=0x0 is NULL
R12=0x0000000000000001 is an unknown value
R13=0x000001940a0e2470 points into unknown readable memory: 20 bb 2b 91 fc 7f 00 00
R14=0x0000018fe3722260 points into unknown readable memory: f0 2d db e2 8f 01 00 00
R15=0x00000003f12fe2b0 is pointing into the stack for thread: 0x0000018fe3647800


Registers:
RAX=0x00000000680b0000, RBX=0x000000000000000f, RCX=0x0000018fe7800afc, RDX=0x00000003f12fde80
RSP=0x00000003f12fde00, RBP=0x00000003f12fdf30, RSI=0x0000018fe36ed980, RDI=0x0000018fe37224d0
R8 =0x0000000000000004, R9 =0x000000000000000f, R10=0x00000003f12fe3b0, R11=0x0000000000000000
R12=0x0000000000000001, R13=0x000001940a0e2470, R14=0x0000018fe3722260, R15=0x00000003f12fe2b0
RIP=0x00007ffc90602777, EFLAGS=0x0000000000010202

Top of Stack: (sp=0x00000003f12fde00)
0x00000003f12fde00:   0a1a080000000000 0a18080b0812060e
0x00000003f12fde10:   0000018fe3722260 0000000000000000
0x00000003f12fde20:   0000018fe36ed980 00007ffc90e825b0
0x00000003f12fde30:   000000000000000f 0a15080808110600
0x00000003f12fde40:   0000000000000000 0a18080b0812060e
0x00000003f12fde50:   0c13080f0a090610 0a1608080811060e
0x00000003f12fde60:   0c07080c0a060610 0a19080b0812060e
0x00000003f12fde70:   0e17080f0a0d0610 0a1508080811060e
0x00000003f12fde80:   0a1a080c680b0000 0a18080b0812060e
0x00000003f12fde90:   0c0a080f0a090610 0a1608080811060e
0x00000003f12fdea0:   0c03080c0a060610 0000018fea2e26c0
0x00000003f12fdeb0:   0000000000000000 0a1508080811060e
0x00000003f12fdec0:   0a1a080c0a000610 0a18080b0812060e
0x00000003f12fded0:   0c13080f0a090610 0a1608080811060e
0x00000003f12fdee0:   0c07080c0a060610 0a19080b0812060e
0x00000003f12fdef0:   0e05080f0a0d0610 0a1508080811060e 

Instructions: (pc=0x00007ffc90602777)
0x00007ffc90602677:   83 c2 27 49 2b c8 48 8d 41 f8 48 83 f8 1f 77 21
0x00007ffc90602687:   49 8b c8 e8 99 bc 4f 00 48 c7 43 10 00 00 00 00
0x00007ffc90602697:   48 c7 43 18 0f 00 00 00 c6 03 00 48 83 c4 20 5b
0x00007ffc906026a7:   c3 e8 0f 79 50 00 cc cc cc e9 9b ff ff ff cc cc
0x00007ffc906026b7:   cc cc cc cc cc cc cc cc cc 48 8d 05 21 30 ef 00
0x00007ffc906026c7:   c3 cc cc cc cc cc cc cc cc 4c 89 44 24 18 4c 89
0x00007ffc906026d7:   4c 24 20 53 55 56 57 48 83 ec 38 49 8b f0 48 8d
0x00007ffc906026e7:   6c 24 78 48 8b da 48 8b f9 e8 cb ff ff ff 48 89
0x00007ffc906026f7:   6c 24 28 4c 8b ce 4c 8b c3 48 c7 44 24 20 00 00
0x00007ffc90602707:   00 00 48 8b d7 48 8b 08 e8 98 71 50 00 85 c0 b9
0x00007ffc90602717:   ff ff ff ff 0f 48 c1 48 83 c4 38 5f 5e 5d 5b c3
0x00007ffc90602727:   cc cc cc cc cc cc cc cc cc 48 83 ec 28 4d 85 c0
0x00007ffc90602737:   0f 84 60 04 00 00 49 83 f8 04 77 3b 49 83 f8 01
0x00007ffc90602747:   75 0a 0f b6 02 88 01 48 83 c4 28 c3 49 83 f8 02
0x00007ffc90602757:   0f 84 3a 04 00 00 49 83 f8 03 75 12 0f b7 02 66
0x00007ffc90602767:   89 01 0f b6 42 02 88 41 02 48 83 c4 28 c3 8b 02
0x00007ffc90602777:   89 01 48 83 c4 28 c3 49 83 f8 08 76 2f f6 c1 03
0x00007ffc90602787:   74 2a f6 c1 01 74 0e 0f b6 02 49 ff c8 88 01 48
0x00007ffc90602797:   ff c1 48 ff c2 f6 c1 02 74 12 0f b7 02 49 83 e8
0x00007ffc906027a7:   02 66 89 01 48 83 c1 02 48 83 c2 02 49 83 f8 40
0x00007ffc906027b7:   0f 87 88 00 00 00 49 8b c0 48 83 e0 fc 48 03 c8
0x00007ffc906027c7:   48 03 d0 49 8b c0 48 c1 e8 02 48 ff c8 48 83 f8
0x00007ffc906027d7:   0f 0f 87 9f 03 00 00 4c 8d 0d 1b d8 fe ff 41 8b
0x00007ffc906027e7:   84 81 a4 2b 01 00 49 03 c1 ff e0 8b 42 c0 89 41
0x00007ffc906027f7:   c0 8b 42 c4 89 41 c4 8b 42 c8 89 41 c8 8b 42 cc
0x00007ffc90602807:   89 41 cc 8b 42 d0 89 41 d0 8b 42 d4 89 41 d4 8b
0x00007ffc90602817:   42 d8 89 41 d8 8b 42 dc 89 41 dc 8b 42 e0 89 41
0x00007ffc90602827:   e0 8b 42 e4 89 41 e4 8b 42 e8 89 41 e8 8b 42 ec
0x00007ffc90602837:   89 41 ec 8b 42 f0 89 41 f0 e9 26 03 00 00 48 8b
0x00007ffc90602847:   c1 83 e0 0f 74 3d 41 b9 10 00 00 00 4c 2b c8 49
0x00007ffc90602857:   8b c1 49 03 c9 48 c1 e8 02 49 03 d1 48 83 e8 01
0x00007ffc90602867:   74 18 48 83 e8 01 74 0c 48 83 f8 01 75 12 8b 42 


Stack slot to memory mapping:
stack at sp + 0 slots: 0x0a1a080000000000 is an unknown value
stack at sp + 1 slots: 0x0a18080b0812060e is an unknown value
stack at sp + 2 slots: 0x0000018fe3722260 points into unknown readable memory: f0 2d db e2 8f 01 00 00
stack at sp + 3 slots: 0x0 is NULL
stack at sp + 4 slots: 0x0000018fe36ed980 points into unknown readable memory: c0 f8 68 e3 8f 01 00 00
stack at sp + 5 slots: 0x00007ffc90e825b0 ig9icd64.dll
stack at sp + 6 slots: 0x000000000000000f is an unknown value
stack at sp + 7 slots: 0x0a15080808110600 is an unknown value


---------------  P R O C E S S  ---------------

Threads class SMR info:
_java_thread_list=0x0000018fea347750, length=13, elements={
0x0000018fe2355000, 0x0000018fe2356000, 0x0000018fe236c800, 0x0000018fe2370000,
0x0000018fe2371000, 0x0000018fe237d000, 0x0000018fe2383800, 0x0000018fe2386800,
0x0000018fe2dc0800, 0x0000018fe2dcf000, 0x0000018fe3647800, 0x0000018fc32e1000,
0x0000018fea370800
}

Java Threads: ( => current thread )
  0x0000018fe2355000 JavaThread "Reference Handler" daemon [_thread_blocked, id=19256, stack(0x00000003f0700000,0x00000003f0800000)]
  0x0000018fe2356000 JavaThread "Finalizer" daemon [_thread_blocked, id=17260, stack(0x00000003f0800000,0x00000003f0900000)]
  0x0000018fe236c800 JavaThread "Signal Dispatcher" daemon [_thread_blocked, id=3160, stack(0x00000003f0900000,0x00000003f0a00000)]
  0x0000018fe2370000 JavaThread "Attach Listener" daemon [_thread_blocked, id=6328, stack(0x00000003f0a00000,0x00000003f0b00000)]
  0x0000018fe2371000 JavaThread "Service Thread" daemon [_thread_blocked, id=15536, stack(0x00000003f0b00000,0x00000003f0c00000)]
  0x0000018fe237d000 JavaThread "C2 CompilerThread0" daemon [_thread_blocked, id=18332, stack(0x00000003f0c00000,0x00000003f0d00000)]
  0x0000018fe2383800 JavaThread "C1 CompilerThread0" daemon [_thread_blocked, id=14744, stack(0x00000003f0d00000,0x00000003f0e00000)]
  0x0000018fe2386800 JavaThread "Sweeper thread" daemon [_thread_blocked, id=1760, stack(0x00000003f0e00000,0x00000003f0f00000)]
  0x0000018fe2dc0800 JavaThread "Notification Thread" daemon [_thread_blocked, id=19084, stack(0x00000003f0f00000,0x00000003f1000000)]
  0x0000018fe2dcf000 JavaThread "Common-Cleaner" daemon [_thread_blocked, id=10428, stack(0x00000003f1100000,0x00000003f1200000)]
=>0x0000018fe3647800 JavaThread "LWJGL Application" [_thread_in_native, id=11648, stack(0x00000003f1200000,0x00000003f1300000)]
  0x0000018fc32e1000 JavaThread "DestroyJavaVM" [_thread_blocked, id=17696, stack(0x00000003f0000000,0x00000003f0100000)]
  0x0000018fea370800 JavaThread "LWJGL Timer" daemon [_thread_blocked, id=3684, stack(0x00000003f1b00000,0x00000003f1c00000)]

Other Threads:
  0x0000018fe2354000 VMThread "VM Thread" [stack: 0x00000003f0600000,0x00000003f0700000] [id=14592]
  0x0000018fe2dc5800 WatcherThread [stack: 0x00000003f1000000,0x00000003f1100000] [id=2792]
  0x0000018fc331f800 GCTaskThread "GC Thread#0" [stack: 0x00000003f0100000,0x00000003f0200000] [id=12340]
  0x0000018fea824800 GCTaskThread "GC Thread#1" [stack: 0x00000003f1c00000,0x00000003f1d00000] [id=9192]
  0x0000018fea88f800 GCTaskThread "GC Thread#2" [stack: 0x00000003f1d00000,0x00000003f1e00000] [id=11784]
  0x0000018fea890000 GCTaskThread "GC Thread#3" [stack: 0x00000003f1e00000,0x00000003f1f00000] [id=2348]
  0x0000018fc3334000 ConcurrentGCThread "G1 Main Marker" [stack: 0x00000003f0200000,0x00000003f0300000] [id=12116]
  0x0000018fc3337000 ConcurrentGCThread "G1 Conc#0" [stack: 0x00000003f0300000,0x00000003f0400000] [id=18900]
  0x0000018fe21ca800 ConcurrentGCThread "G1 Refine#0" [stack: 0x00000003f0400000,0x00000003f0500000] [id=15192]
  0x0000018fe21cb000 ConcurrentGCThread "G1 Young RemSet Sampling" [stack: 0x00000003f0500000,0x00000003f0600000] [id=6408]

Threads with active compile tasks:

VM state:not at safepoint (normal execution)

VM Mutex/Monitor currently owned by a thread: None

Heap address: 0x0000000081400000, size: 2028 MB, Compressed Oops mode: 32-bit
Narrow klass base: 0x0000000800000000, Narrow klass shift: 3
Compressed class space size: 1073741824 Address: 0x0000000800b30000

Heap:
 garbage-first heap   total 131072K, used 58573K [0x0000000081400000, 0x0000000100000000)
  region size 1024K, 6 young (6144K), 5 survivors (5120K)
 Metaspace       used 4732K, capacity 7742K, committed 8064K, reserved 1056768K
  class space    used 330K, capacity 628K, committed 640K, reserved 1048576K
Heap Regions: E=young(eden), S=young(survivor), O=old, HS=humongous(starts), HC=humongous(continues), CS=collection set, F=free, OA=open archive, CA=closed archive, TAMS=top-at-mark-start (previous, next)
|   0|0x0000000081400000, 0x0000000081500000, 0x0000000081500000|100%| O|  |TAMS 0x0000000081400000, 0x0000000081400000| Untracked 
|   1|0x0000000081500000, 0x0000000081600000, 0x0000000081600000|100%| O|  |TAMS 0x0000000081500000, 0x0000000081500000| Untracked 
|   2|0x0000000081600000, 0x0000000081700000, 0x0000000081700000|100%| O|  |TAMS 0x0000000081600000, 0x0000000081600000| Untracked 
|   3|0x0000000081700000, 0x0000000081800000, 0x0000000081800000|100%| O|  |TAMS 0x0000000081700000, 0x0000000081700000| Untracked 
|   4|0x0000000081800000, 0x0000000081900000, 0x0000000081900000|100%| O|  |TAMS 0x0000000081800000, 0x0000000081800000| Untracked 
|   5|0x0000000081900000, 0x0000000081a00000, 0x0000000081a00000|100%| O|  |TAMS 0x0000000081900000, 0x0000000081900000| Untracked 
|   6|0x0000000081a00000, 0x0000000081b00000, 0x0000000081b00000|100%| O|  |TAMS 0x0000000081a00000, 0x0000000081a00000| Untracked 
|   7|0x0000000081b00000, 0x0000000081c00000, 0x0000000081c00000|100%| O|  |TAMS 0x0000000081b00000, 0x0000000081b00000| Untracked 
|   8|0x0000000081c00000, 0x0000000081d00000, 0x0000000081d00000|100%| O|  |TAMS 0x0000000081c00000, 0x0000000081c00000| Untracked 
|   9|0x0000000081d00000, 0x0000000081e00000, 0x0000000081e00000|100%| O|  |TAMS 0x0000000081d00000, 0x0000000081d00000| Untracked 
|  10|0x0000000081e00000, 0x0000000081f00000, 0x0000000081f00000|100%| O|  |TAMS 0x0000000081e00000, 0x0000000081e00000| Untracked 
|  11|0x0000000081f00000, 0x0000000082000000, 0x0000000082000000|100%| O|  |TAMS 0x0000000081f00000, 0x0000000081f00000| Untracked 
|  12|0x0000000082000000, 0x0000000082100000, 0x0000000082100000|100%| O|  |TAMS 0x0000000082000000, 0x0000000082000000| Untracked 
|  13|0x0000000082100000, 0x0000000082200000, 0x0000000082200000|100%| O|  |TAMS 0x0000000082100000, 0x0000000082100000| Untracked 
|  14|0x0000000082200000, 0x0000000082300000, 0x0000000082300000|100%| O|  |TAMS 0x0000000082200000, 0x0000000082200000| Untracked 
|  15|0x0000000082300000, 0x0000000082400000, 0x0000000082400000|100%|HS|  |TAMS 0x0000000082300000, 0x0000000082300000| Complete 
|  16|0x0000000082400000, 0x0000000082500000, 0x0000000082500000|100%| O|  |TAMS 0x0000000082400000, 0x0000000082400000| Untracked 
|  17|0x0000000082500000, 0x0000000082600000, 0x0000000082600000|100%| O|  |TAMS 0x0000000082500000, 0x0000000082500000| Untracked 
|  18|0x0000000082600000, 0x0000000082700000, 0x0000000082700000|100%| O|  |TAMS 0x0000000082600000, 0x0000000082600000| Untracked 
|  19|0x0000000082700000, 0x0000000082800000, 0x0000000082800000|100%| O|  |TAMS 0x0000000082700000, 0x0000000082700000| Untracked 
|  20|0x0000000082800000, 0x0000000082900000, 0x0000000082900000|100%| O|  |TAMS 0x0000000082800000, 0x0000000082800000| Untracked 
|  21|0x0000000082900000, 0x0000000082a00000, 0x0000000082a00000|100%| O|  |TAMS 0x0000000082900000, 0x0000000082900000| Untracked 
|  22|0x0000000082a00000, 0x0000000082b00000, 0x0000000082b00000|100%| O|  |TAMS 0x0000000082a00000, 0x0000000082a00000| Untracked 
|  23|0x0000000082b00000, 0x0000000082c00000, 0x0000000082c00000|100%| O|  |TAMS 0x0000000082b00000, 0x0000000082b00000| Untracked 
|  24|0x0000000082c00000, 0x0000000082d00000, 0x0000000082d00000|100%| O|  |TAMS 0x0000000082c00000, 0x0000000082c00000| Untracked 
|  25|0x0000000082d00000, 0x0000000082e00000, 0x0000000082e00000|100%| O|  |TAMS 0x0000000082d00000, 0x0000000082d00000| Untracked 
|  26|0x0000000082e00000, 0x0000000082f00000, 0x0000000082f00000|100%| O|  |TAMS 0x0000000082e00000, 0x0000000082e00000| Untracked 
|  27|0x0000000082f00000, 0x0000000083000000, 0x0000000083000000|100%| O|  |TAMS 0x0000000082f00000, 0x0000000082f00000| Untracked 
|  28|0x0000000083000000, 0x0000000083100000, 0x0000000083100000|100%| O|  |TAMS 0x0000000083000000, 0x0000000083000000| Untracked 
|  29|0x0000000083100000, 0x0000000083200000, 0x0000000083200000|100%| O|  |TAMS 0x0000000083100000, 0x0000000083100000| Untracked 
|  30|0x0000000083200000, 0x0000000083300000, 0x0000000083300000|100%|HS|  |TAMS 0x0000000083200000, 0x0000000083200000| Complete 
|  31|0x0000000083300000, 0x0000000083400000, 0x0000000083400000|100%|HC|  |TAMS 0x0000000083300000, 0x0000000083300000| Complete 
|  32|0x0000000083400000, 0x0000000083500000, 0x0000000083500000|100%| O|  |TAMS 0x0000000083400000, 0x0000000083400000| Untracked 
|  33|0x0000000083500000, 0x0000000083600000, 0x0000000083600000|100%| O|  |TAMS 0x0000000083500000, 0x0000000083500000| Untracked 
|  34|0x0000000083600000, 0x0000000083700000, 0x0000000083700000|100%| O|  |TAMS 0x0000000083600000, 0x0000000083600000| Untracked 
|  35|0x0000000083700000, 0x0000000083800000, 0x0000000083800000|100%| O|  |TAMS 0x0000000083700000, 0x0000000083700000| Untracked 
|  36|0x0000000083800000, 0x0000000083900000, 0x0000000083900000|100%| O|  |TAMS 0x0000000083800000, 0x0000000083800000| Untracked 
|  37|0x0000000083900000, 0x0000000083a00000, 0x0000000083a00000|100%| O|  |TAMS 0x0000000083900000, 0x0000000083900000| Untracked 
|  38|0x0000000083a00000, 0x0000000083b00000, 0x0000000083b00000|100%| O|  |TAMS 0x0000000083a00000, 0x0000000083a00000| Untracked 
|  39|0x0000000083b00000, 0x0000000083c00000, 0x0000000083c00000|100%| O|  |TAMS 0x0000000083b00000, 0x0000000083b00000| Untracked 
|  40|0x0000000083c00000, 0x0000000083d00000, 0x0000000083d00000|100%| O|  |TAMS 0x0000000083c00000, 0x0000000083c00000| Untracked 
|  41|0x0000000083d00000, 0x0000000083e00000, 0x0000000083e00000|100%| O|  |TAMS 0x0000000083d00000, 0x0000000083d00000| Untracked 
|  42|0x0000000083e00000, 0x0000000083f00000, 0x0000000083f00000|100%| O|  |TAMS 0x0000000083e00000, 0x0000000083e00000| Untracked 
|  43|0x0000000083f00000, 0x0000000084000000, 0x0000000084000000|100%| O|  |TAMS 0x0000000083f00000, 0x0000000083f00000| Untracked 
|  44|0x0000000084000000, 0x0000000084100000, 0x0000000084100000|100%| O|  |TAMS 0x0000000084000000, 0x0000000084000000| Untracked 
|  45|0x0000000084100000, 0x0000000084200000, 0x0000000084200000|100%| O|  |TAMS 0x0000000084100000, 0x0000000084100000| Untracked 
|  46|0x0000000084200000, 0x0000000084300000, 0x0000000084300000|100%| O|  |TAMS 0x0000000084200000, 0x0000000084200000| Untracked 
|  47|0x0000000084300000, 0x0000000084400000, 0x0000000084400000|100%| O|  |TAMS 0x0000000084300000, 0x0000000084300000| Untracked 
|  48|0x0000000084400000, 0x0000000084500000, 0x0000000084500000|100%| O|  |TAMS 0x0000000084400000, 0x0000000084400000| Untracked 
|  49|0x0000000084500000, 0x0000000084600000, 0x0000000084600000|100%| O|  |TAMS 0x0000000084500000, 0x0000000084500000| Untracked 
|  50|0x0000000084600000, 0x0000000084700000, 0x0000000084700000|100%| O|  |TAMS 0x0000000084600000, 0x0000000084600000| Untracked 
|  51|0x0000000084700000, 0x0000000084800000, 0x0000000084800000|100%| O|  |TAMS 0x0000000084700000, 0x0000000084700000| Untracked 
|  52|0x0000000084800000, 0x0000000084899800, 0x0000000084900000| 59%| O|  |TAMS 0x0000000084800000, 0x0000000084800000| Untracked 
|  53|0x0000000084900000, 0x0000000084900000, 0x0000000084a00000|  0%| F|  |TAMS 0x0000000084900000, 0x0000000084900000| Untracked 
|  54|0x0000000084a00000, 0x0000000084a00000, 0x0000000084b00000|  0%| F|  |TAMS 0x0000000084a00000, 0x0000000084a00000| Untracked 
|  55|0x0000000084b00000, 0x0000000084b00000, 0x0000000084c00000|  0%| F|  |TAMS 0x0000000084b00000, 0x0000000084b00000| Untracked 
|  56|0x0000000084c00000, 0x0000000084c00000, 0x0000000084d00000|  0%| F|  |TAMS 0x0000000084c00000, 0x0000000084c00000| Untracked 
|  57|0x0000000084d00000, 0x0000000084d00000, 0x0000000084e00000|  0%| F|  |TAMS 0x0000000084d00000, 0x0000000084d00000| Untracked 
|  58|0x0000000084e00000, 0x0000000084e00000, 0x0000000084f00000|  0%| F|  |TAMS 0x0000000084e00000, 0x0000000084e00000| Untracked 
|  59|0x0000000084f00000, 0x0000000084f00000, 0x0000000085000000|  0%| F|  |TAMS 0x0000000084f00000, 0x0000000084f00000| Untracked 
|  60|0x0000000085000000, 0x0000000085000000, 0x0000000085100000|  0%| F|  |TAMS 0x0000000085000000, 0x0000000085000000| Untracked 
|  61|0x0000000085100000, 0x0000000085100000, 0x0000000085200000|  0%| F|  |TAMS 0x0000000085100000, 0x0000000085100000| Untracked 
|  62|0x0000000085200000, 0x0000000085200000, 0x0000000085300000|  0%| F|  |TAMS 0x0000000085200000, 0x0000000085200000| Untracked 
|  63|0x0000000085300000, 0x0000000085300000, 0x0000000085400000|  0%| F|  |TAMS 0x0000000085300000, 0x0000000085300000| Untracked 
|  64|0x0000000085400000, 0x0000000085400000, 0x0000000085500000|  0%| F|  |TAMS 0x0000000085400000, 0x0000000085400000| Untracked 
|  65|0x0000000085500000, 0x0000000085500000, 0x0000000085600000|  0%| F|  |TAMS 0x0000000085500000, 0x0000000085500000| Untracked 
|  66|0x0000000085600000, 0x0000000085600000, 0x0000000085700000|  0%| F|  |TAMS 0x0000000085600000, 0x0000000085600000| Untracked 
|  67|0x0000000085700000, 0x0000000085700000, 0x0000000085800000|  0%| F|  |TAMS 0x0000000085700000, 0x0000000085700000| Untracked 
|  68|0x0000000085800000, 0x0000000085899cd8, 0x0000000085900000| 60%| S|CS|TAMS 0x0000000085800000, 0x0000000085800000| Complete 
|  69|0x0000000085900000, 0x0000000085a00000, 0x0000000085a00000|100%| S|CS|TAMS 0x0000000085900000, 0x0000000085900000| Complete 
|  70|0x0000000085a00000, 0x0000000085a00000, 0x0000000085b00000|  0%| F|  |TAMS 0x0000000085a00000, 0x0000000085a00000| Untracked 
|  71|0x0000000085b00000, 0x0000000085c00000, 0x0000000085c00000|100%| S|CS|TAMS 0x0000000085b00000, 0x0000000085b00000| Complete 
|  72|0x0000000085c00000, 0x0000000085d00000, 0x0000000085d00000|100%| S|CS|TAMS 0x0000000085c00000, 0x0000000085c00000| Complete 
|  73|0x0000000085d00000, 0x0000000085d00000, 0x0000000085e00000|  0%| F|  |TAMS 0x0000000085d00000, 0x0000000085d00000| Untracked 
|  74|0x0000000085e00000, 0x0000000085f00000, 0x0000000085f00000|100%| S|CS|TAMS 0x0000000085e00000, 0x0000000085e00000| Complete 
|  75|0x0000000085f00000, 0x0000000085f00000, 0x0000000086000000|  0%| F|  |TAMS 0x0000000085f00000, 0x0000000085f00000| Untracked 
|  76|0x0000000086000000, 0x0000000086000000, 0x0000000086100000|  0%| F|  |TAMS 0x0000000086000000, 0x0000000086000000| Untracked 
|  77|0x0000000086100000, 0x0000000086100000, 0x0000000086200000|  0%| F|  |TAMS 0x0000000086100000, 0x0000000086100000| Untracked 
|  78|0x0000000086200000, 0x0000000086200000, 0x0000000086300000|  0%| F|  |TAMS 0x0000000086200000, 0x0000000086200000| Untracked 
|  79|0x0000000086300000, 0x0000000086300000, 0x0000000086400000|  0%| F|  |TAMS 0x0000000086300000, 0x0000000086300000| Untracked 
|  80|0x0000000086400000, 0x0000000086400000, 0x0000000086500000|  0%| F|  |TAMS 0x0000000086400000, 0x0000000086400000| Untracked 
|  81|0x0000000086500000, 0x0000000086500000, 0x0000000086600000|  0%| F|  |TAMS 0x0000000086500000, 0x0000000086500000| Untracked 
|  82|0x0000000086600000, 0x0000000086600000, 0x0000000086700000|  0%| F|  |TAMS 0x0000000086600000, 0x0000000086600000| Untracked 
|  83|0x0000000086700000, 0x0000000086700000, 0x0000000086800000|  0%| F|  |TAMS 0x0000000086700000, 0x0000000086700000| Untracked 
|  84|0x0000000086800000, 0x0000000086800000, 0x0000000086900000|  0%| F|  |TAMS 0x0000000086800000, 0x0000000086800000| Untracked 
|  85|0x0000000086900000, 0x0000000086900000, 0x0000000086a00000|  0%| F|  |TAMS 0x0000000086900000, 0x0000000086900000| Untracked 
|  86|0x0000000086a00000, 0x0000000086a00000, 0x0000000086b00000|  0%| F|  |TAMS 0x0000000086a00000, 0x0000000086a00000| Untracked 
|  87|0x0000000086b00000, 0x0000000086b00000, 0x0000000086c00000|  0%| F|  |TAMS 0x0000000086b00000, 0x0000000086b00000| Untracked 
|  88|0x0000000086c00000, 0x0000000086c00000, 0x0000000086d00000|  0%| F|  |TAMS 0x0000000086c00000, 0x0000000086c00000| Untracked 
|  89|0x0000000086d00000, 0x0000000086d00000, 0x0000000086e00000|  0%| F|  |TAMS 0x0000000086d00000, 0x0000000086d00000| Untracked 
|  90|0x0000000086e00000, 0x0000000086e00000, 0x0000000086f00000|  0%| F|  |TAMS 0x0000000086e00000, 0x0000000086e00000| Untracked 
|  91|0x0000000086f00000, 0x0000000086f00000, 0x0000000087000000|  0%| F|  |TAMS 0x0000000086f00000, 0x0000000086f00000| Untracked 
|  92|0x0000000087000000, 0x0000000087000000, 0x0000000087100000|  0%| F|  |TAMS 0x0000000087000000, 0x0000000087000000| Untracked 
|  93|0x0000000087100000, 0x0000000087100000, 0x0000000087200000|  0%| F|  |TAMS 0x0000000087100000, 0x0000000087100000| Untracked 
|  94|0x0000000087200000, 0x0000000087200000, 0x0000000087300000|  0%| F|  |TAMS 0x0000000087200000, 0x0000000087200000| Untracked 
|  95|0x0000000087300000, 0x0000000087300000, 0x0000000087400000|  0%| F|  |TAMS 0x0000000087300000, 0x0000000087300000| Untracked 
|  96|0x0000000087400000, 0x0000000087400000, 0x0000000087500000|  0%| F|  |TAMS 0x0000000087400000, 0x0000000087400000| Untracked 
|  97|0x0000000087500000, 0x0000000087500000, 0x0000000087600000|  0%| F|  |TAMS 0x0000000087500000, 0x0000000087500000| Untracked 
|  98|0x0000000087600000, 0x0000000087600000, 0x0000000087700000|  0%| F|  |TAMS 0x0000000087600000, 0x0000000087600000| Untracked 
|  99|0x0000000087700000, 0x0000000087700000, 0x0000000087800000|  0%| F|  |TAMS 0x0000000087700000, 0x0000000087700000| Untracked 
| 100|0x0000000087800000, 0x0000000087800000, 0x0000000087900000|  0%| F|  |TAMS 0x0000000087800000, 0x0000000087800000| Untracked 
| 101|0x0000000087900000, 0x0000000087900000, 0x0000000087a00000|  0%| F|  |TAMS 0x0000000087900000, 0x0000000087900000| Untracked 
| 102|0x0000000087a00000, 0x0000000087a00000, 0x0000000087b00000|  0%| F|  |TAMS 0x0000000087a00000, 0x0000000087a00000| Untracked 
| 103|0x0000000087b00000, 0x0000000087b00000, 0x0000000087c00000|  0%| F|  |TAMS 0x0000000087b00000, 0x0000000087b00000| Untracked 
| 104|0x0000000087c00000, 0x0000000087c00000, 0x0000000087d00000|  0%| F|  |TAMS 0x0000000087c00000, 0x0000000087c00000| Untracked 
| 105|0x0000000087d00000, 0x0000000087d00000, 0x0000000087e00000|  0%| F|  |TAMS 0x0000000087d00000, 0x0000000087d00000| Untracked 
| 106|0x0000000087e00000, 0x0000000087e00000, 0x0000000087f00000|  0%| F|  |TAMS 0x0000000087e00000, 0x0000000087e00000| Untracked 
| 107|0x0000000087f00000, 0x0000000087f00000, 0x0000000088000000|  0%| F|  |TAMS 0x0000000087f00000, 0x0000000087f00000| Untracked 
| 108|0x0000000088000000, 0x0000000088000000, 0x0000000088100000|  0%| F|  |TAMS 0x0000000088000000, 0x0000000088000000| Untracked 
| 109|0x0000000088100000, 0x0000000088100000, 0x0000000088200000|  0%| F|  |TAMS 0x0000000088100000, 0x0000000088100000| Untracked 
| 110|0x0000000088200000, 0x0000000088200000, 0x0000000088300000|  0%| F|  |TAMS 0x0000000088200000, 0x0000000088200000| Untracked 
| 111|0x0000000088300000, 0x0000000088300000, 0x0000000088400000|  0%| F|  |TAMS 0x0000000088300000, 0x0000000088300000| Untracked 
| 112|0x0000000088400000, 0x0000000088400000, 0x0000000088500000|  0%| F|  |TAMS 0x0000000088400000, 0x0000000088400000| Untracked 
| 113|0x0000000088500000, 0x0000000088500000, 0x0000000088600000|  0%| F|  |TAMS 0x0000000088500000, 0x0000000088500000| Untracked 
| 114|0x0000000088600000, 0x0000000088600000, 0x0000000088700000|  0%| F|  |TAMS 0x0000000088600000, 0x0000000088600000| Untracked 
| 115|0x0000000088700000, 0x0000000088700000, 0x0000000088800000|  0%| F|  |TAMS 0x0000000088700000, 0x0000000088700000| Untracked 
| 116|0x0000000088800000, 0x0000000088800000, 0x0000000088900000|  0%| F|  |TAMS 0x0000000088800000, 0x0000000088800000| Untracked 
| 117|0x0000000088900000, 0x0000000088900000, 0x0000000088a00000|  0%| F|  |TAMS 0x0000000088900000, 0x0000000088900000| Untracked 
| 118|0x0000000088a00000, 0x0000000088a00000, 0x0000000088b00000|  0%| F|  |TAMS 0x0000000088a00000, 0x0000000088a00000| Untracked 
| 119|0x0000000088b00000, 0x0000000088b00000, 0x0000000088c00000|  0%| F|  |TAMS 0x0000000088b00000, 0x0000000088b00000| Untracked 
| 120|0x0000000088c00000, 0x0000000088c00000, 0x0000000088d00000|  0%| F|  |TAMS 0x0000000088c00000, 0x0000000088c00000| Untracked 
| 121|0x0000000088d00000, 0x0000000088d00000, 0x0000000088e00000|  0%| F|  |TAMS 0x0000000088d00000, 0x0000000088d00000| Untracked 
| 122|0x0000000088e00000, 0x0000000088e00000, 0x0000000088f00000|  0%| F|  |TAMS 0x0000000088e00000, 0x0000000088e00000| Untracked 
| 123|0x0000000088f00000, 0x0000000088f00000, 0x0000000089000000|  0%| F|  |TAMS 0x0000000088f00000, 0x0000000088f00000| Untracked 
| 124|0x0000000089000000, 0x0000000089000000, 0x0000000089100000|  0%| F|  |TAMS 0x0000000089000000, 0x0000000089000000| Untracked 
| 125|0x0000000089100000, 0x0000000089100000, 0x0000000089200000|  0%| F|  |TAMS 0x0000000089100000, 0x0000000089100000| Untracked 
| 126|0x0000000089200000, 0x0000000089200000, 0x0000000089300000|  0%| F|  |TAMS 0x0000000089200000, 0x0000000089200000| Untracked 
| 127|0x0000000089300000, 0x0000000089400000, 0x0000000089400000|100%| E|  |TAMS 0x0000000089300000, 0x0000000089300000| Complete 

Card table byte_map: [0x0000018fdb1d0000,0x0000018fdb5d0000] _byte_map_base: 0x0000018fdadc6000

Marking Bits (Prev, Next): (CMBitMap*) 0x0000018fc3322008, (CMBitMap*) 0x0000018fc3322048
 Prev Bits: [0x0000018fdb9d0000, 0x0000018fdd980000)
 Next Bits: [0x0000018fdd980000, 0x0000018fdf930000)

Polling page: 0x0000018fc2ac0000

Metaspace:

Usage:
  Non-class:      6.95 MB capacity,     4.30 MB ( 62%) used,     2.64 MB ( 38%) free+waste,     4.63 KB ( <1%) overhead. 
      Class:    628.00 KB capacity,   330.92 KB ( 53%) used,   295.58 KB ( 47%) free+waste,     1.50 KB ( <1%) overhead. 
       Both:      7.56 MB capacity,     4.62 MB ( 61%) used,     2.93 MB ( 39%) free+waste,     6.13 KB ( <1%) overhead. 

Virtual space:
  Non-class space:        8.00 MB reserved,       7.25 MB ( 91%) committed 
      Class space:        1.00 GB reserved,     640.00 KB ( <1%) committed 
             Both:        1.01 GB reserved,       7.88 MB ( <1%) committed 

Chunk freelists:
   Non-Class:  118.00 KB
       Class:  12.00 KB
        Both:  130.00 KB

MaxMetaspaceSize: 17179869184.00 GB
CompressedClassSpaceSize: 1.00 GB

CodeHeap 'non-profiled nmethods': size=120000Kb used=776Kb max_used=776Kb free=119223Kb
 bounds [0x0000018fd3560000, 0x0000018fd37d0000, 0x0000018fdaa90000]
CodeHeap 'profiled nmethods': size=120000Kb used=2219Kb max_used=2219Kb free=117781Kb
 bounds [0x0000018fcc030000, 0x0000018fcc2a0000, 0x0000018fd3560000]
CodeHeap 'non-nmethods': size=5760Kb used=1249Kb max_used=1291Kb free=4511Kb
 bounds [0x0000018fcba90000, 0x0000018fcbd00000, 0x0000018fcc030000]
 total_blobs=2418 nmethods=1200 adapters=441
 compilation: enabled
              stopped_count=0, restarted_count=0
 full_count=0

Compilation events (20 events):
Event: 189.990 Thread 0x0000018fe237d000 1194       4       org.lwjgl.opengl.Display::getPixelScaleFactor (9 bytes)
Event: 190.000 Thread 0x0000018fe237d000 nmethod 1194 0x0000018fd361ca90 code [0x0000018fd361cc20, 0x0000018fd361cc78]
Event: 191.472 Thread 0x0000018fe237d000 1195       4       com.badlogic.gdx.graphics.Color::toFloatBits (50 bytes)
Event: 191.481 Thread 0x0000018fe237d000 nmethod 1195 0x0000018fd361cd90 code [0x0000018fd361cf40, 0x0000018fd361d058]
Event: 191.588 Thread 0x0000018fe237d000 1196       4       com.badlogic.gdx.scenes.scene2d.ui.WidgetGroup::validate (166 bytes)
Event: 191.597 Thread 0x0000018fe237d000 nmethod 1196 0x0000018fd361d110 code [0x0000018fd361d2c0, 0x0000018fd361d3d8]
Event: 272.901 Thread 0x0000018fe237d000 1197       4       java.nio.HeapByteBuffer::put (179 bytes)
Event: 272.921 Thread 0x0000018fe237d000 nmethod 1197 0x0000018fd361d510 code [0x0000018fd361d760, 0x0000018fd361dc58]
Event: 286.017 Thread 0x0000018fe237d000 1198       4       com.mygdx.game.Player::<init> (10 bytes)
Event: 286.022 Thread 0x0000018fe237d000 nmethod 1198 0x0000018fd361e010 code [0x0000018fd361e180, 0x0000018fd361e2b8]
Event: 287.184 Thread 0x0000018fe237d000 1199       4       com.badlogic.gdx.graphics.Color::clamp (126 bytes)
Event: 287.188 Thread 0x0000018fe237d000 nmethod 1199 0x0000018fd361e310 code [0x0000018fd361e520, 0x0000018fd361e858]
Event: 287.274 Thread 0x0000018fe237d000 1200       4       java.nio.ByteBuffer::limit (6 bytes)
Event: 287.276 Thread 0x0000018fe237d000 nmethod 1200 0x0000018fd361e990 code [0x0000018fd361eb60, 0x0000018fd361ecf8]
Event: 287.841 Thread 0x0000018fe237d000 1201  s    4       org.lwjgl.opengl.EventQueue::copyEvents (77 bytes)
Event: 287.868 Thread 0x0000018fe237d000 nmethod 1201 0x0000018fd361ee10 code [0x0000018fd361f120, 0x0000018fd361fc38]
Event: 295.240 Thread 0x0000018fe237d000 1202       4       com.badlogic.gdx.graphics.glutils.ShaderProgram::fetchUniformLocation (120 bytes)
Event: 295.275 Thread 0x0000018fe237d000 nmethod 1202 0x0000018fd3620290 code [0x0000018fd36204e0, 0x0000018fd3620c98]
Event: 357.989 Thread 0x0000018fe237d000 1203       4       org.lwjgl.opengl.WindowsMouse::poll (222 bytes)
Event: 358.089 Thread 0x0000018fe237d000 nmethod 1203 0x0000018fd3621110 code [0x0000018fd36213a0, 0x0000018fd3621d38]

GC Heap History (20 events):
Event: 362.671 GC heap before
{Heap before GC invocations=131 (full 0):
 garbage-first heap   total 131072K, used 111929K [0x0000000081400000, 0x0000000100000000)
  region size 1024K, 60 young (61440K), 5 survivors (5120K)
 Metaspace       used 4732K, capacity 7742K, committed 8064K, reserved 1056768K
  class space    used 330K, capacity 628K, committed 640K, reserved 1048576K
}
Event: 362.682 GC heap after
{Heap after GC invocations=132 (full 0):
 garbage-first heap   total 131072K, used 55941K [0x0000000081400000, 0x0000000100000000)
  region size 1024K, 5 young (5120K), 5 survivors (5120K)
 Metaspace       used 4732K, capacity 7742K, committed 8064K, reserved 1056768K
  class space    used 330K, capacity 628K, committed 640K, reserved 1048576K
}
Event: 364.725 GC heap before
{Heap before GC invocations=132 (full 0):
 garbage-first heap   total 131072K, used 112261K [0x0000000081400000, 0x0000000100000000)
  region size 1024K, 60 young (61440K), 5 survivors (5120K)
 Metaspace       used 4732K, capacity 7742K, committed 8064K, reserved 1056768K
  class space    used 330K, capacity 628K, committed 640K, reserved 1048576K
}
Event: 364.736 GC heap after
{Heap after GC invocations=133 (full 0):
 garbage-first heap   total 131072K, used 56276K [0x0000000081400000, 0x0000000100000000)
  region size 1024K, 5 young (5120K), 5 survivors (5120K)
 Metaspace       used 4732K, capacity 7742K, committed 8064K, reserved 1056768K
  class space    used 330K, capacity 628K, committed 640K, reserved 1048576K
}
Event: 366.831 GC heap before
{Heap before GC invocations=133 (full 0):
 garbage-first heap   total 131072K, used 111572K [0x0000000081400000, 0x0000000100000000)
  region size 1024K, 59 young (60416K), 5 survivors (5120K)
 Metaspace       used 4732K, capacity 7742K, committed 8064K, reserved 1056768K
  class space    used 330K, capacity 628K, committed 640K, reserved 1048576K
}
Event: 366.841 GC heap after
{Heap after GC invocations=134 (full 0):
 garbage-first heap   total 131072K, used 56607K [0x0000000081400000, 0x0000000100000000)
  region size 1024K, 5 young (5120K), 5 survivors (5120K)
 Metaspace       used 4732K, capacity 7742K, committed 8064K, reserved 1056768K
  class space    used 330K, capacity 628K, committed 640K, reserved 1048576K
}
Event: 368.903 GC heap before
{Heap before GC invocations=134 (full 0):
 garbage-first heap   total 131072K, used 111903K [0x0000000081400000, 0x0000000100000000)
  region size 1024K, 59 young (60416K), 5 survivors (5120K)
 Metaspace       used 4732K, capacity 7742K, committed 8064K, reserved 1056768K
  class space    used 330K, capacity 628K, committed 640K, reserved 1048576K
}
Event: 368.914 GC heap after
{Heap after GC invocations=135 (full 0):
 garbage-first heap   total 131072K, used 56936K [0x0000000081400000, 0x0000000100000000)
  region size 1024K, 5 young (5120K), 5 survivors (5120K)
 Metaspace       used 4732K, capacity 7742K, committed 8064K, reserved 1056768K
  class space    used 330K, capacity 628K, committed 640K, reserved 1048576K
}
Event: 370.986 GC heap before
{Heap before GC invocations=135 (full 0):
 garbage-first heap   total 131072K, used 112232K [0x0000000081400000, 0x0000000100000000)
  region size 1024K, 59 young (60416K), 5 survivors (5120K)
 Metaspace       used 4732K, capacity 7742K, committed 8064K, reserved 1056768K
  class space    used 330K, capacity 628K, committed 640K, reserved 1048576K
}
Event: 370.994 GC heap after
{Heap after GC invocations=136 (full 0):
 garbage-first heap   total 131072K, used 57265K [0x0000000081400000, 0x0000000100000000)
  region size 1024K, 5 young (5120K), 5 survivors (5120K)
 Metaspace       used 4732K, capacity 7742K, committed 8064K, reserved 1056768K
  class space    used 330K, capacity 628K, committed 640K, reserved 1048576K
}
Event: 373.163 GC heap before
{Heap before GC invocations=136 (full 0):
 garbage-first heap   total 131072K, used 111537K [0x0000000081400000, 0x0000000100000000)
  region size 1024K, 58 young (59392K), 5 survivors (5120K)
 Metaspace       used 4732K, capacity 7742K, committed 8064K, reserved 1056768K
  class space    used 330K, capacity 628K, committed 640K, reserved 1048576K
}
Event: 373.172 GC heap after
{Heap after GC invocations=137 (full 0):
 garbage-first heap   total 131072K, used 57380K [0x0000000081400000, 0x0000000100000000)
  region size 1024K, 5 young (5120K), 5 survivors (5120K)
 Metaspace       used 4732K, capacity 7742K, committed 8064K, reserved 1056768K
  class space    used 330K, capacity 628K, committed 640K, reserved 1048576K
}
Event: 375.313 GC heap before
{Heap before GC invocations=137 (full 0):
 garbage-first heap   total 131072K, used 111652K [0x0000000081400000, 0x0000000100000000)
  region size 1024K, 58 young (59392K), 5 survivors (5120K)
 Metaspace       used 4732K, capacity 7742K, committed 8064K, reserved 1056768K
  class space    used 330K, capacity 628K, committed 640K, reserved 1048576K
}
Event: 375.322 GC heap after
{Heap after GC invocations=138 (full 0):
 garbage-first heap   total 131072K, used 57512K [0x0000000081400000, 0x0000000100000000)
  region size 1024K, 5 young (5120K), 5 survivors (5120K)
 Metaspace       used 4732K, capacity 7742K, committed 8064K, reserved 1056768K
  class space    used 330K, capacity 628K, committed 640K, reserved 1048576K
}
Event: 377.311 GC heap before
{Heap before GC invocations=138 (full 0):
 garbage-first heap   total 131072K, used 111784K [0x0000000081400000, 0x0000000100000000)
  region size 1024K, 58 young (59392K), 5 survivors (5120K)
 Metaspace       used 4732K, capacity 7742K, committed 8064K, reserved 1056768K
  class space    used 330K, capacity 628K, committed 640K, reserved 1048576K
}
Event: 377.319 GC heap after
{Heap after GC invocations=139 (full 0):
 garbage-first heap   total 131072K, used 58050K [0x0000000081400000, 0x0000000100000000)
  region size 1024K, 5 young (5120K), 5 survivors (5120K)
 Metaspace       used 4732K, capacity 7742K, committed 8064K, reserved 1056768K
  class space    used 330K, capacity 628K, committed 640K, reserved 1048576K
}
Event: 379.298 GC heap before
{Heap before GC invocations=139 (full 0):
 garbage-first heap   total 131072K, used 111298K [0x0000000081400000, 0x0000000100000000)
  region size 1024K, 57 young (58368K), 5 survivors (5120K)
 Metaspace       used 4732K, capacity 7742K, committed 8064K, reserved 1056768K
  class space    used 330K, capacity 628K, committed 640K, reserved 1048576K
}
Event: 379.306 GC heap after
{Heap after GC invocations=140 (full 0):
 garbage-first heap   total 131072K, used 58370K [0x0000000081400000, 0x0000000100000000)
  region size 1024K, 5 young (5120K), 5 survivors (5120K)
 Metaspace       used 4732K, capacity 7742K, committed 8064K, reserved 1056768K
  class space    used 330K, capacity 628K, committed 640K, reserved 1048576K
}
Event: 381.258 GC heap before
{Heap before GC invocations=140 (full 0):
 garbage-first heap   total 131072K, used 111618K [0x0000000081400000, 0x0000000100000000)
  region size 1024K, 57 young (58368K), 5 survivors (5120K)
 Metaspace       used 4732K, capacity 7742K, committed 8064K, reserved 1056768K
  class space    used 330K, capacity 628K, committed 640K, reserved 1048576K
}
Event: 381.266 GC heap after
{Heap after GC invocations=141 (full 0):
 garbage-first heap   total 131072K, used 58573K [0x0000000081400000, 0x0000000100000000)
  region size 1024K, 5 young (5120K), 5 survivors (5120K)
 Metaspace       used 4732K, capacity 7742K, committed 8064K, reserved 1056768K
  class space    used 330K, capacity 628K, committed 640K, reserved 1048576K
}

Deoptimization events (20 events):
Event: 3.065 Thread 0x0000018fe3647800 Uncommon trap: trap_request=0xffffffde fr.pc=0x0000018fd35c5a88 relative=0x0000000000000128
Event: 3.065 Thread 0x0000018fe3647800 Uncommon trap: reason=class_check action=maybe_recompile pc=0x0000018fd35c5a88 method=jdk.internal.misc.Unsafe.allocateUninitializedArray(Ljava/lang/Class;I)Ljava/lang/Object; @ 51 c2
Event: 3.065 Thread 0x0000018fe3647800 DEOPT PACKING pc=0x0000018fd35c5a88 sp=0x00000003f12fe770
Event: 3.065 Thread 0x0000018fe3647800 DEOPT UNPACKING pc=0x0000018fcbad912f sp=0x00000003f12fe6f8 mode 2
Event: 3.065 Thread 0x0000018fe3647800 Uncommon trap: trap_request=0xffffffde fr.pc=0x0000018fd35c5a88 relative=0x0000000000000128
Event: 3.065 Thread 0x0000018fe3647800 Uncommon trap: reason=class_check action=maybe_recompile pc=0x0000018fd35c5a88 method=jdk.internal.misc.Unsafe.allocateUninitializedArray(Ljava/lang/Class;I)Ljava/lang/Object; @ 51 c2
Event: 3.065 Thread 0x0000018fe3647800 DEOPT PACKING pc=0x0000018fd35c5a88 sp=0x00000003f12fe6d0
Event: 3.065 Thread 0x0000018fe3647800 DEOPT UNPACKING pc=0x0000018fcbad912f sp=0x00000003f12fe658 mode 2
Event: 3.066 Thread 0x0000018fe3647800 Uncommon trap: trap_request=0xffffffde fr.pc=0x0000018fd35c5a88 relative=0x0000000000000128
Event: 3.066 Thread 0x0000018fe3647800 Uncommon trap: reason=class_check action=maybe_recompile pc=0x0000018fd35c5a88 method=jdk.internal.misc.Unsafe.allocateUninitializedArray(Ljava/lang/Class;I)Ljava/lang/Object; @ 51 c2
Event: 3.066 Thread 0x0000018fe3647800 DEOPT PACKING pc=0x0000018fd35c5a88 sp=0x00000003f12fe770
Event: 3.066 Thread 0x0000018fe3647800 DEOPT UNPACKING pc=0x0000018fcbad912f sp=0x00000003f12fe6f8 mode 2
Event: 3.066 Thread 0x0000018fe3647800 Uncommon trap: trap_request=0xffffffde fr.pc=0x0000018fd35c5a88 relative=0x0000000000000128
Event: 3.066 Thread 0x0000018fe3647800 Uncommon trap: reason=class_check action=maybe_recompile pc=0x0000018fd35c5a88 method=jdk.internal.misc.Unsafe.allocateUninitializedArray(Ljava/lang/Class;I)Ljava/lang/Object; @ 51 c2
Event: 3.066 Thread 0x0000018fe3647800 DEOPT PACKING pc=0x0000018fd35c5a88 sp=0x00000003f12fe6d0
Event: 3.066 Thread 0x0000018fe3647800 DEOPT UNPACKING pc=0x0000018fcbad912f sp=0x00000003f12fe658 mode 2
Event: 34.529 Thread 0x0000018fe3647800 DEOPT PACKING pc=0x0000018fcc1e4985 sp=0x00000003f12fee60
Event: 34.529 Thread 0x0000018fe3647800 DEOPT UNPACKING pc=0x0000018fcbad964e sp=0x00000003f12fe2f8 mode 0
Event: 59.724 Thread 0x0000018fe3647800 DEOPT PACKING pc=0x0000018fcc1e8d68 sp=0x00000003f12fef40
Event: 59.724 Thread 0x0000018fe3647800 DEOPT UNPACKING pc=0x0000018fcbad964e sp=0x00000003f12fe4c0 mode 0

Classes unloaded (0 events):
No events

Classes redefined (0 events):
No events

Internal exceptions (0 events):
No events

Events (20 events):
Event: 362.671 Executing VM operation: G1CollectForAllocation
Event: 362.682 Executing VM operation: G1CollectForAllocation done
Event: 364.725 Executing VM operation: G1CollectForAllocation
Event: 364.736 Executing VM operation: G1CollectForAllocation done
Event: 366.831 Executing VM operation: G1CollectForAllocation
Event: 366.841 Executing VM operation: G1CollectForAllocation done
Event: 368.903 Executing VM operation: G1CollectForAllocation
Event: 368.914 Executing VM operation: G1CollectForAllocation done
Event: 370.986 Executing VM operation: G1CollectForAllocation
Event: 370.994 Executing VM operation: G1CollectForAllocation done
Event: 373.163 Executing VM operation: G1CollectForAllocation
Event: 373.172 Executing VM operation: G1CollectForAllocation done
Event: 375.313 Executing VM operation: G1CollectForAllocation
Event: 375.322 Executing VM operation: G1CollectForAllocation done
Event: 377.311 Executing VM operation: G1CollectForAllocation
Event: 377.319 Executing VM operation: G1CollectForAllocation done
Event: 379.298 Executing VM operation: G1CollectForAllocation
Event: 379.306 Executing VM operation: G1CollectForAllocation done
Event: 381.258 Executing VM operation: G1CollectForAllocation
Event: 381.266 Executing VM operation: G1CollectForAllocation done


Dynamic libraries:
0x00007ff6032e0000 - 0x00007ff6032ef000 	C:\Program Files\Java\jdk-14.0.1\bin\javaw.exe
0x00007ffcf6dd0000 - 0x00007ffcf6fc5000 	C:\WINDOWS\SYSTEM32\ntdll.dll
0x00007ffcf5ff0000 - 0x00007ffcf60ae000 	C:\WINDOWS\System32\KERNEL32.DLL
0x00007ffcf49a0000 - 0x00007ffcf4c69000 	C:\WINDOWS\System32\KERNELBASE.dll
0x00007ffcf4c70000 - 0x00007ffcf4d70000 	C:\WINDOWS\System32\ucrtbase.dll
0x00007ffcd8a40000 - 0x00007ffcd8a55000 	C:\Program Files\Java\jdk-14.0.1\bin\VCRUNTIME140.dll
0x00007ffcdc0c0000 - 0x00007ffcdc0d8000 	C:\Program Files\Java\jdk-14.0.1\bin\jli.dll
0x00007ffcf5a60000 - 0x00007ffcf5b0c000 	C:\WINDOWS\System32\ADVAPI32.dll
0x00007ffcf4fb0000 - 0x00007ffcf504e000 	C:\WINDOWS\System32\msvcrt.dll
0x00007ffcf5b10000 - 0x00007ffcf5bab000 	C:\WINDOWS\System32\sechost.dll
0x00007ffcf4e80000 - 0x00007ffcf4faa000 	C:\WINDOWS\System32\RPCRT4.dll
0x00007ffcf5050000 - 0x00007ffcf51f1000 	C:\WINDOWS\System32\USER32.dll
0x00007ffcf4600000 - 0x00007ffcf4622000 	C:\WINDOWS\System32\win32u.dll
0x00007ffce6000000 - 0x00007ffce629a000 	C:\WINDOWS\WinSxS\amd64_microsoft.windows.common-controls_6595b64144ccf1df_6.0.19041.1110_none_60b5254171f9507e\COMCTL32.dll
0x00007ffcf5f50000 - 0x00007ffcf5f7b000 	C:\WINDOWS\System32\GDI32.dll
0x00007ffcf44f0000 - 0x00007ffcf45fb000 	C:\WINDOWS\System32\gdi32full.dll
0x00007ffcf4630000 - 0x00007ffcf46cd000 	C:\WINDOWS\System32\msvcp_win.dll
0x00007ffce79a0000 - 0x00007ffce79aa000 	C:\WINDOWS\SYSTEM32\VERSION.dll
0x00007ffcf5d40000 - 0x00007ffcf5d70000 	C:\WINDOWS\System32\IMM32.DLL
0x00007ffccf040000 - 0x00007ffccf0db000 	C:\Program Files\Java\jdk-14.0.1\bin\msvcp140.dll
0x00007ffca8b10000 - 0x00007ffca962e000 	C:\Program Files\Java\jdk-14.0.1\bin\server\jvm.dll
0x00007ffcf5ee0000 - 0x00007ffcf5ee8000 	C:\WINDOWS\System32\PSAPI.DLL
0x00007ffcefc40000 - 0x00007ffcefc49000 	C:\WINDOWS\SYSTEM32\WSOCK32.dll
0x00007ffcdc610000 - 0x00007ffcdc637000 	C:\WINDOWS\SYSTEM32\WINMM.dll
0x00007ffcf5f80000 - 0x00007ffcf5feb000 	C:\WINDOWS\System32\WS2_32.dll
0x00007ffcf23d0000 - 0x00007ffcf23e2000 	C:\WINDOWS\SYSTEM32\kernel.appcore.dll
0x00007ffce8630000 - 0x00007ffce863a000 	C:\Program Files\Java\jdk-14.0.1\bin\jimage.dll
0x00007ffcefe30000 - 0x00007ffcf0014000 	C:\WINDOWS\SYSTEM32\DBGHELP.DLL
0x00007ffcdd1e0000 - 0x00007ffcdd20c000 	C:\WINDOWS\SYSTEM32\dbgcore.DLL
0x00007ffcf4860000 - 0x00007ffcf48e3000 	C:\WINDOWS\System32\bcryptPrimitives.dll
0x00007ffcdfd70000 - 0x00007ffcdfd95000 	C:\Program Files\Java\jdk-14.0.1\bin\java.dll
0x00007ffce7830000 - 0x00007ffce7846000 	C:\Program Files\Java\jdk-14.0.1\bin\zip.dll
0x00007ffcf5200000 - 0x00007ffcf593f000 	C:\WINDOWS\System32\SHELL32.dll
0x00007ffcf25f0000 - 0x00007ffcf2d80000 	C:\WINDOWS\SYSTEM32\windows.storage.dll
0x00007ffcf6460000 - 0x00007ffcf67b5000 	C:\WINDOWS\System32\combase.dll
0x00007ffcf3f40000 - 0x00007ffcf3f6c000 	C:\WINDOWS\SYSTEM32\Wldp.dll
0x00007ffcf5bb0000 - 0x00007ffcf5c5e000 	C:\WINDOWS\System32\SHCORE.dll
0x00007ffcf6ca0000 - 0x00007ffcf6cf5000 	C:\WINDOWS\System32\shlwapi.dll
0x00007ffcf4430000 - 0x00007ffcf444f000 	C:\WINDOWS\SYSTEM32\profapi.dll
0x00007ffcdcd60000 - 0x00007ffcdcd79000 	C:\Program Files\Java\jdk-14.0.1\bin\net.dll
0x00007ffceecd0000 - 0x00007ffceedd8000 	C:\WINDOWS\SYSTEM32\WINHTTP.dll
0x00007ffcf3ca0000 - 0x00007ffcf3d0a000 	C:\WINDOWS\system32\mswsock.dll
0x00007ffcdcd40000 - 0x00007ffcdcd52000 	C:\Program Files\Java\jdk-14.0.1\bin\nio.dll
0x000000006e700000 - 0x000000006e72a000 	C:\Users\marcu\AppData\Local\Temp\libgdxmarcu\e1cd32f8\gdx64.dll
0x00007ffce8620000 - 0x00007ffce8630000 	C:\Program Files\Java\jdk-14.0.1\bin\verify.dll
0x0000000180000000 - 0x0000000180053000 	C:\Users\marcu\AppData\Local\Temp\libgdxmarcu\1cecf4f6\lwjgl64.dll
0x00007ffcdb590000 - 0x00007ffcdb6b5000 	C:\WINDOWS\SYSTEM32\OPENGL32.dll
0x00007ffcdb560000 - 0x00007ffcdb58c000 	C:\WINDOWS\SYSTEM32\GLU32.dll
0x0000018fe3120000 - 0x0000018fe3184000 	C:\Users\marcu\AppData\Local\Temp\libgdxmarcu\1cecf4f6\OpenAL64.dll
0x00007ffcf6260000 - 0x00007ffcf638a000 	C:\WINDOWS\System32\ole32.dll
0x00007ffcf1e90000 - 0x00007ffcf1f2e000 	C:\WINDOWS\system32\uxtheme.dll
0x00007ffcf5e30000 - 0x00007ffcf5ed9000 	C:\WINDOWS\System32\clbcatq.dll
0x00007ffccefa0000 - 0x00007ffccf03c000 	C:\WINDOWS\SYSTEM32\dsound.dll
0x00007ffcf3a60000 - 0x00007ffcf3aab000 	C:\WINDOWS\SYSTEM32\powrprof.dll
0x00007ffcd9a00000 - 0x00007ffcd9a26000 	C:\WINDOWS\SYSTEM32\winmmbase.dll
0x00007ffcf3920000 - 0x00007ffcf3932000 	C:\WINDOWS\SYSTEM32\UMPDC.dll
0x00007ffcec1f0000 - 0x00007ffcec275000 	C:\WINDOWS\System32\MMDevApi.dll
0x00007ffcf4290000 - 0x00007ffcf42c4000 	C:\WINDOWS\System32\DEVOBJ.dll
0x00007ffcf4dd0000 - 0x00007ffcf4e1e000 	C:\WINDOWS\System32\cfgmgr32.dll
0x00007ffcec2b0000 - 0x00007ffcec431000 	C:\WINDOWS\SYSTEM32\AUDIOSES.DLL
0x00007ffcf6390000 - 0x00007ffcf645d000 	C:\WINDOWS\System32\OLEAUT32.dll
0x00007ffcf1ff0000 - 0x00007ffcf2004000 	C:\WINDOWS\SYSTEM32\resourcepolicyclient.dll
0x00007ffcee100000 - 0x00007ffcee1ae000 	C:\WINDOWS\SYSTEM32\mscms.dll
0x00007ffcee400000 - 0x00007ffcee411000 	C:\WINDOWS\SYSTEM32\ColorAdapterClient.dll
0x00007ffcf43f0000 - 0x00007ffcf441e000 	C:\WINDOWS\SYSTEM32\USERENV.dll
0x00007ffce80b0000 - 0x00007ffce80f4000 	C:\Windows\System32\Windows.Internal.Graphics.Display.DisplayColorManagement.dll
0x00007ffcf5940000 - 0x00007ffcf5a55000 	C:\WINDOWS\System32\MSCTF.dll
0x00007ffcda880000 - 0x00007ffcda979000 	C:\WINDOWS\SYSTEM32\textinputframework.dll
0x00007ffcf1080000 - 0x00007ffcf13de000 	C:\WINDOWS\System32\CoreUIComponents.dll
0x00007ffcf1760000 - 0x00007ffcf1852000 	C:\WINDOWS\System32\CoreMessaging.dll
0x00007ffcf31e0000 - 0x00007ffcf3213000 	C:\WINDOWS\SYSTEM32\ntmarta.dll
0x00007ffcf00a0000 - 0x00007ffcf01f4000 	C:\WINDOWS\SYSTEM32\wintypes.dll
0x00007ffcd6010000 - 0x00007ffcd6076000 	C:\WINDOWS\system32\Oleacc.dll
0x00007ffce83e0000 - 0x00007ffce84d9000 	C:\Windows\System32\AppXDeploymentClient.dll
0x00007ffc905f0000 - 0x00007ffc915b5000 	C:\WINDOWS\System32\DriverStore\FileRepository\iigd_dch.inf_amd64_dc16e5f1dbf8051f\ig9icd64.dll
0x00007ffcf2010000 - 0x00007ffcf203f000 	C:\WINDOWS\system32\dwmapi.dll
0x00007ffcf2de0000 - 0x00007ffcf2ed4000 	C:\WINDOWS\system32\dxgi.dll
0x00007ffce7340000 - 0x00007ffce757f000 	C:\WINDOWS\System32\DriverStore\FileRepository\iigd_dch.inf_amd64_dc16e5f1dbf8051f\igdgmm64.dll
0x00007ffcd9f10000 - 0x00007ffcd9f53000 	C:\WINDOWS\SYSTEM32\icm32.dll
0x00007ffca86f0000 - 0x00007ffca8b05000 	C:\WINDOWS\System32\DriverStore\FileRepository\iigd_dch.inf_amd64_dc16e5f1dbf8051f\igdml64.dll
0x00007ffce12c0000 - 0x00007ffce3f22000 	C:\WINDOWS\System32\DriverStore\FileRepository\iigd_dch.inf_amd64_dc16e5f1dbf8051f\igc64.dll

dbghelp: loaded successfully - version: 4.0.5 - missing functions: none
symbol engine: initialized successfully - sym options: 0x614 - pdb path: .;C:\Program Files\Java\jdk-14.0.1\bin;C:\WINDOWS\SYSTEM32;C:\WINDOWS\WinSxS\amd64_microsoft.windows.common-controls_6595b64144ccf1df_6.0.19041.1110_none_60b5254171f9507e;C:\Program Files\Java\jdk-14.0.1\bin\server;C:\Users\marcu\AppData\Local\Temp\libgdxmarcu\e1cd32f8;C:\Users\marcu\AppData\Local\Temp\libgdxmarcu\1cecf4f6;C:\WINDOWS\System32\DriverStore\FileRepository\iigd_dch.inf_amd64_dc16e5f1dbf8051f

VM Arguments:
jvm_args: -Dfile.encoding=UTF-8 -XX:+ShowCodeDetailsInExceptionMessages 
java_command: com.mygdx.game.desktop.DesktopLauncher
java_class_path (initial): C:\Users\marcu\Desktop\SALProject\MarcusSophiaMirandaPralad\desktop\bin\main;\ShootsAndLadders-core\bin\default;C:\Users\marcu\Desktop\SALProject\MarcusSophiaMirandaPralad\core\bin\main;C:\Users\marcu\.gradle\caches\modules-2\files-2.1\com.badlogicgames.gdx\gdx-backend-lwjgl\1.10.0\58ff89d9e4fd8a82591367f187d606e781cacc05\gdx-backend-lwjgl-1.10.0.jar;C:\Users\marcu\.gradle\caches\modules-2\files-2.1\com.badlogicgames.gdx\gdx-platform\1.10.0\9a8fa793d2fd6d360afc6c9e4c1f5583da263b88\gdx-platform-1.10.0-natives-desktop.jar;C:\Users\marcu\.gradle\caches\modules-2\files-2.1\com.badlogicgames.gdx\gdx-box2d-platform\1.10.0\588c4191c5a64ed39365e71484aa37d81c38eb5e\gdx-box2d-platform-1.10.0-natives-desktop.jar;C:\Users\marcu\.gradle\caches\modules-2\files-2.1\com.badlogicgames.gdx\gdx-box2d\1.10.0\b3a3c0f00b90716238835434d0ae8985604c37f8\gdx-box2d-1.10.0.jar;C:\Users\marcu\.gradle\caches\modules-2\files-2.1\com.badlogicgames.gdx\gdx\1.10.0\74c240f79dc4fb6b766a834249600d0a019d0489\gdx-1.10.0.jar;C:\Users\marcu\.gradle\caches\modules-2\files-2.1\org.lwjgl.lwjgl\lwjgl_util\2.9.3\751f06b62424da056954c67288fd5c494431e350\lwjgl_util-2.9.3.jar;C:\Users\marcu\.gradle\caches\modules-2\files-2.1\org.lwjgl.lwjgl\lwjgl\2.9.3\3df168ac74e4a8c96562cdff24ad352e255bf89c\lwjgl-2.9.3.jar;C:\Users\marcu\.gradle\caches\modules-2\files-2.1\com.badlogicgames.jlayer\jlayer\1.0.1-gdx\7cca83cec5c1b2f011362f4d85aabd71a73b049d\jlayer-1.0.1-gdx.jar;C:\Users\marcu\.gradle\caches\modules-2\files-2.1\org.jcraft\jorbis\0.0.17\8872d22b293e8f5d7d56ff92be966e6dc28ebdc6\jorbis-0.0.17.jar;C:\Users\marcu\.gradle\caches\modules-2\files-2.1\org.lwjgl.lwjgl\lwjgl-platform\2.9.3\fbc2afb3e288578e9942578decb6291a490549a0\lwjgl-platform-2.9.3-natives-windows.jar;C:\Users\marcu\.gradle\caches\modules-2\files-2.1\org.lwjgl.lwjgl\lwjgl-platform\2.9.3\b1eafe80093381c56415731e1d64279e6140bcd0\lwjgl-platform-2.9.3-natives-linux.jar;C:\Users\marcu\.gradle\caches\modules-2\files-2.1\org.lwjgl.lwjgl\
Launcher Type: SUN_STANDARD

[Global flags]
     intx CICompilerCount                          = 4                                         {product} {ergonomic}
     uint ConcGCThreads                            = 2                                         {product} {ergonomic}
     uint G1ConcRefinementThreads                  = 8                                         {product} {ergonomic}
   size_t G1HeapRegionSize                         = 1048576                                   {product} {ergonomic}
    uintx GCDrainStackTargetSize                   = 64                                        {product} {ergonomic}
   size_t InitialHeapSize                          = 134217728                                 {product} {ergonomic}
   size_t MarkStackSize                            = 4194304                                   {product} {ergonomic}
   size_t MaxHeapSize                              = 2126512128                                {product} {ergonomic}
   size_t MaxNewSize                               = 1275068416                                {product} {ergonomic}
   size_t MinHeapDeltaBytes                        = 1048576                                   {product} {ergonomic}
   size_t MinHeapSize                              = 8388608                                   {product} {ergonomic}
    uintx NonNMethodCodeHeapSize                   = 5839372                                {pd product} {ergonomic}
    uintx NonProfiledCodeHeapSize                  = 122909434                              {pd product} {ergonomic}
    uintx ProfiledCodeHeapSize                     = 122909434                              {pd product} {ergonomic}
    uintx ReservedCodeCacheSize                    = 251658240                              {pd product} {ergonomic}
     bool SegmentedCodeCache                       = true                                      {product} {ergonomic}
     bool ShowCodeDetailsInExceptionMessages       = true                                   {manageable} {command line}
   size_t SoftMaxHeapSize                          = 2126512128                             {manageable} {ergonomic}
     bool UseCompressedClassPointers               = true                                 {lp64_product} {ergonomic}
     bool UseCompressedOops                        = true                                 {lp64_product} {ergonomic}
     bool UseG1GC                                  = true                                      {product} {ergonomic}
     bool UseLargePagesIndividualAllocation        = false                                  {pd product} {ergonomic}

Logging:
Log output configuration:
 #0: stdout all=warning uptime,level,tags
 #1: stderr all=off uptime,level,tags

Environment Variables:
PATH=C:/Program Files/Java/jdk-14.0.1/bin/server;C:/Program Files/Java/jdk-14.0.1/bin;C:\Users\marcu\Downloads\jdk-14.0.1_windows-x64_bin\jdk-14.0.1\bin;C:\WINDOWS\system32;C:\WINDOWS;C:\WINDOWS\System32\Wbem;C:\WINDOWS\System32\WindowsPowerShell\v1.0\;C:\WINDOWS\System32\OpenSSH\;C:\Program Files\Git\cmd;C:\Users\marcu\AppData\Local\Microsoft\WindowsApps;C:\Users\marcu\AppData\Local\atom\bin;C:\Users\marcu\AppData\Local\Microsoft\WindowsApps;C:\Users\marcu\Downloads\git\cmd;;C:\WINDOWS\System32;
USERNAME=marcu
OS=Windows_NT
PROCESSOR_IDENTIFIER=Intel64 Family 6 Model 142 Stepping 10, GenuineIntel



---------------  S Y S T E M  ---------------

OS: Windows 10 , 64 bit Build 19041 (10.0.19041.1202)
OS uptime: 1 days 19:15 hours

CPU:total 8 (initial active 8) (4 cores per cpu, 2 threads per core) family 6 model 142 stepping 10, cmov, cx8, fxsr, mmx, sse, sse2, sse3, ssse3, sse4.1, sse4.2, popcnt, avx, avx2, aes, clmul, erms, 3dnowpref, lzcnt, ht, tsc, tscinvbit, bmi1, bmi2, adx, fma

Memory: 4k page, system-wide physical 8109M (1060M free)
TotalPageFile size 32685M (AvailPageFile size 0M)
current process WorkingSet (physical memory assigned to process): 1227M, peak: 4627M
current process commit charge ("private bytes"): 18221M, peak: 18222M

vm_info: Java HotSpot(TM) 64-Bit Server VM (14.0.1+7) for windows-amd64 JRE (14.0.1+7), built on Mar  5 2020 10:30:14 by "mach5one" with MS VC++ 15.9 (VS2017)

END.
