#
# A fatal error has been detected by the Java Runtime Environment:
#
#  EXCEPTION_ACCESS_VIOLATION (0xc0000005) at pc=0x00007ff801742777, pid=8820, tid=4464
#
# JRE version: Java(TM) SE Runtime Environment (14.0.1+7) (build 14.0.1+7)
# Java VM: Java HotSpot(TM) 64-Bit Server VM (14.0.1+7, mixed mode, sharing, tiered, compressed oops, g1 gc, windows-amd64)
# Problematic frame:
# C  [ig9icd64.dll+0x12777]
#
# No core dump will be written. Minidumps are not enabled by default on client versions of Windows
#
# If you would like to submit a bug report, please visit:
#   https://bugreport.java.com/bugreport/crash.jsp
# The crash happened outside the Java Virtual Machine in native code.
# See problematic frame for where to report the bug.
#

---------------  S U M M A R Y ------------

Command Line: -Dfile.encoding=UTF-8 -XX:+ShowCodeDetailsInExceptionMessages com.mygdx.game.desktop.DesktopLauncher

Host: Intel(R) Core(TM) i5-8250U CPU @ 1.60GHz, 8 cores, 7G,  Windows 10 , 64 bit Build 19041 (10.0.19041.1202)
Time: Mon Sep 20 15:28:16 2021 Mountain Daylight Time elapsed time: 271 seconds (0d 0h 4m 31s)

---------------  T H R E A D  ---------------

Current thread (0x0000024577f87000):  JavaThread "LWJGL Application" [_thread_in_native, id=4464, stack(0x00000067b5d00000,0x00000067b5e00000)]

Stack: [0x00000067b5d00000,0x00000067b5e00000],  sp=0x00000067b5dfdae0,  free space=1014k
Native frames: (J=compiled Java code, j=interpreted, Vv=VM code, C=native code)
C  [ig9icd64.dll+0x12777]

Java frames: (J=compiled Java code, j=interpreted, Vv=VM code)
J 914  org.lwjgl.opengl.GL11.nglTexImage2D(IIIIIIIIJJ)V (0 bytes) @ 0x0000024567f8c4b5 [0x0000024567f8c420+0x0000000000000095]
J 1037 c2 com.badlogic.gdx.graphics.Texture.<init>(IILcom/badlogic/gdx/graphics/TextureData;)V (28 bytes) @ 0x0000024567ffb288 [0x0000024567ffada0+0x00000000000004e8]
J 1194 c2 com.mygdx.game.ShootsAndLadders.render()V (943 bytes) @ 0x000002456801f1fc [0x000002456801e8e0+0x000000000000091c]
j  com.badlogic.gdx.backends.lwjgl.LwjglApplication.mainLoop()V+776
j  com.badlogic.gdx.backends.lwjgl.LwjglApplication$1.run()V+27
v  ~StubRoutines::call_stub

siginfo: EXCEPTION_ACCESS_VIOLATION (0xc0000005), writing address 0x000002457c9d14b4


Register to memory mapping:

RIP=0x00007ff801742777 ig9icd64.dll
RAX=0x00000000680b0000 is an unknown value
RBX=0x000000000000000f is an unknown value
RCX=0x000002457c9d14b4 is an unknown value
RDX=0x00000067b5dfdb60 is pointing into the stack for thread: 0x0000024577f87000
RSP=0x00000067b5dfdae0 is pointing into the stack for thread: 0x0000024577f87000
RBP=0x00000067b5dfdc10 is pointing into the stack for thread: 0x0000024577f87000
RSI=0x00000245786dbe40 points into unknown readable memory: 80 6e 69 78 45 02 00 00
RDI=0x0000024578710990 points into unknown readable memory: 00 00 00 00 00 00 00 00
R8 =0x0000000000000004 is an unknown value
R9 =0x000000000000000f is an unknown value
R10=0x00000067b5dfe090 is pointing into the stack for thread: 0x0000024577f87000
R11=0x0 is NULL
R12=0x0000000000000001 is an unknown value
R13=0x00000247e8509710 points into unknown readable memory: 20 bb 3f 02 f8 7f 00 00
R14=0x0000024578710720 points into unknown readable memory: 00 e8 f7 77 45 02 00 00
R15=0x00000067b5dfdf90 is pointing into the stack for thread: 0x0000024577f87000


Registers:
RAX=0x00000000680b0000, RBX=0x000000000000000f, RCX=0x000002457c9d14b4, RDX=0x00000067b5dfdb60
RSP=0x00000067b5dfdae0, RBP=0x00000067b5dfdc10, RSI=0x00000245786dbe40, RDI=0x0000024578710990
R8 =0x0000000000000004, R9 =0x000000000000000f, R10=0x00000067b5dfe090, R11=0x0000000000000000
R12=0x0000000000000001, R13=0x00000247e8509710, R14=0x0000024578710720, R15=0x00000067b5dfdf90
RIP=0x00007ff801742777, EFLAGS=0x0000000000010202

Top of Stack: (sp=0x00000067b5dfdae0)
0x00000067b5dfdae0:   0c08080000000000 0a17061408130610
0x00000067b5dfdaf0:   0000024578710720 0000000000000000
0x00000067b5dfdb00:   00000245786dbe40 00007ff801fc25b0
0x00000067b5dfdb10:   000000000000000f 0a0c061408110600
0x00000067b5dfdb20:   0000000000000000 0a17061408130610
0x00000067b5dfdb30:   1003080f08160612 0a0a061408110610
0x00000067b5dfdb40:   0a18080e08150612 0a0d061408130610
0x00000067b5dfdb50:   0c19080f08160612 0a0c061408110610
0x00000067b5dfdb60:   0c08080e680b0000 0a17061408130610
0x00000067b5dfdb70:   0e06080f08160612 0a0a061408110610
0x00000067b5dfdb80:   0a18080e08150612 00000247eb425e30
0x00000067b5dfdb90:   0000000000000000 0a0c061408110610
0x00000067b5dfdba0:   0c0b080e08150612 0a17061408130610
0x00000067b5dfdbb0:   0e09080f08160612 0a0a061408110610
0x00000067b5dfdbc0:   0a18080e08150612 0a0d061408130610
0x00000067b5dfdbd0:   0c19080f08160612 0a0c061408110610 

Instructions: (pc=0x00007ff801742777)
0x00007ff801742677:   83 c2 27 49 2b c8 48 8d 41 f8 48 83 f8 1f 77 21
0x00007ff801742687:   49 8b c8 e8 99 bc 4f 00 48 c7 43 10 00 00 00 00
0x00007ff801742697:   48 c7 43 18 0f 00 00 00 c6 03 00 48 83 c4 20 5b
0x00007ff8017426a7:   c3 e8 0f 79 50 00 cc cc cc e9 9b ff ff ff cc cc
0x00007ff8017426b7:   cc cc cc cc cc cc cc cc cc 48 8d 05 21 30 ef 00
0x00007ff8017426c7:   c3 cc cc cc cc cc cc cc cc 4c 89 44 24 18 4c 89
0x00007ff8017426d7:   4c 24 20 53 55 56 57 48 83 ec 38 49 8b f0 48 8d
0x00007ff8017426e7:   6c 24 78 48 8b da 48 8b f9 e8 cb ff ff ff 48 89
0x00007ff8017426f7:   6c 24 28 4c 8b ce 4c 8b c3 48 c7 44 24 20 00 00
0x00007ff801742707:   00 00 48 8b d7 48 8b 08 e8 98 71 50 00 85 c0 b9
0x00007ff801742717:   ff ff ff ff 0f 48 c1 48 83 c4 38 5f 5e 5d 5b c3
0x00007ff801742727:   cc cc cc cc cc cc cc cc cc 48 83 ec 28 4d 85 c0
0x00007ff801742737:   0f 84 60 04 00 00 49 83 f8 04 77 3b 49 83 f8 01
0x00007ff801742747:   75 0a 0f b6 02 88 01 48 83 c4 28 c3 49 83 f8 02
0x00007ff801742757:   0f 84 3a 04 00 00 49 83 f8 03 75 12 0f b7 02 66
0x00007ff801742767:   89 01 0f b6 42 02 88 41 02 48 83 c4 28 c3 8b 02
0x00007ff801742777:   89 01 48 83 c4 28 c3 49 83 f8 08 76 2f f6 c1 03
0x00007ff801742787:   74 2a f6 c1 01 74 0e 0f b6 02 49 ff c8 88 01 48
0x00007ff801742797:   ff c1 48 ff c2 f6 c1 02 74 12 0f b7 02 49 83 e8
0x00007ff8017427a7:   02 66 89 01 48 83 c1 02 48 83 c2 02 49 83 f8 40
0x00007ff8017427b7:   0f 87 88 00 00 00 49 8b c0 48 83 e0 fc 48 03 c8
0x00007ff8017427c7:   48 03 d0 49 8b c0 48 c1 e8 02 48 ff c8 48 83 f8
0x00007ff8017427d7:   0f 0f 87 9f 03 00 00 4c 8d 0d 1b d8 fe ff 41 8b
0x00007ff8017427e7:   84 81 a4 2b 01 00 49 03 c1 ff e0 8b 42 c0 89 41
0x00007ff8017427f7:   c0 8b 42 c4 89 41 c4 8b 42 c8 89 41 c8 8b 42 cc
0x00007ff801742807:   89 41 cc 8b 42 d0 89 41 d0 8b 42 d4 89 41 d4 8b
0x00007ff801742817:   42 d8 89 41 d8 8b 42 dc 89 41 dc 8b 42 e0 89 41
0x00007ff801742827:   e0 8b 42 e4 89 41 e4 8b 42 e8 89 41 e8 8b 42 ec
0x00007ff801742837:   89 41 ec 8b 42 f0 89 41 f0 e9 26 03 00 00 48 8b
0x00007ff801742847:   c1 83 e0 0f 74 3d 41 b9 10 00 00 00 4c 2b c8 49
0x00007ff801742857:   8b c1 49 03 c9 48 c1 e8 02 49 03 d1 48 83 e8 01
0x00007ff801742867:   74 18 48 83 e8 01 74 0c 48 83 f8 01 75 12 8b 42 


Stack slot to memory mapping:
stack at sp + 0 slots: 0x0c08080000000000 is an unknown value
stack at sp + 1 slots: 0x0a17061408130610 is an unknown value
stack at sp + 2 slots: 0x0000024578710720 points into unknown readable memory: 00 e8 f7 77 45 02 00 00
stack at sp + 3 slots: 0x0 is NULL
stack at sp + 4 slots: 0x00000245786dbe40 points into unknown readable memory: 80 6e 69 78 45 02 00 00
stack at sp + 5 slots: 0x00007ff801fc25b0 ig9icd64.dll
stack at sp + 6 slots: 0x000000000000000f is an unknown value
stack at sp + 7 slots: 0x0a0c061408110600 is an unknown value


---------------  P R O C E S S  ---------------

Threads class SMR info:
_java_thread_list=0x00000245004ac970, length=13, elements={
0x00000245774f8000, 0x00000245774f9800, 0x0000024577511800, 0x0000024577516800,
0x0000024577518800, 0x000002457751e000, 0x0000024577520000, 0x0000024577535800,
0x0000024577f8c800, 0x0000024577f8c000, 0x0000024577f87000, 0x0000024577f88000,
0x000002450049b000
}

Java Threads: ( => current thread )
  0x00000245774f8000 JavaThread "Reference Handler" daemon [_thread_blocked, id=3508, stack(0x00000067b5000000,0x00000067b5100000)]
  0x00000245774f9800 JavaThread "Finalizer" daemon [_thread_blocked, id=3832, stack(0x00000067b5100000,0x00000067b5200000)]
  0x0000024577511800 JavaThread "Signal Dispatcher" daemon [_thread_blocked, id=1728, stack(0x00000067b5200000,0x00000067b5300000)]
  0x0000024577516800 JavaThread "Attach Listener" daemon [_thread_blocked, id=15244, stack(0x00000067b5300000,0x00000067b5400000)]
  0x0000024577518800 JavaThread "Service Thread" daemon [_thread_blocked, id=14844, stack(0x00000067b5400000,0x00000067b5500000)]
  0x000002457751e000 JavaThread "C2 CompilerThread0" daemon [_thread_blocked, id=5404, stack(0x00000067b5500000,0x00000067b5600000)]
  0x0000024577520000 JavaThread "C1 CompilerThread0" daemon [_thread_blocked, id=8692, stack(0x00000067b5600000,0x00000067b5700000)]
  0x0000024577535800 JavaThread "Sweeper thread" daemon [_thread_blocked, id=10088, stack(0x00000067b5700000,0x00000067b5800000)]
  0x0000024577f8c800 JavaThread "Notification Thread" daemon [_thread_blocked, id=4988, stack(0x00000067b5800000,0x00000067b5900000)]
  0x0000024577f8c000 JavaThread "Common-Cleaner" daemon [_thread_blocked, id=2236, stack(0x00000067b5a00000,0x00000067b5b00000)]
=>0x0000024577f87000 JavaThread "LWJGL Application" [_thread_in_native, id=4464, stack(0x00000067b5d00000,0x00000067b5e00000)]
  0x0000024577f88000 JavaThread "DestroyJavaVM" [_thread_blocked, id=15112, stack(0x00000067b4900000,0x00000067b4a00000)]
  0x000002450049b000 JavaThread "LWJGL Timer" daemon [_thread_blocked, id=10284, stack(0x00000067b6400000,0x00000067b6500000)]

Other Threads:
  0x00000245774f6800 VMThread "VM Thread" [stack: 0x00000067b4f00000,0x00000067b5000000] [id=13552]
  0x0000024577f91000 WatcherThread [stack: 0x00000067b5900000,0x00000067b5a00000] [id=14184]
  0x0000024556521000 GCTaskThread "GC Thread#0" [stack: 0x00000067b4a00000,0x00000067b4b00000] [id=13624]
  0x000002450026a800 GCTaskThread "GC Thread#1" [stack: 0x00000067b6500000,0x00000067b6600000] [id=6316]
  0x0000024500519800 GCTaskThread "GC Thread#2" [stack: 0x00000067b6600000,0x00000067b6700000] [id=2624]
  0x000002450084b800 GCTaskThread "GC Thread#3" [stack: 0x00000067b6700000,0x00000067b6800000] [id=288]
  0x0000024556533800 ConcurrentGCThread "G1 Main Marker" [stack: 0x00000067b4b00000,0x00000067b4c00000] [id=10516]
  0x0000024556536000 ConcurrentGCThread "G1 Conc#0" [stack: 0x00000067b4c00000,0x00000067b4d00000] [id=11040]
  0x0000024577365800 ConcurrentGCThread "G1 Refine#0" [stack: 0x00000067b4d00000,0x00000067b4e00000] [id=1032]
  0x0000024577368800 ConcurrentGCThread "G1 Young RemSet Sampling" [stack: 0x00000067b4e00000,0x00000067b4f00000] [id=6380]

Threads with active compile tasks:

VM state:not at safepoint (normal execution)

VM Mutex/Monitor currently owned by a thread: None

Heap address: 0x0000000081400000, size: 2028 MB, Compressed Oops mode: 32-bit
Narrow klass base: 0x0000000800000000, Narrow klass shift: 3
Compressed class space size: 1073741824 Address: 0x0000000800b30000

Heap:
 garbage-first heap   total 131072K, used 105504K [0x0000000081400000, 0x0000000100000000)
  region size 1024K, 72 young (73728K), 6 survivors (6144K)
 Metaspace       used 4912K, capacity 7910K, committed 8192K, reserved 1056768K
  class space    used 342K, capacity 663K, committed 768K, reserved 1048576K
Heap Regions: E=young(eden), S=young(survivor), O=old, HS=humongous(starts), HC=humongous(continues), CS=collection set, F=free, OA=open archive, CA=closed archive, TAMS=top-at-mark-start (previous, next)
|   0|0x0000000081400000, 0x0000000081500000, 0x0000000081500000|100%| O|  |TAMS 0x0000000081400000, 0x0000000081400000| Untracked 
|   1|0x0000000081500000, 0x0000000081600000, 0x0000000081600000|100%| O|  |TAMS 0x0000000081500000, 0x0000000081500000| Untracked 
|   2|0x0000000081600000, 0x0000000081700000, 0x0000000081700000|100%| O|  |TAMS 0x0000000081600000, 0x0000000081600000| Untracked 
|   3|0x0000000081700000, 0x0000000081800000, 0x0000000081800000|100%| O|  |TAMS 0x0000000081700000, 0x0000000081700000| Untracked 
|   4|0x0000000081800000, 0x0000000081900000, 0x0000000081900000|100%| O|  |TAMS 0x0000000081800000, 0x0000000081800000| Untracked 
|   5|0x0000000081900000, 0x0000000081a00000, 0x0000000081a00000|100%| O|  |TAMS 0x0000000081900000, 0x0000000081900000| Untracked 
|   6|0x0000000081a00000, 0x0000000081b00000, 0x0000000081b00000|100%| O|  |TAMS 0x0000000081a00000, 0x0000000081a00000| Untracked 
|   7|0x0000000081b00000, 0x0000000081c00000, 0x0000000081c00000|100%| O|  |TAMS 0x0000000081b00000, 0x0000000081b00000| Untracked 
|   8|0x0000000081c00000, 0x0000000081d00000, 0x0000000081d00000|100%| O|  |TAMS 0x0000000081c00000, 0x0000000081c00000| Untracked 
|   9|0x0000000081d00000, 0x0000000081e00000, 0x0000000081e00000|100%| O|  |TAMS 0x0000000081d00000, 0x0000000081d00000| Untracked 
|  10|0x0000000081e00000, 0x0000000081f00000, 0x0000000081f00000|100%| O|  |TAMS 0x0000000081e00000, 0x0000000081e00000| Untracked 
|  11|0x0000000081f00000, 0x0000000082000000, 0x0000000082000000|100%| O|  |TAMS 0x0000000081f00000, 0x0000000081f00000| Untracked 
|  12|0x0000000082000000, 0x0000000082100000, 0x0000000082100000|100%| O|  |TAMS 0x0000000082000000, 0x0000000082000000| Untracked 
|  13|0x0000000082100000, 0x0000000082200000, 0x0000000082200000|100%| O|  |TAMS 0x0000000082100000, 0x0000000082100000| Untracked 
|  14|0x0000000082200000, 0x0000000082300000, 0x0000000082300000|100%| O|  |TAMS 0x0000000082200000, 0x0000000082200000| Untracked 
|  15|0x0000000082300000, 0x0000000082400000, 0x0000000082400000|100%| O|  |TAMS 0x0000000082300000, 0x0000000082300000| Untracked 
|  16|0x0000000082400000, 0x0000000082500000, 0x0000000082500000|100%|HS|  |TAMS 0x0000000082400000, 0x0000000082400000| Complete 
|  17|0x0000000082500000, 0x0000000082600000, 0x0000000082600000|100%| O|  |TAMS 0x0000000082500000, 0x0000000082500000| Untracked 
|  18|0x0000000082600000, 0x0000000082700000, 0x0000000082700000|100%| O|  |TAMS 0x0000000082600000, 0x0000000082600000| Untracked 
|  19|0x0000000082700000, 0x0000000082800000, 0x0000000082800000|100%| O|  |TAMS 0x0000000082700000, 0x0000000082700000| Untracked 
|  20|0x0000000082800000, 0x0000000082900000, 0x0000000082900000|100%| O|  |TAMS 0x0000000082800000, 0x0000000082800000| Untracked 
|  21|0x0000000082900000, 0x0000000082a00000, 0x0000000082a00000|100%| O|  |TAMS 0x0000000082900000, 0x0000000082900000| Untracked 
|  22|0x0000000082a00000, 0x0000000082b00000, 0x0000000082b00000|100%| O|  |TAMS 0x0000000082a00000, 0x0000000082a00000| Untracked 
|  23|0x0000000082b00000, 0x0000000082c00000, 0x0000000082c00000|100%| O|  |TAMS 0x0000000082b00000, 0x0000000082b00000| Untracked 
|  24|0x0000000082c00000, 0x0000000082d00000, 0x0000000082d00000|100%| O|  |TAMS 0x0000000082c00000, 0x0000000082c00000| Untracked 
|  25|0x0000000082d00000, 0x0000000082e00000, 0x0000000082e00000|100%| O|  |TAMS 0x0000000082d00000, 0x0000000082d00000| Untracked 
|  26|0x0000000082e00000, 0x0000000082f00000, 0x0000000082f00000|100%| O|  |TAMS 0x0000000082e00000, 0x0000000082e00000| Untracked 
|  27|0x0000000082f00000, 0x0000000083000000, 0x0000000083000000|100%| O|  |TAMS 0x0000000082f00000, 0x0000000082f00000| Untracked 
|  28|0x0000000083000000, 0x0000000083100000, 0x0000000083100000|100%| O|  |TAMS 0x0000000083000000, 0x0000000083000000| Untracked 
|  29|0x0000000083100000, 0x0000000083200000, 0x0000000083200000|100%| O|  |TAMS 0x0000000083100000, 0x0000000083100000| Untracked 
|  30|0x0000000083200000, 0x0000000083300000, 0x0000000083300000|100%|HS|  |TAMS 0x0000000083200000, 0x0000000083200000| Complete 
|  31|0x0000000083300000, 0x0000000083400000, 0x0000000083400000|100%|HC|  |TAMS 0x0000000083300000, 0x0000000083300000| Complete 
|  32|0x0000000083400000, 0x00000000834cbc00, 0x0000000083500000| 79%| O|  |TAMS 0x0000000083400000, 0x0000000083400000| Untracked 
|  33|0x0000000083500000, 0x0000000083500000, 0x0000000083600000|  0%| F|  |TAMS 0x0000000083500000, 0x0000000083500000| Untracked 
|  34|0x0000000083600000, 0x0000000083600000, 0x0000000083700000|  0%| F|  |TAMS 0x0000000083600000, 0x0000000083600000| Untracked 
|  35|0x0000000083700000, 0x0000000083700000, 0x0000000083800000|  0%| F|  |TAMS 0x0000000083700000, 0x0000000083700000| Untracked 
|  36|0x0000000083800000, 0x0000000083800000, 0x0000000083900000|  0%| F|  |TAMS 0x0000000083800000, 0x0000000083800000| Untracked 
|  37|0x0000000083900000, 0x0000000083900000, 0x0000000083a00000|  0%| F|  |TAMS 0x0000000083900000, 0x0000000083900000| Untracked 
|  38|0x0000000083a00000, 0x0000000083a00000, 0x0000000083b00000|  0%| F|  |TAMS 0x0000000083a00000, 0x0000000083a00000| Untracked 
|  39|0x0000000083b00000, 0x0000000083b00000, 0x0000000083c00000|  0%| F|  |TAMS 0x0000000083b00000, 0x0000000083b00000| Untracked 
|  40|0x0000000083c00000, 0x0000000083c00000, 0x0000000083d00000|  0%| F|  |TAMS 0x0000000083c00000, 0x0000000083c00000| Untracked 
|  41|0x0000000083d00000, 0x0000000083d00000, 0x0000000083e00000|  0%| F|  |TAMS 0x0000000083d00000, 0x0000000083d00000| Untracked 
|  42|0x0000000083e00000, 0x0000000083e00000, 0x0000000083f00000|  0%| F|  |TAMS 0x0000000083e00000, 0x0000000083e00000| Untracked 
|  43|0x0000000083f00000, 0x0000000083f00000, 0x0000000084000000|  0%| F|  |TAMS 0x0000000083f00000, 0x0000000083f00000| Untracked 
|  44|0x0000000084000000, 0x0000000084000000, 0x0000000084100000|  0%| F|  |TAMS 0x0000000084000000, 0x0000000084000000| Untracked 
|  45|0x0000000084100000, 0x0000000084100000, 0x0000000084200000|  0%| F|  |TAMS 0x0000000084100000, 0x0000000084100000| Untracked 
|  46|0x0000000084200000, 0x000000008423c4c0, 0x0000000084300000| 23%| S|CS|TAMS 0x0000000084200000, 0x0000000084200000| Complete 
|  47|0x0000000084300000, 0x0000000084300000, 0x0000000084400000|  0%| F|  |TAMS 0x0000000084300000, 0x0000000084300000| Untracked 
|  48|0x0000000084400000, 0x0000000084400000, 0x0000000084500000|  0%| F|  |TAMS 0x0000000084400000, 0x0000000084400000| Untracked 
|  49|0x0000000084500000, 0x0000000084600000, 0x0000000084600000|100%| S|CS|TAMS 0x0000000084500000, 0x0000000084500000| Complete 
|  50|0x0000000084600000, 0x0000000084700000, 0x0000000084700000|100%| S|CS|TAMS 0x0000000084600000, 0x0000000084600000| Complete 
|  51|0x0000000084700000, 0x0000000084800000, 0x0000000084800000|100%| S|CS|TAMS 0x0000000084700000, 0x0000000084700000| Complete 
|  52|0x0000000084800000, 0x0000000084800000, 0x0000000084900000|  0%| F|  |TAMS 0x0000000084800000, 0x0000000084800000| Untracked 
|  53|0x0000000084900000, 0x0000000084900000, 0x0000000084a00000|  0%| F|  |TAMS 0x0000000084900000, 0x0000000084900000| Untracked 
|  54|0x0000000084a00000, 0x0000000084a00000, 0x0000000084b00000|  0%| F|  |TAMS 0x0000000084a00000, 0x0000000084a00000| Untracked 
|  55|0x0000000084b00000, 0x0000000084c00000, 0x0000000084c00000|100%| S|CS|TAMS 0x0000000084b00000, 0x0000000084b00000| Complete 
|  56|0x0000000084c00000, 0x0000000084d00000, 0x0000000084d00000|100%| S|CS|TAMS 0x0000000084c00000, 0x0000000084c00000| Complete 
|  57|0x0000000084d00000, 0x0000000084d00000, 0x0000000084e00000|  0%| F|  |TAMS 0x0000000084d00000, 0x0000000084d00000| Untracked 
|  58|0x0000000084e00000, 0x0000000084e00000, 0x0000000084f00000|  0%| F|  |TAMS 0x0000000084e00000, 0x0000000084e00000| Untracked 
|  59|0x0000000084f00000, 0x0000000084f00000, 0x0000000085000000|  0%| F|  |TAMS 0x0000000084f00000, 0x0000000084f00000| Untracked 
|  60|0x0000000085000000, 0x0000000085000000, 0x0000000085100000|  0%| F|  |TAMS 0x0000000085000000, 0x0000000085000000| Untracked 
|  61|0x0000000085100000, 0x0000000085100000, 0x0000000085200000|  0%| F|  |TAMS 0x0000000085100000, 0x0000000085100000| Untracked 
|  62|0x0000000085200000, 0x00000000852817d8, 0x0000000085300000| 50%| E|  |TAMS 0x0000000085200000, 0x0000000085200000| Complete 
|  63|0x0000000085300000, 0x0000000085400000, 0x0000000085400000|100%| E|CS|TAMS 0x0000000085300000, 0x0000000085300000| Complete 
|  64|0x0000000085400000, 0x0000000085500000, 0x0000000085500000|100%| E|CS|TAMS 0x0000000085400000, 0x0000000085400000| Complete 
|  65|0x0000000085500000, 0x0000000085600000, 0x0000000085600000|100%| E|CS|TAMS 0x0000000085500000, 0x0000000085500000| Complete 
|  66|0x0000000085600000, 0x0000000085700000, 0x0000000085700000|100%| E|CS|TAMS 0x0000000085600000, 0x0000000085600000| Complete 
|  67|0x0000000085700000, 0x0000000085800000, 0x0000000085800000|100%| E|CS|TAMS 0x0000000085700000, 0x0000000085700000| Complete 
|  68|0x0000000085800000, 0x0000000085900000, 0x0000000085900000|100%| E|CS|TAMS 0x0000000085800000, 0x0000000085800000| Complete 
|  69|0x0000000085900000, 0x0000000085a00000, 0x0000000085a00000|100%| E|CS|TAMS 0x0000000085900000, 0x0000000085900000| Complete 
|  70|0x0000000085a00000, 0x0000000085b00000, 0x0000000085b00000|100%| E|CS|TAMS 0x0000000085a00000, 0x0000000085a00000| Complete 
|  71|0x0000000085b00000, 0x0000000085c00000, 0x0000000085c00000|100%| E|CS|TAMS 0x0000000085b00000, 0x0000000085b00000| Complete 
|  72|0x0000000085c00000, 0x0000000085d00000, 0x0000000085d00000|100%| E|CS|TAMS 0x0000000085c00000, 0x0000000085c00000| Complete 
|  73|0x0000000085d00000, 0x0000000085e00000, 0x0000000085e00000|100%| E|CS|TAMS 0x0000000085d00000, 0x0000000085d00000| Complete 
|  74|0x0000000085e00000, 0x0000000085f00000, 0x0000000085f00000|100%| E|CS|TAMS 0x0000000085e00000, 0x0000000085e00000| Complete 
|  75|0x0000000085f00000, 0x0000000086000000, 0x0000000086000000|100%| E|CS|TAMS 0x0000000085f00000, 0x0000000085f00000| Complete 
|  76|0x0000000086000000, 0x0000000086100000, 0x0000000086100000|100%| E|CS|TAMS 0x0000000086000000, 0x0000000086000000| Complete 
|  77|0x0000000086100000, 0x0000000086200000, 0x0000000086200000|100%| E|CS|TAMS 0x0000000086100000, 0x0000000086100000| Complete 
|  78|0x0000000086200000, 0x0000000086300000, 0x0000000086300000|100%| E|CS|TAMS 0x0000000086200000, 0x0000000086200000| Complete 
|  79|0x0000000086300000, 0x0000000086400000, 0x0000000086400000|100%| E|CS|TAMS 0x0000000086300000, 0x0000000086300000| Complete 
|  80|0x0000000086400000, 0x0000000086500000, 0x0000000086500000|100%| E|CS|TAMS 0x0000000086400000, 0x0000000086400000| Complete 
|  81|0x0000000086500000, 0x0000000086600000, 0x0000000086600000|100%| E|CS|TAMS 0x0000000086500000, 0x0000000086500000| Complete 
|  82|0x0000000086600000, 0x0000000086700000, 0x0000000086700000|100%| E|CS|TAMS 0x0000000086600000, 0x0000000086600000| Complete 
|  83|0x0000000086700000, 0x0000000086800000, 0x0000000086800000|100%| E|CS|TAMS 0x0000000086700000, 0x0000000086700000| Complete 
|  84|0x0000000086800000, 0x0000000086900000, 0x0000000086900000|100%| E|CS|TAMS 0x0000000086800000, 0x0000000086800000| Complete 
|  85|0x0000000086900000, 0x0000000086a00000, 0x0000000086a00000|100%| E|CS|TAMS 0x0000000086900000, 0x0000000086900000| Complete 
|  86|0x0000000086a00000, 0x0000000086b00000, 0x0000000086b00000|100%| E|CS|TAMS 0x0000000086a00000, 0x0000000086a00000| Complete 
|  87|0x0000000086b00000, 0x0000000086c00000, 0x0000000086c00000|100%| E|CS|TAMS 0x0000000086b00000, 0x0000000086b00000| Complete 
|  88|0x0000000086c00000, 0x0000000086d00000, 0x0000000086d00000|100%| E|CS|TAMS 0x0000000086c00000, 0x0000000086c00000| Complete 
|  89|0x0000000086d00000, 0x0000000086e00000, 0x0000000086e00000|100%| E|CS|TAMS 0x0000000086d00000, 0x0000000086d00000| Complete 
|  90|0x0000000086e00000, 0x0000000086f00000, 0x0000000086f00000|100%| E|CS|TAMS 0x0000000086e00000, 0x0000000086e00000| Complete 
|  91|0x0000000086f00000, 0x0000000087000000, 0x0000000087000000|100%| E|CS|TAMS 0x0000000086f00000, 0x0000000086f00000| Complete 
|  92|0x0000000087000000, 0x0000000087100000, 0x0000000087100000|100%| E|CS|TAMS 0x0000000087000000, 0x0000000087000000| Complete 
|  93|0x0000000087100000, 0x0000000087200000, 0x0000000087200000|100%| E|CS|TAMS 0x0000000087100000, 0x0000000087100000| Complete 
|  94|0x0000000087200000, 0x0000000087300000, 0x0000000087300000|100%| E|CS|TAMS 0x0000000087200000, 0x0000000087200000| Complete 
|  95|0x0000000087300000, 0x0000000087400000, 0x0000000087400000|100%| E|CS|TAMS 0x0000000087300000, 0x0000000087300000| Complete 
|  96|0x0000000087400000, 0x0000000087500000, 0x0000000087500000|100%| E|CS|TAMS 0x0000000087400000, 0x0000000087400000| Complete 
|  97|0x0000000087500000, 0x0000000087600000, 0x0000000087600000|100%| E|CS|TAMS 0x0000000087500000, 0x0000000087500000| Complete 
|  98|0x0000000087600000, 0x0000000087700000, 0x0000000087700000|100%| E|CS|TAMS 0x0000000087600000, 0x0000000087600000| Complete 
|  99|0x0000000087700000, 0x0000000087800000, 0x0000000087800000|100%| E|CS|TAMS 0x0000000087700000, 0x0000000087700000| Complete 
| 100|0x0000000087800000, 0x0000000087900000, 0x0000000087900000|100%| E|CS|TAMS 0x0000000087800000, 0x0000000087800000| Complete 
| 101|0x0000000087900000, 0x0000000087a00000, 0x0000000087a00000|100%| E|CS|TAMS 0x0000000087900000, 0x0000000087900000| Complete 
| 102|0x0000000087a00000, 0x0000000087b00000, 0x0000000087b00000|100%| E|CS|TAMS 0x0000000087a00000, 0x0000000087a00000| Complete 
| 103|0x0000000087b00000, 0x0000000087c00000, 0x0000000087c00000|100%| E|CS|TAMS 0x0000000087b00000, 0x0000000087b00000| Complete 
| 104|0x0000000087c00000, 0x0000000087d00000, 0x0000000087d00000|100%| E|CS|TAMS 0x0000000087c00000, 0x0000000087c00000| Complete 
| 105|0x0000000087d00000, 0x0000000087e00000, 0x0000000087e00000|100%| E|CS|TAMS 0x0000000087d00000, 0x0000000087d00000| Complete 
| 106|0x0000000087e00000, 0x0000000087f00000, 0x0000000087f00000|100%| E|CS|TAMS 0x0000000087e00000, 0x0000000087e00000| Complete 
| 107|0x0000000087f00000, 0x0000000088000000, 0x0000000088000000|100%| E|CS|TAMS 0x0000000087f00000, 0x0000000087f00000| Complete 
| 108|0x0000000088000000, 0x0000000088100000, 0x0000000088100000|100%| E|CS|TAMS 0x0000000088000000, 0x0000000088000000| Complete 
| 109|0x0000000088100000, 0x0000000088200000, 0x0000000088200000|100%| E|CS|TAMS 0x0000000088100000, 0x0000000088100000| Complete 
| 110|0x0000000088200000, 0x0000000088300000, 0x0000000088300000|100%| E|CS|TAMS 0x0000000088200000, 0x0000000088200000| Complete 
| 111|0x0000000088300000, 0x0000000088400000, 0x0000000088400000|100%| E|CS|TAMS 0x0000000088300000, 0x0000000088300000| Complete 
| 112|0x0000000088400000, 0x0000000088500000, 0x0000000088500000|100%| E|CS|TAMS 0x0000000088400000, 0x0000000088400000| Complete 
| 113|0x0000000088500000, 0x0000000088600000, 0x0000000088600000|100%| E|CS|TAMS 0x0000000088500000, 0x0000000088500000| Complete 
| 114|0x0000000088600000, 0x0000000088700000, 0x0000000088700000|100%| E|CS|TAMS 0x0000000088600000, 0x0000000088600000| Complete 
| 115|0x0000000088700000, 0x0000000088800000, 0x0000000088800000|100%| E|CS|TAMS 0x0000000088700000, 0x0000000088700000| Complete 
| 116|0x0000000088800000, 0x0000000088900000, 0x0000000088900000|100%| E|CS|TAMS 0x0000000088800000, 0x0000000088800000| Complete 
| 117|0x0000000088900000, 0x0000000088a00000, 0x0000000088a00000|100%| E|CS|TAMS 0x0000000088900000, 0x0000000088900000| Complete 
| 118|0x0000000088a00000, 0x0000000088b00000, 0x0000000088b00000|100%| E|CS|TAMS 0x0000000088a00000, 0x0000000088a00000| Complete 
| 119|0x0000000088b00000, 0x0000000088c00000, 0x0000000088c00000|100%| E|CS|TAMS 0x0000000088b00000, 0x0000000088b00000| Complete 
| 120|0x0000000088c00000, 0x0000000088d00000, 0x0000000088d00000|100%| E|CS|TAMS 0x0000000088c00000, 0x0000000088c00000| Complete 
| 121|0x0000000088d00000, 0x0000000088e00000, 0x0000000088e00000|100%| E|CS|TAMS 0x0000000088d00000, 0x0000000088d00000| Complete 
| 122|0x0000000088e00000, 0x0000000088f00000, 0x0000000088f00000|100%| E|CS|TAMS 0x0000000088e00000, 0x0000000088e00000| Complete 
| 123|0x0000000088f00000, 0x0000000089000000, 0x0000000089000000|100%| E|CS|TAMS 0x0000000088f00000, 0x0000000088f00000| Complete 
| 124|0x0000000089000000, 0x0000000089100000, 0x0000000089100000|100%| E|CS|TAMS 0x0000000089000000, 0x0000000089000000| Complete 
| 125|0x0000000089100000, 0x0000000089200000, 0x0000000089200000|100%| E|CS|TAMS 0x0000000089100000, 0x0000000089100000| Complete 
| 126|0x0000000089200000, 0x0000000089300000, 0x0000000089300000|100%| E|CS|TAMS 0x0000000089200000, 0x0000000089200000| Complete 
| 127|0x0000000089300000, 0x0000000089400000, 0x0000000089400000|100%| E|CS|TAMS 0x0000000089300000, 0x0000000089300000| Complete 

Card table byte_map: [0x00000245702e0000,0x00000245706e0000] _byte_map_base: 0x000002456fed6000

Marking Bits (Prev, Next): (CMBitMap*) 0x00000245565217c8, (CMBitMap*) 0x0000024556521808
 Prev Bits: [0x0000024570ae0000, 0x0000024572a90000)
 Next Bits: [0x0000024572a90000, 0x0000024574a40000)

Polling page: 0x00000245565c0000

Metaspace:

Usage:
  Non-class:      7.08 MB capacity,     4.46 MB ( 63%) used,     2.61 MB ( 37%) free+waste,     5.06 KB ( <1%) overhead. 
      Class:    663.00 KB capacity,   342.59 KB ( 52%) used,   318.66 KB ( 48%) free+waste,     1.75 KB ( <1%) overhead. 
       Both:      7.72 MB capacity,     4.80 MB ( 62%) used,     2.92 MB ( 38%) free+waste,     6.81 KB ( <1%) overhead. 

Virtual space:
  Non-class space:        8.00 MB reserved,       7.25 MB ( 91%) committed 
      Class space:        1.00 GB reserved,     768.00 KB ( <1%) committed 
             Both:        1.01 GB reserved,       8.00 MB ( <1%) committed 

Chunk freelists:
   Non-Class:  113.00 KB
       Class:  9.00 KB
        Both:  122.00 KB

MaxMetaspaceSize: 17179869184.00 GB
CompressedClassSpaceSize: 1.00 GB

CodeHeap 'non-profiled nmethods': size=120000Kb used=963Kb max_used=963Kb free=119036Kb
 bounds [0x0000024567f40000, 0x00000245681b0000, 0x000002456f470000]
CodeHeap 'profiled nmethods': size=120000Kb used=2414Kb max_used=2414Kb free=117585Kb
 bounds [0x0000024560a10000, 0x0000024560c80000, 0x0000024567f40000]
CodeHeap 'non-nmethods': size=5760Kb used=1257Kb max_used=1299Kb free=4502Kb
 bounds [0x0000024560470000, 0x00000245606e0000, 0x0000024560a10000]
 total_blobs=2501 nmethods=1228 adapters=452
 compilation: enabled
              stopped_count=0, restarted_count=0
 full_count=0

Compilation events (20 events):
Event: 161.818 Thread 0x000002457751e000 1219       4       java.nio.HeapByteBuffer::compact (55 bytes)
Event: 161.832 Thread 0x000002457751e000 nmethod 1219 0x000002456802d890 code [0x000002456802da60, 0x000002456802dd38]
Event: 162.138 Thread 0x000002457751e000 1220       4       com.badlogic.gdx.scenes.scene2d.utils.ClickListener::isVisualPressed (40 bytes)
Event: 162.140 Thread 0x000002457751e000 nmethod 1220 0x000002456802df10 code [0x000002456802e0a0, 0x000002456802e198]
Event: 166.277 Thread 0x000002457751e000 1221       4       com.badlogic.gdx.math.Matrix4::mul (695 bytes)
Event: 166.296 Thread 0x000002457751e000 nmethod 1221 0x000002456802e290 code [0x000002456802e440, 0x000002456802e918]
Event: 168.725 Thread 0x000002457751e000 1222       4       org.lwjgl.opengl.WindowsDisplayPeerInfo::doUnlock (1 bytes)
Event: 168.726 Thread 0x000002457751e000 nmethod 1222 0x000002456802ea90 code [0x000002456802ec00, 0x000002456802ec78]
Event: 183.247 Thread 0x000002457751e000 1223       4       org.lwjgl.opengl.Display::wasResized (4 bytes)
Event: 183.256 Thread 0x000002457751e000 nmethod 1223 0x000002456802ed90 code [0x000002456802ef00, 0x000002456802ef58]
Event: 190.109 Thread 0x000002457751e000 1224       4       java.nio.ByteBuffer::flip (5 bytes)
Event: 190.115 Thread 0x000002457751e000 nmethod 1224 0x000002456802f090 code [0x000002456802f220, 0x000002456802f2d8]
Event: 194.491 Thread 0x000002457751e000 1225       4       jdk.internal.misc.Unsafe::checkSize (32 bytes)
Event: 194.494 Thread 0x000002457751e000 nmethod 1225 0x000002456802f390 code [0x000002456802f520, 0x000002456802f5d8]
Event: 194.751 Thread 0x000002457751e000 1226       4       jdk.internal.misc.Unsafe::checkNativeAddress (28 bytes)
Event: 194.752 Thread 0x000002457751e000 nmethod 1226 0x000002456802f690 code [0x000002456802f800, 0x000002456802f878]
Event: 213.031 Thread 0x000002457751e000 1227       4       com.badlogic.gdx.scenes.scene2d.ui.WidgetGroup::validate (166 bytes)
Event: 213.041 Thread 0x000002457751e000 nmethod 1227 0x000002456802f990 code [0x000002456802fb40, 0x000002456802fc58]
Event: 214.120 Thread 0x000002457751e000 1228       4       java.lang.AbstractStringBuilder::<init> (63 bytes)
Event: 214.153 Thread 0x000002457751e000 nmethod 1228 0x000002456802fd90 code [0x0000024568030000, 0x00000245680309b8]

GC Heap History (20 events):
Event: 242.920 GC heap before
{Heap before GC invocations=89 (full 0):
 garbage-first heap   total 131072K, used 105915K [0x0000000081400000, 0x0000000100000000)
  region size 1024K, 76 young (77824K), 5 survivors (5120K)
 Metaspace       used 4912K, capacity 7910K, committed 8192K, reserved 1056768K
  class space    used 342K, capacity 663K, committed 768K, reserved 1048576K
}
Event: 242.969 GC heap after
{Heap after GC invocations=90 (full 0):
 garbage-first heap   total 131072K, used 33611K [0x0000000081400000, 0x0000000100000000)
  region size 1024K, 5 young (5120K), 5 survivors (5120K)
 Metaspace       used 4912K, capacity 7910K, committed 8192K, reserved 1056768K
  class space    used 342K, capacity 663K, committed 768K, reserved 1048576K
}
Event: 246.004 GC heap before
{Heap before GC invocations=90 (full 0):
 garbage-first heap   total 131072K, used 106315K [0x0000000081400000, 0x0000000100000000)
  region size 1024K, 76 young (77824K), 5 survivors (5120K)
 Metaspace       used 4912K, capacity 7910K, committed 8192K, reserved 1056768K
  class space    used 342K, capacity 663K, committed 768K, reserved 1048576K
}
Event: 246.013 GC heap after
{Heap after GC invocations=91 (full 0):
 garbage-first heap   total 131072K, used 33952K [0x0000000081400000, 0x0000000100000000)
  region size 1024K, 5 young (5120K), 5 survivors (5120K)
 Metaspace       used 4912K, capacity 7910K, committed 8192K, reserved 1056768K
  class space    used 342K, capacity 663K, committed 768K, reserved 1048576K
}
Event: 248.932 GC heap before
{Heap before GC invocations=91 (full 0):
 garbage-first heap   total 131072K, used 106656K [0x0000000081400000, 0x0000000100000000)
  region size 1024K, 76 young (77824K), 5 survivors (5120K)
 Metaspace       used 4912K, capacity 7910K, committed 8192K, reserved 1056768K
  class space    used 342K, capacity 663K, committed 768K, reserved 1048576K
}
Event: 248.942 GC heap after
{Heap after GC invocations=92 (full 0):
 garbage-first heap   total 131072K, used 34289K [0x0000000081400000, 0x0000000100000000)
  region size 1024K, 5 young (5120K), 5 survivors (5120K)
 Metaspace       used 4912K, capacity 7910K, committed 8192K, reserved 1056768K
  class space    used 342K, capacity 663K, committed 768K, reserved 1048576K
}
Event: 251.789 GC heap before
{Heap before GC invocations=92 (full 0):
 garbage-first heap   total 131072K, used 106993K [0x0000000081400000, 0x0000000100000000)
  region size 1024K, 76 young (77824K), 5 survivors (5120K)
 Metaspace       used 4912K, capacity 7910K, committed 8192K, reserved 1056768K
  class space    used 342K, capacity 663K, committed 768K, reserved 1048576K
}
Event: 251.800 GC heap after
{Heap after GC invocations=93 (full 0):
 garbage-first heap   total 131072K, used 34626K [0x0000000081400000, 0x0000000100000000)
  region size 1024K, 5 young (5120K), 5 survivors (5120K)
 Metaspace       used 4912K, capacity 7910K, committed 8192K, reserved 1056768K
  class space    used 342K, capacity 663K, committed 768K, reserved 1048576K
}
Event: 254.729 GC heap before
{Heap before GC invocations=93 (full 0):
 garbage-first heap   total 131072K, used 107330K [0x0000000081400000, 0x0000000100000000)
  region size 1024K, 76 young (77824K), 5 survivors (5120K)
 Metaspace       used 4912K, capacity 7910K, committed 8192K, reserved 1056768K
  class space    used 342K, capacity 663K, committed 768K, reserved 1048576K
}
Event: 254.738 GC heap after
{Heap after GC invocations=94 (full 0):
 garbage-first heap   total 131072K, used 34912K [0x0000000081400000, 0x0000000100000000)
  region size 1024K, 5 young (5120K), 5 survivors (5120K)
 Metaspace       used 4912K, capacity 7910K, committed 8192K, reserved 1056768K
  class space    used 342K, capacity 663K, committed 768K, reserved 1048576K
}
Event: 257.446 GC heap before
{Heap before GC invocations=94 (full 0):
 garbage-first heap   total 131072K, used 107616K [0x0000000081400000, 0x0000000100000000)
  region size 1024K, 76 young (77824K), 5 survivors (5120K)
 Metaspace       used 4912K, capacity 7910K, committed 8192K, reserved 1056768K
  class space    used 342K, capacity 663K, committed 768K, reserved 1048576K
}
Event: 257.454 GC heap after
{Heap after GC invocations=95 (full 0):
 garbage-first heap   total 131072K, used 35313K [0x0000000081400000, 0x0000000100000000)
  region size 1024K, 5 young (5120K), 5 survivors (5120K)
 Metaspace       used 4912K, capacity 7910K, committed 8192K, reserved 1056768K
  class space    used 342K, capacity 663K, committed 768K, reserved 1048576K
}
Event: 260.126 GC heap before
{Heap before GC invocations=95 (full 0):
 garbage-first heap   total 131072K, used 110065K [0x0000000081400000, 0x0000000100000000)
  region size 1024K, 76 young (77824K), 5 survivors (5120K)
 Metaspace       used 4912K, capacity 7910K, committed 8192K, reserved 1056768K
  class space    used 342K, capacity 663K, committed 768K, reserved 1048576K
}
Event: 260.137 GC heap after
{Heap after GC invocations=96 (full 0):
 garbage-first heap   total 131072K, used 37698K [0x0000000081400000, 0x0000000100000000)
  region size 1024K, 5 young (5120K), 5 survivors (5120K)
 Metaspace       used 4912K, capacity 7910K, committed 8192K, reserved 1056768K
  class space    used 342K, capacity 663K, committed 768K, reserved 1048576K
}
Event: 263.055 GC heap before
{Heap before GC invocations=96 (full 0):
 garbage-first heap   total 131072K, used 110402K [0x0000000081400000, 0x0000000100000000)
  region size 1024K, 76 young (77824K), 5 survivors (5120K)
 Metaspace       used 4912K, capacity 7910K, committed 8192K, reserved 1056768K
  class space    used 342K, capacity 663K, committed 768K, reserved 1048576K
}
Event: 263.065 GC heap after
{Heap after GC invocations=97 (full 0):
 garbage-first heap   total 131072K, used 38032K [0x0000000081400000, 0x0000000100000000)
  region size 1024K, 5 young (5120K), 5 survivors (5120K)
 Metaspace       used 4912K, capacity 7910K, committed 8192K, reserved 1056768K
  class space    used 342K, capacity 663K, committed 768K, reserved 1048576K
}
Event: 265.970 GC heap before
{Heap before GC invocations=97 (full 0):
 garbage-first heap   total 131072K, used 110736K [0x0000000081400000, 0x0000000100000000)
  region size 1024K, 76 young (77824K), 5 survivors (5120K)
 Metaspace       used 4912K, capacity 7910K, committed 8192K, reserved 1056768K
  class space    used 342K, capacity 663K, committed 768K, reserved 1048576K
}
Event: 265.978 GC heap after
{Heap after GC invocations=98 (full 0):
 garbage-first heap   total 131072K, used 38369K [0x0000000081400000, 0x0000000100000000)
  region size 1024K, 5 young (5120K), 5 survivors (5120K)
 Metaspace       used 4912K, capacity 7910K, committed 8192K, reserved 1056768K
  class space    used 342K, capacity 663K, committed 768K, reserved 1048576K
}
Event: 268.785 GC heap before
{Heap before GC invocations=98 (full 0):
 garbage-first heap   total 131072K, used 111073K [0x0000000081400000, 0x0000000100000000)
  region size 1024K, 76 young (77824K), 5 survivors (5120K)
 Metaspace       used 4912K, capacity 7910K, committed 8192K, reserved 1056768K
  class space    used 342K, capacity 663K, committed 768K, reserved 1048576K
}
Event: 268.795 GC heap after
{Heap after GC invocations=99 (full 0):
 garbage-first heap   total 131072K, used 38944K [0x0000000081400000, 0x0000000100000000)
  region size 1024K, 6 young (6144K), 6 survivors (6144K)
 Metaspace       used 4912K, capacity 7910K, committed 8192K, reserved 1056768K
  class space    used 342K, capacity 663K, committed 768K, reserved 1048576K
}

Deoptimization events (20 events):
Event: 2.691 Thread 0x0000024577f87000 Uncommon trap: trap_request=0xffffffde fr.pc=0x0000024567fb6d88 relative=0x0000000000000128
Event: 2.691 Thread 0x0000024577f87000 Uncommon trap: reason=class_check action=maybe_recompile pc=0x0000024567fb6d88 method=jdk.internal.misc.Unsafe.allocateUninitializedArray(Ljava/lang/Class;I)Ljava/lang/Object; @ 51 c2
Event: 2.691 Thread 0x0000024577f87000 DEOPT PACKING pc=0x0000024567fb6d88 sp=0x00000067b5dfe3c0
Event: 2.691 Thread 0x0000024577f87000 DEOPT UNPACKING pc=0x00000245604b912f sp=0x00000067b5dfe348 mode 2
Event: 2.692 Thread 0x0000024577f87000 Uncommon trap: trap_request=0xffffffde fr.pc=0x0000024567fb6d88 relative=0x0000000000000128
Event: 2.692 Thread 0x0000024577f87000 Uncommon trap: reason=class_check action=maybe_recompile pc=0x0000024567fb6d88 method=jdk.internal.misc.Unsafe.allocateUninitializedArray(Ljava/lang/Class;I)Ljava/lang/Object; @ 51 c2
Event: 2.692 Thread 0x0000024577f87000 DEOPT PACKING pc=0x0000024567fb6d88 sp=0x00000067b5dfe320
Event: 2.692 Thread 0x0000024577f87000 DEOPT UNPACKING pc=0x00000245604b912f sp=0x00000067b5dfe2a8 mode 2
Event: 2.693 Thread 0x0000024577f87000 Uncommon trap: trap_request=0xffffffde fr.pc=0x0000024567fb6d88 relative=0x0000000000000128
Event: 2.693 Thread 0x0000024577f87000 Uncommon trap: reason=class_check action=maybe_recompile pc=0x0000024567fb6d88 method=jdk.internal.misc.Unsafe.allocateUninitializedArray(Ljava/lang/Class;I)Ljava/lang/Object; @ 51 c2
Event: 2.693 Thread 0x0000024577f87000 DEOPT PACKING pc=0x0000024567fb6d88 sp=0x00000067b5dfe3c0
Event: 2.693 Thread 0x0000024577f87000 DEOPT UNPACKING pc=0x00000245604b912f sp=0x00000067b5dfe348 mode 2
Event: 2.693 Thread 0x0000024577f87000 Uncommon trap: trap_request=0xffffffde fr.pc=0x0000024567fb6d88 relative=0x0000000000000128
Event: 2.693 Thread 0x0000024577f87000 Uncommon trap: reason=class_check action=maybe_recompile pc=0x0000024567fb6d88 method=jdk.internal.misc.Unsafe.allocateUninitializedArray(Ljava/lang/Class;I)Ljava/lang/Object; @ 51 c2
Event: 2.693 Thread 0x0000024577f87000 DEOPT PACKING pc=0x0000024567fb6d88 sp=0x00000067b5dfe320
Event: 2.693 Thread 0x0000024577f87000 DEOPT UNPACKING pc=0x00000245604b912f sp=0x00000067b5dfe2a8 mode 2
Event: 37.709 Thread 0x0000024577f87000 DEOPT PACKING pc=0x0000024560c00a05 sp=0x00000067b5dfe8b0
Event: 37.709 Thread 0x0000024577f87000 DEOPT UNPACKING pc=0x00000245604b964e sp=0x00000067b5dfdd48 mode 0
Event: 72.554 Thread 0x0000024577f87000 DEOPT PACKING pc=0x0000024560c08188 sp=0x00000067b5dfe990
Event: 72.554 Thread 0x0000024577f87000 DEOPT UNPACKING pc=0x00000245604b964e sp=0x00000067b5dfe110 mode 0

Classes unloaded (0 events):
No events

Classes redefined (0 events):
No events

Internal exceptions (1 events):
Event: 0.803 Thread 0x0000024577f87000 Exception <a 'java/lang/NoSuchMethodError'{0x0000000088910a40}: 'int java.lang.invoke.DirectMethodHandle$Holder.invokeSpecialIFC(java.lang.Object, java.lang.Object, int)'> (0x0000000088910a40) 
thrown [./open/src/hotspot/share/interpreter/linkResolver.cpp, line 766]

Events (20 events):
Event: 242.919 Executing VM operation: G1CollectForAllocation
Event: 242.969 Executing VM operation: G1CollectForAllocation done
Event: 246.004 Executing VM operation: G1CollectForAllocation
Event: 246.013 Executing VM operation: G1CollectForAllocation done
Event: 248.932 Executing VM operation: G1CollectForAllocation
Event: 248.942 Executing VM operation: G1CollectForAllocation done
Event: 251.789 Executing VM operation: G1CollectForAllocation
Event: 251.800 Executing VM operation: G1CollectForAllocation done
Event: 254.729 Executing VM operation: G1CollectForAllocation
Event: 254.739 Executing VM operation: G1CollectForAllocation done
Event: 257.446 Executing VM operation: G1CollectForAllocation
Event: 257.454 Executing VM operation: G1CollectForAllocation done
Event: 260.126 Executing VM operation: G1CollectForAllocation
Event: 260.137 Executing VM operation: G1CollectForAllocation done
Event: 263.055 Executing VM operation: G1CollectForAllocation
Event: 263.065 Executing VM operation: G1CollectForAllocation done
Event: 265.970 Executing VM operation: G1CollectForAllocation
Event: 265.978 Executing VM operation: G1CollectForAllocation done
Event: 268.785 Executing VM operation: G1CollectForAllocation
Event: 268.795 Executing VM operation: G1CollectForAllocation done


Dynamic libraries:
0x00007ff6d17b0000 - 0x00007ff6d17bf000 	C:\Program Files\Java\jdk-14.0.1\bin\javaw.exe
0x00007ff8525d0000 - 0x00007ff8527c5000 	C:\WINDOWS\SYSTEM32\ntdll.dll
0x00007ff851020000 - 0x00007ff8510de000 	C:\WINDOWS\System32\KERNEL32.DLL
0x00007ff850040000 - 0x00007ff850309000 	C:\WINDOWS\System32\KERNELBASE.dll
0x00007ff84fcf0000 - 0x00007ff84fdf0000 	C:\WINDOWS\System32\ucrtbase.dll
0x00007ff84b6d0000 - 0x00007ff84b6e5000 	C:\Program Files\Java\jdk-14.0.1\bin\VCRUNTIME140.dll
0x00007ff84b6b0000 - 0x00007ff84b6c8000 	C:\Program Files\Java\jdk-14.0.1\bin\jli.dll
0x00007ff851170000 - 0x00007ff85121c000 	C:\WINDOWS\System32\ADVAPI32.dll
0x00007ff851c80000 - 0x00007ff851d1e000 	C:\WINDOWS\System32\msvcrt.dll
0x00007ff850680000 - 0x00007ff85071b000 	C:\WINDOWS\System32\sechost.dll
0x00007ff850e60000 - 0x00007ff850f8a000 	C:\WINDOWS\System32\RPCRT4.dll
0x00007ff852150000 - 0x00007ff8522f1000 	C:\WINDOWS\System32\USER32.dll
0x00007ff83d2d0000 - 0x00007ff83d56a000 	C:\WINDOWS\WinSxS\amd64_microsoft.windows.common-controls_6595b64144ccf1df_6.0.19041.1110_none_60b5254171f9507e\COMCTL32.dll
0x00007ff850010000 - 0x00007ff850032000 	C:\WINDOWS\System32\win32u.dll
0x00007ff851590000 - 0x00007ff8515bb000 	C:\WINDOWS\System32\GDI32.dll
0x00007ff850310000 - 0x00007ff85041b000 	C:\WINDOWS\System32\gdi32full.dll
0x00007ff850480000 - 0x00007ff85051d000 	C:\WINDOWS\System32\msvcp_win.dll
0x00007ff841980000 - 0x00007ff84198a000 	C:\WINDOWS\SYSTEM32\VERSION.dll
0x00007ff850f90000 - 0x00007ff850fc0000 	C:\WINDOWS\System32\IMM32.DLL
0x00007ff83aef0000 - 0x00007ff83af8b000 	C:\Program Files\Java\jdk-14.0.1\bin\msvcp140.dll
0x00007fffe7a10000 - 0x00007fffe852e000 	C:\Program Files\Java\jdk-14.0.1\bin\server\jvm.dll
0x00007ff852580000 - 0x00007ff852588000 	C:\WINDOWS\System32\PSAPI.DLL
0x00007ff8355a0000 - 0x00007ff8355a9000 	C:\WINDOWS\SYSTEM32\WSOCK32.dll
0x00007ff838100000 - 0x00007ff838127000 	C:\WINDOWS\SYSTEM32\WINMM.dll
0x00007ff851d20000 - 0x00007ff851d8b000 	C:\WINDOWS\System32\WS2_32.dll
0x00007ff84dbd0000 - 0x00007ff84dbe2000 	C:\WINDOWS\SYSTEM32\kernel.appcore.dll
0x00007ff834d10000 - 0x00007ff834d1a000 	C:\Program Files\Java\jdk-14.0.1\bin\jimage.dll
0x00007ff84b230000 - 0x00007ff84b414000 	C:\WINDOWS\SYSTEM32\DBGHELP.DLL
0x00007ff83c310000 - 0x00007ff83c33c000 	C:\WINDOWS\SYSTEM32\dbgcore.DLL
0x00007ff84fdf0000 - 0x00007ff84fe73000 	C:\WINDOWS\System32\bcryptPrimitives.dll
0x00007ff830be0000 - 0x00007ff830c05000 	C:\Program Files\Java\jdk-14.0.1\bin\java.dll
0x00007ff8346b0000 - 0x00007ff8346c6000 	C:\Program Files\Java\jdk-14.0.1\bin\zip.dll
0x00007ff850720000 - 0x00007ff850e5f000 	C:\WINDOWS\System32\SHELL32.dll
0x00007ff84ddf0000 - 0x00007ff84e580000 	C:\WINDOWS\SYSTEM32\windows.storage.dll
0x00007ff851230000 - 0x00007ff851585000 	C:\WINDOWS\System32\combase.dll
0x00007ff84f740000 - 0x00007ff84f76c000 	C:\WINDOWS\SYSTEM32\Wldp.dll
0x00007ff851aa0000 - 0x00007ff851b4e000 	C:\WINDOWS\System32\SHCORE.dll
0x00007ff850fc0000 - 0x00007ff851015000 	C:\WINDOWS\System32\shlwapi.dll
0x00007ff84fc30000 - 0x00007ff84fc4f000 	C:\WINDOWS\SYSTEM32\profapi.dll
0x00007ff831d90000 - 0x00007ff831da9000 	C:\Program Files\Java\jdk-14.0.1\bin\net.dll
0x00007ff849c90000 - 0x00007ff849d98000 	C:\WINDOWS\SYSTEM32\WINHTTP.dll
0x00007ff84f4a0000 - 0x00007ff84f50a000 	C:\WINDOWS\system32\mswsock.dll
0x00007ff830ca0000 - 0x00007ff830cb2000 	C:\Program Files\Java\jdk-14.0.1\bin\nio.dll
0x000000006e700000 - 0x000000006e72a000 	C:\Users\marcu\AppData\Local\Temp\libgdxmarcu\e1cd32f8\gdx64.dll
0x00007ff830bd0000 - 0x00007ff830be0000 	C:\Program Files\Java\jdk-14.0.1\bin\verify.dll
0x0000000180000000 - 0x0000000180053000 	C:\Users\marcu\AppData\Local\Temp\libgdxmarcu\1cecf4f6\lwjgl64.dll
0x00007ff836a80000 - 0x00007ff836ba5000 	C:\WINDOWS\SYSTEM32\OPENGL32.dll
0x00007ff836a50000 - 0x00007ff836a7c000 	C:\WINDOWS\SYSTEM32\GLU32.dll
0x0000024578aa0000 - 0x0000024578b04000 	C:\Users\marcu\AppData\Local\Temp\libgdxmarcu\1cecf4f6\OpenAL64.dll
0x00007ff851b50000 - 0x00007ff851c7a000 	C:\WINDOWS\System32\ole32.dll
0x00007ff84d6f0000 - 0x00007ff84d78e000 	C:\WINDOWS\system32\uxtheme.dll
0x00007ff851e10000 - 0x00007ff851eb9000 	C:\WINDOWS\System32\clbcatq.dll
0x00007ff830130000 - 0x00007ff8301cc000 	C:\WINDOWS\SYSTEM32\dsound.dll
0x00007ff84f260000 - 0x00007ff84f2ab000 	C:\WINDOWS\SYSTEM32\powrprof.dll
0x00007ff837460000 - 0x00007ff837486000 	C:\WINDOWS\SYSTEM32\winmmbase.dll
0x00007ff84f120000 - 0x00007ff84f132000 	C:\WINDOWS\SYSTEM32\UMPDC.dll
0x00007ff847ee0000 - 0x00007ff847f65000 	C:\WINDOWS\System32\MMDevApi.dll
0x00007ff84fa90000 - 0x00007ff84fac4000 	C:\WINDOWS\System32\DEVOBJ.dll
0x00007ff850520000 - 0x00007ff85056e000 	C:\WINDOWS\System32\cfgmgr32.dll
0x00007ff847f70000 - 0x00007ff8480f1000 	C:\WINDOWS\SYSTEM32\AUDIOSES.DLL
0x00007ff852300000 - 0x00007ff8523cd000 	C:\WINDOWS\System32\OLEAUT32.dll
0x00007ff84d820000 - 0x00007ff84d834000 	C:\WINDOWS\SYSTEM32\resourcepolicyclient.dll
0x00007ff849a40000 - 0x00007ff849aee000 	C:\WINDOWS\SYSTEM32\mscms.dll
0x00007ff84fbb0000 - 0x00007ff84fbde000 	C:\WINDOWS\SYSTEM32\USERENV.dll
0x00007ff849a20000 - 0x00007ff849a31000 	C:\WINDOWS\SYSTEM32\ColorAdapterClient.dll
0x00007ff843c50000 - 0x00007ff843c94000 	C:\Windows\System32\Windows.Internal.Graphics.Display.DisplayColorManagement.dll
0x00007ff851fa0000 - 0x00007ff8520b5000 	C:\WINDOWS\System32\MSCTF.dll
0x00007ff8345b0000 - 0x00007ff8346a9000 	C:\WINDOWS\SYSTEM32\textinputframework.dll
0x00007ff84cc20000 - 0x00007ff84cf7e000 	C:\WINDOWS\System32\CoreUIComponents.dll
0x00007ff84d300000 - 0x00007ff84d3f2000 	C:\WINDOWS\System32\CoreMessaging.dll
0x00007ff84e9e0000 - 0x00007ff84ea13000 	C:\WINDOWS\SYSTEM32\ntmarta.dll
0x00007ff84bb60000 - 0x00007ff84bcb4000 	C:\WINDOWS\SYSTEM32\wintypes.dll
0x00007ff82b120000 - 0x00007ff82b186000 	C:\WINDOWS\system32\Oleacc.dll
0x00007ff843d10000 - 0x00007ff843e09000 	C:\Windows\System32\AppXDeploymentClient.dll
0x00007ff801730000 - 0x00007ff8026f5000 	C:\WINDOWS\System32\DriverStore\FileRepository\iigd_dch.inf_amd64_dc16e5f1dbf8051f\ig9icd64.dll
0x00007ff84d7f0000 - 0x00007ff84d81f000 	C:\WINDOWS\system32\dwmapi.dll
0x00007ff84e5e0000 - 0x00007ff84e6d4000 	C:\WINDOWS\system32\dxgi.dll
0x00007ff842de0000 - 0x00007ff84301f000 	C:\WINDOWS\System32\DriverStore\FileRepository\iigd_dch.inf_amd64_dc16e5f1dbf8051f\igdgmm64.dll
0x00007ff830a20000 - 0x00007ff830a63000 	C:\WINDOWS\SYSTEM32\icm32.dll
0x00007ff80fdb0000 - 0x00007ff8101c5000 	C:\WINDOWS\System32\DriverStore\FileRepository\iigd_dch.inf_amd64_dc16e5f1dbf8051f\igdml64.dll
0x00007ff83d570000 - 0x00007ff8401d2000 	C:\WINDOWS\System32\DriverStore\FileRepository\iigd_dch.inf_amd64_dc16e5f1dbf8051f\igc64.dll

dbghelp: loaded successfully - version: 4.0.5 - missing functions: none
symbol engine: initialized successfully - sym options: 0x614 - pdb path: .;C:\Program Files\Java\jdk-14.0.1\bin;C:\WINDOWS\SYSTEM32;C:\WINDOWS\WinSxS\amd64_microsoft.windows.common-controls_6595b64144ccf1df_6.0.19041.1110_none_60b5254171f9507e;C:\Program Files\Java\jdk-14.0.1\bin\server;C:\Users\marcu\AppData\Local\Temp\libgdxmarcu\e1cd32f8;C:\Users\marcu\AppData\Local\Temp\libgdxmarcu\1cecf4f6;C:\WINDOWS\System32\DriverStore\FileRepository\iigd_dch.inf_amd64_dc16e5f1dbf8051f

VM Arguments:
jvm_args: -Dfile.encoding=UTF-8 -XX:+ShowCodeDetailsInExceptionMessages 
java_command: com.mygdx.game.desktop.DesktopLauncher
java_class_path (initial): C:\Users\marcu\Desktop\SALProject\MarcusSophiaMirandaPralad\desktop\bin\main;C:\Users\marcu\Desktop\SALProject\MarcusSophiaMirandaPralad\core\bin\default;C:\Users\marcu\Desktop\SALProject\MarcusSophiaMirandaPralad\core\bin\main;C:\Users\marcu\.gradle\caches\modules-2\files-2.1\com.badlogicgames.gdx\gdx-backend-lwjgl\1.10.0\58ff89d9e4fd8a82591367f187d606e781cacc05\gdx-backend-lwjgl-1.10.0.jar;C:\Users\marcu\.gradle\caches\modules-2\files-2.1\com.badlogicgames.gdx\gdx-platform\1.10.0\9a8fa793d2fd6d360afc6c9e4c1f5583da263b88\gdx-platform-1.10.0-natives-desktop.jar;C:\Users\marcu\.gradle\caches\modules-2\files-2.1\com.badlogicgames.gdx\gdx-box2d-platform\1.10.0\588c4191c5a64ed39365e71484aa37d81c38eb5e\gdx-box2d-platform-1.10.0-natives-desktop.jar;C:\Users\marcu\.gradle\caches\modules-2\files-2.1\com.badlogicgames.gdx\gdx-box2d\1.10.0\b3a3c0f00b90716238835434d0ae8985604c37f8\gdx-box2d-1.10.0.jar;C:\Users\marcu\.gradle\caches\modules-2\files-2.1\com.badlogicgames.gdx\gdx\1.10.0\74c240f79dc4fb6b766a834249600d0a019d0489\gdx-1.10.0.jar;C:\Users\marcu\.gradle\caches\modules-2\files-2.1\org.lwjgl.lwjgl\lwjgl_util\2.9.3\751f06b62424da056954c67288fd5c494431e350\lwjgl_util-2.9.3.jar;C:\Users\marcu\.gradle\caches\modules-2\files-2.1\org.lwjgl.lwjgl\lwjgl\2.9.3\3df168ac74e4a8c96562cdff24ad352e255bf89c\lwjgl-2.9.3.jar;C:\Users\marcu\.gradle\caches\modules-2\files-2.1\com.badlogicgames.jlayer\jlayer\1.0.1-gdx\7cca83cec5c1b2f011362f4d85aabd71a73b049d\jlayer-1.0.1-gdx.jar;C:\Users\marcu\.gradle\caches\modules-2\files-2.1\org.jcraft\jorbis\0.0.17\8872d22b293e8f5d7d56ff92be966e6dc28ebdc6\jorbis-0.0.17.jar;C:\Users\marcu\.gradle\caches\modules-2\files-2.1\org.lwjgl.lwjgl\lwjgl-platform\2.9.3\fbc2afb3e288578e9942578decb6291a490549a0\lwjgl-platform-2.9.3-natives-windows.jar;C:\Users\marcu\.gradle\caches\modules-2\files-2.1\org.lwjgl.lwjgl\lwjgl-platform\2.9.3\b1eafe80093381c56415731e1d64279e6140bcd0\lwjgl-platform-2.9.3-natives-linux.jar;C:\Users\marcu\.gradle\c
Launcher Type: SUN_STANDARD

[Global flags]
     intx CICompilerCount                          = 4                                         {product} {ergonomic}
     uint ConcGCThreads                            = 2                                         {product} {ergonomic}
     uint G1ConcRefinementThreads                  = 8                                         {product} {ergonomic}
   size_t G1HeapRegionSize                         = 1048576                                   {product} {ergonomic}
    uintx GCDrainStackTargetSize                   = 64                                        {product} {ergonomic}
   size_t InitialHeapSize                          = 134217728                                 {product} {ergonomic}
   size_t MarkStackSize                            = 4194304                                   {product} {ergonomic}
   size_t MaxHeapSize                              = 2126512128                                {product} {ergonomic}
   size_t MaxNewSize                               = 1275068416                                {product} {ergonomic}
   size_t MinHeapDeltaBytes                        = 1048576                                   {product} {ergonomic}
   size_t MinHeapSize                              = 8388608                                   {product} {ergonomic}
    uintx NonNMethodCodeHeapSize                   = 5839372                                {pd product} {ergonomic}
    uintx NonProfiledCodeHeapSize                  = 122909434                              {pd product} {ergonomic}
    uintx ProfiledCodeHeapSize                     = 122909434                              {pd product} {ergonomic}
    uintx ReservedCodeCacheSize                    = 251658240                              {pd product} {ergonomic}
     bool SegmentedCodeCache                       = true                                      {product} {ergonomic}
     bool ShowCodeDetailsInExceptionMessages       = true                                   {manageable} {command line}
   size_t SoftMaxHeapSize                          = 2126512128                             {manageable} {ergonomic}
     bool UseCompressedClassPointers               = true                                 {lp64_product} {ergonomic}
     bool UseCompressedOops                        = true                                 {lp64_product} {ergonomic}
     bool UseG1GC                                  = true                                      {product} {ergonomic}
     bool UseLargePagesIndividualAllocation        = false                                  {pd product} {ergonomic}

Logging:
Log output configuration:
 #0: stdout all=warning uptime,level,tags
 #1: stderr all=off uptime,level,tags

Environment Variables:
PATH=C:/Program Files/Java/jdk-14.0.1/bin/server;C:/Program Files/Java/jdk-14.0.1/bin;C:\Users\marcu\Downloads\jdk-14.0.1_windows-x64_bin\jdk-14.0.1\bin;C:\WINDOWS\system32;C:\WINDOWS;C:\WINDOWS\System32\Wbem;C:\WINDOWS\System32\WindowsPowerShell\v1.0\;C:\WINDOWS\System32\OpenSSH\;C:\Program Files\Git\cmd;C:\Users\marcu\AppData\Local\Microsoft\WindowsApps;C:\Users\marcu\AppData\Local\atom\bin;C:\Users\marcu\AppData\Local\Microsoft\WindowsApps;C:\Users\marcu\Downloads\git\cmd;;C:\WINDOWS\system32;
USERNAME=marcu
OS=Windows_NT
PROCESSOR_IDENTIFIER=Intel64 Family 6 Model 142 Stepping 10, GenuineIntel



---------------  S Y S T E M  ---------------

OS: Windows 10 , 64 bit Build 19041 (10.0.19041.1202)
OS uptime: 0 days 19:22 hours

CPU:total 8 (initial active 8) (4 cores per cpu, 2 threads per core) family 6 model 142 stepping 10, cmov, cx8, fxsr, mmx, sse, sse2, sse3, ssse3, sse4.1, sse4.2, popcnt, avx, avx2, aes, clmul, erms, 3dnowpref, lzcnt, ht, tsc, tscinvbit, bmi1, bmi2, adx, fma

Memory: 4k page, system-wide physical 8109M (317M free)
TotalPageFile size 32685M (AvailPageFile size 9M)
current process WorkingSet (physical memory assigned to process): 751M, peak: 2074M
current process commit charge ("private bytes"): 11588M, peak: 11589M

vm_info: Java HotSpot(TM) 64-Bit Server VM (14.0.1+7) for windows-amd64 JRE (14.0.1+7), built on Mar  5 2020 10:30:14 by "mach5one" with MS VC++ 15.9 (VS2017)

END.
